

== Warning ==  output dir is not empty! Please, clean output directory before run.




== Warning ==  No assembly mode was specified! If you intend to assemble high-coverage multi-cell/isolate data, use '--isolate' option.


Command line: /opt/conda/bin/spades.py	-k	21,33,55,77,99	--pe1-1	/home/e1garcia/shotgun_PIRE/REUs/2022_REU/erykamolino/ostorhinchus_chrysopomus/fq_fp1_clmp_fp2/Och_CTum_001_Ex1-1D_L4_clmp.fp2_r1.fq.gz	--pe1-2	/home/e1garcia/shotgun_PIRE/REUs/2022_REU/erykamolino/ostorhinchus_chrysopomus/fq_fp1_clmp_fp2/Och_CTum_001_Ex1-1D_L4_clmp.fp2_r2.fq.gz	--pe2-1	/home/e1garcia/shotgun_PIRE/REUs/2022_REU/erykamolino/ostorhinchus_chrysopomus/fq_fp1_clmp_fp2/Och_CTum_001_Ex1-2C_L4_clmp.fp2_r1.fq.gz	--pe2-2	/home/e1garcia/shotgun_PIRE/REUs/2022_REU/erykamolino/ostorhinchus_chrysopomus/fq_fp1_clmp_fp2/Och_CTum_001_Ex1-2C_L4_clmp.fp2_r2.fq.gz	--pe3-1	/home/e1garcia/shotgun_PIRE/REUs/2022_REU/erykamolino/ostorhinchus_chrysopomus/fq_fp1_clmp_fp2/Och_CTum_001_Ex1-3B_L4_clmp.fp2_r1.fq.gz	--pe3-2	/home/e1garcia/shotgun_PIRE/REUs/2022_REU/erykamolino/ostorhinchus_chrysopomus/fq_fp1_clmp_fp2/Och_CTum_001_Ex1-3B_L4_clmp.fp2_r2.fq.gz	--threads	32	--memory	750	--tmp-dir	/scratch-lustre/emoli004	--cov-cutoff	off	-o	/home/e1garcia/shotgun_PIRE/REUs/2022_REU/erykamolino/ostorhinchus_chrysopomus/SPAdes_allLibs_contam_R1R2_noIsolate	

System information:
  SPAdes version: 3.15.2
  Python version: 3.7.9
  OS: Linux-4.4.302-1.el6_10.x86_64-x86_64-with-fedora-32-Thirty_Two

Output dir: /home/e1garcia/shotgun_PIRE/REUs/2022_REU/erykamolino/ostorhinchus_chrysopomus/SPAdes_allLibs_contam_R1R2_noIsolate
Mode: read error correction and assembling
Debug mode is turned OFF

Dataset parameters:
  Standard mode
  For multi-cell/isolate data we recommend to use '--isolate' option; for single-cell MDA data use '--sc'; for metagenomic data use '--meta'; for RNA-Seq use '--rna'.
  Reads:
    Library number: 1, library type: paired-end
      orientation: fr
      left reads: ['/home/e1garcia/shotgun_PIRE/REUs/2022_REU/erykamolino/ostorhinchus_chrysopomus/fq_fp1_clmp_fp2/Och_CTum_001_Ex1-1D_L4_clmp.fp2_r1.fq.gz']
      right reads: ['/home/e1garcia/shotgun_PIRE/REUs/2022_REU/erykamolino/ostorhinchus_chrysopomus/fq_fp1_clmp_fp2/Och_CTum_001_Ex1-1D_L4_clmp.fp2_r2.fq.gz']
      interlaced reads: not specified
      single reads: not specified
      merged reads: not specified
    Library number: 2, library type: paired-end
      orientation: fr
      left reads: ['/home/e1garcia/shotgun_PIRE/REUs/2022_REU/erykamolino/ostorhinchus_chrysopomus/fq_fp1_clmp_fp2/Och_CTum_001_Ex1-2C_L4_clmp.fp2_r1.fq.gz']
      right reads: ['/home/e1garcia/shotgun_PIRE/REUs/2022_REU/erykamolino/ostorhinchus_chrysopomus/fq_fp1_clmp_fp2/Och_CTum_001_Ex1-2C_L4_clmp.fp2_r2.fq.gz']
      interlaced reads: not specified
      single reads: not specified
      merged reads: not specified
    Library number: 3, library type: paired-end
      orientation: fr
      left reads: ['/home/e1garcia/shotgun_PIRE/REUs/2022_REU/erykamolino/ostorhinchus_chrysopomus/fq_fp1_clmp_fp2/Och_CTum_001_Ex1-3B_L4_clmp.fp2_r1.fq.gz']
      right reads: ['/home/e1garcia/shotgun_PIRE/REUs/2022_REU/erykamolino/ostorhinchus_chrysopomus/fq_fp1_clmp_fp2/Och_CTum_001_Ex1-3B_L4_clmp.fp2_r2.fq.gz']
      interlaced reads: not specified
      single reads: not specified
      merged reads: not specified
Read error correction parameters:
  Iterations: 1
  PHRED offset will be auto-detected
  Corrected reads will be compressed
Assembly parameters:
  k: [21, 33, 55, 77, 99]
  Repeat resolution is enabled
  Mismatch careful mode is turned OFF
  MismatchCorrector will be SKIPPED
  Coverage cutoff is turned OFF
Other parameters:
  Dir for temp files: /scratch-lustre/emoli004
  Threads: 32
  Memory limit (in Gb): 750


======= SPAdes pipeline started. Log can be found here: /home/e1garcia/shotgun_PIRE/REUs/2022_REU/erykamolino/ostorhinchus_chrysopomus/SPAdes_allLibs_contam_R1R2_noIsolate/spades.log

/home/e1garcia/shotgun_PIRE/REUs/2022_REU/erykamolino/ostorhinchus_chrysopomus/fq_fp1_clmp_fp2/Och_CTum_001_Ex1-1D_L4_clmp.fp2_r1.fq.gz: max reads length: 150
/home/e1garcia/shotgun_PIRE/REUs/2022_REU/erykamolino/ostorhinchus_chrysopomus/fq_fp1_clmp_fp2/Och_CTum_001_Ex1-1D_L4_clmp.fp2_r2.fq.gz: max reads length: 150
/home/e1garcia/shotgun_PIRE/REUs/2022_REU/erykamolino/ostorhinchus_chrysopomus/fq_fp1_clmp_fp2/Och_CTum_001_Ex1-2C_L4_clmp.fp2_r1.fq.gz: max reads length: 150
/home/e1garcia/shotgun_PIRE/REUs/2022_REU/erykamolino/ostorhinchus_chrysopomus/fq_fp1_clmp_fp2/Och_CTum_001_Ex1-2C_L4_clmp.fp2_r2.fq.gz: max reads length: 150
/home/e1garcia/shotgun_PIRE/REUs/2022_REU/erykamolino/ostorhinchus_chrysopomus/fq_fp1_clmp_fp2/Och_CTum_001_Ex1-3B_L4_clmp.fp2_r1.fq.gz: max reads length: 150
/home/e1garcia/shotgun_PIRE/REUs/2022_REU/erykamolino/ostorhinchus_chrysopomus/fq_fp1_clmp_fp2/Och_CTum_001_Ex1-3B_L4_clmp.fp2_r2.fq.gz: max reads length: 150

Reads length: 150


===== Before start started. 


===== Read error correction started. 


===== Read error correction started. 


== Running: /opt/conda/bin/spades-hammer /home/e1garcia/shotgun_PIRE/REUs/2022_REU/erykamolino/ostorhinchus_chrysopomus/SPAdes_allLibs_contam_R1R2_noIsolate/corrected/configs/config.info

  0:00:00.000     1M / 12M   INFO    General                 (main.cpp                  :  75)   Starting BayesHammer, built from N/A, git revision N/A
  0:00:00.054     1M / 12M   INFO    General                 (main.cpp                  :  76)   Loading config from /home/e1garcia/shotgun_PIRE/REUs/2022_REU/erykamolino/ostorhinchus_chrysopomus/SPAdes_allLibs_contam_R1R2_noIsolate/corrected/configs/config.info
  0:00:00.061     1M / 12M   INFO    General                 (main.cpp                  :  78)   Maximum # of threads to use (adjusted due to OMP capabilities): 32
  0:00:00.066     1M / 12M   INFO    General                 (memory_limit.cpp          :  48)   Memory limit set to 750 Gb
  0:00:00.071     1M / 12M   INFO    General                 (main.cpp                  :  86)   Trying to determine PHRED offset
  0:00:00.076     1M / 12M   INFO    General                 (main.cpp                  :  92)   Determined value is 33
  0:00:00.080     1M / 12M   INFO    General                 (hammer_tools.cpp          :  38)   Hamming graph threshold tau=1, k=21, subkmer positions = [ 0 10 ]
  0:00:00.081     1M / 12M   INFO    General                 (main.cpp                  : 113)   Size of aux. kmer data 24 bytes
     === ITERATION 0 begins ===
  0:00:00.084     1M / 12M   INFO    General                 (kmer_index_builder.hpp    : 243)   Splitting kmer instances into 16 files using 32 threads. This might take a while.
  0:00:00.087     1M / 12M   INFO    General                 (file_limit.hpp            :  32)   Open file limit set to 50000
  0:00:00.087     1M / 12M   INFO    General                 (kmer_splitter.hpp         :  93)   Memory available for splitting buffers: 7.8125 Gb
  0:00:00.087     1M / 12M   INFO    General                 (kmer_splitter.hpp         : 101)   Using cell size of 4194304
  0:00:00.316    19G / 19G   INFO   K-mer Splitting          (kmer_data.cpp             :  97)   Processing /home/e1garcia/shotgun_PIRE/REUs/2022_REU/erykamolino/ostorhinchus_chrysopomus/fq_fp1_clmp_fp2/Och_CTum_001_Ex1-1D_L4_clmp.fp2_r1.fq.gz
  0:00:56.335    19G / 31G   INFO   K-mer Splitting          (kmer_data.cpp             : 107)   Processed 7741274 reads
  0:01:50.375    19G / 31G   INFO   K-mer Splitting          (kmer_data.cpp             : 107)   Processed 15457148 reads
  0:02:44.747    19G / 31G   INFO   K-mer Splitting          (kmer_data.cpp             : 107)   Processed 23296399 reads
  0:03:39.564    19G / 31G   INFO   K-mer Splitting          (kmer_data.cpp             : 107)   Processed 31140298 reads
  0:04:34.176    19G / 31G   INFO   K-mer Splitting          (kmer_data.cpp             : 107)   Processed 38997279 reads
  0:05:28.675    19G / 31G   INFO   K-mer Splitting          (kmer_data.cpp             : 107)   Processed 46823049 reads
  0:06:24.075    19G / 31G   INFO   K-mer Splitting          (kmer_data.cpp             : 107)   Processed 54688240 reads
  0:07:18.700    19G / 31G   INFO   K-mer Splitting          (kmer_data.cpp             : 107)   Processed 62509774 reads
  0:08:12.998    19G / 31G   INFO   K-mer Splitting          (kmer_data.cpp             : 107)   Processed 70207200 reads
  0:09:06.898    19G / 31G   INFO   K-mer Splitting          (kmer_data.cpp             : 107)   Processed 77816417 reads
  0:10:00.941    19G / 31G   INFO   K-mer Splitting          (kmer_data.cpp             : 107)   Processed 85480373 reads
  0:10:54.479    19G / 31G   INFO   K-mer Splitting          (kmer_data.cpp             : 107)   Processed 93050727 reads
  0:12:17.142    19G / 31G   INFO   K-mer Splitting          (kmer_data.cpp             :  97)   Processing /home/e1garcia/shotgun_PIRE/REUs/2022_REU/erykamolino/ostorhinchus_chrysopomus/fq_fp1_clmp_fp2/Och_CTum_001_Ex1-1D_L4_clmp.fp2_r2.fq.gz
  0:16:42.144    19G / 31G   INFO   K-mer Splitting          (kmer_data.cpp             : 107)   Processed 135739547 reads
  0:27:09.661    19G / 31G   INFO   K-mer Splitting          (kmer_data.cpp             :  97)   Processing /home/e1garcia/shotgun_PIRE/REUs/2022_REU/erykamolino/ostorhinchus_chrysopomus/fq_fp1_clmp_fp2/Och_CTum_001_Ex1-2C_L4_clmp.fp2_r1.fq.gz
  0:34:38.126    19G / 31G   INFO   K-mer Splitting          (kmer_data.cpp             : 107)   Processed 271545768 reads
  0:37:41.501    19G / 31G   INFO   K-mer Splitting          (kmer_data.cpp             :  97)   Processing /home/e1garcia/shotgun_PIRE/REUs/2022_REU/erykamolino/ostorhinchus_chrysopomus/fq_fp1_clmp_fp2/Och_CTum_001_Ex1-2C_L4_clmp.fp2_r2.fq.gz
  0:50:15.148    19G / 31G   INFO   K-mer Splitting          (kmer_data.cpp             :  97)   Processing /home/e1garcia/shotgun_PIRE/REUs/2022_REU/erykamolino/ostorhinchus_chrysopomus/fq_fp1_clmp_fp2/Och_CTum_001_Ex1-3B_L4_clmp.fp2_r1.fq.gz
  1:09:25.735    19G / 31G   INFO   K-mer Splitting          (kmer_data.cpp             : 107)   Processed 540283110 reads
  1:10:53.569    19G / 31G   INFO   K-mer Splitting          (kmer_data.cpp             :  97)   Processing /home/e1garcia/shotgun_PIRE/REUs/2022_REU/erykamolino/ostorhinchus_chrysopomus/fq_fp1_clmp_fp2/Och_CTum_001_Ex1-3B_L4_clmp.fp2_r2.fq.gz
  1:34:33.207    19G / 31G   INFO   K-mer Splitting          (kmer_data.cpp             : 112)   Total 720983600 reads processed
  1:34:33.214     1M / 31G   INFO    General                 (kmer_index_builder.hpp    : 249)   Starting k-mer counting.
  6:54:38.547     1M / 238G  INFO    General                 (kmer_index_builder.hpp    : 260)   K-mer counting done. There are 7022277652 kmers in total.
  6:54:38.556     1M / 238G  INFO   K-mer Index Building     (kmer_index_builder.hpp    : 395)   Building perfect hash indices
  7:01:17.130  4952M / 238G  INFO   K-mer Index Building     (kmer_index_builder.hpp    : 431)   Index built. Total 7022277652 kmers, 5071951600 bytes occupied (5.77813 bits per kmer).
  7:01:17.145  4952M / 238G  INFO   K-mer Counting           (kmer_data.cpp             : 354)   Arranging kmers in hash map order
  7:05:13.106   110G / 238G  INFO    General                 (main.cpp                  : 148)   Clustering Hamming graph.
  7:53:42.832   110G / 238G  INFO    General                 (main.cpp                  : 155)   Extracting clusters:
  7:53:42.832   110G / 238G  INFO    General                 (concurrent_dsu.cpp        :  18)   Connecting to root
  7:53:53.802   110G / 238G  INFO    General                 (concurrent_dsu.cpp        :  34)   Calculating counts
  8:07:46.666   178G / 238G  INFO    General                 (concurrent_dsu.cpp        :  63)   Writing down entries
  8:48:19.183   110G / 246G  INFO    General                 (main.cpp                  : 167)   Clustering done. Total clusters: 2524795667
  8:48:19.328    58G / 246G  INFO   K-mer Counting           (kmer_data.cpp             : 371)   Collecting K-mer information, this takes a while.
  8:49:06.241   215G / 246G  INFO   K-mer Counting           (kmer_data.cpp             : 377)   Processing /home/e1garcia/shotgun_PIRE/REUs/2022_REU/erykamolino/ostorhinchus_chrysopomus/fq_fp1_clmp_fp2/Och_CTum_001_Ex1-1D_L4_clmp.fp2_r1.fq.gz
  8:58:12.093   215G / 246G  INFO   K-mer Counting           (kmer_data.cpp             : 377)   Processing /home/e1garcia/shotgun_PIRE/REUs/2022_REU/erykamolino/ostorhinchus_chrysopomus/fq_fp1_clmp_fp2/Och_CTum_001_Ex1-1D_L4_clmp.fp2_r2.fq.gz
  9:07:31.517   215G / 246G  INFO   K-mer Counting           (kmer_data.cpp             : 377)   Processing /home/e1garcia/shotgun_PIRE/REUs/2022_REU/erykamolino/ostorhinchus_chrysopomus/fq_fp1_clmp_fp2/Och_CTum_001_Ex1-2C_L4_clmp.fp2_r1.fq.gz
  9:15:13.553   215G / 246G  INFO   K-mer Counting           (kmer_data.cpp             : 377)   Processing /home/e1garcia/shotgun_PIRE/REUs/2022_REU/erykamolino/ostorhinchus_chrysopomus/fq_fp1_clmp_fp2/Och_CTum_001_Ex1-2C_L4_clmp.fp2_r2.fq.gz
  9:22:59.635   215G / 246G  INFO   K-mer Counting           (kmer_data.cpp             : 377)   Processing /home/e1garcia/shotgun_PIRE/REUs/2022_REU/erykamolino/ostorhinchus_chrysopomus/fq_fp1_clmp_fp2/Och_CTum_001_Ex1-3B_L4_clmp.fp2_r1.fq.gz
  9:37:31.880   215G / 246G  INFO   K-mer Counting           (kmer_data.cpp             : 377)   Processing /home/e1garcia/shotgun_PIRE/REUs/2022_REU/erykamolino/ostorhinchus_chrysopomus/fq_fp1_clmp_fp2/Och_CTum_001_Ex1-3B_L4_clmp.fp2_r2.fq.gz
  9:51:54.470   215G / 246G  INFO   K-mer Counting           (kmer_data.cpp             : 384)   Collection done, postprocessing.
  9:52:25.801   215G / 246G  INFO   K-mer Counting           (kmer_data.cpp             : 397)   There are 7022277652 kmers in total. Among them 4421873386 (62.9692%) are singletons.
  9:52:25.801   215G / 246G  INFO    General                 (main.cpp                  : 173)   Subclustering Hamming graph
 15:30:24.615   215G / 246G  INFO   Hamming Subclustering    (kmer_cluster.cpp          : 650)   Subclustering done. Total 2333613 non-read kmers were generated.
 15:30:24.618   215G / 246G  INFO   Hamming Subclustering    (kmer_cluster.cpp          : 651)   Subclustering statistics:
 15:30:24.628   215G / 246G  INFO   Hamming Subclustering    (kmer_cluster.cpp          : 652)     Total singleton hamming clusters: 1721478226. Among them 880734906 (51.1615%) are good
 15:30:24.632   215G / 246G  INFO   Hamming Subclustering    (kmer_cluster.cpp          : 653)     Total singleton subclusters: 88986105. Among them 87923055 (98.8054%) are good
 15:30:24.632   215G / 246G  INFO   Hamming Subclustering    (kmer_cluster.cpp          : 654)     Total non-singleton subcluster centers: 1046804815. Among them 806437534 (77.038%) are good
 15:30:24.632   215G / 246G  INFO   Hamming Subclustering    (kmer_cluster.cpp          : 655)     Average size of non-trivial subcluster: 5.06788 kmers
 15:30:24.632   215G / 246G  INFO   Hamming Subclustering    (kmer_cluster.cpp          : 656)     Average number of sub-clusters per non-singleton cluster: 1.41388
 15:30:24.632   215G / 246G  INFO   Hamming Subclustering    (kmer_cluster.cpp          : 657)     Total solid k-mers: 1775095495
 15:30:24.632   215G / 246G  INFO   Hamming Subclustering    (kmer_cluster.cpp          : 658)     Substitution probabilities: [4,4]((0.887239,0.03839,0.0295699,0.0448014),(0.0570488,0.881578,0.0228455,0.0385272),(0.0369985,0.0223164,0.882119,0.0585662),(0.0441571,0.0293152,0.0382925,0.888235))
 15:30:28.072   215G / 246G  INFO    General                 (main.cpp                  : 178)   Finished clustering.
 15:30:28.083   215G / 246G  INFO    General                 (main.cpp                  : 197)   Starting solid k-mers expansion in 32 threads.
 16:09:32.282   215G / 246G  INFO    General                 (main.cpp                  : 218)   Solid k-mers iteration 0 produced 944097746 new k-mers.
 16:48:35.318   215G / 246G  INFO    General                 (main.cpp                  : 218)   Solid k-mers iteration 1 produced 49496979 new k-mers.
