[M::bwa_idx_load_from_disk] read 0 ALT contigs
[M::process] read 2945928 sequences (400000221 bp)...
[M::mem_pestat] # candidate unique pairs for (FF, FR, RF, RR): (167, 830482, 105, 157)
[M::mem_pestat] analyzing insert size distribution for orientation FF...
[M::mem_pestat] (25, 50, 75) percentile: (217, 282, 432)
[M::mem_pestat] low and high boundaries for computing mean and std.dev: (1, 862)
[M::mem_pestat] mean and std.dev: (309.25, 158.89)
[M::mem_pestat] low and high boundaries for proper pairs: (1, 1077)
[M::mem_pestat] analyzing insert size distribution for orientation FR...
[M::mem_pestat] (25, 50, 75) percentile: (246, 340, 384)
[M::mem_pestat] low and high boundaries for computing mean and std.dev: (1, 660)
[M::mem_pestat] mean and std.dev: (313.89, 100.05)
[M::mem_pestat] low and high boundaries for proper pairs: (1, 798)
[M::mem_pestat] analyzing insert size distribution for orientation RF...
[M::mem_pestat] (25, 50, 75) percentile: (134, 377, 1027)
[M::mem_pestat] low and high boundaries for computing mean and std.dev: (1, 2813)
[M::mem_pestat] mean and std.dev: (388.45, 412.25)
[M::mem_pestat] low and high boundaries for proper pairs: (1, 3706)
[M::mem_pestat] analyzing insert size distribution for orientation RR...
[M::mem_pestat] (25, 50, 75) percentile: (172, 247, 326)
[M::mem_pestat] low and high boundaries for computing mean and std.dev: (1, 634)
[M::mem_pestat] mean and std.dev: (234.97, 98.52)
[M::mem_pestat] low and high boundaries for proper pairs: (1, 788)
[M::mem_pestat] skip orientation FF
[M::mem_pestat] skip orientation RF
[M::mem_pestat] skip orientation RR
[M::mem_process_seqs] Processed 2945928 reads in 608.252 CPU sec, 183.054 real sec
[M::process] read 2945914 sequences (400000059 bp)...
[M::process] read 2945922 sequences (400000229 bp)...
[M::mem_pestat] # candidate unique pairs for (FF, FR, RF, RR): (155, 838984, 109, 195)
[M::mem_pestat] analyzing insert size distribution for orientation FF...
[M::mem_pestat] (25, 50, 75) percentile: (208, 273, 373)
[M::mem_pestat] low and high boundaries for computing mean and std.dev: (1, 703)
[M::mem_pestat] mean and std.dev: (274.03, 124.84)
[M::mem_pestat] low and high boundaries for proper pairs: (1, 868)
[M::mem_pestat] analyzing insert size distribution for orientation FR...
[M::mem_pestat] (25, 50, 75) percentile: (246, 340, 384)
[M::mem_pestat] low and high boundaries for computing mean and std.dev: (1, 660)
[M::mem_pestat] mean and std.dev: (313.96, 100.02)
[M::mem_pestat] low and high boundaries for proper pairs: (1, 798)
[M::mem_pestat] analyzing insert size distribution for orientation RF...
[M::mem_pestat] (25, 50, 75) percentile: (142, 334, 785)
[M::mem_pestat] low and high boundaries for computing mean and std.dev: (1, 2071)
[M::mem_pestat] mean and std.dev: (363.51, 387.02)
[M::mem_pestat] low and high boundaries for proper pairs: (1, 2714)
[M::mem_pestat] analyzing insert size distribution for orientation RR...
[M::mem_pestat] (25, 50, 75) percentile: (201, 264, 374)
[M::mem_pestat] low and high boundaries for computing mean and std.dev: (1, 720)
[M::mem_pestat] mean and std.dev: (274.44, 123.34)
[M::mem_pestat] low and high boundaries for proper pairs: (1, 893)
[M::mem_pestat] skip orientation FF
[M::mem_pestat] skip orientation RF
[M::mem_pestat] skip orientation RR
[M::mem_process_seqs] Processed 2945914 reads in 604.213 CPU sec, 152.652 real sec
[M::process] read 2945952 sequences (400000179 bp)...
[M::mem_pestat] # candidate unique pairs for (FF, FR, RF, RR): (167, 841019, 624, 198)
[M::mem_pestat] analyzing insert size distribution for orientation FF...
[M::mem_pestat] (25, 50, 75) percentile: (206, 262, 328)
[M::mem_pestat] low and high boundaries for computing mean and std.dev: (1, 572)
[M::mem_pestat] mean and std.dev: (253.75, 97.97)
[M::mem_pestat] low and high boundaries for proper pairs: (1, 694)
[M::mem_pestat] analyzing insert size distribution for orientation FR...
[M::mem_pestat] (25, 50, 75) percentile: (246, 340, 384)
[M::mem_pestat] low and high boundaries for computing mean and std.dev: (1, 660)
[M::mem_pestat] mean and std.dev: (314.32, 99.68)
[M::mem_pestat] low and high boundaries for proper pairs: (1, 798)
[M::mem_pestat] analyzing insert size distribution for orientation RF...
[M::mem_pestat] (25, 50, 75) percentile: (358, 384, 405)
[M::mem_pestat] low and high boundaries for computing mean and std.dev: (264, 499)
[M::mem_pestat] mean and std.dev: (382.50, 32.52)
[M::mem_pestat] low and high boundaries for proper pairs: (217, 546)
[M::mem_pestat] analyzing insert size distribution for orientation RR...
[M::mem_pestat] (25, 50, 75) percentile: (198, 263, 331)
[M::mem_pestat] low and high boundaries for computing mean and std.dev: (1, 597)
[M::mem_pestat] mean and std.dev: (254.77, 95.71)
[M::mem_pestat] low and high boundaries for proper pairs: (1, 730)
[M::mem_pestat] skip orientation FF
[M::mem_pestat] skip orientation RF
[M::mem_pestat] skip orientation RR
[M::mem_process_seqs] Processed 2945922 reads in 613.983 CPU sec, 158.959 real sec
[M::process] read 2945890 sequences (400000136 bp)...
[M::mem_pestat] # candidate unique pairs for (FF, FR, RF, RR): (186, 838915, 163, 149)
[M::mem_pestat] analyzing insert size distribution for orientation FF...
[M::mem_pestat] (25, 50, 75) percentile: (183, 254, 328)
[M::mem_pestat] low and high boundaries for computing mean and std.dev: (1, 618)
[M::mem_pestat] mean and std.dev: (250.70, 102.04)
[M::mem_pestat] low and high boundaries for proper pairs: (1, 763)
[M::mem_pestat] analyzing insert size distribution for orientation FR...
[M::mem_pestat] (25, 50, 75) percentile: (247, 340, 384)
[M::mem_pestat] low and high boundaries for computing mean and std.dev: (1, 658)
[M::mem_pestat] mean and std.dev: (314.33, 99.44)
[M::mem_pestat] low and high boundaries for proper pairs: (1, 795)
[M::mem_pestat] analyzing insert size distribution for orientation RF...
[M::mem_pestat] (25, 50, 75) percentile: (140, 376, 1007)
[M::mem_pestat] low and high boundaries for computing mean and std.dev: (1, 2741)
[M::mem_pestat] mean and std.dev: (428.01, 427.32)
[M::mem_pestat] low and high boundaries for proper pairs: (1, 3608)
[M::mem_pestat] analyzing insert size distribution for orientation RR...
[M::mem_pestat] (25, 50, 75) percentile: (186, 254, 351)
[M::mem_pestat] low and high boundaries for computing mean and std.dev: (1, 681)
[M::mem_pestat] mean and std.dev: (259.65, 107.84)
[M::mem_pestat] low and high boundaries for proper pairs: (1, 846)
[M::mem_pestat] skip orientation FF
[M::mem_pestat] skip orientation RF
[M::mem_pestat] skip orientation RR
[M::mem_process_seqs] Processed 2945952 reads in 625.985 CPU sec, 161.615 real sec
[M::process] read 2945946 sequences (400000168 bp)...
[M::mem_pestat] # candidate unique pairs for (FF, FR, RF, RR): (179, 845708, 101, 165)
[M::mem_pestat] analyzing insert size distribution for orientation FF...
[M::mem_pestat] (25, 50, 75) percentile: (210, 277, 378)
[M::mem_pestat] low and high boundaries for computing mean and std.dev: (1, 714)
[M::mem_pestat] mean and std.dev: (282.36, 124.26)
[M::mem_pestat] low and high boundaries for proper pairs: (1, 882)
[M::mem_pestat] analyzing insert size distribution for orientation FR...
[M::mem_pestat] (25, 50, 75) percentile: (248, 340, 384)
[M::mem_pestat] low and high boundaries for computing mean and std.dev: (1, 656)
[M::mem_pestat] mean and std.dev: (314.50, 99.31)
[M::mem_pestat] low and high boundaries for proper pairs: (1, 792)
[M::mem_pestat] analyzing insert size distribution for orientation RF...
[M::mem_pestat] (25, 50, 75) percentile: (101, 482, 995)
[M::mem_pestat] low and high boundaries for computing mean and std.dev: (1, 2783)
[M::mem_pestat] mean and std.dev: (471.60, 539.54)
[M::mem_pestat] low and high boundaries for proper pairs: (1, 3677)
[M::mem_pestat] analyzing insert size distribution for orientation RR...
[M::mem_pestat] (25, 50, 75) percentile: (212, 278, 351)
[M::mem_pestat] low and high boundaries for computing mean and std.dev: (1, 629)
[M::mem_pestat] mean and std.dev: (266.77, 101.45)
[M::mem_pestat] low and high boundaries for proper pairs: (1, 768)
[M::mem_pestat] skip orientation FF
[M::mem_pestat] skip orientation RF
[M::mem_pestat] skip orientation RR
[M::mem_process_seqs] Processed 2945890 reads in 608.988 CPU sec, 156.894 real sec
[M::process] read 2945908 sequences (400000187 bp)...
[M::mem_pestat] # candidate unique pairs for (FF, FR, RF, RR): (175, 842750, 137, 148)
[M::mem_pestat] analyzing insert size distribution for orientation FF...
[M::mem_pestat] (25, 50, 75) percentile: (197, 255, 351)
[M::mem_pestat] low and high boundaries for computing mean and std.dev: (1, 659)
[M::mem_pestat] mean and std.dev: (249.52, 110.73)
[M::mem_pestat] low and high boundaries for proper pairs: (1, 813)
[M::mem_pestat] analyzing insert size distribution for orientation FR...
[M::mem_pestat] (25, 50, 75) percentile: (247, 340, 384)
[M::mem_pestat] low and high boundaries for computing mean and std.dev: (1, 658)
[M::mem_pestat] mean and std.dev: (314.33, 99.38)
[M::mem_pestat] low and high boundaries for proper pairs: (1, 795)
[M::mem_pestat] analyzing insert size distribution for orientation RF...
[M::mem_pestat] (25, 50, 75) percentile: (254, 402, 1208)
[M::mem_pestat] low and high boundaries for computing mean and std.dev: (1, 3116)
[M::mem_pestat] mean and std.dev: (584.00, 678.92)
[M::mem_pestat] low and high boundaries for proper pairs: (1, 4070)
[M::mem_pestat] analyzing insert size distribution for orientation RR...
[M::mem_pestat] (25, 50, 75) percentile: (200, 262, 317)
[M::mem_pestat] low and high boundaries for computing mean and std.dev: (1, 551)
[M::mem_pestat] mean and std.dev: (251.33, 94.76)
[M::mem_pestat] low and high boundaries for proper pairs: (1, 668)
[M::mem_pestat] skip orientation FF
[M::mem_pestat] skip orientation RF
[M::mem_pestat] skip orientation RR
[M::mem_process_seqs] Processed 2945946 reads in 608.876 CPU sec, 156.726 real sec
[M::process] read 2945896 sequences (400000242 bp)...
[M::mem_pestat] # candidate unique pairs for (FF, FR, RF, RR): (201, 838259, 272, 159)
[M::mem_pestat] analyzing insert size distribution for orientation FF...
[M::mem_pestat] (25, 50, 75) percentile: (200, 263, 343)
[M::mem_pestat] low and high boundaries for computing mean and std.dev: (1, 629)
[M::mem_pestat] mean and std.dev: (265.42, 107.75)
[M::mem_pestat] low and high boundaries for proper pairs: (1, 772)
[M::mem_pestat] analyzing insert size distribution for orientation FR...
[M::mem_pestat] (25, 50, 75) percentile: (247, 340, 384)
[M::mem_pestat] low and high boundaries for computing mean and std.dev: (1, 658)
[M::mem_pestat] mean and std.dev: (314.34, 99.34)
[M::mem_pestat] low and high boundaries for proper pairs: (1, 795)
[M::mem_pestat] analyzing insert size distribution for orientation RF...
[M::mem_pestat] (25, 50, 75) percentile: (323, 389, 613)
[M::mem_pestat] low and high boundaries for computing mean and std.dev: (1, 1193)
[M::mem_pestat] mean and std.dev: (405.49, 277.81)
[M::mem_pestat] low and high boundaries for proper pairs: (1, 1517)
[M::mem_pestat] analyzing insert size distribution for orientation RR...
[M::mem_pestat] (25, 50, 75) percentile: (220, 294, 380)
[M::mem_pestat] low and high boundaries for computing mean and std.dev: (1, 700)
[M::mem_pestat] mean and std.dev: (281.74, 106.64)
[M::mem_pestat] low and high boundaries for proper pairs: (1, 860)
[M::mem_pestat] skip orientation FF
[M::mem_pestat] skip orientation RF
[M::mem_pestat] skip orientation RR
[M::mem_process_seqs] Processed 2945908 reads in 629.417 CPU sec, 162.066 real sec
[M::process] read 2945992 sequences (400000183 bp)...
[M::mem_pestat] # candidate unique pairs for (FF, FR, RF, RR): (178, 825754, 193, 151)
[M::mem_pestat] analyzing insert size distribution for orientation FF...
[M::mem_pestat] (25, 50, 75) percentile: (202, 262, 351)
[M::mem_pestat] low and high boundaries for computing mean and std.dev: (1, 649)
[M::mem_pestat] mean and std.dev: (263.98, 113.52)
[M::mem_pestat] low and high boundaries for proper pairs: (1, 798)
[M::mem_pestat] analyzing insert size distribution for orientation FR...
[M::mem_pestat] (25, 50, 75) percentile: (246, 340, 384)
[M::mem_pestat] low and high boundaries for computing mean and std.dev: (1, 660)
[M::mem_pestat] mean and std.dev: (314.17, 99.76)
[M::mem_pestat] low and high boundaries for proper pairs: (1, 798)
[M::mem_pestat] analyzing insert size distribution for orientation RF...
[M::mem_pestat] (25, 50, 75) percentile: (353, 520, 588)
[M::mem_pestat] low and high boundaries for computing mean and std.dev: (1, 1058)
[M::mem_pestat] mean and std.dev: (427.96, 234.10)
[M::mem_pestat] low and high boundaries for proper pairs: (1, 1364)
[M::mem_pestat] analyzing insert size distribution for orientation RR...
[M::mem_pestat] (25, 50, 75) percentile: (204, 270, 363)
[M::mem_pestat] low and high boundaries for computing mean and std.dev: (1, 681)
[M::mem_pestat] mean and std.dev: (261.37, 115.92)
[M::mem_pestat] low and high boundaries for proper pairs: (1, 840)
[M::mem_pestat] skip orientation FF
[M::mem_pestat] skip orientation RF
[M::mem_pestat] skip orientation RR
[M::mem_process_seqs] Processed 2945896 reads in 617.590 CPU sec, 159.928 real sec
[M::process] read 2945964 sequences (400000220 bp)...
[M::mem_pestat] # candidate unique pairs for (FF, FR, RF, RR): (184, 846858, 158, 159)
[M::mem_pestat] analyzing insert size distribution for orientation FF...
[M::mem_pestat] (25, 50, 75) percentile: (194, 254, 324)
[M::mem_pestat] low and high boundaries for computing mean and std.dev: (1, 584)
[M::mem_pestat] mean and std.dev: (249.73, 96.14)
[M::mem_pestat] low and high boundaries for proper pairs: (1, 714)
[M::mem_pestat] analyzing insert size distribution for orientation FR...
[M::mem_pestat] (25, 50, 75) percentile: (246, 340, 384)
[M::mem_pestat] low and high boundaries for computing mean and std.dev: (1, 660)
[M::mem_pestat] mean and std.dev: (314.07, 99.80)
[M::mem_pestat] low and high boundaries for proper pairs: (1, 798)
[M::mem_pestat] analyzing insert size distribution for orientation RF...
[M::mem_pestat] (25, 50, 75) percentile: (348, 393, 2237)
[M::mem_pestat] low and high boundaries for computing mean and std.dev: (1, 6015)
[M::mem_pestat] mean and std.dev: (1019.76, 1402.83)
[M::mem_pestat] low and high boundaries for proper pairs: (1, 7904)
[M::mem_pestat] analyzing insert size distribution for orientation RR...
[M::mem_pestat] (25, 50, 75) percentile: (207, 287, 374)
[M::mem_pestat] low and high boundaries for computing mean and std.dev: (1, 708)
[M::mem_pestat] mean and std.dev: (272.99, 113.66)
[M::mem_pestat] low and high boundaries for proper pairs: (1, 875)
[M::mem_pestat] skip orientation FF
[M::mem_pestat] skip orientation RF
[M::mem_pestat] skip orientation RR
[M::mem_process_seqs] Processed 2945992 reads in 622.632 CPU sec, 160.366 real sec
[M::process] read 2945926 sequences (400000209 bp)...
[M::mem_pestat] # candidate unique pairs for (FF, FR, RF, RR): (169, 835945, 138, 173)
[M::mem_pestat] analyzing insert size distribution for orientation FF...
[M::mem_pestat] (25, 50, 75) percentile: (223, 274, 371)
[M::mem_pestat] low and high boundaries for computing mean and std.dev: (1, 667)
[M::mem_pestat] mean and std.dev: (266.78, 108.29)
[M::mem_pestat] low and high boundaries for proper pairs: (1, 815)
[M::mem_pestat] analyzing insert size distribution for orientation FR...
[M::mem_pestat] (25, 50, 75) percentile: (246, 340, 384)
[M::mem_pestat] low and high boundaries for computing mean and std.dev: (1, 660)
[M::mem_pestat] mean and std.dev: (313.93, 100.07)
[M::mem_pestat] low and high boundaries for proper pairs: (1, 798)
[M::mem_pestat] analyzing insert size distribution for orientation RF...
[M::mem_pestat] (25, 50, 75) percentile: (100, 281, 726)
[M::mem_pestat] low and high boundaries for computing mean and std.dev: (1, 1978)
[M::mem_pestat] mean and std.dev: (323.86, 397.02)
[M::mem_pestat] low and high boundaries for proper pairs: (1, 2604)
[M::mem_pestat] analyzing insert size distribution for orientation RR...
[M::mem_pestat] (25, 50, 75) percentile: (193, 274, 337)
[M::mem_pestat] low and high boundaries for computing mean and std.dev: (1, 625)
[M::mem_pestat] mean and std.dev: (270.71, 110.69)
[M::mem_pestat] low and high boundaries for proper pairs: (1, 769)
[M::mem_pestat] skip orientation FF
[M::mem_pestat] skip orientation RF
[M::mem_pestat] skip orientation RR
[M::mem_process_seqs] Processed 2945964 reads in 610.006 CPU sec, 156.882 real sec
[M::process] read 2945906 sequences (400000060 bp)...
[M::mem_pestat] # candidate unique pairs for (FF, FR, RF, RR): (189, 835240, 392, 178)
[M::mem_pestat] analyzing insert size distribution for orientation FF...
[M::mem_pestat] (25, 50, 75) percentile: (193, 276, 362)
[M::mem_pestat] low and high boundaries for computing mean and std.dev: (1, 700)
[M::mem_pestat] mean and std.dev: (281.01, 138.57)
[M::mem_pestat] low and high boundaries for proper pairs: (1, 869)
[M::mem_pestat] analyzing insert size distribution for orientation FR...
[M::mem_pestat] (25, 50, 75) percentile: (246, 340, 384)
[M::mem_pestat] low and high boundaries for computing mean and std.dev: (1, 660)
[M::mem_pestat] mean and std.dev: (314.00, 99.97)
[M::mem_pestat] low and high boundaries for proper pairs: (1, 798)
[M::mem_pestat] analyzing insert size distribution for orientation RF...
[M::mem_pestat] (25, 50, 75) percentile: (371, 395, 434)
[M::mem_pestat] low and high boundaries for computing mean and std.dev: (245, 560)
[M::mem_pestat] mean and std.dev: (399.97, 47.52)
[M::mem_pestat] low and high boundaries for proper pairs: (182, 623)
[M::mem_pestat] analyzing insert size distribution for orientation RR...
[M::mem_pestat] (25, 50, 75) percentile: (182, 273, 362)
[M::mem_pestat] low and high boundaries for computing mean and std.dev: (1, 722)
[M::mem_pestat] mean and std.dev: (270.30, 131.92)
[M::mem_pestat] low and high boundaries for proper pairs: (1, 902)
[M::mem_pestat] skip orientation FF
[M::mem_pestat] skip orientation RF
[M::mem_pestat] skip orientation RR
[M::mem_process_seqs] Processed 2945926 reads in 621.024 CPU sec, 159.759 real sec
[M::process] read 2945910 sequences (400000142 bp)...
[M::mem_pestat] # candidate unique pairs for (FF, FR, RF, RR): (188, 839992, 121, 222)
[M::mem_pestat] analyzing insert size distribution for orientation FF...
[M::mem_pestat] (25, 50, 75) percentile: (211, 280, 392)
[M::mem_pestat] low and high boundaries for computing mean and std.dev: (1, 754)
[M::mem_pestat] mean and std.dev: (277.25, 128.55)
[M::mem_pestat] low and high boundaries for proper pairs: (1, 935)
[M::mem_pestat] analyzing insert size distribution for orientation FR...
[M::mem_pestat] (25, 50, 75) percentile: (247, 340, 384)
[M::mem_pestat] low and high boundaries for computing mean and std.dev: (1, 658)
[M::mem_pestat] mean and std.dev: (314.45, 99.36)
[M::mem_pestat] low and high boundaries for proper pairs: (1, 795)
[M::mem_pestat] analyzing insert size distribution for orientation RF...
[M::mem_pestat] (25, 50, 75) percentile: (393, 875, 3725)
[M::mem_pestat] low and high boundaries for computing mean and std.dev: (1, 10389)
[M::mem_pestat] mean and std.dev: (2334.99, 2771.89)
[M::mem_pestat] low and high boundaries for proper pairs: (1, 13721)
[M::mem_pestat] analyzing insert size distribution for orientation RR...
[M::mem_pestat] (25, 50, 75) percentile: (208, 287, 514)
[M::mem_pestat] low and high boundaries for computing mean and std.dev: (1, 1126)
[M::mem_pestat] mean and std.dev: (357.65, 248.35)
[M::mem_pestat] low and high boundaries for proper pairs: (1, 1432)
[M::mem_pestat] skip orientation FF
[M::mem_pestat] skip orientation RF
[M::mem_pestat] skip orientation RR
[M::mem_process_seqs] Processed 2945906 reads in 615.836 CPU sec, 158.327 real sec
[M::process] read 2945922 sequences (400000080 bp)...
[M::mem_pestat] # candidate unique pairs for (FF, FR, RF, RR): (184, 843894, 116, 164)
[M::mem_pestat] analyzing insert size distribution for orientation FF...
[M::mem_pestat] (25, 50, 75) percentile: (196, 278, 345)
[M::mem_pestat] low and high boundaries for computing mean and std.dev: (1, 643)
[M::mem_pestat] mean and std.dev: (268.26, 112.79)
[M::mem_pestat] low and high boundaries for proper pairs: (1, 792)
[M::mem_pestat] analyzing insert size distribution for orientation FR...
[M::mem_pestat] (25, 50, 75) percentile: (247, 340, 384)
[M::mem_pestat] low and high boundaries for computing mean and std.dev: (1, 658)
[M::mem_pestat] mean and std.dev: (314.26, 99.60)
[M::mem_pestat] low and high boundaries for proper pairs: (1, 795)
[M::mem_pestat] analyzing insert size distribution for orientation RF...
[M::mem_pestat] (25, 50, 75) percentile: (219, 443, 2448)
[M::mem_pestat] low and high boundaries for computing mean and std.dev: (1, 6906)
[M::mem_pestat] mean and std.dev: (1003.25, 1327.09)
[M::mem_pestat] low and high boundaries for proper pairs: (1, 9135)
[M::mem_pestat] analyzing insert size distribution for orientation RR...
[M::mem_pestat] (25, 50, 75) percentile: (200, 261, 331)
[M::mem_pestat] low and high boundaries for computing mean and std.dev: (1, 593)
[M::mem_pestat] mean and std.dev: (247.51, 90.21)
[M::mem_pestat] low and high boundaries for proper pairs: (1, 724)
[M::mem_pestat] skip orientation FF
[M::mem_pestat] skip orientation RF
[M::mem_pestat] skip orientation RR
[M::mem_process_seqs] Processed 2945910 reads in 613.240 CPU sec, 157.919 real sec
[M::process] read 2945956 sequences (400000243 bp)...
[M::mem_pestat] # candidate unique pairs for (FF, FR, RF, RR): (203, 848301, 97, 181)
[M::mem_pestat] analyzing insert size distribution for orientation FF...
[M::mem_pestat] (25, 50, 75) percentile: (222, 271, 335)
[M::mem_pestat] low and high boundaries for computing mean and std.dev: (1, 561)
[M::mem_pestat] mean and std.dev: (255.16, 84.51)
[M::mem_pestat] low and high boundaries for proper pairs: (1, 674)
[M::mem_pestat] analyzing insert size distribution for orientation FR...
[M::mem_pestat] (25, 50, 75) percentile: (247, 340, 384)
[M::mem_pestat] low and high boundaries for computing mean and std.dev: (1, 658)
[M::mem_pestat] mean and std.dev: (314.30, 99.68)
[M::mem_pestat] low and high boundaries for proper pairs: (1, 795)
[M::mem_pestat] analyzing insert size distribution for orientation RF...
[M::mem_pestat] (25, 50, 75) percentile: (101, 198, 469)
[M::mem_pestat] low and high boundaries for computing mean and std.dev: (1, 1205)
[M::mem_pestat] mean and std.dev: (248.04, 227.98)
[M::mem_pestat] low and high boundaries for proper pairs: (1, 1573)
[M::mem_pestat] analyzing insert size distribution for orientation RR...
[M::mem_pestat] (25, 50, 75) percentile: (199, 279, 375)
[M::mem_pestat] low and high boundaries for computing mean and std.dev: (1, 727)
[M::mem_pestat] mean and std.dev: (271.75, 121.98)
[M::mem_pestat] low and high boundaries for proper pairs: (1, 903)
[M::mem_pestat] skip orientation FF
[M::mem_pestat] skip orientation RF
[M::mem_pestat] skip orientation RR
[M::mem_process_seqs] Processed 2945922 reads in 603.333 CPU sec, 155.355 real sec
[M::process] read 2945784 sequences (400000073 bp)...
[M::mem_pestat] # candidate unique pairs for (FF, FR, RF, RR): (159, 835723, 119, 182)
[M::mem_pestat] analyzing insert size distribution for orientation FF...
[M::mem_pestat] (25, 50, 75) percentile: (209, 277, 338)
[M::mem_pestat] low and high boundaries for computing mean and std.dev: (1, 596)
[M::mem_pestat] mean and std.dev: (268.58, 99.79)
[M::mem_pestat] low and high boundaries for proper pairs: (1, 725)
[M::mem_pestat] analyzing insert size distribution for orientation FR...
[M::mem_pestat] (25, 50, 75) percentile: (246, 340, 384)
[M::mem_pestat] low and high boundaries for computing mean and std.dev: (1, 660)
[M::mem_pestat] mean and std.dev: (314.10, 99.80)
[M::mem_pestat] low and high boundaries for proper pairs: (1, 798)
[M::mem_pestat] analyzing insert size distribution for orientation RF...
[M::mem_pestat] (25, 50, 75) percentile: (397, 1249, 3659)
[M::mem_pestat] low and high boundaries for computing mean and std.dev: (1, 10183)
[M::mem_pestat] mean and std.dev: (2047.78, 1983.01)
[M::mem_pestat] low and high boundaries for proper pairs: (1, 13445)
[M::mem_pestat] analyzing insert size distribution for orientation RR...
[M::mem_pestat] (25, 50, 75) percentile: (190, 267, 335)
[M::mem_pestat] low and high boundaries for computing mean and std.dev: (1, 625)
[M::mem_pestat] mean and std.dev: (256.87, 107.36)
[M::mem_pestat] low and high boundaries for proper pairs: (1, 770)
[M::mem_pestat] skip orientation FF
[M::mem_pestat] skip orientation RF
[M::mem_pestat] skip orientation RR
[M::mem_process_seqs] Processed 2945956 reads in 609.072 CPU sec, 156.612 real sec
[M::process] read 2945902 sequences (400000005 bp)...
[M::mem_pestat] # candidate unique pairs for (FF, FR, RF, RR): (142, 803675, 114, 195)
[M::mem_pestat] analyzing insert size distribution for orientation FF...
[M::mem_pestat] (25, 50, 75) percentile: (203, 277, 368)
[M::mem_pestat] low and high boundaries for computing mean and std.dev: (1, 698)
[M::mem_pestat] mean and std.dev: (278.38, 129.18)
[M::mem_pestat] low and high boundaries for proper pairs: (1, 863)
[M::mem_pestat] analyzing insert size distribution for orientation FR...
[M::mem_pestat] (25, 50, 75) percentile: (245, 340, 384)
[M::mem_pestat] low and high boundaries for computing mean and std.dev: (1, 662)
[M::mem_pestat] mean and std.dev: (313.18, 100.86)
[M::mem_pestat] low and high boundaries for proper pairs: (1, 801)
[M::mem_pestat] analyzing insert size distribution for orientation RF...
[M::mem_pestat] (25, 50, 75) percentile: (145, 400, 985)
[M::mem_pestat] low and high boundaries for computing mean and std.dev: (1, 2665)
[M::mem_pestat] mean and std.dev: (409.30, 357.79)
[M::mem_pestat] low and high boundaries for proper pairs: (1, 3505)
[M::mem_pestat] analyzing insert size distribution for orientation RR...
[M::mem_pestat] (25, 50, 75) percentile: (227, 289, 485)
[M::mem_pestat] low and high boundaries for computing mean and std.dev: (1, 1001)
[M::mem_pestat] mean and std.dev: (341.65, 185.66)
[M::mem_pestat] low and high boundaries for proper pairs: (1, 1259)
[M::mem_pestat] skip orientation FF
[M::mem_pestat] skip orientation RF
[M::mem_pestat] skip orientation RR
[M::mem_process_seqs] Processed 2945784 reads in 598.564 CPU sec, 155.523 real sec
[M::process] read 2945922 sequences (400000063 bp)...
[M::mem_pestat] # candidate unique pairs for (FF, FR, RF, RR): (198, 838731, 146, 191)
[M::mem_pestat] analyzing insert size distribution for orientation FF...
[M::mem_pestat] (25, 50, 75) percentile: (181, 278, 362)
[M::mem_pestat] low and high boundaries for computing mean and std.dev: (1, 724)
[M::mem_pestat] mean and std.dev: (266.82, 129.79)
[M::mem_pestat] low and high boundaries for proper pairs: (1, 905)
[M::mem_pestat] analyzing insert size distribution for orientation FR...
[M::mem_pestat] (25, 50, 75) percentile: (248, 340, 384)
[M::mem_pestat] low and high boundaries for computing mean and std.dev: (1, 656)
[M::mem_pestat] mean and std.dev: (314.48, 99.27)
[M::mem_pestat] low and high boundaries for proper pairs: (1, 792)
[M::mem_pestat] analyzing insert size distribution for orientation RF...
[M::mem_pestat] (25, 50, 75) percentile: (253, 474, 2029)
[M::mem_pestat] low and high boundaries for computing mean and std.dev: (1, 5581)
[M::mem_pestat] mean and std.dev: (1004.01, 1253.47)
[M::mem_pestat] low and high boundaries for proper pairs: (1, 7357)
[M::mem_pestat] analyzing insert size distribution for orientation RR...
[M::mem_pestat] (25, 50, 75) percentile: (213, 269, 330)
[M::mem_pestat] low and high boundaries for computing mean and std.dev: (1, 564)
[M::mem_pestat] mean and std.dev: (259.83, 90.43)
[M::mem_pestat] low and high boundaries for proper pairs: (1, 681)
[M::mem_pestat] skip orientation FF
[M::mem_pestat] skip orientation RF
[M::mem_pestat] skip orientation RR
[M::mem_process_seqs] Processed 2945902 reads in 615.142 CPU sec, 158.488 real sec
[M::process] read 2945922 sequences (400000264 bp)...
[M::mem_pestat] # candidate unique pairs for (FF, FR, RF, RR): (181, 842584, 91, 176)
[M::mem_pestat] analyzing insert size distribution for orientation FF...
[M::mem_pestat] (25, 50, 75) percentile: (199, 264, 350)
[M::mem_pestat] low and high boundaries for computing mean and std.dev: (1, 652)
[M::mem_pestat] mean and std.dev: (261.33, 109.60)
[M::mem_pestat] low and high boundaries for proper pairs: (1, 803)
[M::mem_pestat] analyzing insert size distribution for orientation FR...
[M::mem_pestat] (25, 50, 75) percentile: (247, 340, 384)
[M::mem_pestat] low and high boundaries for computing mean and std.dev: (1, 658)
[M::mem_pestat] mean and std.dev: (314.29, 99.49)
[M::mem_pestat] low and high boundaries for proper pairs: (1, 795)
[M::mem_pestat] analyzing insert size distribution for orientation RF...
[M::mem_pestat] (25, 50, 75) percentile: (236, 451, 1063)
[M::mem_pestat] low and high boundaries for computing mean and std.dev: (1, 2717)
[M::mem_pestat] mean and std.dev: (576.93, 561.23)
[M::mem_pestat] low and high boundaries for proper pairs: (1, 3544)
[M::mem_pestat] analyzing insert size distribution for orientation RR...
[M::mem_pestat] (25, 50, 75) percentile: (224, 279, 383)
[M::mem_pestat] low and high boundaries for computing mean and std.dev: (1, 701)
[M::mem_pestat] mean and std.dev: (281.64, 117.97)
[M::mem_pestat] low and high boundaries for proper pairs: (1, 860)
[M::mem_pestat] skip orientation FF
[M::mem_pestat] skip orientation RF
[M::mem_pestat] skip orientation RR
[M::mem_process_seqs] Processed 2945922 reads in 609.484 CPU sec, 156.987 real sec
[M::process] read 2945912 sequences (400000239 bp)...
[M::mem_pestat] # candidate unique pairs for (FF, FR, RF, RR): (155, 843421, 124, 144)
[M::mem_pestat] analyzing insert size distribution for orientation FF...
[M::mem_pestat] (25, 50, 75) percentile: (210, 283, 364)
[M::mem_pestat] low and high boundaries for computing mean and std.dev: (1, 672)
[M::mem_pestat] mean and std.dev: (279.59, 125.33)
[M::mem_pestat] low and high boundaries for proper pairs: (1, 826)
[M::mem_pestat] analyzing insert size distribution for orientation FR...
[M::mem_pestat] (25, 50, 75) percentile: (247, 340, 384)
[M::mem_pestat] low and high boundaries for computing mean and std.dev: (1, 658)
[M::mem_pestat] mean and std.dev: (314.52, 99.22)
[M::mem_pestat] low and high boundaries for proper pairs: (1, 795)
[M::mem_pestat] analyzing insert size distribution for orientation RF...
[M::mem_pestat] (25, 50, 75) percentile: (158, 370, 1143)
[M::mem_pestat] low and high boundaries for computing mean and std.dev: (1, 3113)
[M::mem_pestat] mean and std.dev: (386.60, 380.81)
[M::mem_pestat] low and high boundaries for proper pairs: (1, 4098)
[M::mem_pestat] analyzing insert size distribution for orientation RR...
[M::mem_pestat] (25, 50, 75) percentile: (218, 282, 343)
[M::mem_pestat] low and high boundaries for computing mean and std.dev: (1, 593)
[M::mem_pestat] mean and std.dev: (266.49, 97.96)
[M::mem_pestat] low and high boundaries for proper pairs: (1, 718)
[M::mem_pestat] skip orientation FF
[M::mem_pestat] skip orientation RF
[M::mem_pestat] skip orientation RR
[M::mem_process_seqs] Processed 2945922 reads in 616.473 CPU sec, 158.679 real sec
[M::process] read 2945956 sequences (400000146 bp)...
[M::mem_pestat] # candidate unique pairs for (FF, FR, RF, RR): (174, 842796, 90, 197)
[M::mem_pestat] analyzing insert size distribution for orientation FF...
[M::mem_pestat] (25, 50, 75) percentile: (211, 269, 358)
[M::mem_pestat] low and high boundaries for computing mean and std.dev: (1, 652)
[M::mem_pestat] mean and std.dev: (273.27, 116.89)
[M::mem_pestat] low and high boundaries for proper pairs: (1, 799)
[M::mem_pestat] analyzing insert size distribution for orientation FR...
[M::mem_pestat] (25, 50, 75) percentile: (247, 340, 384)
[M::mem_pestat] low and high boundaries for computing mean and std.dev: (1, 658)
[M::mem_pestat] mean and std.dev: (314.59, 99.50)
[M::mem_pestat] low and high boundaries for proper pairs: (1, 795)
[M::mem_pestat] analyzing insert size distribution for orientation RF...
[M::mem_pestat] (25, 50, 75) percentile: (99, 407, 2861)
[M::mem_pestat] low and high boundaries for computing mean and std.dev: (1, 8385)
[M::mem_pestat] mean and std.dev: (1437.73, 2065.90)
[M::mem_pestat] low and high boundaries for proper pairs: (1, 11147)
[M::mem_pestat] analyzing insert size distribution for orientation RR...
[M::mem_pestat] (25, 50, 75) percentile: (204, 261, 347)
[M::mem_pestat] low and high boundaries for computing mean and std.dev: (1, 633)
[M::mem_pestat] mean and std.dev: (261.15, 104.58)
[M::mem_pestat] low and high boundaries for proper pairs: (1, 776)
[M::mem_pestat] skip orientation FF
[M::mem_pestat] skip orientation RF
[M::mem_pestat] skip orientation RR
[M::mem_process_seqs] Processed 2945912 reads in 620.493 CPU sec, 159.464 real sec
[M::process] read 2945942 sequences (400000195 bp)...
[M::mem_pestat] # candidate unique pairs for (FF, FR, RF, RR): (180, 835637, 131, 176)
[M::mem_pestat] analyzing insert size distribution for orientation FF...
[M::mem_pestat] (25, 50, 75) percentile: (200, 282, 364)
[M::mem_pestat] low and high boundaries for computing mean and std.dev: (1, 692)
[M::mem_pestat] mean and std.dev: (269.55, 119.09)
[M::mem_pestat] low and high boundaries for proper pairs: (1, 856)
[M::mem_pestat] analyzing insert size distribution for orientation FR...
[M::mem_pestat] (25, 50, 75) percentile: (246, 340, 384)
[M::mem_pestat] low and high boundaries for computing mean and std.dev: (1, 660)
[M::mem_pestat] mean and std.dev: (313.99, 99.95)
[M::mem_pestat] low and high boundaries for proper pairs: (1, 798)
[M::mem_pestat] analyzing insert size distribution for orientation RF...
[M::mem_pestat] (25, 50, 75) percentile: (356, 494, 696)
[M::mem_pestat] low and high boundaries for computing mean and std.dev: (1, 1376)
[M::mem_pestat] mean and std.dev: (455.34, 263.78)
[M::mem_pestat] low and high boundaries for proper pairs: (1, 1716)
[M::mem_pestat] analyzing insert size distribution for orientation RR...
[M::mem_pestat] (25, 50, 75) percentile: (176, 249, 338)
[M::mem_pestat] low and high boundaries for computing mean and std.dev: (1, 662)
[M::mem_pestat] mean and std.dev: (249.53, 114.66)
[M::mem_pestat] low and high boundaries for proper pairs: (1, 824)
[M::mem_pestat] skip orientation FF
[M::mem_pestat] skip orientation RF
[M::mem_pestat] skip orientation RR
[M::mem_process_seqs] Processed 2945956 reads in 611.227 CPU sec, 157.311 real sec
[M::mem_pestat] # candidate unique pairs for (FF, FR, RF, RR): (161, 844860, 115, 159)
[M::mem_pestat] analyzing insert size distribution for orientation FF...
[M::mem_pestat] (25, 50, 75) percentile: (195, 263, 343)
[M::mem_pestat] low and high boundaries for computing mean and std.dev: (1, 639)
[M::mem_pestat] mean and std.dev: (255.41, 110.94)
[M::mem_pestat] low and high boundaries for proper pairs: (1, 787)
[M::mem_pestat] analyzing insert size distribution for orientation FR...
[M::mem_pestat] (25, 50, 75) percentile: (247, 340, 384)
[M::mem_pestat] low and high boundaries for computing mean and std.dev: (1, 658)
[M::mem_pestat] mean and std.dev: (314.41, 99.39)
[M::mem_pestat] low and high boundaries for proper pairs: (1, 795)
[M::mem_pestat] analyzing insert size distribution for orientation RF...
[M::mem_pestat] (25, 50, 75) percentile: (105, 369, 667)
[M::mem_pestat] low and high boundaries for computing mean and std.dev: (1, 1791)
[M::mem_pestat] mean and std.dev: (295.20, 223.16)
[M::mem_pestat] low and high boundaries for proper pairs: (1, 2353)
[M::mem_pestat] analyzing insert size distribution for orientation RR...
[M::mem_pestat] (25, 50, 75) percentile: (186, 261, 344)
[M::mem_pestat] low and high boundaries for computing mean and std.dev: (1, 660)
[M::mem_pestat] mean and std.dev: (264.19, 127.06)
[M::mem_pestat] low and high boundaries for proper pairs: (1, 818)
[M::mem_pestat] skip orientation FF
[M::mem_pestat] skip orientation RF
[M::mem_pestat] skip orientation RR
[M::process] read 2945938 sequences (400000027 bp)...
[M::mem_process_seqs] Processed 2945942 reads in 611.487 CPU sec, 157.068 real sec
[M::process] read 2945860 sequences (400000046 bp)...
[M::mem_pestat] # candidate unique pairs for (FF, FR, RF, RR): (165, 835652, 176, 165)
[M::mem_pestat] analyzing insert size distribution for orientation FF...
[M::mem_pestat] (25, 50, 75) percentile: (193, 273, 381)
[M::mem_pestat] low and high boundaries for computing mean and std.dev: (1, 757)
[M::mem_pestat] mean and std.dev: (288.50, 149.28)
[M::mem_pestat] low and high boundaries for proper pairs: (1, 945)
[M::mem_pestat] analyzing insert size distribution for orientation FR...
[M::mem_pestat] (25, 50, 75) percentile: (247, 340, 384)
[M::mem_pestat] low and high boundaries for computing mean and std.dev: (1, 658)
[M::mem_pestat] mean and std.dev: (314.23, 99.43)
[M::mem_pestat] low and high boundaries for proper pairs: (1, 795)
[M::mem_pestat] analyzing insert size distribution for orientation RF...
[M::mem_pestat] (25, 50, 75) percentile: (373, 476, 599)
[M::mem_pestat] low and high boundaries for computing mean and std.dev: (1, 1051)
[M::mem_pestat] mean and std.dev: (382.28, 213.27)
[M::mem_pestat] low and high boundaries for proper pairs: (1, 1277)
[M::mem_pestat] analyzing insert size distribution for orientation RR...
[M::mem_pestat] (25, 50, 75) percentile: (218, 273, 360)
[M::mem_pestat] low and high boundaries for computing mean and std.dev: (1, 644)
[M::mem_pestat] mean and std.dev: (275.75, 114.23)
[M::mem_pestat] low and high boundaries for proper pairs: (1, 786)
[M::mem_pestat] skip orientation FF
[M::mem_pestat] skip orientation RF
[M::mem_pestat] skip orientation RR
[M::mem_process_seqs] Processed 2945938 reads in 619.976 CPU sec, 159.432 real sec
[M::process] read 2945950 sequences (400000142 bp)...
[M::mem_pestat] # candidate unique pairs for (FF, FR, RF, RR): (199, 823945, 379, 167)
[M::mem_pestat] analyzing insert size distribution for orientation FF...
[M::mem_pestat] (25, 50, 75) percentile: (201, 281, 511)
[M::mem_pestat] low and high boundaries for computing mean and std.dev: (1, 1131)
[M::mem_pestat] mean and std.dev: (326.40, 191.03)
[M::mem_pestat] low and high boundaries for proper pairs: (1, 1441)
[M::mem_pestat] analyzing insert size distribution for orientation FR...
[M::mem_pestat] (25, 50, 75) percentile: (244, 340, 384)
[M::mem_pestat] low and high boundaries for computing mean and std.dev: (1, 664)
[M::mem_pestat] mean and std.dev: (313.18, 100.71)
[M::mem_pestat] low and high boundaries for proper pairs: (1, 804)
[M::mem_pestat] analyzing insert size distribution for orientation RF...
[M::mem_pestat] (25, 50, 75) percentile: (427, 477, 556)
[M::mem_pestat] low and high boundaries for computing mean and std.dev: (169, 814)
[M::mem_pestat] mean and std.dev: (462.42, 88.39)
[M::mem_pestat] low and high boundaries for proper pairs: (40, 943)
[M::mem_pestat] analyzing insert size distribution for orientation RR...
[M::mem_pestat] (25, 50, 75) percentile: (178, 269, 388)
[M::mem_pestat] low and high boundaries for computing mean and std.dev: (1, 808)
[M::mem_pestat] mean and std.dev: (272.07, 147.66)
[M::mem_pestat] low and high boundaries for proper pairs: (1, 1018)
[M::mem_pestat] skip orientation FF
[M::mem_pestat] skip orientation RF
[M::mem_pestat] skip orientation RR
[M::mem_process_seqs] Processed 2945860 reads in 609.541 CPU sec, 156.733 real sec
[M::process] read 2945992 sequences (400000012 bp)...
[M::mem_pestat] # candidate unique pairs for (FF, FR, RF, RR): (150, 824369, 137, 175)
[M::mem_pestat] analyzing insert size distribution for orientation FF...
[M::mem_pestat] (25, 50, 75) percentile: (191, 265, 330)
[M::mem_pestat] low and high boundaries for computing mean and std.dev: (1, 608)
[M::mem_pestat] mean and std.dev: (256.48, 93.87)
[M::mem_pestat] low and high boundaries for proper pairs: (1, 747)
[M::mem_pestat] analyzing insert size distribution for orientation FR...
[M::mem_pestat] (25, 50, 75) percentile: (241, 339, 384)
[M::mem_pestat] low and high boundaries for computing mean and std.dev: (1, 670)
[M::mem_pestat] mean and std.dev: (312.10, 102.10)
[M::mem_pestat] low and high boundaries for proper pairs: (1, 813)
[M::mem_pestat] analyzing insert size distribution for orientation RF...
[M::mem_pestat] (25, 50, 75) percentile: (110, 402, 1170)
[M::mem_pestat] low and high boundaries for computing mean and std.dev: (1, 3290)
[M::mem_pestat] mean and std.dev: (489.21, 596.59)
[M::mem_pestat] low and high boundaries for proper pairs: (1, 4350)
[M::mem_pestat] analyzing insert size distribution for orientation RR...
[M::mem_pestat] (25, 50, 75) percentile: (202, 269, 425)
[M::mem_pestat] low and high boundaries for computing mean and std.dev: (1, 871)
[M::mem_pestat] mean and std.dev: (307.42, 174.41)
[M::mem_pestat] low and high boundaries for proper pairs: (1, 1094)
[M::mem_pestat] skip orientation FF
[M::mem_pestat] skip orientation RF
[M::mem_pestat] skip orientation RR
[M::mem_process_seqs] Processed 2945950 reads in 610.168 CPU sec, 156.884 real sec
[M::process] read 2945944 sequences (400000259 bp)...
[M::mem_pestat] # candidate unique pairs for (FF, FR, RF, RR): (172, 838162, 101, 193)
[M::mem_pestat] analyzing insert size distribution for orientation FF...
[M::mem_pestat] (25, 50, 75) percentile: (208, 281, 377)
[M::mem_pestat] low and high boundaries for computing mean and std.dev: (1, 715)
[M::mem_pestat] mean and std.dev: (284.89, 132.38)
[M::mem_pestat] low and high boundaries for proper pairs: (1, 884)
[M::mem_pestat] analyzing insert size distribution for orientation FR...
[M::mem_pestat] (25, 50, 75) percentile: (244, 340, 384)
[M::mem_pestat] low and high boundaries for computing mean and std.dev: (1, 664)
[M::mem_pestat] mean and std.dev: (312.95, 101.00)
[M::mem_pestat] low and high boundaries for proper pairs: (1, 804)
[M::mem_pestat] analyzing insert size distribution for orientation RF...
[M::mem_pestat] (25, 50, 75) percentile: (158, 447, 1165)
[M::mem_pestat] low and high boundaries for computing mean and std.dev: (1, 3179)
[M::mem_pestat] mean and std.dev: (665.80, 713.97)
[M::mem_pestat] low and high boundaries for proper pairs: (1, 4186)
[M::mem_pestat] analyzing insert size distribution for orientation RR...
[M::mem_pestat] (25, 50, 75) percentile: (200, 266, 381)
[M::mem_pestat] low and high boundaries for computing mean and std.dev: (1, 743)
[M::mem_pestat] mean and std.dev: (272.28, 116.16)
[M::mem_pestat] low and high boundaries for proper pairs: (1, 924)
[M::mem_pestat] skip orientation FF
[M::mem_pestat] skip orientation RF
[M::mem_pestat] skip orientation RR
[M::mem_process_seqs] Processed 2945992 reads in 608.760 CPU sec, 157.417 real sec
[M::process] read 2945944 sequences (400000063 bp)...
[M::mem_pestat] # candidate unique pairs for (FF, FR, RF, RR): (201, 836236, 124, 188)
[M::mem_pestat] analyzing insert size distribution for orientation FF...
[M::mem_pestat] (25, 50, 75) percentile: (206, 273, 378)
[M::mem_pestat] low and high boundaries for computing mean and std.dev: (1, 722)
[M::mem_pestat] mean and std.dev: (282.09, 127.06)
[M::mem_pestat] low and high boundaries for proper pairs: (1, 894)
[M::mem_pestat] analyzing insert size distribution for orientation FR...
[M::mem_pestat] (25, 50, 75) percentile: (246, 340, 384)
[M::mem_pestat] low and high boundaries for computing mean and std.dev: (1, 660)
[M::mem_pestat] mean and std.dev: (314.30, 99.84)
[M::mem_pestat] low and high boundaries for proper pairs: (1, 798)
[M::mem_pestat] analyzing insert size distribution for orientation RF...
[M::mem_pestat] (25, 50, 75) percentile: (141, 375, 486)
[M::mem_pestat] low and high boundaries for computing mean and std.dev: (1, 1176)
[M::mem_pestat] mean and std.dev: (333.21, 244.75)
[M::mem_pestat] low and high boundaries for proper pairs: (1, 1521)
[M::mem_pestat] analyzing insert size distribution for orientation RR...
[M::mem_pestat] (25, 50, 75) percentile: (198, 264, 339)
[M::mem_pestat] low and high boundaries for computing mean and std.dev: (1, 621)
[M::mem_pestat] mean and std.dev: (263.87, 101.78)
[M::mem_pestat] low and high boundaries for proper pairs: (1, 762)
[M::mem_pestat] skip orientation FF
[M::mem_pestat] skip orientation RF
[M::mem_pestat] skip orientation RR
[M::mem_process_seqs] Processed 2945944 reads in 608.780 CPU sec, 156.759 real sec
[M::process] read 2945926 sequences (400000056 bp)...
[M::mem_pestat] # candidate unique pairs for (FF, FR, RF, RR): (155, 840488, 119, 160)
[M::mem_pestat] analyzing insert size distribution for orientation FF...
[M::mem_pestat] (25, 50, 75) percentile: (214, 285, 371)
[M::mem_pestat] low and high boundaries for computing mean and std.dev: (1, 685)
[M::mem_pestat] mean and std.dev: (286.25, 131.77)
[M::mem_pestat] low and high boundaries for proper pairs: (1, 842)
[M::mem_pestat] analyzing insert size distribution for orientation FR...
[M::mem_pestat] (25, 50, 75) percentile: (246, 340, 384)
[M::mem_pestat] low and high boundaries for computing mean and std.dev: (1, 660)
[M::mem_pestat] mean and std.dev: (313.71, 100.18)
[M::mem_pestat] low and high boundaries for proper pairs: (1, 798)
[M::mem_pestat] analyzing insert size distribution for orientation RF...
[M::mem_pestat] (25, 50, 75) percentile: (321, 486, 1535)
[M::mem_pestat] low and high boundaries for computing mean and std.dev: (1, 3963)
[M::mem_pestat] mean and std.dev: (717.48, 767.08)
[M::mem_pestat] low and high boundaries for proper pairs: (1, 5177)
[M::mem_pestat] analyzing insert size distribution for orientation RR...
[M::mem_pestat] (25, 50, 75) percentile: (201, 269, 370)
[M::mem_pestat] low and high boundaries for computing mean and std.dev: (1, 708)
[M::mem_pestat] mean and std.dev: (272.62, 123.86)
[M::mem_pestat] low and high boundaries for proper pairs: (1, 877)
[M::mem_pestat] skip orientation FF
[M::mem_pestat] skip orientation RF
[M::mem_pestat] skip orientation RR
[M::mem_process_seqs] Processed 2945944 reads in 611.922 CPU sec, 157.270 real sec
[M::process] read 2945908 sequences (400000092 bp)...
[M::mem_pestat] # candidate unique pairs for (FF, FR, RF, RR): (184, 834689, 186, 196)
[M::mem_pestat] analyzing insert size distribution for orientation FF...
[M::mem_pestat] (25, 50, 75) percentile: (212, 273, 394)
[M::mem_pestat] low and high boundaries for computing mean and std.dev: (1, 758)
[M::mem_pestat] mean and std.dev: (278.49, 136.22)
[M::mem_pestat] low and high boundaries for proper pairs: (1, 940)
[M::mem_pestat] analyzing insert size distribution for orientation FR...
[M::mem_pestat] (25, 50, 75) percentile: (246, 340, 384)
[M::mem_pestat] low and high boundaries for computing mean and std.dev: (1, 660)
[M::mem_pestat] mean and std.dev: (313.82, 99.94)
[M::mem_pestat] low and high boundaries for proper pairs: (1, 798)
[M::mem_pestat] analyzing insert size distribution for orientation RF...
[M::mem_pestat] (25, 50, 75) percentile: (65, 167, 588)
[M::mem_pestat] low and high boundaries for computing mean and std.dev: (1, 1634)
[M::mem_pestat] mean and std.dev: (260.47, 321.02)
[M::mem_pestat] low and high boundaries for proper pairs: (1, 2157)
[M::mem_pestat] analyzing insert size distribution for orientation RR...
[M::mem_pestat] (25, 50, 75) percentile: (179, 267, 339)
[M::mem_pestat] low and high boundaries for computing mean and std.dev: (1, 659)
[M::mem_pestat] mean and std.dev: (257.31, 111.67)
[M::mem_pestat] low and high boundaries for proper pairs: (1, 819)
[M::mem_pestat] skip orientation FF
[M::mem_pestat] skip orientation RF
[M::mem_pestat] skip orientation RR
[M::mem_process_seqs] Processed 2945926 reads in 613.191 CPU sec, 158.260 real sec
[M::process] read 2945942 sequences (400000004 bp)...
[M::mem_pestat] # candidate unique pairs for (FF, FR, RF, RR): (197, 842735, 87, 194)
[M::mem_pestat] analyzing insert size distribution for orientation FF...
[M::mem_pestat] (25, 50, 75) percentile: (203, 264, 330)
[M::mem_pestat] low and high boundaries for computing mean and std.dev: (1, 584)
[M::mem_pestat] mean and std.dev: (261.40, 98.42)
[M::mem_pestat] low and high boundaries for proper pairs: (1, 711)
[M::mem_pestat] analyzing insert size distribution for orientation FR...
[M::mem_pestat] (25, 50, 75) percentile: (247, 340, 384)
[M::mem_pestat] low and high boundaries for computing mean and std.dev: (1, 658)
[M::mem_pestat] mean and std.dev: (314.38, 99.58)
[M::mem_pestat] low and high boundaries for proper pairs: (1, 795)
[M::mem_pestat] analyzing insert size distribution for orientation RF...
[M::mem_pestat] (25, 50, 75) percentile: (162, 395, 1577)
[M::mem_pestat] low and high boundaries for computing mean and std.dev: (1, 4407)
[M::mem_pestat] mean and std.dev: (604.11, 819.87)
[M::mem_pestat] low and high boundaries for proper pairs: (1, 5822)
[M::mem_pestat] analyzing insert size distribution for orientation RR...
[M::mem_pestat] (25, 50, 75) percentile: (216, 282, 405)
[M::mem_pestat] low and high boundaries for computing mean and std.dev: (1, 783)
[M::mem_pestat] mean and std.dev: (287.41, 140.85)
[M::mem_pestat] low and high boundaries for proper pairs: (1, 972)
[M::mem_pestat] skip orientation FF
[M::mem_pestat] skip orientation RF
[M::mem_pestat] skip orientation RR
[M::mem_process_seqs] Processed 2945908 reads in 609.915 CPU sec, 157.353 real sec
[M::process] read 2945936 sequences (400000155 bp)...
[M::mem_pestat] # candidate unique pairs for (FF, FR, RF, RR): (172, 830095, 107, 196)
[M::mem_pestat] analyzing insert size distribution for orientation FF...
[M::mem_pestat] (25, 50, 75) percentile: (171, 242, 284)
[M::mem_pestat] low and high boundaries for computing mean and std.dev: (1, 510)
[M::mem_pestat] mean and std.dev: (222.84, 85.13)
[M::mem_pestat] low and high boundaries for proper pairs: (1, 623)
[M::mem_pestat] analyzing insert size distribution for orientation FR...
[M::mem_pestat] (25, 50, 75) percentile: (246, 340, 384)
[M::mem_pestat] low and high boundaries for computing mean and std.dev: (1, 660)
[M::mem_pestat] mean and std.dev: (313.95, 99.80)
[M::mem_pestat] low and high boundaries for proper pairs: (1, 798)
[M::mem_pestat] analyzing insert size distribution for orientation RF...
[M::mem_pestat] (25, 50, 75) percentile: (100, 351, 997)
[M::mem_pestat] low and high boundaries for computing mean and std.dev: (1, 2791)
[M::mem_pestat] mean and std.dev: (363.91, 375.35)
[M::mem_pestat] low and high boundaries for proper pairs: (1, 3688)
[M::mem_pestat] analyzing insert size distribution for orientation RR...
[M::mem_pestat] (25, 50, 75) percentile: (216, 275, 413)
[M::mem_pestat] low and high boundaries for computing mean and std.dev: (1, 807)
[M::mem_pestat] mean and std.dev: (296.92, 143.79)
[M::mem_pestat] low and high boundaries for proper pairs: (1, 1004)
[M::mem_pestat] skip orientation FF
[M::mem_pestat] skip orientation RF
[M::mem_pestat] skip orientation RR
[M::mem_process_seqs] Processed 2945942 reads in 612.843 CPU sec, 157.783 real sec
[M::process] read 2945892 sequences (400000104 bp)...
[M::mem_pestat] # candidate unique pairs for (FF, FR, RF, RR): (190, 845053, 91, 192)
[M::mem_pestat] analyzing insert size distribution for orientation FF...
[M::mem_pestat] (25, 50, 75) percentile: (205, 270, 352)
[M::mem_pestat] low and high boundaries for computing mean and std.dev: (1, 646)
[M::mem_pestat] mean and std.dev: (259.30, 107.28)
[M::mem_pestat] low and high boundaries for proper pairs: (1, 793)
[M::mem_pestat] analyzing insert size distribution for orientation FR...
[M::mem_pestat] (25, 50, 75) percentile: (246, 340, 384)
[M::mem_pestat] low and high boundaries for computing mean and std.dev: (1, 660)
[M::mem_pestat] mean and std.dev: (314.17, 99.96)
[M::mem_pestat] low and high boundaries for proper pairs: (1, 798)
[M::mem_pestat] analyzing insert size distribution for orientation RF...
[M::mem_pestat] (25, 50, 75) percentile: (212, 432, 1401)
[M::mem_pestat] low and high boundaries for computing mean and std.dev: (1, 3779)
[M::mem_pestat] mean and std.dev: (842.13, 1073.83)
[M::mem_pestat] low and high boundaries for proper pairs: (1, 5137)
[M::mem_pestat] analyzing insert size distribution for orientation RR...
[M::mem_pestat] (25, 50, 75) percentile: (192, 264, 366)
[M::mem_pestat] low and high boundaries for computing mean and std.dev: (1, 714)
[M::mem_pestat] mean and std.dev: (267.49, 129.23)
[M::mem_pestat] low and high boundaries for proper pairs: (1, 888)
[M::mem_pestat] skip orientation FF
[M::mem_pestat] skip orientation RF
[M::mem_pestat] skip orientation RR
[M::mem_process_seqs] Processed 2945936 reads in 604.802 CPU sec, 155.575 real sec
[M::process] read 2945950 sequences (400000185 bp)...
[M::mem_pestat] # candidate unique pairs for (FF, FR, RF, RR): (191, 833528, 185, 161)
[M::mem_pestat] analyzing insert size distribution for orientation FF...
[M::mem_pestat] (25, 50, 75) percentile: (205, 284, 383)
[M::mem_pestat] low and high boundaries for computing mean and std.dev: (1, 739)
[M::mem_pestat] mean and std.dev: (268.90, 120.44)
[M::mem_pestat] low and high boundaries for proper pairs: (1, 917)
[M::mem_pestat] analyzing insert size distribution for orientation FR...
[M::mem_pestat] (25, 50, 75) percentile: (247, 340, 384)
[M::mem_pestat] low and high boundaries for computing mean and std.dev: (1, 658)
[M::mem_pestat] mean and std.dev: (314.26, 99.42)
[M::mem_pestat] low and high boundaries for proper pairs: (1, 795)
[M::mem_pestat] analyzing insert size distribution for orientation RF...
[M::mem_pestat] (25, 50, 75) percentile: (129, 404, 2398)
[M::mem_pestat] low and high boundaries for computing mean and std.dev: (1, 6936)
[M::mem_pestat] mean and std.dev: (1337.03, 1823.71)
[M::mem_pestat] low and high boundaries for proper pairs: (1, 9205)
[M::mem_pestat] analyzing insert size distribution for orientation RR...
[M::mem_pestat] (25, 50, 75) percentile: (196, 274, 367)
[M::mem_pestat] low and high boundaries for computing mean and std.dev: (1, 709)
[M::mem_pestat] mean and std.dev: (269.70, 124.76)
[M::mem_pestat] low and high boundaries for proper pairs: (1, 880)
[M::mem_pestat] skip orientation FF
[M::mem_pestat] skip orientation RF
[M::mem_pestat] skip orientation RR
[M::mem_process_seqs] Processed 2945892 reads in 619.826 CPU sec, 159.253 real sec
[M::process] read 2945962 sequences (400000145 bp)...
[M::mem_pestat] # candidate unique pairs for (FF, FR, RF, RR): (192, 837221, 118, 145)
[M::mem_pestat] analyzing insert size distribution for orientation FF...
[M::mem_pestat] (25, 50, 75) percentile: (187, 258, 324)
[M::mem_pestat] low and high boundaries for computing mean and std.dev: (1, 598)
[M::mem_pestat] mean and std.dev: (256.20, 108.55)
[M::mem_pestat] low and high boundaries for proper pairs: (1, 735)
[M::mem_pestat] analyzing insert size distribution for orientation FR...
[M::mem_pestat] (25, 50, 75) percentile: (245, 340, 384)
[M::mem_pestat] low and high boundaries for computing mean and std.dev: (1, 662)
[M::mem_pestat] mean and std.dev: (313.81, 100.21)
[M::mem_pestat] low and high boundaries for proper pairs: (1, 801)
[M::mem_pestat] analyzing insert size distribution for orientation RF...
[M::mem_pestat] (25, 50, 75) percentile: (109, 395, 1085)
[M::mem_pestat] low and high boundaries for computing mean and std.dev: (1, 3037)
[M::mem_pestat] mean and std.dev: (460.64, 476.71)
[M::mem_pestat] low and high boundaries for proper pairs: (1, 4013)
[M::mem_pestat] analyzing insert size distribution for orientation RR...
[M::mem_pestat] (25, 50, 75) percentile: (202, 259, 350)
[M::mem_pestat] low and high boundaries for computing mean and std.dev: (1, 646)
[M::mem_pestat] mean and std.dev: (268.41, 112.29)
[M::mem_pestat] low and high boundaries for proper pairs: (1, 794)
[M::mem_pestat] skip orientation FF
[M::mem_pestat] skip orientation RF
[M::mem_pestat] skip orientation RR
[M::mem_process_seqs] Processed 2945950 reads in 607.005 CPU sec, 156.337 real sec
[M::process] read 2945892 sequences (400000098 bp)...
[M::mem_pestat] # candidate unique pairs for (FF, FR, RF, RR): (197, 840861, 205, 151)
[M::mem_pestat] analyzing insert size distribution for orientation FF...
[M::mem_pestat] (25, 50, 75) percentile: (193, 268, 356)
[M::mem_pestat] low and high boundaries for computing mean and std.dev: (1, 682)
[M::mem_pestat] mean and std.dev: (264.09, 116.96)
[M::mem_pestat] low and high boundaries for proper pairs: (1, 845)
[M::mem_pestat] analyzing insert size distribution for orientation FR...
[M::mem_pestat] (25, 50, 75) percentile: (243, 340, 384)
[M::mem_pestat] low and high boundaries for computing mean and std.dev: (1, 666)
[M::mem_pestat] mean and std.dev: (313.12, 101.16)
[M::mem_pestat] low and high boundaries for proper pairs: (1, 807)
[M::mem_pestat] analyzing insert size distribution for orientation RF...
[M::mem_pestat] (25, 50, 75) percentile: (110, 178, 512)
[M::mem_pestat] low and high boundaries for computing mean and std.dev: (1, 1316)
[M::mem_pestat] mean and std.dev: (223.99, 219.80)
[M::mem_pestat] low and high boundaries for proper pairs: (1, 1718)
[M::mem_pestat] analyzing insert size distribution for orientation RR...
[M::mem_pestat] (25, 50, 75) percentile: (189, 253, 343)
[M::mem_pestat] low and high boundaries for computing mean and std.dev: (1, 651)
[M::mem_pestat] mean and std.dev: (249.87, 93.72)
[M::mem_pestat] low and high boundaries for proper pairs: (1, 805)
[M::mem_pestat] skip orientation FF
[M::mem_pestat] skip orientation RF
[M::mem_pestat] skip orientation RR
[M::mem_process_seqs] Processed 2945962 reads in 607.402 CPU sec, 156.201 real sec
[M::process] read 2945930 sequences (400000165 bp)...
[M::mem_pestat] # candidate unique pairs for (FF, FR, RF, RR): (194, 841893, 111, 242)
[M::mem_pestat] analyzing insert size distribution for orientation FF...
[M::mem_pestat] (25, 50, 75) percentile: (195, 273, 348)
[M::mem_pestat] low and high boundaries for computing mean and std.dev: (1, 654)
[M::mem_pestat] mean and std.dev: (255.44, 103.11)
[M::mem_pestat] low and high boundaries for proper pairs: (1, 807)
[M::mem_pestat] analyzing insert size distribution for orientation FR...
[M::mem_pestat] (25, 50, 75) percentile: (247, 340, 384)
[M::mem_pestat] low and high boundaries for computing mean and std.dev: (1, 658)
[M::mem_pestat] mean and std.dev: (314.42, 99.37)
[M::mem_pestat] low and high boundaries for proper pairs: (1, 795)
[M::mem_pestat] analyzing insert size distribution for orientation RF...
[M::mem_pestat] (25, 50, 75) percentile: (170, 389, 1135)
[M::mem_pestat] low and high boundaries for computing mean and std.dev: (1, 3065)
[M::mem_pestat] mean and std.dev: (527.05, 620.80)
[M::mem_pestat] low and high boundaries for proper pairs: (1, 4030)
[M::mem_pestat] analyzing insert size distribution for orientation RR...
[M::mem_pestat] (25, 50, 75) percentile: (213, 291, 494)
[M::mem_pestat] low and high boundaries for computing mean and std.dev: (1, 1056)
[M::mem_pestat] mean and std.dev: (335.33, 186.00)
[M::mem_pestat] low and high boundaries for proper pairs: (1, 1337)
[M::mem_pestat] skip orientation FF
[M::mem_pestat] skip orientation RF
[M::mem_pestat] skip orientation RR
[M::mem_process_seqs] Processed 2945892 reads in 611.337 CPU sec, 157.299 real sec
[M::process] read 2945962 sequences (400000054 bp)...
[M::mem_pestat] # candidate unique pairs for (FF, FR, RF, RR): (209, 832041, 126, 168)
[M::mem_pestat] analyzing insert size distribution for orientation FF...
[M::mem_pestat] (25, 50, 75) percentile: (205, 245, 329)
[M::mem_pestat] low and high boundaries for computing mean and std.dev: (1, 577)
[M::mem_pestat] mean and std.dev: (243.94, 88.59)
[M::mem_pestat] low and high boundaries for proper pairs: (1, 701)
[M::mem_pestat] analyzing insert size distribution for orientation FR...
[M::mem_pestat] (25, 50, 75) percentile: (247, 340, 384)
[M::mem_pestat] low and high boundaries for computing mean and std.dev: (1, 658)
[M::mem_pestat] mean and std.dev: (314.24, 99.68)
[M::mem_pestat] low and high boundaries for proper pairs: (1, 795)
[M::mem_pestat] analyzing insert size distribution for orientation RF...
[M::mem_pestat] (25, 50, 75) percentile: (83, 248, 509)
[M::mem_pestat] low and high boundaries for computing mean and std.dev: (1, 1361)
[M::mem_pestat] mean and std.dev: (279.66, 282.27)
[M::mem_pestat] low and high boundaries for proper pairs: (1, 1787)
[M::mem_pestat] analyzing insert size distribution for orientation RR...
[M::mem_pestat] (25, 50, 75) percentile: (211, 279, 438)
[M::mem_pestat] low and high boundaries for computing mean and std.dev: (1, 892)
[M::mem_pestat] mean and std.dev: (307.12, 164.61)
[M::mem_pestat] low and high boundaries for proper pairs: (1, 1119)
[M::mem_pestat] skip orientation FF
[M::mem_pestat] skip orientation RF
[M::mem_pestat] skip orientation RR
[M::mem_process_seqs] Processed 2945930 reads in 602.842 CPU sec, 155.039 real sec
[M::process] read 2945908 sequences (400000156 bp)...
[M::mem_pestat] # candidate unique pairs for (FF, FR, RF, RR): (175, 837365, 130, 209)
[M::mem_pestat] analyzing insert size distribution for orientation FF...
[M::mem_pestat] (25, 50, 75) percentile: (208, 274, 402)
[M::mem_pestat] low and high boundaries for computing mean and std.dev: (1, 790)
[M::mem_pestat] mean and std.dev: (281.24, 128.18)
[M::mem_pestat] low and high boundaries for proper pairs: (1, 984)
[M::mem_pestat] analyzing insert size distribution for orientation FR...
[M::mem_pestat] (25, 50, 75) percentile: (241, 339, 384)
[M::mem_pestat] low and high boundaries for computing mean and std.dev: (1, 670)
[M::mem_pestat] mean and std.dev: (311.87, 102.73)
[M::mem_pestat] low and high boundaries for proper pairs: (1, 813)
[M::mem_pestat] analyzing insert size distribution for orientation RF...
[M::mem_pestat] (25, 50, 75) percentile: (140, 394, 1027)
[M::mem_pestat] low and high boundaries for computing mean and std.dev: (1, 2801)
[M::mem_pestat] mean and std.dev: (511.03, 571.37)
[M::mem_pestat] low and high boundaries for proper pairs: (1, 3688)
[M::mem_pestat] analyzing insert size distribution for orientation RR...
[M::mem_pestat] (25, 50, 75) percentile: (197, 264, 386)
[M::mem_pestat] low and high boundaries for computing mean and std.dev: (1, 764)
[M::mem_pestat] mean and std.dev: (280.41, 152.34)
[M::mem_pestat] low and high boundaries for proper pairs: (1, 953)
[M::mem_pestat] skip orientation FF
[M::mem_pestat] skip orientation RF
[M::mem_pestat] skip orientation RR
[M::mem_process_seqs] Processed 2945962 reads in 612.458 CPU sec, 157.426 real sec
[M::process] read 2945924 sequences (400000250 bp)...
[M::mem_pestat] # candidate unique pairs for (FF, FR, RF, RR): (211, 834724, 145, 141)
[M::mem_pestat] analyzing insert size distribution for orientation FF...
[M::mem_pestat] (25, 50, 75) percentile: (194, 284, 437)
[M::mem_pestat] low and high boundaries for computing mean and std.dev: (1, 923)
[M::mem_pestat] mean and std.dev: (312.85, 172.16)
[M::mem_pestat] low and high boundaries for proper pairs: (1, 1166)
[M::mem_pestat] analyzing insert size distribution for orientation FR...
[M::mem_pestat] (25, 50, 75) percentile: (245, 340, 384)
[M::mem_pestat] low and high boundaries for computing mean and std.dev: (1, 662)
[M::mem_pestat] mean and std.dev: (313.79, 100.24)
[M::mem_pestat] low and high boundaries for proper pairs: (1, 801)
[M::mem_pestat] analyzing insert size distribution for orientation RF...
[M::mem_pestat] (25, 50, 75) percentile: (107, 323, 573)
[M::mem_pestat] low and high boundaries for computing mean and std.dev: (1, 1505)
[M::mem_pestat] mean and std.dev: (328.90, 317.88)
[M::mem_pestat] low and high boundaries for proper pairs: (1, 1971)
[M::mem_pestat] analyzing insert size distribution for orientation RR...
[M::mem_pestat] (25, 50, 75) percentile: (181, 264, 352)
[M::mem_pestat] low and high boundaries for computing mean and std.dev: (1, 694)
[M::mem_pestat] mean and std.dev: (269.16, 124.42)
[M::mem_pestat] low and high boundaries for proper pairs: (1, 865)
[M::mem_pestat] skip orientation FF
[M::mem_pestat] skip orientation RF
[M::mem_pestat] skip orientation RR
[M::mem_process_seqs] Processed 2945908 reads in 611.837 CPU sec, 157.460 real sec
[M::process] read 2945932 sequences (400000146 bp)...
[M::mem_pestat] # candidate unique pairs for (FF, FR, RF, RR): (173, 838070, 176, 193)
[M::mem_pestat] analyzing insert size distribution for orientation FF...
[M::mem_pestat] (25, 50, 75) percentile: (199, 268, 367)
[M::mem_pestat] low and high boundaries for computing mean and std.dev: (1, 703)
[M::mem_pestat] mean and std.dev: (278.12, 125.12)
[M::mem_pestat] low and high boundaries for proper pairs: (1, 871)
[M::mem_pestat] analyzing insert size distribution for orientation FR...
[M::mem_pestat] (25, 50, 75) percentile: (247, 340, 384)
[M::mem_pestat] low and high boundaries for computing mean and std.dev: (1, 658)
[M::mem_pestat] mean and std.dev: (314.26, 99.62)
[M::mem_pestat] low and high boundaries for proper pairs: (1, 795)
[M::mem_pestat] analyzing insert size distribution for orientation RF...
[M::mem_pestat] (25, 50, 75) percentile: (149, 219, 554)
[M::mem_pestat] low and high boundaries for computing mean and std.dev: (1, 1364)
[M::mem_pestat] mean and std.dev: (258.39, 219.03)
[M::mem_pestat] low and high boundaries for proper pairs: (1, 1769)
[M::mem_pestat] analyzing insert size distribution for orientation RR...
[M::mem_pestat] (25, 50, 75) percentile: (202, 277, 368)
[M::mem_pestat] low and high boundaries for computing mean and std.dev: (1, 700)
[M::mem_pestat] mean and std.dev: (278.01, 125.22)
[M::mem_pestat] low and high boundaries for proper pairs: (1, 866)
[M::mem_pestat] skip orientation FF
[M::mem_pestat] skip orientation RF
[M::mem_pestat] skip orientation RR
[M::mem_process_seqs] Processed 2945924 reads in 608.760 CPU sec, 156.458 real sec
[M::process] read 2945972 sequences (400000242 bp)...
[M::mem_pestat] # candidate unique pairs for (FF, FR, RF, RR): (202, 840408, 224, 173)
[M::mem_pestat] analyzing insert size distribution for orientation FF...
[M::mem_pestat] (25, 50, 75) percentile: (204, 275, 508)
[M::mem_pestat] low and high boundaries for computing mean and std.dev: (1, 1116)
[M::mem_pestat] mean and std.dev: (329.51, 189.20)
[M::mem_pestat] low and high boundaries for proper pairs: (1, 1420)
[M::mem_pestat] analyzing insert size distribution for orientation FR...
[M::mem_pestat] (25, 50, 75) percentile: (247, 340, 384)
[M::mem_pestat] low and high boundaries for computing mean and std.dev: (1, 658)
[M::mem_pestat] mean and std.dev: (314.31, 99.72)
[M::mem_pestat] low and high boundaries for proper pairs: (1, 795)
[M::mem_pestat] analyzing insert size distribution for orientation RF...
[M::mem_pestat] (25, 50, 75) percentile: (226, 386, 498)
[M::mem_pestat] low and high boundaries for computing mean and std.dev: (1, 1042)
[M::mem_pestat] mean and std.dev: (337.79, 168.56)
[M::mem_pestat] low and high boundaries for proper pairs: (1, 1314)
[M::mem_pestat] analyzing insert size distribution for orientation RR...
[M::mem_pestat] (25, 50, 75) percentile: (200, 263, 327)
[M::mem_pestat] low and high boundaries for computing mean and std.dev: (1, 581)
[M::mem_pestat] mean and std.dev: (253.57, 94.92)
[M::mem_pestat] low and high boundaries for proper pairs: (1, 708)
[M::mem_pestat] skip orientation FF
[M::mem_pestat] skip orientation RF
[M::mem_pestat] skip orientation RR
[M::mem_process_seqs] Processed 2945932 reads in 612.822 CPU sec, 157.514 real sec
[M::process] read 2945948 sequences (400000106 bp)...
[M::mem_pestat] # candidate unique pairs for (FF, FR, RF, RR): (213, 837377, 153, 170)
[M::mem_pestat] analyzing insert size distribution for orientation FF...
[M::mem_pestat] (25, 50, 75) percentile: (200, 280, 360)
[M::mem_pestat] low and high boundaries for computing mean and std.dev: (1, 680)
[M::mem_pestat] mean and std.dev: (271.62, 118.00)
[M::mem_pestat] low and high boundaries for proper pairs: (1, 840)
[M::mem_pestat] analyzing insert size distribution for orientation FR...
[M::mem_pestat] (25, 50, 75) percentile: (246, 340, 384)
[M::mem_pestat] low and high boundaries for computing mean and std.dev: (1, 660)
[M::mem_pestat] mean and std.dev: (313.93, 99.97)
[M::mem_pestat] low and high boundaries for proper pairs: (1, 798)
[M::mem_pestat] analyzing insert size distribution for orientation RF...
[M::mem_pestat] (25, 50, 75) percentile: (214, 392, 530)
[M::mem_pestat] low and high boundaries for computing mean and std.dev: (1, 1162)
[M::mem_pestat] mean and std.dev: (313.15, 202.01)
[M::mem_pestat] low and high boundaries for proper pairs: (1, 1478)
[M::mem_pestat] analyzing insert size distribution for orientation RR...
[M::mem_pestat] (25, 50, 75) percentile: (183, 271, 402)
[M::mem_pestat] low and high boundaries for computing mean and std.dev: (1, 840)
[M::mem_pestat] mean and std.dev: (276.95, 147.74)
[M::mem_pestat] low and high boundaries for proper pairs: (1, 1059)
[M::mem_pestat] skip orientation FF
[M::mem_pestat] skip orientation RF
[M::mem_pestat] skip orientation RR
[M::mem_process_seqs] Processed 2945972 reads in 615.042 CPU sec, 158.080 real sec
[M::process] read 2945794 sequences (400000247 bp)...
[M::mem_pestat] # candidate unique pairs for (FF, FR, RF, RR): (156, 839264, 244, 175)
[M::mem_pestat] analyzing insert size distribution for orientation FF...
[M::mem_pestat] (25, 50, 75) percentile: (184, 262, 319)
[M::mem_pestat] low and high boundaries for computing mean and std.dev: (1, 589)
[M::mem_pestat] mean and std.dev: (250.32, 108.10)
[M::mem_pestat] low and high boundaries for proper pairs: (1, 724)
[M::mem_pestat] analyzing insert size distribution for orientation FR...
[M::mem_pestat] (25, 50, 75) percentile: (245, 340, 384)
[M::mem_pestat] low and high boundaries for computing mean and std.dev: (1, 662)
[M::mem_pestat] mean and std.dev: (313.81, 99.99)
[M::mem_pestat] low and high boundaries for proper pairs: (1, 801)
[M::mem_pestat] analyzing insert size distribution for orientation RF...
[M::mem_pestat] (25, 50, 75) percentile: (170, 247, 434)
[M::mem_pestat] low and high boundaries for computing mean and std.dev: (1, 962)
[M::mem_pestat] mean and std.dev: (245.07, 135.35)
[M::mem_pestat] low and high boundaries for proper pairs: (1, 1226)
[M::mem_pestat] analyzing insert size distribution for orientation RR...
[M::mem_pestat] (25, 50, 75) percentile: (205, 274, 358)
[M::mem_pestat] low and high boundaries for computing mean and std.dev: (1, 664)
[M::mem_pestat] mean and std.dev: (271.30, 115.45)
[M::mem_pestat] low and high boundaries for proper pairs: (1, 817)
[M::mem_pestat] skip orientation FF
[M::mem_pestat] skip orientation RF
[M::mem_pestat] skip orientation RR
[M::mem_process_seqs] Processed 2945948 reads in 603.306 CPU sec, 155.185 real sec
[M::process] read 2945968 sequences (400000147 bp)...
[M::mem_pestat] # candidate unique pairs for (FF, FR, RF, RR): (169, 806202, 225, 181)
[M::mem_pestat] analyzing insert size distribution for orientation FF...
[M::mem_pestat] (25, 50, 75) percentile: (183, 256, 334)
[M::mem_pestat] low and high boundaries for computing mean and std.dev: (1, 636)
[M::mem_pestat] mean and std.dev: (244.39, 100.35)
[M::mem_pestat] low and high boundaries for proper pairs: (1, 787)
[M::mem_pestat] analyzing insert size distribution for orientation FR...
[M::mem_pestat] (25, 50, 75) percentile: (244, 340, 384)
[M::mem_pestat] low and high boundaries for computing mean and std.dev: (1, 664)
[M::mem_pestat] mean and std.dev: (313.37, 100.49)
[M::mem_pestat] low and high boundaries for proper pairs: (1, 804)
[M::mem_pestat] analyzing insert size distribution for orientation RF...
[M::mem_pestat] (25, 50, 75) percentile: (89, 158, 360)
[M::mem_pestat] low and high boundaries for computing mean and std.dev: (1, 902)
[M::mem_pestat] mean and std.dev: (168.09, 133.92)
[M::mem_pestat] low and high boundaries for proper pairs: (1, 1173)
[M::mem_pestat] analyzing insert size distribution for orientation RR...
[M::mem_pestat] (25, 50, 75) percentile: (197, 279, 376)
[M::mem_pestat] low and high boundaries for computing mean and std.dev: (1, 734)
[M::mem_pestat] mean and std.dev: (282.16, 127.18)
[M::mem_pestat] low and high boundaries for proper pairs: (1, 913)
[M::mem_pestat] skip orientation FF
[M::mem_pestat] skip orientation RF
[M::mem_pestat] skip orientation RR
[M::mem_process_seqs] Processed 2945794 reads in 605.045 CPU sec, 155.632 real sec
[M::process] read 2945962 sequences (400000203 bp)...
[M::mem_pestat] # candidate unique pairs for (FF, FR, RF, RR): (152, 839337, 180, 176)
[M::mem_pestat] analyzing insert size distribution for orientation FF...
[M::mem_pestat] (25, 50, 75) percentile: (219, 276, 342)
[M::mem_pestat] low and high boundaries for computing mean and std.dev: (1, 588)
[M::mem_pestat] mean and std.dev: (272.47, 94.60)
[M::mem_pestat] low and high boundaries for proper pairs: (1, 711)
[M::mem_pestat] analyzing insert size distribution for orientation FR...
[M::mem_pestat] (25, 50, 75) percentile: (241, 339, 384)
[M::mem_pestat] low and high boundaries for computing mean and std.dev: (1, 670)
[M::mem_pestat] mean and std.dev: (311.78, 102.77)
[M::mem_pestat] low and high boundaries for proper pairs: (1, 813)
[M::mem_pestat] analyzing insert size distribution for orientation RF...
[M::mem_pestat] (25, 50, 75) percentile: (276, 478, 592)
[M::mem_pestat] low and high boundaries for computing mean and std.dev: (1, 1224)
[M::mem_pestat] mean and std.dev: (389.56, 230.59)
[M::mem_pestat] low and high boundaries for proper pairs: (1, 1540)
[M::mem_pestat] analyzing insert size distribution for orientation RR...
[M::mem_pestat] (25, 50, 75) percentile: (199, 280, 365)
[M::mem_pestat] low and high boundaries for computing mean and std.dev: (1, 697)
[M::mem_pestat] mean and std.dev: (272.48, 127.57)
[M::mem_pestat] low and high boundaries for proper pairs: (1, 863)
[M::mem_pestat] skip orientation FF
[M::mem_pestat] skip orientation RF
[M::mem_pestat] skip orientation RR
[M::mem_process_seqs] Processed 2945968 reads in 609.060 CPU sec, 156.794 real sec
[M::process] read 2945968 sequences (400000265 bp)...
[M::mem_pestat] # candidate unique pairs for (FF, FR, RF, RR): (178, 834692, 138, 159)
[M::mem_pestat] analyzing insert size distribution for orientation FF...
[M::mem_pestat] (25, 50, 75) percentile: (216, 281, 343)
[M::mem_pestat] low and high boundaries for computing mean and std.dev: (1, 597)
[M::mem_pestat] mean and std.dev: (273.55, 100.49)
[M::mem_pestat] low and high boundaries for proper pairs: (1, 724)
[M::mem_pestat] analyzing insert size distribution for orientation FR...
[M::mem_pestat] (25, 50, 75) percentile: (247, 340, 384)
[M::mem_pestat] low and high boundaries for computing mean and std.dev: (1, 658)
[M::mem_pestat] mean and std.dev: (314.22, 99.74)
[M::mem_pestat] low and high boundaries for proper pairs: (1, 795)
[M::mem_pestat] analyzing insert size distribution for orientation RF...
[M::mem_pestat] (25, 50, 75) percentile: (159, 331, 1299)
[M::mem_pestat] low and high boundaries for computing mean and std.dev: (1, 3579)
[M::mem_pestat] mean and std.dev: (741.07, 973.34)
[M::mem_pestat] low and high boundaries for proper pairs: (1, 4719)
[M::mem_pestat] analyzing insert size distribution for orientation RR...
[M::mem_pestat] (25, 50, 75) percentile: (195, 272, 357)
[M::mem_pestat] low and high boundaries for computing mean and std.dev: (1, 681)
[M::mem_pestat] mean and std.dev: (268.49, 125.23)
[M::mem_pestat] low and high boundaries for proper pairs: (1, 843)
[M::mem_pestat] skip orientation FF
[M::mem_pestat] skip orientation RF
[M::mem_pestat] skip orientation RR
[M::mem_process_seqs] Processed 2945962 reads in 606.503 CPU sec, 155.929 real sec
[M::process] read 2945924 sequences (400000174 bp)...
[M::mem_pestat] # candidate unique pairs for (FF, FR, RF, RR): (199, 839825, 187, 162)
[M::mem_pestat] analyzing insert size distribution for orientation FF...
[M::mem_pestat] (25, 50, 75) percentile: (202, 275, 363)
[M::mem_pestat] low and high boundaries for computing mean and std.dev: (1, 685)
[M::mem_pestat] mean and std.dev: (271.07, 124.01)
[M::mem_pestat] low and high boundaries for proper pairs: (1, 846)
[M::mem_pestat] analyzing insert size distribution for orientation FR...
[M::mem_pestat] (25, 50, 75) percentile: (246, 340, 384)
[M::mem_pestat] low and high boundaries for computing mean and std.dev: (1, 660)
[M::mem_pestat] mean and std.dev: (314.15, 99.75)
[M::mem_pestat] low and high boundaries for proper pairs: (1, 798)
[M::mem_pestat] analyzing insert size distribution for orientation RF...
[M::mem_pestat] (25, 50, 75) percentile: (250, 400, 892)
[M::mem_pestat] low and high boundaries for computing mean and std.dev: (1, 2176)
[M::mem_pestat] mean and std.dev: (426.38, 322.13)
[M::mem_pestat] low and high boundaries for proper pairs: (1, 2818)
[M::mem_pestat] analyzing insert size distribution for orientation RR...
[M::mem_pestat] (25, 50, 75) percentile: (206, 274, 359)
[M::mem_pestat] low and high boundaries for computing mean and std.dev: (1, 665)
[M::mem_pestat] mean and std.dev: (273.20, 114.28)
[M::mem_pestat] low and high boundaries for proper pairs: (1, 818)
[M::mem_pestat] skip orientation FF
[M::mem_pestat] skip orientation RF
[M::mem_pestat] skip orientation RR
[M::mem_process_seqs] Processed 2945968 reads in 613.823 CPU sec, 157.812 real sec
[M::process] read 2945902 sequences (400000196 bp)...
[M::mem_pestat] # candidate unique pairs for (FF, FR, RF, RR): (199, 838442, 108, 183)
[M::mem_pestat] analyzing insert size distribution for orientation FF...
[M::mem_pestat] (25, 50, 75) percentile: (213, 295, 386)
[M::mem_pestat] low and high boundaries for computing mean and std.dev: (1, 732)
[M::mem_pestat] mean and std.dev: (284.35, 122.38)
[M::mem_pestat] low and high boundaries for proper pairs: (1, 905)
[M::mem_pestat] analyzing insert size distribution for orientation FR...
[M::mem_pestat] (25, 50, 75) percentile: (247, 340, 384)
[M::mem_pestat] low and high boundaries for computing mean and std.dev: (1, 658)
[M::mem_pestat] mean and std.dev: (314.47, 99.40)
[M::mem_pestat] low and high boundaries for proper pairs: (1, 795)
[M::mem_pestat] analyzing insert size distribution for orientation RF...
[M::mem_pestat] (25, 50, 75) percentile: (101, 369, 1231)
[M::mem_pestat] low and high boundaries for computing mean and std.dev: (1, 3491)
[M::mem_pestat] mean and std.dev: (505.56, 760.32)
[M::mem_pestat] low and high boundaries for proper pairs: (1, 4621)
[M::mem_pestat] analyzing insert size distribution for orientation RR...
[M::mem_pestat] (25, 50, 75) percentile: (213, 272, 366)
[M::mem_pestat] low and high boundaries for computing mean and std.dev: (1, 672)
[M::mem_pestat] mean and std.dev: (268.24, 112.05)
[M::mem_pestat] low and high boundaries for proper pairs: (1, 825)
[M::mem_pestat] skip orientation FF
[M::mem_pestat] skip orientation RF
[M::mem_pestat] skip orientation RR
[M::mem_process_seqs] Processed 2945924 reads in 614.332 CPU sec, 157.873 real sec
[M::process] read 2945940 sequences (400000143 bp)...
[M::mem_pestat] # candidate unique pairs for (FF, FR, RF, RR): (212, 842891, 376, 154)
[M::mem_pestat] analyzing insert size distribution for orientation FF...
[M::mem_pestat] (25, 50, 75) percentile: (200, 277, 361)
[M::mem_pestat] low and high boundaries for computing mean and std.dev: (1, 683)
[M::mem_pestat] mean and std.dev: (279.90, 128.84)
[M::mem_pestat] low and high boundaries for proper pairs: (1, 844)
[M::mem_pestat] analyzing insert size distribution for orientation FR...
[M::mem_pestat] (25, 50, 75) percentile: (246, 340, 384)
[M::mem_pestat] low and high boundaries for computing mean and std.dev: (1, 660)
[M::mem_pestat] mean and std.dev: (313.80, 100.54)
[M::mem_pestat] low and high boundaries for proper pairs: (1, 798)
[M::mem_pestat] analyzing insert size distribution for orientation RF...
[M::mem_pestat] (25, 50, 75) percentile: (353, 428, 1034)
[M::mem_pestat] low and high boundaries for computing mean and std.dev: (1, 2396)
[M::mem_pestat] mean and std.dev: (604.16, 401.95)
[M::mem_pestat] low and high boundaries for proper pairs: (1, 3077)
[M::mem_pestat] analyzing insert size distribution for orientation RR...
[M::mem_pestat] (25, 50, 75) percentile: (192, 269, 341)
[M::mem_pestat] low and high boundaries for computing mean and std.dev: (1, 639)
[M::mem_pestat] mean and std.dev: (256.21, 104.37)
[M::mem_pestat] low and high boundaries for proper pairs: (1, 788)
[M::mem_pestat] skip orientation FF
[M::mem_pestat] skip orientation RF
[M::mem_pestat] skip orientation RR
[M::mem_process_seqs] Processed 2945902 reads in 610.933 CPU sec, 157.118 real sec
[M::process] read 2945934 sequences (400000100 bp)...
[M::mem_pestat] # candidate unique pairs for (FF, FR, RF, RR): (177, 837374, 142, 199)
[M::mem_pestat] analyzing insert size distribution for orientation FF...
[M::mem_pestat] (25, 50, 75) percentile: (180, 268, 357)
[M::mem_pestat] low and high boundaries for computing mean and std.dev: (1, 711)
[M::mem_pestat] mean and std.dev: (262.76, 137.42)
[M::mem_pestat] low and high boundaries for proper pairs: (1, 888)
[M::mem_pestat] analyzing insert size distribution for orientation FR...
[M::mem_pestat] (25, 50, 75) percentile: (246, 340, 384)
[M::mem_pestat] low and high boundaries for computing mean and std.dev: (1, 660)
[M::mem_pestat] mean and std.dev: (313.89, 100.05)
[M::mem_pestat] low and high boundaries for proper pairs: (1, 798)
[M::mem_pestat] analyzing insert size distribution for orientation RF...
[M::mem_pestat] (25, 50, 75) percentile: (128, 351, 1068)
[M::mem_pestat] low and high boundaries for computing mean and std.dev: (1, 2948)
[M::mem_pestat] mean and std.dev: (541.46, 723.20)
[M::mem_pestat] low and high boundaries for proper pairs: (1, 3888)
[M::mem_pestat] analyzing insert size distribution for orientation RR...
[M::mem_pestat] (25, 50, 75) percentile: (219, 274, 355)
[M::mem_pestat] low and high boundaries for computing mean and std.dev: (1, 627)
[M::mem_pestat] mean and std.dev: (262.84, 97.45)
[M::mem_pestat] low and high boundaries for proper pairs: (1, 763)
[M::mem_pestat] skip orientation FF
[M::mem_pestat] skip orientation RF
[M::mem_pestat] skip orientation RR
[M::mem_process_seqs] Processed 2945940 reads in 614.657 CPU sec, 157.970 real sec
[M::process] read 2945874 sequences (400000051 bp)...
[M::mem_pestat] # candidate unique pairs for (FF, FR, RF, RR): (176, 837564, 114, 157)
[M::mem_pestat] analyzing insert size distribution for orientation FF...
[M::mem_pestat] (25, 50, 75) percentile: (193, 285, 374)
[M::mem_pestat] low and high boundaries for computing mean and std.dev: (1, 736)
[M::mem_pestat] mean and std.dev: (289.41, 131.62)
[M::mem_pestat] low and high boundaries for proper pairs: (1, 917)
[M::mem_pestat] analyzing insert size distribution for orientation FR...
[M::mem_pestat] (25, 50, 75) percentile: (244, 340, 384)
[M::mem_pestat] low and high boundaries for computing mean and std.dev: (1, 664)
[M::mem_pestat] mean and std.dev: (313.17, 100.95)
[M::mem_pestat] low and high boundaries for proper pairs: (1, 804)
[M::mem_pestat] analyzing insert size distribution for orientation RF...
[M::mem_pestat] (25, 50, 75) percentile: (116, 212, 556)
[M::mem_pestat] low and high boundaries for computing mean and std.dev: (1, 1436)
[M::mem_pestat] mean and std.dev: (330.63, 356.00)
[M::mem_pestat] low and high boundaries for proper pairs: (1, 1876)
[M::mem_pestat] analyzing insert size distribution for orientation RR...
[M::mem_pestat] (25, 50, 75) percentile: (194, 260, 355)
[M::mem_pestat] low and high boundaries for computing mean and std.dev: (1, 677)
[M::mem_pestat] mean and std.dev: (263.98, 122.90)
[M::mem_pestat] low and high boundaries for proper pairs: (1, 838)
[M::mem_pestat] skip orientation FF
[M::mem_pestat] skip orientation RF
[M::mem_pestat] skip orientation RR
[M::mem_process_seqs] Processed 2945934 reads in 613.227 CPU sec, 157.629 real sec
[M::process] read 2945912 sequences (400000126 bp)...
[M::mem_pestat] # candidate unique pairs for (FF, FR, RF, RR): (181, 837792, 155, 188)
[M::mem_pestat] analyzing insert size distribution for orientation FF...
[M::mem_pestat] (25, 50, 75) percentile: (196, 273, 368)
[M::mem_pestat] low and high boundaries for computing mean and std.dev: (1, 712)
[M::mem_pestat] mean and std.dev: (272.28, 130.28)
[M::mem_pestat] low and high boundaries for proper pairs: (1, 884)
[M::mem_pestat] analyzing insert size distribution for orientation FR...
[M::mem_pestat] (25, 50, 75) percentile: (247, 340, 384)
[M::mem_pestat] low and high boundaries for computing mean and std.dev: (1, 658)
[M::mem_pestat] mean and std.dev: (314.44, 99.52)
[M::mem_pestat] low and high boundaries for proper pairs: (1, 795)
[M::mem_pestat] analyzing insert size distribution for orientation RF...
[M::mem_pestat] (25, 50, 75) percentile: (176, 375, 444)
[M::mem_pestat] low and high boundaries for computing mean and std.dev: (1, 980)
[M::mem_pestat] mean and std.dev: (294.67, 171.88)
[M::mem_pestat] low and high boundaries for proper pairs: (1, 1248)
[M::mem_pestat] analyzing insert size distribution for orientation RR...
[M::mem_pestat] (25, 50, 75) percentile: (201, 282, 446)
[M::mem_pestat] low and high boundaries for computing mean and std.dev: (1, 936)
[M::mem_pestat] mean and std.dev: (317.13, 182.13)
[M::mem_pestat] low and high boundaries for proper pairs: (1, 1181)
[M::mem_pestat] skip orientation FF
[M::mem_pestat] skip orientation RF
[M::mem_pestat] skip orientation RR
[M::mem_process_seqs] Processed 2945874 reads in 614.232 CPU sec, 157.843 real sec
[M::process] read 2946012 sequences (400000184 bp)...
[M::mem_pestat] # candidate unique pairs for (FF, FR, RF, RR): (186, 838079, 222, 189)
[M::mem_pestat] analyzing insert size distribution for orientation FF...
[M::mem_pestat] (25, 50, 75) percentile: (215, 274, 364)
[M::mem_pestat] low and high boundaries for computing mean and std.dev: (1, 662)
[M::mem_pestat] mean and std.dev: (266.36, 113.51)
[M::mem_pestat] low and high boundaries for proper pairs: (1, 811)
[M::mem_pestat] analyzing insert size distribution for orientation FR...
[M::mem_pestat] (25, 50, 75) percentile: (247, 340, 384)
[M::mem_pestat] low and high boundaries for computing mean and std.dev: (1, 658)
[M::mem_pestat] mean and std.dev: (314.19, 99.74)
[M::mem_pestat] low and high boundaries for proper pairs: (1, 795)
[M::mem_pestat] analyzing insert size distribution for orientation RF...
[M::mem_pestat] (25, 50, 75) percentile: (182, 431, 562)
[M::mem_pestat] low and high boundaries for computing mean and std.dev: (1, 1322)
[M::mem_pestat] mean and std.dev: (395.69, 311.77)
[M::mem_pestat] low and high boundaries for proper pairs: (1, 1702)
[M::mem_pestat] analyzing insert size distribution for orientation RR...
[M::mem_pestat] (25, 50, 75) percentile: (192, 265, 335)
[M::mem_pestat] low and high boundaries for computing mean and std.dev: (1, 621)
[M::mem_pestat] mean and std.dev: (248.99, 90.05)
[M::mem_pestat] low and high boundaries for proper pairs: (1, 764)
[M::mem_pestat] skip orientation FF
[M::mem_pestat] skip orientation RF
[M::mem_pestat] skip orientation RR
[M::mem_process_seqs] Processed 2945912 reads in 610.088 CPU sec, 157.016 real sec
[M::process] read 2945934 sequences (400000204 bp)...
[M::mem_pestat] # candidate unique pairs for (FF, FR, RF, RR): (160, 836568, 88, 197)
[M::mem_pestat] analyzing insert size distribution for orientation FF...
[M::mem_pestat] (25, 50, 75) percentile: (201, 289, 363)
[M::mem_pestat] low and high boundaries for computing mean and std.dev: (1, 687)
[M::mem_pestat] mean and std.dev: (285.17, 131.21)
[M::mem_pestat] low and high boundaries for proper pairs: (1, 849)
[M::mem_pestat] analyzing insert size distribution for orientation FR...
[M::mem_pestat] (25, 50, 75) percentile: (242, 340, 383)
[M::mem_pestat] low and high boundaries for computing mean and std.dev: (1, 665)
[M::mem_pestat] mean and std.dev: (311.97, 102.27)
[M::mem_pestat] low and high boundaries for proper pairs: (1, 806)
[M::mem_pestat] analyzing insert size distribution for orientation RF...
[M::mem_pestat] (25, 50, 75) percentile: (178, 485, 1227)
[M::mem_pestat] low and high boundaries for computing mean and std.dev: (1, 3325)
[M::mem_pestat] mean and std.dev: (696.90, 768.26)
[M::mem_pestat] low and high boundaries for proper pairs: (1, 4374)
[M::mem_pestat] analyzing insert size distribution for orientation RR...
[M::mem_pestat] (25, 50, 75) percentile: (227, 292, 389)
[M::mem_pestat] low and high boundaries for computing mean and std.dev: (1, 713)
[M::mem_pestat] mean and std.dev: (293.74, 125.03)
[M::mem_pestat] low and high boundaries for proper pairs: (1, 875)
[M::mem_pestat] skip orientation FF
[M::mem_pestat] skip orientation RF
[M::mem_pestat] skip orientation RR
[M::mem_process_seqs] Processed 2946012 reads in 601.595 CPU sec, 154.725 real sec
[M::process] read 2945898 sequences (400000024 bp)...
[M::mem_pestat] # candidate unique pairs for (FF, FR, RF, RR): (200, 842840, 107, 189)
[M::mem_pestat] analyzing insert size distribution for orientation FF...
[M::mem_pestat] (25, 50, 75) percentile: (208, 285, 405)
[M::mem_pestat] low and high boundaries for computing mean and std.dev: (1, 799)
[M::mem_pestat] mean and std.dev: (303.29, 157.50)
[M::mem_pestat] low and high boundaries for proper pairs: (1, 996)
[M::mem_pestat] analyzing insert size distribution for orientation FR...
[M::mem_pestat] (25, 50, 75) percentile: (247, 340, 384)
[M::mem_pestat] low and high boundaries for computing mean and std.dev: (1, 658)
[M::mem_pestat] mean and std.dev: (314.49, 99.38)
[M::mem_pestat] low and high boundaries for proper pairs: (1, 795)
[M::mem_pestat] analyzing insert size distribution for orientation RF...
[M::mem_pestat] (25, 50, 75) percentile: (144, 450, 1577)
[M::mem_pestat] low and high boundaries for computing mean and std.dev: (1, 4443)
[M::mem_pestat] mean and std.dev: (787.21, 959.95)
[M::mem_pestat] low and high boundaries for proper pairs: (1, 5876)
[M::mem_pestat] analyzing insert size distribution for orientation RR...
[M::mem_pestat] (25, 50, 75) percentile: (204, 265, 363)
[M::mem_pestat] low and high boundaries for computing mean and std.dev: (1, 681)
[M::mem_pestat] mean and std.dev: (272.73, 118.63)
[M::mem_pestat] low and high boundaries for proper pairs: (1, 840)
[M::mem_pestat] skip orientation FF
[M::mem_pestat] skip orientation RF
[M::mem_pestat] skip orientation RR
[M::mem_process_seqs] Processed 2945934 reads in 610.370 CPU sec, 156.945 real sec
[M::process] read 1817848 sequences (246827750 bp)...
[M::mem_pestat] # candidate unique pairs for (FF, FR, RF, RR): (199, 836088, 169, 190)
[M::mem_pestat] analyzing insert size distribution for orientation FF...
[M::mem_pestat] (25, 50, 75) percentile: (220, 289, 449)
[M::mem_pestat] low and high boundaries for computing mean and std.dev: (1, 907)
[M::mem_pestat] mean and std.dev: (294.76, 143.73)
[M::mem_pestat] low and high boundaries for proper pairs: (1, 1136)
[M::mem_pestat] analyzing insert size distribution for orientation FR...
[M::mem_pestat] (25, 50, 75) percentile: (246, 340, 384)
[M::mem_pestat] low and high boundaries for computing mean and std.dev: (1, 660)
[M::mem_pestat] mean and std.dev: (314.17, 99.79)
[M::mem_pestat] low and high boundaries for proper pairs: (1, 798)
[M::mem_pestat] analyzing insert size distribution for orientation RF...
[M::mem_pestat] (25, 50, 75) percentile: (167, 459, 991)
[M::mem_pestat] low and high boundaries for computing mean and std.dev: (1, 2639)
[M::mem_pestat] mean and std.dev: (491.77, 437.35)
[M::mem_pestat] low and high boundaries for proper pairs: (1, 3463)
[M::mem_pestat] analyzing insert size distribution for orientation RR...
[M::mem_pestat] (25, 50, 75) percentile: (184, 264, 345)
[M::mem_pestat] low and high boundaries for computing mean and std.dev: (1, 667)
[M::mem_pestat] mean and std.dev: (256.26, 111.51)
[M::mem_pestat] low and high boundaries for proper pairs: (1, 828)
[M::mem_pestat] skip orientation FF
[M::mem_pestat] skip orientation RF
[M::mem_pestat] skip orientation RR
[M::mem_process_seqs] Processed 2945898 reads in 608.232 CPU sec, 156.284 real sec
[M::mem_pestat] # candidate unique pairs for (FF, FR, RF, RR): (120, 512536, 64, 103)
[M::mem_pestat] analyzing insert size distribution for orientation FF...
[M::mem_pestat] (25, 50, 75) percentile: (210, 265, 399)
[M::mem_pestat] low and high boundaries for computing mean and std.dev: (1, 777)
[M::mem_pestat] mean and std.dev: (280.04, 131.70)
[M::mem_pestat] low and high boundaries for proper pairs: (1, 966)
[M::mem_pestat] analyzing insert size distribution for orientation FR...
[M::mem_pestat] (25, 50, 75) percentile: (247, 340, 384)
[M::mem_pestat] low and high boundaries for computing mean and std.dev: (1, 658)
[M::mem_pestat] mean and std.dev: (314.18, 99.48)
[M::mem_pestat] low and high boundaries for proper pairs: (1, 795)
[M::mem_pestat] analyzing insert size distribution for orientation RF...
[M::mem_pestat] (25, 50, 75) percentile: (234, 380, 710)
[M::mem_pestat] low and high boundaries for computing mean and std.dev: (1, 1662)
[M::mem_pestat] mean and std.dev: (357.04, 256.77)
[M::mem_pestat] low and high boundaries for proper pairs: (1, 2138)
[M::mem_pestat] analyzing insert size distribution for orientation RR...
[M::mem_pestat] (25, 50, 75) percentile: (174, 261, 331)
[M::mem_pestat] low and high boundaries for computing mean and std.dev: (1, 645)
[M::mem_pestat] mean and std.dev: (253.44, 115.23)
[M::mem_pestat] low and high boundaries for proper pairs: (1, 802)
[M::mem_pestat] skip orientation FF
[M::mem_pestat] skip orientation RF
[M::mem_pestat] skip orientation RR
[M::mem_process_seqs] Processed 1817848 reads in 400.237 CPU sec, 104.272 real sec
[main] Version: 0.7.17-r1188
[main] CMD: bwa mem -L 5 -t 40 -a -M -T 30 -A 1 -B 4 -O 6 -R @RG\tID:Lva-CPnd_006A_L3_clmp.fp2_repr\tSM:Lva-CPnd_006A_L3_clmp.fp2_repr\tPL:Illumina reference.denovoSSL.Lva20k.fasta Lva-CPnd_006A_L3_clmp.fp2_repr.R1.fq.gz Lva-CPnd_006A_L3_clmp.fp2_repr.R2.fq.gz
[main] Real time: 8962.668 sec; CPU: 34665.430 sec
