
java -ea -Xmx161022m -cp /opt/conda/opt/bbmap-38.90-3/current/ jgi.SplitPairsAndSingles rp in1=fq_fp1_clmp_fp2_fqscrn/Eps-CBai_043_Ex1-1B_L4_clmp.fp2_r1.tagged_filter.fastq.gz in2=fq_fp1_clmp_fp2_fqscrn/Eps-CBai_043_Ex1-1B_L4_clmp.fp2_r2.tagged_filter.fastq.gz out1=fq_fp1_clmp_fp2_fqscrn_repaired/Eps-CBai_043_Ex1-1B_L4_clmp.fp2_repr.R1.fq.gz out2=fq_fp1_clmp_fp2_fqscrn_repaired/Eps-CBai_043_Ex1-1B_L4_clmp.fp2_repr.R2.fq.gz outs=fq_fp1_clmp_fp2_fqscrn_repaired/orphans/Eps-CBai_043_Ex1-1B_L4_clmp.fp2_repr.orph.fq repair
Executing jgi.SplitPairsAndSingles [rp, in1=fq_fp1_clmp_fp2_fqscrn/Eps-CBai_043_Ex1-1B_L4_clmp.fp2_r1.tagged_filter.fastq.gz, in2=fq_fp1_clmp_fp2_fqscrn/Eps-CBai_043_Ex1-1B_L4_clmp.fp2_r2.tagged_filter.fastq.gz, out1=fq_fp1_clmp_fp2_fqscrn_repaired/Eps-CBai_043_Ex1-1B_L4_clmp.fp2_repr.R1.fq.gz, out2=fq_fp1_clmp_fp2_fqscrn_repaired/Eps-CBai_043_Ex1-1B_L4_clmp.fp2_repr.R2.fq.gz, outs=fq_fp1_clmp_fp2_fqscrn_repaired/orphans/Eps-CBai_043_Ex1-1B_L4_clmp.fp2_repr.orph.fq, repair]

Set INTERLEAVED to false
Started output stream.

Input:                  	190423879 reads 		28507480698 bases.
Result:                 	190423879 reads (100.00%) 	28507480698 bases (100.00%)
Pairs:                  	176609456 reads (92.75%) 	26438290436 bases (92.74%)
Singletons:             	13814423 reads (7.25%) 	2069190262 bases (7.26%)

Time:                         	729.692 seconds.
Reads Processed:        190m 	260.96k reads/sec
Bases Processed:      28507m 	39.07m bases/sec
java -ea -Xmx161022m -cp /opt/conda/opt/bbmap-38.90-3/current/ jgi.SplitPairsAndSingles rp in1=fq_fp1_clmp_fp2_fqscrn/Eps-CBai_043_Ex1-2A_L4_clmp.fp2_r1.tagged_filter.fastq.gz in2=fq_fp1_clmp_fp2_fqscrn/Eps-CBai_043_Ex1-2A_L4_clmp.fp2_r2.tagged_filter.fastq.gz out1=fq_fp1_clmp_fp2_fqscrn_repaired/Eps-CBai_043_Ex1-2A_L4_clmp.fp2_repr.R1.fq.gz out2=fq_fp1_clmp_fp2_fqscrn_repaired/Eps-CBai_043_Ex1-2A_L4_clmp.fp2_repr.R2.fq.gz outs=fq_fp1_clmp_fp2_fqscrn_repaired/orphans/Eps-CBai_043_Ex1-2A_L4_clmp.fp2_repr.orph.fq repair
Executing jgi.SplitPairsAndSingles [rp, in1=fq_fp1_clmp_fp2_fqscrn/Eps-CBai_043_Ex1-2A_L4_clmp.fp2_r1.tagged_filter.fastq.gz, in2=fq_fp1_clmp_fp2_fqscrn/Eps-CBai_043_Ex1-2A_L4_clmp.fp2_r2.tagged_filter.fastq.gz, out1=fq_fp1_clmp_fp2_fqscrn_repaired/Eps-CBai_043_Ex1-2A_L4_clmp.fp2_repr.R1.fq.gz, out2=fq_fp1_clmp_fp2_fqscrn_repaired/Eps-CBai_043_Ex1-2A_L4_clmp.fp2_repr.R2.fq.gz, outs=fq_fp1_clmp_fp2_fqscrn_repaired/orphans/Eps-CBai_043_Ex1-2A_L4_clmp.fp2_repr.orph.fq, repair]

Set INTERLEAVED to false
Started output stream.

Input:                  	234572364 reads 		35129673235 bases.
Result:                 	234572364 reads (100.00%) 	35129673235 bases (100.00%)
Pairs:                  	218688080 reads (93.23%) 	32750063522 bases (93.23%)
Singletons:             	15884284 reads (6.77%) 	2379609713 bases (6.77%)

Time:                         	859.833 seconds.
Reads Processed:        234m 	272.81k reads/sec
Bases Processed:      35129m 	40.86m bases/sec
java -ea -Xmx161022m -cp /opt/conda/opt/bbmap-38.90-3/current/ jgi.SplitPairsAndSingles rp in1=fq_fp1_clmp_fp2_fqscrn/Eps-CBai_043_Ex1-2H_L4_clmp.fp2_r1.tagged_filter.fastq.gz in2=fq_fp1_clmp_fp2_fqscrn/Eps-CBai_043_Ex1-2H_L4_clmp.fp2_r2.tagged_filter.fastq.gz out1=fq_fp1_clmp_fp2_fqscrn_repaired/Eps-CBai_043_Ex1-2H_L4_clmp.fp2_repr.R1.fq.gz out2=fq_fp1_clmp_fp2_fqscrn_repaired/Eps-CBai_043_Ex1-2H_L4_clmp.fp2_repr.R2.fq.gz outs=fq_fp1_clmp_fp2_fqscrn_repaired/orphans/Eps-CBai_043_Ex1-2H_L4_clmp.fp2_repr.orph.fq repair
Executing jgi.SplitPairsAndSingles [rp, in1=fq_fp1_clmp_fp2_fqscrn/Eps-CBai_043_Ex1-2H_L4_clmp.fp2_r1.tagged_filter.fastq.gz, in2=fq_fp1_clmp_fp2_fqscrn/Eps-CBai_043_Ex1-2H_L4_clmp.fp2_r2.tagged_filter.fastq.gz, out1=fq_fp1_clmp_fp2_fqscrn_repaired/Eps-CBai_043_Ex1-2H_L4_clmp.fp2_repr.R1.fq.gz, out2=fq_fp1_clmp_fp2_fqscrn_repaired/Eps-CBai_043_Ex1-2H_L4_clmp.fp2_repr.R2.fq.gz, outs=fq_fp1_clmp_fp2_fqscrn_repaired/orphans/Eps-CBai_043_Ex1-2H_L4_clmp.fp2_repr.orph.fq, repair]

Set INTERLEAVED to false
Started output stream.

Input:                  	231961160 reads 		34714432520 bases.
Result:                 	231961160 reads (100.00%) 	34714432520 bases (100.00%)
Pairs:                  	216373106 reads (93.28%) 	32380040663 bases (93.28%)
Singletons:             	15588054 reads (6.72%) 	2334391857 bases (6.72%)

Time:                         	885.570 seconds.
Reads Processed:        231m 	261.93k reads/sec
Bases Processed:      34714m 	39.20m bases/sec
