[2022-07-11 05:21:15,895] multiqc                                            [DEBUG  ]  No MultiQC config found: /opt/conda/lib/python3.7/site-packages/multiqc_config.yaml
[2022-07-11 05:21:15,895] multiqc                                            [DEBUG  ]  No MultiQC config found: /home/r3clark/.multiqc_config.yaml
[2022-07-11 05:21:15,895] multiqc                                            [DEBUG  ]  No MultiQC config found: multiqc_config.yaml
[2022-07-11 05:21:15,895] multiqc                                            [DEBUG  ]  Command used: /opt/conda/bin/multiqc /home/e1garcia/shotgun_PIRE/REUs/2022_REU//marial_malabag/encrasicholina_pseudoheteroloba/shotgun_raw_fq -n /home/e1garcia/shotgun_PIRE/REUs/2022_REU//marial_malabag/encrasicholina_pseudoheteroloba/shotgun_raw_fq/fastqc_report
[2022-07-11 05:21:16,410] multiqc                                            [WARNING]  MultiQC Version v1.12 now available!
[2022-07-11 05:21:16,412] multiqc                                            [INFO   ]  This is MultiQC v1.9
[2022-07-11 05:21:16,412] multiqc                                            [DEBUG  ]  Command     : /opt/conda/bin/multiqc /home/e1garcia/shotgun_PIRE/REUs/2022_REU//marial_malabag/encrasicholina_pseudoheteroloba/shotgun_raw_fq -n /home/e1garcia/shotgun_PIRE/REUs/2022_REU//marial_malabag/encrasicholina_pseudoheteroloba/shotgun_raw_fq/fastqc_report
[2022-07-11 05:21:16,412] multiqc                                            [DEBUG  ]  Working dir : /home/e1garcia/shotgun_PIRE/REUs/2022_REU/marial_malabag/encrasicholina_pseudoheteroloba/shotgun_raw_fq
[2022-07-11 05:21:16,412] multiqc                                            [INFO   ]  Template    : default
[2022-07-11 05:21:16,412] multiqc                                            [DEBUG  ]  Running Python 3.7.7 (default, Jun 26 2020, 05:10:03)  [GCC 7.3.0]
[2022-07-11 05:21:16,412] multiqc                                            [INFO   ]  Searching   : /home/e1garcia/shotgun_PIRE/REUs/2022_REU/marial_malabag/encrasicholina_pseudoheteroloba/shotgun_raw_fq
[2022-07-11 05:21:16,414] multiqc                                            [DEBUG  ]  Analysing modules: custom_content, conpair, peddy, somalier, methylQA, mosdepth, phantompeakqualtools, qualimap, preseq, quast, qorts, rna_seqc, rockhopper, rsem, rseqc, busco, goleft_indexcov, disambiguate, supernova, deeptools, sargasso, verifybamid, mirtrace, happy, mirtop, homer, macs2, theta2, snpeff, gatk, htseq, bcftools, featureCounts, fgbio, dragen, dedup, damageprofiler, biobambam2, mtnucratio, picard, prokka, samblaster, samtools, sexdeterrmine, bamtools, jellyfish, vcftools, longranger, stacks, varscan2, bbmap, bismark, biscuit, hicexplorer, hicup, hicpro, salmon, kallisto, slamdunk, star, hisat2, tophat, bowtie2, bowtie1, snpsplit, kat, leehom, adapterRemoval, clipandmerge, cutadapt, flexbar, kaiju, kraken, malt, trimmomatic, sickle, skewer, sortmerna, biobloomtools, fastq_screen, afterqc, fastp, fastqc, pycoqc, minionqc, multivcfanalyzer, clusterflow, bcl2fastq, interop, ivar, flash, seqyclean
[2022-07-11 05:21:16,414] multiqc                                            [DEBUG  ]  Using temporary directory for creating report: /tmp/tmpzlikniih
[2022-07-11 05:21:16,638] multiqc                                            [DEBUG  ]  Ignoring file as matched an ignore pattern: Eps-CBai_043_Ex1-2A_L4_2.fq.gz
[2022-07-11 05:21:16,708] multiqc                                            [DEBUG  ]  Ignoring file as matched an ignore pattern: Eps-CBai_043_Ex1-2H_L4_2.fq.gz
[2022-07-11 05:21:16,708] multiqc                                            [DEBUG  ]  Ignoring file as matched an ignore pattern: Eps-CBai_043_Ex1-2A_L4_1.fq.gz
[2022-07-11 05:21:16,729] multiqc                                            [DEBUG  ]  File ignored by hicexplorer because it exceeded search pattern filesize limit: Eps-CBai_043_Ex1-2H_L4_2_fastqc.html
[2022-07-11 05:21:16,737] multiqc                                            [DEBUG  ]  File ignored by longranger/invocation because it exceeded search pattern filesize limit: Eps-CBai_043_Ex1-2H_L4_2_fastqc.html
[2022-07-11 05:21:16,844] multiqc                                            [DEBUG  ]  File ignored by hicexplorer because it exceeded search pattern filesize limit: Multi_fastqc-761614.out
[2022-07-11 05:21:16,852] multiqc                                            [DEBUG  ]  File ignored by longranger/invocation because it exceeded search pattern filesize limit: Multi_fastqc-761614.out
[2022-07-11 05:21:16,873] multiqc                                            [DEBUG  ]  Ignoring file as matched an ignore pattern: Eps-CBai_043_Ex1-1B_L4_2.fq.gz
[2022-07-11 05:21:16,893] multiqc                                            [DEBUG  ]  File ignored by hicexplorer because it exceeded search pattern filesize limit: Eps-CBai_043_Ex1-1B_L4_1_fastqc.html
[2022-07-11 05:21:16,901] multiqc                                            [DEBUG  ]  File ignored by longranger/invocation because it exceeded search pattern filesize limit: Eps-CBai_043_Ex1-1B_L4_1_fastqc.html
[2022-07-11 05:21:17,014] multiqc                                            [DEBUG  ]  File ignored by hicexplorer because it exceeded search pattern filesize limit: Eps-CBai_043_Ex1-2A_L4_2_fastqc.html
[2022-07-11 05:21:17,023] multiqc                                            [DEBUG  ]  File ignored by longranger/invocation because it exceeded search pattern filesize limit: Eps-CBai_043_Ex1-2A_L4_2_fastqc.html
[2022-07-11 05:21:17,135] multiqc                                            [DEBUG  ]  File ignored by hicexplorer because it exceeded search pattern filesize limit: Eps-CBai_043_Ex1-2A_L4_1_fastqc.html
[2022-07-11 05:21:17,143] multiqc                                            [DEBUG  ]  File ignored by longranger/invocation because it exceeded search pattern filesize limit: Eps-CBai_043_Ex1-2A_L4_1_fastqc.html
[2022-07-11 05:21:17,255] multiqc                                            [DEBUG  ]  File ignored by hicexplorer because it exceeded search pattern filesize limit: Eps-CBai_043_Ex1-1B_L4_2_fastqc.html
[2022-07-11 05:21:17,264] multiqc                                            [DEBUG  ]  File ignored by longranger/invocation because it exceeded search pattern filesize limit: Eps-CBai_043_Ex1-1B_L4_2_fastqc.html
[2022-07-11 05:21:17,376] multiqc                                            [DEBUG  ]  File ignored by hicexplorer because it exceeded search pattern filesize limit: Eps-CBai_043_Ex1-2H_L4_1_fastqc.html
[2022-07-11 05:21:17,385] multiqc                                            [DEBUG  ]  File ignored by longranger/invocation because it exceeded search pattern filesize limit: Eps-CBai_043_Ex1-2H_L4_1_fastqc.html
[2022-07-11 05:21:17,477] multiqc                                            [DEBUG  ]  Ignoring file as matched an ignore pattern: Eps-CBai_043_Ex1-2H_L4_1.fq.gz
[2022-07-11 05:21:17,478] multiqc                                            [DEBUG  ]  Ignoring file as matched an ignore pattern: Eps-CBai_043_Ex1-1B_L4_1.fq.gz
[2022-07-11 05:21:18,147] multiqc.plots.bargraph                             [DEBUG  ]  Using matplotlib version 3.1.2
[2022-07-11 05:21:18,149] multiqc.plots.linegraph                            [DEBUG  ]  Using matplotlib version 3.1.2
[2022-07-11 05:21:18,150] multiqc                                            [DEBUG  ]  No samples found: custom_content
[2022-07-11 05:21:18,154] multiqc                                            [DEBUG  ]  No samples found: conpair
[2022-07-11 05:21:18,159] multiqc                                            [DEBUG  ]  No samples found: peddy
[2022-07-11 05:21:18,164] multiqc                                            [DEBUG  ]  No samples found: somalier
[2022-07-11 05:21:18,169] multiqc                                            [DEBUG  ]  No samples found: methylQA
[2022-07-11 05:21:18,175] multiqc                                            [DEBUG  ]  No samples found: mosdepth
[2022-07-11 05:21:18,179] multiqc                                            [DEBUG  ]  No samples found: phantompeakqualtools
[2022-07-11 05:21:18,182] multiqc                                            [DEBUG  ]  No samples found: qualimap
[2022-07-11 05:21:18,187] multiqc                                            [DEBUG  ]  No samples found: preseq
[2022-07-11 05:21:18,191] multiqc                                            [DEBUG  ]  No samples found: quast
[2022-07-11 05:21:18,195] multiqc                                            [DEBUG  ]  No samples found: qorts
[2022-07-11 05:21:18,198] multiqc                                            [DEBUG  ]  No samples found: rna_seqc
[2022-07-11 05:21:18,202] multiqc                                            [DEBUG  ]  No samples found: rockhopper
[2022-07-11 05:21:18,206] multiqc                                            [DEBUG  ]  No samples found: rsem
[2022-07-11 05:21:18,211] multiqc                                            [DEBUG  ]  No samples found: rseqc
[2022-07-11 05:21:18,215] multiqc                                            [DEBUG  ]  No samples found: busco
[2022-07-11 05:21:18,219] multiqc                                            [DEBUG  ]  No samples found: goleft_indexcov
[2022-07-11 05:21:18,224] multiqc                                            [DEBUG  ]  No samples found: disambiguate
[2022-07-11 05:21:18,229] multiqc                                            [DEBUG  ]  No samples found: supernova
[2022-07-11 05:21:18,235] multiqc                                            [DEBUG  ]  No samples found: deeptools
[2022-07-11 05:21:18,240] multiqc                                            [DEBUG  ]  No samples found: sargasso
[2022-07-11 05:21:18,244] multiqc                                            [DEBUG  ]  No samples found: verifybamid
[2022-07-11 05:21:18,248] multiqc                                            [DEBUG  ]  No samples found: mirtrace
[2022-07-11 05:21:18,253] multiqc                                            [DEBUG  ]  No samples found: happy
[2022-07-11 05:21:18,258] multiqc                                            [DEBUG  ]  No samples found: mirtop
[2022-07-11 05:21:18,262] multiqc                                            [DEBUG  ]  No samples found: homer
[2022-07-11 05:21:18,265] multiqc                                            [DEBUG  ]  No samples found: macs2
[2022-07-11 05:21:18,270] multiqc                                            [DEBUG  ]  No samples found: theta2
[2022-07-11 05:21:18,274] multiqc                                            [DEBUG  ]  No samples found: snpeff
[2022-07-11 05:21:18,278] multiqc                                            [DEBUG  ]  No samples found: gatk
[2022-07-11 05:21:18,283] multiqc                                            [DEBUG  ]  No samples found: htseq
[2022-07-11 05:21:18,287] multiqc                                            [DEBUG  ]  No samples found: bcftools
[2022-07-11 05:21:18,291] multiqc                                            [DEBUG  ]  No samples found: featureCounts
[2022-07-11 05:21:18,295] multiqc                                            [DEBUG  ]  No samples found: fgbio
[2022-07-11 05:21:18,302] multiqc                                            [DEBUG  ]  No samples found: dragen
[2022-07-11 05:21:18,306] multiqc                                            [DEBUG  ]  No samples found: dedup
[2022-07-11 05:21:18,310] multiqc                                            [DEBUG  ]  No samples found: damageprofiler
[2022-07-11 05:21:18,321] multiqc                                            [DEBUG  ]  No samples found: biobambam2
[2022-07-11 05:21:18,325] multiqc                                            [DEBUG  ]  No samples found: mtnucratio
[2022-07-11 05:21:18,327] multiqc                                            [DEBUG  ]  No samples found: picard
[2022-07-11 05:21:18,331] multiqc                                            [DEBUG  ]  No samples found: prokka
[2022-07-11 05:21:18,335] multiqc                                            [DEBUG  ]  No samples found: samblaster
[2022-07-11 05:21:18,340] multiqc                                            [DEBUG  ]  No samples found: samtools
[2022-07-11 05:21:18,344] multiqc                                            [DEBUG  ]  No samples found: sexdeterrmine
[2022-07-11 05:21:18,348] multiqc                                            [DEBUG  ]  No samples found: bamtools
[2022-07-11 05:21:18,352] multiqc                                            [DEBUG  ]  No samples found: jellyfish
[2022-07-11 05:21:18,357] multiqc                                            [DEBUG  ]  No samples found: vcftools
[2022-07-11 05:21:18,361] multiqc                                            [DEBUG  ]  No samples found: longranger
[2022-07-11 05:21:18,366] multiqc                                            [DEBUG  ]  No samples found: stacks
[2022-07-11 05:21:18,370] multiqc                                            [DEBUG  ]  No samples found: varscan2
[2022-07-11 05:21:18,377] multiqc                                            [DEBUG  ]  No samples found: bbmap
[2022-07-11 05:21:18,381] multiqc                                            [DEBUG  ]  No samples found: bismark
[2022-07-11 05:21:18,385] multiqc                                            [DEBUG  ]  No samples found: biscuit
[2022-07-11 05:21:18,389] multiqc                                            [DEBUG  ]  No samples found: hicexplorer
[2022-07-11 05:21:18,393] multiqc                                            [DEBUG  ]  No samples found: hicup
[2022-07-11 05:21:18,397] multiqc                                            [DEBUG  ]  No samples found: hicpro
[2022-07-11 05:21:18,401] multiqc                                            [DEBUG  ]  No samples found: salmon
[2022-07-11 05:21:18,405] multiqc                                            [DEBUG  ]  No samples found: kallisto
[2022-07-11 05:21:18,409] multiqc                                            [DEBUG  ]  No samples found: slamdunk
[2022-07-11 05:21:18,413] multiqc                                            [DEBUG  ]  No samples found: star
[2022-07-11 05:21:18,416] multiqc                                            [DEBUG  ]  No samples found: hisat2
[2022-07-11 05:21:18,420] multiqc                                            [DEBUG  ]  No samples found: tophat
[2022-07-11 05:21:18,424] multiqc                                            [DEBUG  ]  No samples found: bowtie2
[2022-07-11 05:21:18,428] multiqc                                            [DEBUG  ]  No samples found: bowtie1
[2022-07-11 05:21:18,432] multiqc                                            [DEBUG  ]  No samples found: snpsplit
[2022-07-11 05:21:18,436] multiqc                                            [DEBUG  ]  No samples found: kat
[2022-07-11 05:21:18,439] multiqc                                            [DEBUG  ]  No samples found: leehom
[2022-07-11 05:21:18,443] multiqc                                            [DEBUG  ]  No samples found: adapterRemoval
[2022-07-11 05:21:18,447] multiqc                                            [DEBUG  ]  No samples found: clipandmerge
[2022-07-11 05:21:18,452] multiqc                                            [DEBUG  ]  No samples found: cutadapt
[2022-07-11 05:21:18,456] multiqc                                            [DEBUG  ]  No samples found: flexbar
[2022-07-11 05:21:18,461] multiqc                                            [DEBUG  ]  No samples found: kaiju
[2022-07-11 05:21:18,464] multiqc                                            [DEBUG  ]  No samples found: kraken
[2022-07-11 05:21:18,468] multiqc                                            [DEBUG  ]  No samples found: malt
[2022-07-11 05:21:18,472] multiqc                                            [DEBUG  ]  No samples found: trimmomatic
[2022-07-11 05:21:18,476] multiqc                                            [DEBUG  ]  No samples found: sickle
[2022-07-11 05:21:18,479] multiqc                                            [DEBUG  ]  No samples found: skewer
[2022-07-11 05:21:18,483] multiqc                                            [DEBUG  ]  No samples found: sortmerna
[2022-07-11 05:21:18,487] multiqc                                            [DEBUG  ]  No samples found: biobloomtools
[2022-07-11 05:21:18,492] multiqc                                            [DEBUG  ]  No samples found: fastq_screen
[2022-07-11 05:21:18,496] multiqc                                            [DEBUG  ]  No samples found: afterqc
[2022-07-11 05:21:18,500] multiqc                                            [DEBUG  ]  No samples found: fastp
[2022-07-11 05:21:19,458] multiqc.modules.fastqc.fastqc                      [INFO   ]  Found 6 reports
[2022-07-11 05:21:19,650] multiqc                                            [DEBUG  ]  No samples found: pycoqc
[2022-07-11 05:21:19,654] multiqc                                            [DEBUG  ]  No samples found: minionqc
[2022-07-11 05:21:19,659] multiqc                                            [DEBUG  ]  No samples found: multivcfanalyzer
[2022-07-11 05:21:19,664] multiqc                                            [DEBUG  ]  No samples found: clusterflow
[2022-07-11 05:21:19,668] multiqc                                            [DEBUG  ]  No samples found: bcl2fastq
[2022-07-11 05:21:19,672] multiqc                                            [DEBUG  ]  No samples found: interop
[2022-07-11 05:21:19,675] multiqc                                            [DEBUG  ]  No samples found: ivar
[2022-07-11 05:21:19,679] multiqc                                            [DEBUG  ]  No samples found: flash
[2022-07-11 05:21:19,683] multiqc                                            [DEBUG  ]  No samples found: seqyclean
[2022-07-11 05:21:19,693] multiqc                                            [INFO   ]  Compressing plot data
[2022-07-11 05:21:19,827] multiqc                                            [INFO   ]  Report      : fastqc_report.html
[2022-07-11 05:21:19,827] multiqc                                            [INFO   ]  Data        : fastqc_report_data
[2022-07-11 05:21:19,827] multiqc                                            [DEBUG  ]  Moving data file from '/tmp/tmpzlikniih/multiqc_data' to '/home/e1garcia/shotgun_PIRE/REUs/2022_REU//marial_malabag/encrasicholina_pseudoheteroloba/shotgun_raw_fq/fastqc_report_data'
[2022-07-11 05:21:20,051] multiqc                                            [INFO   ]  MultiQC complete
