
[warning] samtools mpileup option `u` is functional, but deprecated. Please switch to using bcftools mpileup in future.
[mpileup] 3 samples in 1 input files
Note: none of --samples-file, --ploidy or --ploidy-file given, assuming all sites are diploid
mv: 'denovoSSL_20k_mpileup-876899.out' and '/home/e1garcia/shotgun_PIRE/REUs/2022_REU/Allison/corythoichthys_haematopterus_PSMC/data/mkBAM/Cha_denovoSSL_20k_PSMC/denovoSSL_20k_PSMC/joblog/denovoSSL_20k_mpileup-876899.out' are the same file
mv: 'denovoSSL_20k_mpileup-876900.out' and '/home/e1garcia/shotgun_PIRE/REUs/2022_REU/Allison/corythoichthys_haematopterus_PSMC/data/mkBAM/Cha_denovoSSL_20k_PSMC/denovoSSL_20k_PSMC/joblog/denovoSSL_20k_mpileup-876900.out' are the same file
mv: 'denovoSSL_20k_mpileup-876901.out' and '/home/e1garcia/shotgun_PIRE/REUs/2022_REU/Allison/corythoichthys_haematopterus_PSMC/data/mkBAM/Cha_denovoSSL_20k_PSMC/denovoSSL_20k_PSMC/joblog/denovoSSL_20k_mpileup-876901.out' are the same file
mv: 'denovoSSL_20k_mpileup-876902.out' and '/home/e1garcia/shotgun_PIRE/REUs/2022_REU/Allison/corythoichthys_haematopterus_PSMC/data/mkBAM/Cha_denovoSSL_20k_PSMC/denovoSSL_20k_PSMC/joblog/denovoSSL_20k_mpileup-876902.out' are the same file
mv: 'denovoSSL_20k_mpileup-876903.out' and '/home/e1garcia/shotgun_PIRE/REUs/2022_REU/Allison/corythoichthys_haematopterus_PSMC/data/mkBAM/Cha_denovoSSL_20k_PSMC/denovoSSL_20k_PSMC/joblog/denovoSSL_20k_mpileup-876903.out' are the same file
mv: 'denovoSSL_20k_mpileup-876904.out' and '/home/e1garcia/shotgun_PIRE/REUs/2022_REU/Allison/corythoichthys_haematopterus_PSMC/data/mkBAM/Cha_denovoSSL_20k_PSMC/denovoSSL_20k_PSMC/joblog/denovoSSL_20k_mpileup-876904.out' are the same file
mv: 'denovoSSL_20k_mpileup-876905.out' and '/home/e1garcia/shotgun_PIRE/REUs/2022_REU/Allison/corythoichthys_haematopterus_PSMC/data/mkBAM/Cha_denovoSSL_20k_PSMC/denovoSSL_20k_PSMC/joblog/denovoSSL_20k_mpileup-876905.out' are the same file
mv: 'denovoSSL_20k_mpileup-876906.out' and '/home/e1garcia/shotgun_PIRE/REUs/2022_REU/Allison/corythoichthys_haematopterus_PSMC/data/mkBAM/Cha_denovoSSL_20k_PSMC/denovoSSL_20k_PSMC/joblog/denovoSSL_20k_mpileup-876906.out' are the same file
mv: 'denovoSSL_20k_mpileup-876907.out' and '/home/e1garcia/shotgun_PIRE/REUs/2022_REU/Allison/corythoichthys_haematopterus_PSMC/data/mkBAM/Cha_denovoSSL_20k_PSMC/denovoSSL_20k_PSMC/joblog/denovoSSL_20k_mpileup-876907.out' are the same file
mv: cannot move 'denovoSSL_20k_mpileup-876908.out' to '/home/e1garcia/shotgun_PIRE/REUs/2022_REU/Allison/corythoichthys_haematopterus_PSMC/data/mkBAM/Cha_denovoSSL_20k_PSMC/denovoSSL_20k_PSMC/joblog/denovoSSL_20k_mpileup-876908.out': No such file or directory
mv: 'denovoSSL_20k_mpileup-876910.out' and '/home/e1garcia/shotgun_PIRE/REUs/2022_REU/Allison/corythoichthys_haematopterus_PSMC/data/mkBAM/Cha_denovoSSL_20k_PSMC/denovoSSL_20k_PSMC/joblog/denovoSSL_20k_mpileup-876910.out' are the same file
mv: 'denovoSSL_20k_mpileup-876911.out' and '/home/e1garcia/shotgun_PIRE/REUs/2022_REU/Allison/corythoichthys_haematopterus_PSMC/data/mkBAM/Cha_denovoSSL_20k_PSMC/denovoSSL_20k_PSMC/joblog/denovoSSL_20k_mpileup-876911.out' are the same file
mv: cannot move 'denovoSSL_20k_mpileup-876912.out' to '/home/e1garcia/shotgun_PIRE/REUs/2022_REU/Allison/corythoichthys_haematopterus_PSMC/data/mkBAM/Cha_denovoSSL_20k_PSMC/denovoSSL_20k_PSMC/joblog/denovoSSL_20k_mpileup-876912.out': No such file or directory
mv: cannot move 'denovoSSL_20k_mpileup-876913.out' to '/home/e1garcia/shotgun_PIRE/REUs/2022_REU/Allison/corythoichthys_haematopterus_PSMC/data/mkBAM/Cha_denovoSSL_20k_PSMC/denovoSSL_20k_PSMC/joblog/denovoSSL_20k_mpileup-876913.out': No such file or directory
mv: 'denovoSSL_20k_mpileup-876915.out' and '/home/e1garcia/shotgun_PIRE/REUs/2022_REU/Allison/corythoichthys_haematopterus_PSMC/data/mkBAM/Cha_denovoSSL_20k_PSMC/denovoSSL_20k_PSMC/joblog/denovoSSL_20k_mpileup-876915.out' are the same file
mv: 'denovoSSL_20k_mpileup-876916.out' and '/home/e1garcia/shotgun_PIRE/REUs/2022_REU/Allison/corythoichthys_haematopterus_PSMC/data/mkBAM/Cha_denovoSSL_20k_PSMC/denovoSSL_20k_PSMC/joblog/denovoSSL_20k_mpileup-876916.out' are the same file
mv: 'denovoSSL_20k_mpileup-876917.out' and '/home/e1garcia/shotgun_PIRE/REUs/2022_REU/Allison/corythoichthys_haematopterus_PSMC/data/mkBAM/Cha_denovoSSL_20k_PSMC/denovoSSL_20k_PSMC/joblog/denovoSSL_20k_mpileup-876917.out' are the same file
mv: 'denovoSSL_20k_mpileup-876918.out' and '/home/e1garcia/shotgun_PIRE/REUs/2022_REU/Allison/corythoichthys_haematopterus_PSMC/data/mkBAM/Cha_denovoSSL_20k_PSMC/denovoSSL_20k_PSMC/joblog/denovoSSL_20k_mpileup-876918.out' are the same file
mv: 'denovoSSL_20k_mpileup-876919.out' and '/home/e1garcia/shotgun_PIRE/REUs/2022_REU/Allison/corythoichthys_haematopterus_PSMC/data/mkBAM/Cha_denovoSSL_20k_PSMC/denovoSSL_20k_PSMC/joblog/denovoSSL_20k_mpileup-876919.out' are the same file
mv: cannot move 'denovoSSL_20k_mpileup-876920.out' to '/home/e1garcia/shotgun_PIRE/REUs/2022_REU/Allison/corythoichthys_haematopterus_PSMC/data/mkBAM/Cha_denovoSSL_20k_PSMC/denovoSSL_20k_PSMC/joblog/denovoSSL_20k_mpileup-876920.out': No such file or directory
