
[warning] samtools mpileup option `u` is functional, but deprecated. Please switch to using bcftools mpileup in future.
[E::mpileup] fail to parse region '1782' with /home/e1garcia/shotgun_PIRE/REUs/2022_REU/Allison/corythoichthys_haematopterus_PSMC/data/mkBAM/Cha_denovoSSL_20k_PSMC/Cha_denovoSSL_20k_merged.bam
Note: none of --samples-file, --ploidy or --ploidy-file given, assuming all sites are diploid
Failed to read from standard input: unknown file type
Use of uninitialized value $l in numeric lt (<) at /opt/intel64/bin/vcfutils.pl line 566.
Use of uninitialized value $l in numeric lt (<) at /opt/intel64/bin/vcfutils.pl line 566.
mv: cannot stat 'denovoSSL_20k_mpileup-878535.out': No such file or directory
mv: cannot stat 'denovoSSL_20k_mpileup-878536.out': No such file or directory
mv: cannot stat 'denovoSSL_20k_mpileup-878537.out': No such file or directory
mv: cannot stat 'denovoSSL_20k_mpileup-878538.out': No such file or directory
mv: cannot stat 'denovoSSL_20k_mpileup-878539.out': No such file or directory
mv: cannot stat 'denovoSSL_20k_mpileup-878540.out': No such file or directory
mv: cannot stat 'denovoSSL_20k_mpileup-878541.out': No such file or directory
mv: cannot stat 'denovoSSL_20k_mpileup-878542.out': No such file or directory
mv: cannot stat 'denovoSSL_20k_mpileup-878543.out': No such file or directory
mv: cannot stat 'denovoSSL_20k_mpileup-878544.out': No such file or directory
mv: 'denovoSSL_20k_mpileup-878545.out' and '/home/e1garcia/shotgun_PIRE/REUs/2022_REU/Allison/corythoichthys_haematopterus_PSMC/data/mkBAM/Cha_denovoSSL_20k_PSMC/denovoSSL_20k_PSMC/joblog/denovoSSL_20k_mpileup-878545.out' are the same file
mv: 'denovoSSL_20k_mpileup-878546.out' and '/home/e1garcia/shotgun_PIRE/REUs/2022_REU/Allison/corythoichthys_haematopterus_PSMC/data/mkBAM/Cha_denovoSSL_20k_PSMC/denovoSSL_20k_PSMC/joblog/denovoSSL_20k_mpileup-878546.out' are the same file
mv: cannot stat 'denovoSSL_20k_mpileup-878547.out': No such file or directory
mv: 'denovoSSL_20k_mpileup-878548.out' and '/home/e1garcia/shotgun_PIRE/REUs/2022_REU/Allison/corythoichthys_haematopterus_PSMC/data/mkBAM/Cha_denovoSSL_20k_PSMC/denovoSSL_20k_PSMC/joblog/denovoSSL_20k_mpileup-878548.out' are the same file
mv: 'denovoSSL_20k_mpileup-878549.out' and '/home/e1garcia/shotgun_PIRE/REUs/2022_REU/Allison/corythoichthys_haematopterus_PSMC/data/mkBAM/Cha_denovoSSL_20k_PSMC/denovoSSL_20k_PSMC/joblog/denovoSSL_20k_mpileup-878549.out' are the same file
mv: 'denovoSSL_20k_mpileup-878550.out' and '/home/e1garcia/shotgun_PIRE/REUs/2022_REU/Allison/corythoichthys_haematopterus_PSMC/data/mkBAM/Cha_denovoSSL_20k_PSMC/denovoSSL_20k_PSMC/joblog/denovoSSL_20k_mpileup-878550.out' are the same file
mv: 'denovoSSL_20k_mpileup-878551.out' and '/home/e1garcia/shotgun_PIRE/REUs/2022_REU/Allison/corythoichthys_haematopterus_PSMC/data/mkBAM/Cha_denovoSSL_20k_PSMC/denovoSSL_20k_PSMC/joblog/denovoSSL_20k_mpileup-878551.out' are the same file
mv: cannot stat 'denovoSSL_20k_mpileup-878552.out': No such file or directory
mv: 'denovoSSL_20k_mpileup-878553.out' and '/home/e1garcia/shotgun_PIRE/REUs/2022_REU/Allison/corythoichthys_haematopterus_PSMC/data/mkBAM/Cha_denovoSSL_20k_PSMC/denovoSSL_20k_PSMC/joblog/denovoSSL_20k_mpileup-878553.out' are the same file
mv: 'denovoSSL_20k_mpileup-878554.out' and '/home/e1garcia/shotgun_PIRE/REUs/2022_REU/Allison/corythoichthys_haematopterus_PSMC/data/mkBAM/Cha_denovoSSL_20k_PSMC/denovoSSL_20k_PSMC/joblog/denovoSSL_20k_mpileup-878554.out' are the same file
mv: 'denovoSSL_20k_mpileup-878555.out' and '/home/e1garcia/shotgun_PIRE/REUs/2022_REU/Allison/corythoichthys_haematopterus_PSMC/data/mkBAM/Cha_denovoSSL_20k_PSMC/denovoSSL_20k_PSMC/joblog/denovoSSL_20k_mpileup-878555.out' are the same file
mv: 'denovoSSL_20k_mpileup-878556.out' and '/home/e1garcia/shotgun_PIRE/REUs/2022_REU/Allison/corythoichthys_haematopterus_PSMC/data/mkBAM/Cha_denovoSSL_20k_PSMC/denovoSSL_20k_PSMC/joblog/denovoSSL_20k_mpileup-878556.out' are the same file
mv: 'denovoSSL_20k_mpileup-878557.out' and '/home/e1garcia/shotgun_PIRE/REUs/2022_REU/Allison/corythoichthys_haematopterus_PSMC/data/mkBAM/Cha_denovoSSL_20k_PSMC/denovoSSL_20k_PSMC/joblog/denovoSSL_20k_mpileup-878557.out' are the same file
mv: 'denovoSSL_20k_mpileup-878558.out' and '/home/e1garcia/shotgun_PIRE/REUs/2022_REU/Allison/corythoichthys_haematopterus_PSMC/data/mkBAM/Cha_denovoSSL_20k_PSMC/denovoSSL_20k_PSMC/joblog/denovoSSL_20k_mpileup-878558.out' are the same file
mv: 'denovoSSL_20k_mpileup-878559.out' and '/home/e1garcia/shotgun_PIRE/REUs/2022_REU/Allison/corythoichthys_haematopterus_PSMC/data/mkBAM/Cha_denovoSSL_20k_PSMC/denovoSSL_20k_PSMC/joblog/denovoSSL_20k_mpileup-878559.out' are the same file
mv: 'denovoSSL_20k_mpileup-878560.out' and '/home/e1garcia/shotgun_PIRE/REUs/2022_REU/Allison/corythoichthys_haematopterus_PSMC/data/mkBAM/Cha_denovoSSL_20k_PSMC/denovoSSL_20k_PSMC/joblog/denovoSSL_20k_mpileup-878560.out' are the same file
