
[warning] samtools mpileup option `u` is functional, but deprecated. Please switch to using bcftools mpileup in future.
[E::mpileup] fail to parse region '1354' with /home/e1garcia/shotgun_PIRE/REUs/2022_REU/Allison/corythoichthys_haematopterus_PSMC/data/mkBAM/Cha_denovoSSL_20k_PSMC/Cha_denovoSSL_20k_merged.bam
Note: none of --samples-file, --ploidy or --ploidy-file given, assuming all sites are diploid
Failed to read from standard input: unknown file type
Use of uninitialized value $l in numeric lt (<) at /opt/intel64/bin/vcfutils.pl line 566.
Use of uninitialized value $l in numeric lt (<) at /opt/intel64/bin/vcfutils.pl line 566.
mv: cannot stat 'denovoSSL_20k_mpileup-878100.out': No such file or directory
mv: cannot stat 'denovoSSL_20k_mpileup-878101.out': No such file or directory
mv: cannot stat 'denovoSSL_20k_mpileup-878102.out': No such file or directory
mv: cannot stat 'denovoSSL_20k_mpileup-878103.out': No such file or directory
mv: cannot stat 'denovoSSL_20k_mpileup-878104.out': No such file or directory
mv: cannot stat 'denovoSSL_20k_mpileup-878105.out': No such file or directory
mv: cannot stat 'denovoSSL_20k_mpileup-878106.out': No such file or directory
mv: cannot stat 'denovoSSL_20k_mpileup-878107.out': No such file or directory
mv: cannot stat 'denovoSSL_20k_mpileup-878108.out': No such file or directory
mv: 'denovoSSL_20k_mpileup-878109.out' and '/home/e1garcia/shotgun_PIRE/REUs/2022_REU/Allison/corythoichthys_haematopterus_PSMC/data/mkBAM/Cha_denovoSSL_20k_PSMC/denovoSSL_20k_PSMC/joblog/denovoSSL_20k_mpileup-878109.out' are the same file
mv: 'denovoSSL_20k_mpileup-878110.out' and '/home/e1garcia/shotgun_PIRE/REUs/2022_REU/Allison/corythoichthys_haematopterus_PSMC/data/mkBAM/Cha_denovoSSL_20k_PSMC/denovoSSL_20k_PSMC/joblog/denovoSSL_20k_mpileup-878110.out' are the same file
mv: cannot stat 'denovoSSL_20k_mpileup-878111.out': No such file or directory
mv: cannot stat 'denovoSSL_20k_mpileup-878112.out': No such file or directory
mv: cannot stat 'denovoSSL_20k_mpileup-878113.out': No such file or directory
mv: 'denovoSSL_20k_mpileup-878114.out' and '/home/e1garcia/shotgun_PIRE/REUs/2022_REU/Allison/corythoichthys_haematopterus_PSMC/data/mkBAM/Cha_denovoSSL_20k_PSMC/denovoSSL_20k_PSMC/joblog/denovoSSL_20k_mpileup-878114.out' are the same file
mv: 'denovoSSL_20k_mpileup-878115.out' and '/home/e1garcia/shotgun_PIRE/REUs/2022_REU/Allison/corythoichthys_haematopterus_PSMC/data/mkBAM/Cha_denovoSSL_20k_PSMC/denovoSSL_20k_PSMC/joblog/denovoSSL_20k_mpileup-878115.out' are the same file
mv: cannot stat 'denovoSSL_20k_mpileup-878116.out': No such file or directory
mv: cannot stat 'denovoSSL_20k_mpileup-878117.out': No such file or directory
mv: cannot stat 'denovoSSL_20k_mpileup-878118.out': No such file or directory
mv: 'denovoSSL_20k_mpileup-878119.out' and '/home/e1garcia/shotgun_PIRE/REUs/2022_REU/Allison/corythoichthys_haematopterus_PSMC/data/mkBAM/Cha_denovoSSL_20k_PSMC/denovoSSL_20k_PSMC/joblog/denovoSSL_20k_mpileup-878119.out' are the same file
mv: 'denovoSSL_20k_mpileup-878120.out' and '/home/e1garcia/shotgun_PIRE/REUs/2022_REU/Allison/corythoichthys_haematopterus_PSMC/data/mkBAM/Cha_denovoSSL_20k_PSMC/denovoSSL_20k_PSMC/joblog/denovoSSL_20k_mpileup-878120.out' are the same file
mv: 'denovoSSL_20k_mpileup-878121.out' and '/home/e1garcia/shotgun_PIRE/REUs/2022_REU/Allison/corythoichthys_haematopterus_PSMC/data/mkBAM/Cha_denovoSSL_20k_PSMC/denovoSSL_20k_PSMC/joblog/denovoSSL_20k_mpileup-878121.out' are the same file
mv: cannot stat 'denovoSSL_20k_mpileup-878122.out': No such file or directory
mv: 'denovoSSL_20k_mpileup-878123.out' and '/home/e1garcia/shotgun_PIRE/REUs/2022_REU/Allison/corythoichthys_haematopterus_PSMC/data/mkBAM/Cha_denovoSSL_20k_PSMC/denovoSSL_20k_PSMC/joblog/denovoSSL_20k_mpileup-878123.out' are the same file
mv: 'denovoSSL_20k_mpileup-878124.out' and '/home/e1garcia/shotgun_PIRE/REUs/2022_REU/Allison/corythoichthys_haematopterus_PSMC/data/mkBAM/Cha_denovoSSL_20k_PSMC/denovoSSL_20k_PSMC/joblog/denovoSSL_20k_mpileup-878124.out' are the same file
mv: 'denovoSSL_20k_mpileup-878125.out' and '/home/e1garcia/shotgun_PIRE/REUs/2022_REU/Allison/corythoichthys_haematopterus_PSMC/data/mkBAM/Cha_denovoSSL_20k_PSMC/denovoSSL_20k_PSMC/joblog/denovoSSL_20k_mpileup-878125.out' are the same file
mv: 'denovoSSL_20k_mpileup-878126.out' and '/home/e1garcia/shotgun_PIRE/REUs/2022_REU/Allison/corythoichthys_haematopterus_PSMC/data/mkBAM/Cha_denovoSSL_20k_PSMC/denovoSSL_20k_PSMC/joblog/denovoSSL_20k_mpileup-878126.out' are the same file
mv: 'denovoSSL_20k_mpileup-878127.out' and '/home/e1garcia/shotgun_PIRE/REUs/2022_REU/Allison/corythoichthys_haematopterus_PSMC/data/mkBAM/Cha_denovoSSL_20k_PSMC/denovoSSL_20k_PSMC/joblog/denovoSSL_20k_mpileup-878127.out' are the same file
mv: cannot stat 'denovoSSL_20k_mpileup-878128.out': No such file or directory
mv: cannot stat 'denovoSSL_20k_mpileup-878129.out': No such file or directory
mv: 'denovoSSL_20k_mpileup-878130.out' and '/home/e1garcia/shotgun_PIRE/REUs/2022_REU/Allison/corythoichthys_haematopterus_PSMC/data/mkBAM/Cha_denovoSSL_20k_PSMC/denovoSSL_20k_PSMC/joblog/denovoSSL_20k_mpileup-878130.out' are the same file
