
[warning] samtools mpileup option `u` is functional, but deprecated. Please switch to using bcftools mpileup in future.
[mpileup] 3 samples in 1 input files
Note: none of --samples-file, --ploidy or --ploidy-file given, assuming all sites are diploid
mv: 'denovoSSL_20k_mpileup-943759.out' and '/home/e1garcia/shotgun_PIRE/REUs/2022_REU/erykamolino/taeniamia_zosterophora_PSMC/data/mkBAM/Tzo_denovoSSL_20k_PSMC/denovoSSL_20k_PSMC/joblog/denovoSSL_20k_mpileup-943759.out' are the same file
mv: cannot move 'denovoSSL_20k_mpileup-943760.out' to '/home/e1garcia/shotgun_PIRE/REUs/2022_REU/erykamolino/taeniamia_zosterophora_PSMC/data/mkBAM/Tzo_denovoSSL_20k_PSMC/denovoSSL_20k_PSMC/joblog/denovoSSL_20k_mpileup-943760.out': No such file or directory
mv: 'denovoSSL_20k_mpileup-943762.out' and '/home/e1garcia/shotgun_PIRE/REUs/2022_REU/erykamolino/taeniamia_zosterophora_PSMC/data/mkBAM/Tzo_denovoSSL_20k_PSMC/denovoSSL_20k_PSMC/joblog/denovoSSL_20k_mpileup-943762.out' are the same file
mv: 'denovoSSL_20k_mpileup-943763.out' and '/home/e1garcia/shotgun_PIRE/REUs/2022_REU/erykamolino/taeniamia_zosterophora_PSMC/data/mkBAM/Tzo_denovoSSL_20k_PSMC/denovoSSL_20k_PSMC/joblog/denovoSSL_20k_mpileup-943763.out' are the same file
mv: 'denovoSSL_20k_mpileup-943764.out' and '/home/e1garcia/shotgun_PIRE/REUs/2022_REU/erykamolino/taeniamia_zosterophora_PSMC/data/mkBAM/Tzo_denovoSSL_20k_PSMC/denovoSSL_20k_PSMC/joblog/denovoSSL_20k_mpileup-943764.out' are the same file
mv: 'denovoSSL_20k_mpileup-943765.out' and '/home/e1garcia/shotgun_PIRE/REUs/2022_REU/erykamolino/taeniamia_zosterophora_PSMC/data/mkBAM/Tzo_denovoSSL_20k_PSMC/denovoSSL_20k_PSMC/joblog/denovoSSL_20k_mpileup-943765.out' are the same file
mv: 'denovoSSL_20k_mpileup-943766.out' and '/home/e1garcia/shotgun_PIRE/REUs/2022_REU/erykamolino/taeniamia_zosterophora_PSMC/data/mkBAM/Tzo_denovoSSL_20k_PSMC/denovoSSL_20k_PSMC/joblog/denovoSSL_20k_mpileup-943766.out' are the same file
mv: 'denovoSSL_20k_mpileup-943767.out' and '/home/e1garcia/shotgun_PIRE/REUs/2022_REU/erykamolino/taeniamia_zosterophora_PSMC/data/mkBAM/Tzo_denovoSSL_20k_PSMC/denovoSSL_20k_PSMC/joblog/denovoSSL_20k_mpileup-943767.out' are the same file
mv: 'denovoSSL_20k_mpileup-943768.out' and '/home/e1garcia/shotgun_PIRE/REUs/2022_REU/erykamolino/taeniamia_zosterophora_PSMC/data/mkBAM/Tzo_denovoSSL_20k_PSMC/denovoSSL_20k_PSMC/joblog/denovoSSL_20k_mpileup-943768.out' are the same file
mv: 'denovoSSL_20k_mpileup-943769.out' and '/home/e1garcia/shotgun_PIRE/REUs/2022_REU/erykamolino/taeniamia_zosterophora_PSMC/data/mkBAM/Tzo_denovoSSL_20k_PSMC/denovoSSL_20k_PSMC/joblog/denovoSSL_20k_mpileup-943769.out' are the same file
mv: 'denovoSSL_20k_mpileup-943770.out' and '/home/e1garcia/shotgun_PIRE/REUs/2022_REU/erykamolino/taeniamia_zosterophora_PSMC/data/mkBAM/Tzo_denovoSSL_20k_PSMC/denovoSSL_20k_PSMC/joblog/denovoSSL_20k_mpileup-943770.out' are the same file
mv: 'denovoSSL_20k_mpileup-943771.out' and '/home/e1garcia/shotgun_PIRE/REUs/2022_REU/erykamolino/taeniamia_zosterophora_PSMC/data/mkBAM/Tzo_denovoSSL_20k_PSMC/denovoSSL_20k_PSMC/joblog/denovoSSL_20k_mpileup-943771.out' are the same file
mv: 'denovoSSL_20k_mpileup-943772.out' and '/home/e1garcia/shotgun_PIRE/REUs/2022_REU/erykamolino/taeniamia_zosterophora_PSMC/data/mkBAM/Tzo_denovoSSL_20k_PSMC/denovoSSL_20k_PSMC/joblog/denovoSSL_20k_mpileup-943772.out' are the same file
mv: 'denovoSSL_20k_mpileup-943773.out' and '/home/e1garcia/shotgun_PIRE/REUs/2022_REU/erykamolino/taeniamia_zosterophora_PSMC/data/mkBAM/Tzo_denovoSSL_20k_PSMC/denovoSSL_20k_PSMC/joblog/denovoSSL_20k_mpileup-943773.out' are the same file
mv: 'denovoSSL_20k_mpileup-943774.out' and '/home/e1garcia/shotgun_PIRE/REUs/2022_REU/erykamolino/taeniamia_zosterophora_PSMC/data/mkBAM/Tzo_denovoSSL_20k_PSMC/denovoSSL_20k_PSMC/joblog/denovoSSL_20k_mpileup-943774.out' are the same file
mv: 'denovoSSL_20k_mpileup-943775.out' and '/home/e1garcia/shotgun_PIRE/REUs/2022_REU/erykamolino/taeniamia_zosterophora_PSMC/data/mkBAM/Tzo_denovoSSL_20k_PSMC/denovoSSL_20k_PSMC/joblog/denovoSSL_20k_mpileup-943775.out' are the same file
mv: 'denovoSSL_20k_mpileup-943776.out' and '/home/e1garcia/shotgun_PIRE/REUs/2022_REU/erykamolino/taeniamia_zosterophora_PSMC/data/mkBAM/Tzo_denovoSSL_20k_PSMC/denovoSSL_20k_PSMC/joblog/denovoSSL_20k_mpileup-943776.out' are the same file
mv: 'denovoSSL_20k_mpileup-943777.out' and '/home/e1garcia/shotgun_PIRE/REUs/2022_REU/erykamolino/taeniamia_zosterophora_PSMC/data/mkBAM/Tzo_denovoSSL_20k_PSMC/denovoSSL_20k_PSMC/joblog/denovoSSL_20k_mpileup-943777.out' are the same file
mv: 'denovoSSL_20k_mpileup-943778.out' and '/home/e1garcia/shotgun_PIRE/REUs/2022_REU/erykamolino/taeniamia_zosterophora_PSMC/data/mkBAM/Tzo_denovoSSL_20k_PSMC/denovoSSL_20k_PSMC/joblog/denovoSSL_20k_mpileup-943778.out' are the same file
mv: 'denovoSSL_20k_mpileup-943779.out' and '/home/e1garcia/shotgun_PIRE/REUs/2022_REU/erykamolino/taeniamia_zosterophora_PSMC/data/mkBAM/Tzo_denovoSSL_20k_PSMC/denovoSSL_20k_PSMC/joblog/denovoSSL_20k_mpileup-943779.out' are the same file
