
[warning] samtools mpileup option `u` is functional, but deprecated. Please switch to using bcftools mpileup in future.
[mpileup] 3 samples in 1 input files
Note: none of --samples-file, --ploidy or --ploidy-file given, assuming all sites are diploid
mv: 'denovoSSL_20k_mpileup-950032.out' and '/home/e1garcia/shotgun_PIRE/REUs/2022_REU/erykamolino/taeniamia_zosterophora_PSMC/data/mkBAM/Tzo_denovoSSL_20k_PSMC/denovoSSL_20k_PSMC/joblog/denovoSSL_20k_mpileup-950032.out' are the same file
mv: 'denovoSSL_20k_mpileup-950033.out' and '/home/e1garcia/shotgun_PIRE/REUs/2022_REU/erykamolino/taeniamia_zosterophora_PSMC/data/mkBAM/Tzo_denovoSSL_20k_PSMC/denovoSSL_20k_PSMC/joblog/denovoSSL_20k_mpileup-950033.out' are the same file
mv: cannot move 'denovoSSL_20k_mpileup-950034.out' to '/home/e1garcia/shotgun_PIRE/REUs/2022_REU/erykamolino/taeniamia_zosterophora_PSMC/data/mkBAM/Tzo_denovoSSL_20k_PSMC/denovoSSL_20k_PSMC/joblog/denovoSSL_20k_mpileup-950034.out': No such file or directory
mv: 'denovoSSL_20k_mpileup-950035.out' and '/home/e1garcia/shotgun_PIRE/REUs/2022_REU/erykamolino/taeniamia_zosterophora_PSMC/data/mkBAM/Tzo_denovoSSL_20k_PSMC/denovoSSL_20k_PSMC/joblog/denovoSSL_20k_mpileup-950035.out' are the same file
mv: 'denovoSSL_20k_mpileup-950036.out' and '/home/e1garcia/shotgun_PIRE/REUs/2022_REU/erykamolino/taeniamia_zosterophora_PSMC/data/mkBAM/Tzo_denovoSSL_20k_PSMC/denovoSSL_20k_PSMC/joblog/denovoSSL_20k_mpileup-950036.out' are the same file
mv: 'denovoSSL_20k_mpileup-950037.out' and '/home/e1garcia/shotgun_PIRE/REUs/2022_REU/erykamolino/taeniamia_zosterophora_PSMC/data/mkBAM/Tzo_denovoSSL_20k_PSMC/denovoSSL_20k_PSMC/joblog/denovoSSL_20k_mpileup-950037.out' are the same file
mv: cannot stat 'denovoSSL_20k_mpileup-950038.out': No such file or directory
mv: cannot stat 'denovoSSL_20k_mpileup-950039.out': No such file or directory
mv: cannot stat 'denovoSSL_20k_mpileup-950040.out': No such file or directory
mv: 'denovoSSL_20k_mpileup-950041.out' and '/home/e1garcia/shotgun_PIRE/REUs/2022_REU/erykamolino/taeniamia_zosterophora_PSMC/data/mkBAM/Tzo_denovoSSL_20k_PSMC/denovoSSL_20k_PSMC/joblog/denovoSSL_20k_mpileup-950041.out' are the same file
mv: 'denovoSSL_20k_mpileup-950042.out' and '/home/e1garcia/shotgun_PIRE/REUs/2022_REU/erykamolino/taeniamia_zosterophora_PSMC/data/mkBAM/Tzo_denovoSSL_20k_PSMC/denovoSSL_20k_PSMC/joblog/denovoSSL_20k_mpileup-950042.out' are the same file
mv: cannot stat 'denovoSSL_20k_mpileup-950043.out': No such file or directory
mv: 'denovoSSL_20k_mpileup-950044.out' and '/home/e1garcia/shotgun_PIRE/REUs/2022_REU/erykamolino/taeniamia_zosterophora_PSMC/data/mkBAM/Tzo_denovoSSL_20k_PSMC/denovoSSL_20k_PSMC/joblog/denovoSSL_20k_mpileup-950044.out' are the same file
mv: cannot stat 'denovoSSL_20k_mpileup-950045.out': No such file or directory
mv: 'denovoSSL_20k_mpileup-950046.out' and '/home/e1garcia/shotgun_PIRE/REUs/2022_REU/erykamolino/taeniamia_zosterophora_PSMC/data/mkBAM/Tzo_denovoSSL_20k_PSMC/denovoSSL_20k_PSMC/joblog/denovoSSL_20k_mpileup-950046.out' are the same file
mv: cannot stat 'denovoSSL_20k_mpileup-950047.out': No such file or directory
mv: cannot stat 'denovoSSL_20k_mpileup-950048.out': No such file or directory
mv: 'denovoSSL_20k_mpileup-950049.out' and '/home/e1garcia/shotgun_PIRE/REUs/2022_REU/erykamolino/taeniamia_zosterophora_PSMC/data/mkBAM/Tzo_denovoSSL_20k_PSMC/denovoSSL_20k_PSMC/joblog/denovoSSL_20k_mpileup-950049.out' are the same file
mv: 'denovoSSL_20k_mpileup-950052.out' and '/home/e1garcia/shotgun_PIRE/REUs/2022_REU/erykamolino/taeniamia_zosterophora_PSMC/data/mkBAM/Tzo_denovoSSL_20k_PSMC/denovoSSL_20k_PSMC/joblog/denovoSSL_20k_mpileup-950052.out' are the same file
mv: cannot stat 'denovoSSL_20k_mpileup-950055.out': No such file or directory
