
[warning] samtools mpileup option `u` is functional, but deprecated. Please switch to using bcftools mpileup in future.
[mpileup] 3 samples in 1 input files
Note: none of --samples-file, --ploidy or --ploidy-file given, assuming all sites are diploid
mv: cannot stat 'denovoSSL_20k_mpileup-949438.out': No such file or directory
mv: cannot stat 'denovoSSL_20k_mpileup-949439.out': No such file or directory
mv: cannot stat 'denovoSSL_20k_mpileup-949440.out': No such file or directory
mv: cannot stat 'denovoSSL_20k_mpileup-949441.out': No such file or directory
mv: cannot stat 'denovoSSL_20k_mpileup-949442.out': No such file or directory
mv: cannot stat 'denovoSSL_20k_mpileup-949443.out': No such file or directory
mv: cannot stat 'denovoSSL_20k_mpileup-949444.out': No such file or directory
mv: cannot stat 'denovoSSL_20k_mpileup-949445.out': No such file or directory
mv: cannot stat 'denovoSSL_20k_mpileup-949446.out': No such file or directory
mv: 'denovoSSL_20k_mpileup-949447.out' and '/home/e1garcia/shotgun_PIRE/REUs/2022_REU/erykamolino/taeniamia_zosterophora_PSMC/data/mkBAM/Tzo_denovoSSL_20k_PSMC/denovoSSL_20k_PSMC/joblog/denovoSSL_20k_mpileup-949447.out' are the same file
mv: cannot stat 'denovoSSL_20k_mpileup-949448.out': No such file or directory
mv: cannot stat 'denovoSSL_20k_mpileup-949449.out': No such file or directory
mv: cannot stat 'denovoSSL_20k_mpileup-949450.out': No such file or directory
mv: cannot stat 'denovoSSL_20k_mpileup-949451.out': No such file or directory
mv: cannot stat 'denovoSSL_20k_mpileup-949452.out': No such file or directory
mv: 'denovoSSL_20k_mpileup-949454.out' and '/home/e1garcia/shotgun_PIRE/REUs/2022_REU/erykamolino/taeniamia_zosterophora_PSMC/data/mkBAM/Tzo_denovoSSL_20k_PSMC/denovoSSL_20k_PSMC/joblog/denovoSSL_20k_mpileup-949454.out' are the same file
mv: 'denovoSSL_20k_mpileup-949455.out' and '/home/e1garcia/shotgun_PIRE/REUs/2022_REU/erykamolino/taeniamia_zosterophora_PSMC/data/mkBAM/Tzo_denovoSSL_20k_PSMC/denovoSSL_20k_PSMC/joblog/denovoSSL_20k_mpileup-949455.out' are the same file
