
[warning] samtools mpileup option `u` is functional, but deprecated. Please switch to using bcftools mpileup in future.
[mpileup] 3 samples in 1 input files
Note: none of --samples-file, --ploidy or --ploidy-file given, assuming all sites are diploid
mv: cannot stat 'denovoSSL_20k_mpileup-947577.out': No such file or directory
mv: cannot stat 'denovoSSL_20k_mpileup-947578.out': No such file or directory
mv: cannot stat 'denovoSSL_20k_mpileup-947579.out': No such file or directory
mv: cannot stat 'denovoSSL_20k_mpileup-947580.out': No such file or directory
mv: cannot stat 'denovoSSL_20k_mpileup-947581.out': No such file or directory
mv: cannot stat 'denovoSSL_20k_mpileup-947582.out': No such file or directory
mv: cannot stat 'denovoSSL_20k_mpileup-947583.out': No such file or directory
mv: cannot stat 'denovoSSL_20k_mpileup-947584.out': No such file or directory
mv: cannot stat 'denovoSSL_20k_mpileup-947585.out': No such file or directory
mv: cannot stat 'denovoSSL_20k_mpileup-947586.out': No such file or directory
mv: cannot stat 'denovoSSL_20k_mpileup-947587.out': No such file or directory
mv: 'denovoSSL_20k_mpileup-947588.out' and '/home/e1garcia/shotgun_PIRE/REUs/2022_REU/erykamolino/taeniamia_zosterophora_PSMC/data/mkBAM/Tzo_denovoSSL_20k_PSMC/denovoSSL_20k_PSMC/joblog/denovoSSL_20k_mpileup-947588.out' are the same file
mv: 'denovoSSL_20k_mpileup-947589.out' and '/home/e1garcia/shotgun_PIRE/REUs/2022_REU/erykamolino/taeniamia_zosterophora_PSMC/data/mkBAM/Tzo_denovoSSL_20k_PSMC/denovoSSL_20k_PSMC/joblog/denovoSSL_20k_mpileup-947589.out' are the same file
mv: cannot stat 'denovoSSL_20k_mpileup-947590.out': No such file or directory
mv: cannot stat 'denovoSSL_20k_mpileup-947591.out': No such file or directory
mv: cannot stat 'denovoSSL_20k_mpileup-947592.out': No such file or directory
mv: cannot stat 'denovoSSL_20k_mpileup-947593.out': No such file or directory
