
[warning] samtools mpileup option `u` is functional, but deprecated. Please switch to using bcftools mpileup in future.
[mpileup] 3 samples in 1 input files
Note: none of --samples-file, --ploidy or --ploidy-file given, assuming all sites are diploid
mv: cannot stat 'denovoSSL_20k_mpileup-948707.out': No such file or directory
mv: cannot stat 'denovoSSL_20k_mpileup-948708.out': No such file or directory
mv: cannot stat 'denovoSSL_20k_mpileup-948709.out': No such file or directory
mv: cannot stat 'denovoSSL_20k_mpileup-948710.out': No such file or directory
mv: cannot stat 'denovoSSL_20k_mpileup-948711.out': No such file or directory
mv: cannot stat 'denovoSSL_20k_mpileup-948712.out': No such file or directory
mv: cannot stat 'denovoSSL_20k_mpileup-948713.out': No such file or directory
mv: cannot stat 'denovoSSL_20k_mpileup-948714.out': No such file or directory
mv: 'denovoSSL_20k_mpileup-948715.out' and '/home/e1garcia/shotgun_PIRE/REUs/2022_REU/erykamolino/taeniamia_zosterophora_PSMC/data/mkBAM/Tzo_denovoSSL_20k_PSMC/denovoSSL_20k_PSMC/joblog/denovoSSL_20k_mpileup-948715.out' are the same file
mv: 'denovoSSL_20k_mpileup-948716.out' and '/home/e1garcia/shotgun_PIRE/REUs/2022_REU/erykamolino/taeniamia_zosterophora_PSMC/data/mkBAM/Tzo_denovoSSL_20k_PSMC/denovoSSL_20k_PSMC/joblog/denovoSSL_20k_mpileup-948716.out' are the same file
mv: cannot stat 'denovoSSL_20k_mpileup-948717.out': No such file or directory
mv: cannot stat 'denovoSSL_20k_mpileup-948718.out': No such file or directory
mv: cannot stat 'denovoSSL_20k_mpileup-948719.out': No such file or directory
mv: 'denovoSSL_20k_mpileup-948720.out' and '/home/e1garcia/shotgun_PIRE/REUs/2022_REU/erykamolino/taeniamia_zosterophora_PSMC/data/mkBAM/Tzo_denovoSSL_20k_PSMC/denovoSSL_20k_PSMC/joblog/denovoSSL_20k_mpileup-948720.out' are the same file
mv: 'denovoSSL_20k_mpileup-948721.out' and '/home/e1garcia/shotgun_PIRE/REUs/2022_REU/erykamolino/taeniamia_zosterophora_PSMC/data/mkBAM/Tzo_denovoSSL_20k_PSMC/denovoSSL_20k_PSMC/joblog/denovoSSL_20k_mpileup-948721.out' are the same file
mv: cannot stat 'denovoSSL_20k_mpileup-948723.out': No such file or directory
mv: cannot stat 'denovoSSL_20k_mpileup-948726.out': No such file or directory
mv: cannot stat 'denovoSSL_20k_mpileup-948728.out': No such file or directory
mv: cannot stat 'denovoSSL_20k_mpileup-948730.out': No such file or directory
mv: cannot stat 'denovoSSL_20k_mpileup-948731.out': No such file or directory
mv: cannot stat 'denovoSSL_20k_mpileup-948732.out': No such file or directory
mv: cannot stat 'denovoSSL_20k_mpileup-948733.out': No such file or directory
mv: cannot stat 'denovoSSL_20k_mpileup-948734.out': No such file or directory
mv: cannot stat 'denovoSSL_20k_mpileup-948735.out': No such file or directory
