
[warning] samtools mpileup option `u` is functional, but deprecated. Please switch to using bcftools mpileup in future.
[mpileup] 3 samples in 1 input files
Note: none of --samples-file, --ploidy or --ploidy-file given, assuming all sites are diploid
mv: 'denovoSSL_20k_mpileup-945351.out' and '/home/e1garcia/shotgun_PIRE/REUs/2022_REU/erykamolino/taeniamia_zosterophora_PSMC/data/mkBAM/Tzo_denovoSSL_20k_PSMC/denovoSSL_20k_PSMC/joblog/denovoSSL_20k_mpileup-945351.out' are the same file
mv: 'denovoSSL_20k_mpileup-945352.out' and '/home/e1garcia/shotgun_PIRE/REUs/2022_REU/erykamolino/taeniamia_zosterophora_PSMC/data/mkBAM/Tzo_denovoSSL_20k_PSMC/denovoSSL_20k_PSMC/joblog/denovoSSL_20k_mpileup-945352.out' are the same file
mv: cannot move 'denovoSSL_20k_mpileup-945353.out' to '/home/e1garcia/shotgun_PIRE/REUs/2022_REU/erykamolino/taeniamia_zosterophora_PSMC/data/mkBAM/Tzo_denovoSSL_20k_PSMC/denovoSSL_20k_PSMC/joblog/denovoSSL_20k_mpileup-945353.out': No such file or directory
mv: cannot move 'denovoSSL_20k_mpileup-945354.out' to '/home/e1garcia/shotgun_PIRE/REUs/2022_REU/erykamolino/taeniamia_zosterophora_PSMC/data/mkBAM/Tzo_denovoSSL_20k_PSMC/denovoSSL_20k_PSMC/joblog/denovoSSL_20k_mpileup-945354.out': No such file or directory
mv: cannot move 'denovoSSL_20k_mpileup-945355.out' to '/home/e1garcia/shotgun_PIRE/REUs/2022_REU/erykamolino/taeniamia_zosterophora_PSMC/data/mkBAM/Tzo_denovoSSL_20k_PSMC/denovoSSL_20k_PSMC/joblog/denovoSSL_20k_mpileup-945355.out': No such file or directory
mv: 'denovoSSL_20k_mpileup-945356.out' and '/home/e1garcia/shotgun_PIRE/REUs/2022_REU/erykamolino/taeniamia_zosterophora_PSMC/data/mkBAM/Tzo_denovoSSL_20k_PSMC/denovoSSL_20k_PSMC/joblog/denovoSSL_20k_mpileup-945356.out' are the same file
mv: 'denovoSSL_20k_mpileup-945357.out' and '/home/e1garcia/shotgun_PIRE/REUs/2022_REU/erykamolino/taeniamia_zosterophora_PSMC/data/mkBAM/Tzo_denovoSSL_20k_PSMC/denovoSSL_20k_PSMC/joblog/denovoSSL_20k_mpileup-945357.out' are the same file
mv: 'denovoSSL_20k_mpileup-945358.out' and '/home/e1garcia/shotgun_PIRE/REUs/2022_REU/erykamolino/taeniamia_zosterophora_PSMC/data/mkBAM/Tzo_denovoSSL_20k_PSMC/denovoSSL_20k_PSMC/joblog/denovoSSL_20k_mpileup-945358.out' are the same file
mv: 'denovoSSL_20k_mpileup-945359.out' and '/home/e1garcia/shotgun_PIRE/REUs/2022_REU/erykamolino/taeniamia_zosterophora_PSMC/data/mkBAM/Tzo_denovoSSL_20k_PSMC/denovoSSL_20k_PSMC/joblog/denovoSSL_20k_mpileup-945359.out' are the same file
mv: 'denovoSSL_20k_mpileup-945360.out' and '/home/e1garcia/shotgun_PIRE/REUs/2022_REU/erykamolino/taeniamia_zosterophora_PSMC/data/mkBAM/Tzo_denovoSSL_20k_PSMC/denovoSSL_20k_PSMC/joblog/denovoSSL_20k_mpileup-945360.out' are the same file
mv: 'denovoSSL_20k_mpileup-945361.out' and '/home/e1garcia/shotgun_PIRE/REUs/2022_REU/erykamolino/taeniamia_zosterophora_PSMC/data/mkBAM/Tzo_denovoSSL_20k_PSMC/denovoSSL_20k_PSMC/joblog/denovoSSL_20k_mpileup-945361.out' are the same file
mv: 'denovoSSL_20k_mpileup-945362.out' and '/home/e1garcia/shotgun_PIRE/REUs/2022_REU/erykamolino/taeniamia_zosterophora_PSMC/data/mkBAM/Tzo_denovoSSL_20k_PSMC/denovoSSL_20k_PSMC/joblog/denovoSSL_20k_mpileup-945362.out' are the same file
mv: 'denovoSSL_20k_mpileup-945363.out' and '/home/e1garcia/shotgun_PIRE/REUs/2022_REU/erykamolino/taeniamia_zosterophora_PSMC/data/mkBAM/Tzo_denovoSSL_20k_PSMC/denovoSSL_20k_PSMC/joblog/denovoSSL_20k_mpileup-945363.out' are the same file
mv: 'denovoSSL_20k_mpileup-945364.out' and '/home/e1garcia/shotgun_PIRE/REUs/2022_REU/erykamolino/taeniamia_zosterophora_PSMC/data/mkBAM/Tzo_denovoSSL_20k_PSMC/denovoSSL_20k_PSMC/joblog/denovoSSL_20k_mpileup-945364.out' are the same file
mv: 'denovoSSL_20k_mpileup-945365.out' and '/home/e1garcia/shotgun_PIRE/REUs/2022_REU/erykamolino/taeniamia_zosterophora_PSMC/data/mkBAM/Tzo_denovoSSL_20k_PSMC/denovoSSL_20k_PSMC/joblog/denovoSSL_20k_mpileup-945365.out' are the same file
mv: 'denovoSSL_20k_mpileup-945366.out' and '/home/e1garcia/shotgun_PIRE/REUs/2022_REU/erykamolino/taeniamia_zosterophora_PSMC/data/mkBAM/Tzo_denovoSSL_20k_PSMC/denovoSSL_20k_PSMC/joblog/denovoSSL_20k_mpileup-945366.out' are the same file
mv: 'denovoSSL_20k_mpileup-945367.out' and '/home/e1garcia/shotgun_PIRE/REUs/2022_REU/erykamolino/taeniamia_zosterophora_PSMC/data/mkBAM/Tzo_denovoSSL_20k_PSMC/denovoSSL_20k_PSMC/joblog/denovoSSL_20k_mpileup-945367.out' are the same file
mv: 'denovoSSL_20k_mpileup-945368.out' and '/home/e1garcia/shotgun_PIRE/REUs/2022_REU/erykamolino/taeniamia_zosterophora_PSMC/data/mkBAM/Tzo_denovoSSL_20k_PSMC/denovoSSL_20k_PSMC/joblog/denovoSSL_20k_mpileup-945368.out' are the same file
