[M::bwa_idx_load_from_disk] read 0 ALT contigs
[M::process] read 2669916 sequences (400000010 bp)...
[M::mem_pestat] # candidate unique pairs for (FF, FR, RF, RR): (74, 850056, 362, 65)
[M::mem_pestat] analyzing insert size distribution for orientation FF...
[M::mem_pestat] (25, 50, 75) percentile: (231, 296, 1264)
[M::mem_pestat] low and high boundaries for computing mean and std.dev: (1, 3330)
[M::mem_pestat] mean and std.dev: (692.94, 839.88)
[M::mem_pestat] low and high boundaries for proper pairs: (1, 4363)
[M::mem_pestat] analyzing insert size distribution for orientation FR...
[M::mem_pestat] (25, 50, 75) percentile: (343, 388, 429)
[M::mem_pestat] low and high boundaries for computing mean and std.dev: (171, 601)
[M::mem_pestat] mean and std.dev: (380.26, 72.52)
[M::mem_pestat] low and high boundaries for proper pairs: (85, 687)
[M::mem_pestat] analyzing insert size distribution for orientation RF...
[M::mem_pestat] (25, 50, 75) percentile: (127, 405, 829)
[M::mem_pestat] low and high boundaries for computing mean and std.dev: (1, 2233)
[M::mem_pestat] mean and std.dev: (469.07, 398.41)
[M::mem_pestat] low and high boundaries for proper pairs: (1, 2935)
[M::mem_pestat] analyzing insert size distribution for orientation RR...
[M::mem_pestat] (25, 50, 75) percentile: (250, 310, 1671)
[M::mem_pestat] low and high boundaries for computing mean and std.dev: (1, 4513)
[M::mem_pestat] mean and std.dev: (765.05, 851.38)
[M::mem_pestat] low and high boundaries for proper pairs: (1, 5934)
[M::mem_pestat] skip orientation FF
[M::mem_pestat] skip orientation RF
[M::mem_pestat] skip orientation RR
[M::mem_process_seqs] Processed 2669916 reads in 553.275 CPU sec, 236.956 real sec
[M::process] read 2669970 sequences (400000228 bp)...
[M::process] read 2669908 sequences (400000165 bp)...
[M::mem_pestat] # candidate unique pairs for (FF, FR, RF, RR): (80, 840799, 189, 61)
[M::mem_pestat] analyzing insert size distribution for orientation FF...
[M::mem_pestat] (25, 50, 75) percentile: (250, 292, 1491)
[M::mem_pestat] low and high boundaries for computing mean and std.dev: (1, 3973)
[M::mem_pestat] mean and std.dev: (961.08, 1278.63)
[M::mem_pestat] low and high boundaries for proper pairs: (1, 6076)
[M::mem_pestat] analyzing insert size distribution for orientation FR...
[M::mem_pestat] (25, 50, 75) percentile: (342, 388, 429)
[M::mem_pestat] low and high boundaries for computing mean and std.dev: (168, 603)
[M::mem_pestat] mean and std.dev: (379.57, 73.39)
[M::mem_pestat] low and high boundaries for proper pairs: (81, 690)
[M::mem_pestat] analyzing insert size distribution for orientation RF...
[M::mem_pestat] (25, 50, 75) percentile: (346, 570, 1058)
[M::mem_pestat] low and high boundaries for computing mean and std.dev: (1, 2482)
[M::mem_pestat] mean and std.dev: (573.11, 418.57)
[M::mem_pestat] low and high boundaries for proper pairs: (1, 3194)
[M::mem_pestat] analyzing insert size distribution for orientation RR...
[M::mem_pestat] (25, 50, 75) percentile: (221, 279, 371)
[M::mem_pestat] low and high boundaries for computing mean and std.dev: (1, 671)
[M::mem_pestat] mean and std.dev: (262.16, 87.59)
[M::mem_pestat] low and high boundaries for proper pairs: (1, 821)
[M::mem_pestat] skip orientation FF
[M::mem_pestat] skip orientation RF
[M::mem_pestat] skip orientation RR
[M::mem_process_seqs] Processed 2669970 reads in 560.502 CPU sec, 141.268 real sec
[M::process] read 2669940 sequences (400000130 bp)...
[M::mem_pestat] # candidate unique pairs for (FF, FR, RF, RR): (61, 843762, 244, 56)
[M::mem_pestat] analyzing insert size distribution for orientation FF...
[M::mem_pestat] (25, 50, 75) percentile: (233, 278, 322)
[M::mem_pestat] low and high boundaries for computing mean and std.dev: (55, 500)
[M::mem_pestat] mean and std.dev: (265.68, 76.78)
[M::mem_pestat] low and high boundaries for proper pairs: (1, 589)
[M::mem_pestat] analyzing insert size distribution for orientation FR...
[M::mem_pestat] (25, 50, 75) percentile: (342, 388, 430)
[M::mem_pestat] low and high boundaries for computing mean and std.dev: (166, 606)
[M::mem_pestat] mean and std.dev: (379.23, 74.01)
[M::mem_pestat] low and high boundaries for proper pairs: (78, 694)
[M::mem_pestat] analyzing insert size distribution for orientation RF...
[M::mem_pestat] (25, 50, 75) percentile: (430, 601, 841)
[M::mem_pestat] low and high boundaries for computing mean and std.dev: (1, 1663)
[M::mem_pestat] mean and std.dev: (605.81, 254.88)
[M::mem_pestat] low and high boundaries for proper pairs: (1, 2074)
[M::mem_pestat] analyzing insert size distribution for orientation RR...
[M::mem_pestat] (25, 50, 75) percentile: (269, 303, 357)
[M::mem_pestat] low and high boundaries for computing mean and std.dev: (93, 533)
[M::mem_pestat] mean and std.dev: (285.21, 72.73)
[M::mem_pestat] low and high boundaries for proper pairs: (1, 621)
[M::mem_pestat] skip orientation FF
[M::mem_pestat] skip orientation RF
[M::mem_pestat] skip orientation RR
[M::mem_process_seqs] Processed 2669908 reads in 580.881 CPU sec, 150.751 real sec
[M::mem_pestat] # candidate unique pairs for (FF, FR, RF, RR): (68, 842579, 176, 71)
[M::mem_pestat] analyzing insert size distribution for orientation FF...
[M::mem_pestat] (25, 50, 75) percentile: (249, 317, 364)
[M::mem_pestat] low and high boundaries for computing mean and std.dev: (19, 594)
[M::mem_pestat] mean and std.dev: (286.38, 90.75)
[M::mem_pestat] low and high boundaries for proper pairs: (1, 709)
[M::mem_pestat] analyzing insert size distribution for orientation FR...
[M::mem_pestat] (25, 50, 75) percentile: (343, 388, 429)
[M::mem_pestat] low and high boundaries for computing mean and std.dev: (171, 601)
[M::mem_pestat] mean and std.dev: (380.29, 72.57)
[M::mem_pestat] low and high boundaries for proper pairs: (85, 687)
[M::mem_pestat] analyzing insert size distribution for orientation RF...
[M::mem_pestat] (25, 50, 75) percentile: (39, 383, 921)
[M::mem_pestat] low and high boundaries for computing mean and std.dev: (1, 2685)
[M::mem_pestat] mean and std.dev: (467.39, 539.04)
[M::mem_pestat] low and high boundaries for proper pairs: (1, 3567)
[M::mem_pestat] analyzing insert size distribution for orientation RR...
[M::mem_pestat] (25, 50, 75) percentile: (234, 326, 388)
[M::mem_pestat] low and high boundaries for computing mean and std.dev: (1, 696)
[M::mem_pestat] mean and std.dev: (269.80, 96.90)
[M::mem_pestat] low and high boundaries for proper pairs: (1, 850)
[M::mem_pestat] skip orientation FF
[M::mem_pestat] skip orientation RF
[M::mem_pestat] skip orientation RR
[M::process] read 2669914 sequences (400000146 bp)...
[M::mem_process_seqs] Processed 2669940 reads in 579.089 CPU sec, 150.530 real sec
[M::mem_pestat] # candidate unique pairs for (FF, FR, RF, RR): (64, 854660, 194, 67)
[M::mem_pestat] analyzing insert size distribution for orientation FF...
[M::mem_pestat] (25, 50, 75) percentile: (232, 299, 373)
[M::mem_pestat] low and high boundaries for computing mean and std.dev: (1, 655)
[M::mem_pestat] mean and std.dev: (267.20, 102.18)
[M::mem_pestat] low and high boundaries for proper pairs: (1, 796)
[M::mem_pestat] analyzing insert size distribution for orientation FR...
[M::mem_pestat] (25, 50, 75) percentile: (343, 388, 430)
[M::mem_pestat] low and high boundaries for computing mean and std.dev: (169, 604)
[M::mem_pestat] mean and std.dev: (379.84, 73.17)
[M::mem_pestat] low and high boundaries for proper pairs: (82, 691)
[M::mem_pestat] analyzing insert size distribution for orientation RF...
[M::mem_pestat] (25, 50, 75) percentile: (298, 445, 943)
[M::mem_pestat] low and high boundaries for computing mean and std.dev: (1, 2233)
[M::mem_pestat] mean and std.dev: (512.83, 442.64)
[M::mem_pestat] low and high boundaries for proper pairs: (1, 2878)
[M::mem_pestat] analyzing insert size distribution for orientation RR...
[M::mem_pestat] (25, 50, 75) percentile: (223, 284, 364)
[M::mem_pestat] low and high boundaries for computing mean and std.dev: (1, 646)
[M::mem_pestat] mean and std.dev: (263.96, 85.58)
[M::mem_pestat] low and high boundaries for proper pairs: (1, 787)
[M::mem_pestat] skip orientation FF
[M::mem_pestat] skip orientation RF
[M::mem_pestat] skip orientation RR
[M::process] read 2669930 sequences (400000232 bp)...
[M::mem_process_seqs] Processed 2669914 reads in 564.857 CPU sec, 146.635 real sec
[M::mem_pestat] # candidate unique pairs for (FF, FR, RF, RR): (85, 848440, 113, 60)
[M::mem_pestat] analyzing insert size distribution for orientation FF...
[M::mem_pestat] (25, 50, 75) percentile: (250, 315, 1376)
[M::mem_pestat] low and high boundaries for computing mean and std.dev: (1, 3628)
[M::mem_pestat] mean and std.dev: (769.04, 944.24)
[M::mem_pestat] low and high boundaries for proper pairs: (1, 4754)
[M::mem_pestat] analyzing insert size distribution for orientation FR...
[M::mem_pestat] (25, 50, 75) percentile: (343, 388, 429)
[M::mem_pestat] low and high boundaries for computing mean and std.dev: (171, 601)
[M::mem_pestat] mean and std.dev: (380.31, 72.46)
[M::mem_pestat] low and high boundaries for proper pairs: (85, 687)
[M::mem_pestat] analyzing insert size distribution for orientation RF...
[M::mem_pestat] (25, 50, 75) percentile: (96, 811, 1871)
[M::mem_pestat] low and high boundaries for computing mean and std.dev: (1, 5421)
[M::mem_pestat] mean and std.dev: (1315.98, 1727.91)
[M::mem_pestat] low and high boundaries for proper pairs: (1, 8228)
[M::mem_pestat] analyzing insert size distribution for orientation RR...
[M::mem_pestat] (25, 50, 75) percentile: (226, 305, 376)
[M::mem_pestat] low and high boundaries for computing mean and std.dev: (1, 676)
[M::mem_pestat] mean and std.dev: (257.18, 95.06)
[M::mem_pestat] low and high boundaries for proper pairs: (1, 826)
[M::mem_pestat] skip orientation FF
[M::mem_pestat] skip orientation RF
[M::mem_pestat] skip orientation RR
[M::process] read 2669918 sequences (400000151 bp)...
[M::mem_process_seqs] Processed 2669930 reads in 574.606 CPU sec, 149.380 real sec
[M::mem_pestat] # candidate unique pairs for (FF, FR, RF, RR): (65, 843429, 706, 53)
[M::mem_pestat] analyzing insert size distribution for orientation FF...
[M::mem_pestat] (25, 50, 75) percentile: (244, 279, 367)
[M::mem_pestat] low and high boundaries for computing mean and std.dev: (1, 613)
[M::mem_pestat] mean and std.dev: (268.42, 93.62)
[M::mem_pestat] low and high boundaries for proper pairs: (1, 736)
[M::mem_pestat] analyzing insert size distribution for orientation FR...
[M::mem_pestat] (25, 50, 75) percentile: (342, 388, 429)
[M::mem_pestat] low and high boundaries for computing mean and std.dev: (168, 603)
[M::mem_pestat] mean and std.dev: (379.57, 73.52)
[M::mem_pestat] low and high boundaries for proper pairs: (81, 690)
[M::mem_pestat] analyzing insert size distribution for orientation RF...
[M::mem_pestat] (25, 50, 75) percentile: (561, 587, 822)
[M::mem_pestat] low and high boundaries for computing mean and std.dev: (39, 1344)
[M::mem_pestat] mean and std.dev: (632.82, 228.58)
[M::mem_pestat] low and high boundaries for proper pairs: (1, 1605)
[M::mem_pestat] analyzing insert size distribution for orientation RR...
[M::mem_pestat] (25, 50, 75) percentile: (211, 272, 334)
[M::mem_pestat] low and high boundaries for computing mean and std.dev: (1, 580)
[M::mem_pestat] mean and std.dev: (240.65, 102.52)
[M::mem_pestat] low and high boundaries for proper pairs: (1, 703)
[M::mem_pestat] skip orientation FF
[M::mem_pestat] skip orientation RF
[M::mem_pestat] skip orientation RR
[M::process] read 2669998 sequences (400000194 bp)...
[M::mem_process_seqs] Processed 2669918 reads in 588.364 CPU sec, 152.465 real sec
[M::mem_pestat] # candidate unique pairs for (FF, FR, RF, RR): (62, 842760, 192, 71)
[M::mem_pestat] analyzing insert size distribution for orientation FF...
[M::mem_pestat] (25, 50, 75) percentile: (229, 282, 352)
[M::mem_pestat] low and high boundaries for computing mean and std.dev: (1, 598)
[M::mem_pestat] mean and std.dev: (274.93, 87.40)
[M::mem_pestat] low and high boundaries for proper pairs: (1, 721)
[M::mem_pestat] analyzing insert size distribution for orientation FR...
[M::mem_pestat] (25, 50, 75) percentile: (343, 388, 429)
[M::mem_pestat] low and high boundaries for computing mean and std.dev: (171, 601)
[M::mem_pestat] mean and std.dev: (380.20, 72.50)
[M::mem_pestat] low and high boundaries for proper pairs: (85, 687)
[M::mem_pestat] analyzing insert size distribution for orientation RF...
[M::mem_pestat] (25, 50, 75) percentile: (291, 365, 840)
[M::mem_pestat] low and high boundaries for computing mean and std.dev: (1, 1938)
[M::mem_pestat] mean and std.dev: (444.56, 324.79)
[M::mem_pestat] low and high boundaries for proper pairs: (1, 2487)
[M::mem_pestat] analyzing insert size distribution for orientation RR...
[M::mem_pestat] (25, 50, 75) percentile: (223, 281, 361)
[M::mem_pestat] low and high boundaries for computing mean and std.dev: (1, 637)
[M::mem_pestat] mean and std.dev: (262.95, 82.58)
[M::mem_pestat] low and high boundaries for proper pairs: (1, 775)
[M::mem_pestat] skip orientation FF
[M::mem_pestat] skip orientation RF
[M::mem_pestat] skip orientation RR
[M::process] read 2669926 sequences (400000163 bp)...
[M::mem_process_seqs] Processed 2669998 reads in 573.192 CPU sec, 148.692 real sec
[M::mem_pestat] # candidate unique pairs for (FF, FR, RF, RR): (79, 852096, 184, 65)
[M::mem_pestat] analyzing insert size distribution for orientation FF...
[M::mem_pestat] (25, 50, 75) percentile: (196, 280, 365)
[M::mem_pestat] low and high boundaries for computing mean and std.dev: (1, 703)
[M::mem_pestat] mean and std.dev: (242.42, 120.08)
[M::mem_pestat] low and high boundaries for proper pairs: (1, 872)
[M::mem_pestat] analyzing insert size distribution for orientation FR...
[M::mem_pestat] (25, 50, 75) percentile: (343, 388, 430)
[M::mem_pestat] low and high boundaries for computing mean and std.dev: (169, 604)
[M::mem_pestat] mean and std.dev: (380.02, 73.03)
[M::mem_pestat] low and high boundaries for proper pairs: (82, 691)
[M::mem_pestat] analyzing insert size distribution for orientation RF...
[M::mem_pestat] (25, 50, 75) percentile: (229, 830, 1505)
[M::mem_pestat] low and high boundaries for computing mean and std.dev: (1, 4057)
[M::mem_pestat] mean and std.dev: (1118.89, 1274.00)
[M::mem_pestat] low and high boundaries for proper pairs: (1, 6215)
[M::mem_pestat] analyzing insert size distribution for orientation RR...
[M::mem_pestat] (25, 50, 75) percentile: (230, 308, 652)
[M::mem_pestat] low and high boundaries for computing mean and std.dev: (1, 1496)
[M::mem_pestat] mean and std.dev: (344.16, 221.39)
[M::mem_pestat] low and high boundaries for proper pairs: (1, 1918)
[M::mem_pestat] skip orientation FF
[M::mem_pestat] skip orientation RF
[M::mem_pestat] skip orientation RR
[M::process] read 2669936 sequences (400000088 bp)...
[M::mem_process_seqs] Processed 2669926 reads in 562.855 CPU sec, 146.098 real sec
[M::mem_pestat] # candidate unique pairs for (FF, FR, RF, RR): (82, 852119, 395, 61)
[M::mem_pestat] analyzing insert size distribution for orientation FF...
[M::mem_pestat] (25, 50, 75) percentile: (233, 305, 2191)
[M::mem_pestat] low and high boundaries for computing mean and std.dev: (1, 6107)
[M::mem_pestat] mean and std.dev: (1289.37, 1659.23)
[M::mem_pestat] low and high boundaries for proper pairs: (1, 8065)
[M::mem_pestat] analyzing insert size distribution for orientation FR...
[M::mem_pestat] (25, 50, 75) percentile: (342, 388, 429)
[M::mem_pestat] low and high boundaries for computing mean and std.dev: (168, 603)
[M::mem_pestat] mean and std.dev: (379.44, 73.44)
[M::mem_pestat] low and high boundaries for proper pairs: (81, 690)
[M::mem_pestat] analyzing insert size distribution for orientation RF...
[M::mem_pestat] (25, 50, 75) percentile: (447, 811, 835)
[M::mem_pestat] low and high boundaries for computing mean and std.dev: (1, 1611)
[M::mem_pestat] mean and std.dev: (606.86, 329.66)
[M::mem_pestat] low and high boundaries for proper pairs: (1, 1999)
[M::mem_pestat] analyzing insert size distribution for orientation RR...
[M::mem_pestat] (25, 50, 75) percentile: (237, 294, 423)
[M::mem_pestat] low and high boundaries for computing mean and std.dev: (1, 795)
[M::mem_pestat] mean and std.dev: (266.51, 101.87)
[M::mem_pestat] low and high boundaries for proper pairs: (1, 981)
[M::mem_pestat] skip orientation FF
[M::mem_pestat] skip orientation RF
[M::mem_pestat] skip orientation RR
[M::process] read 2669932 sequences (400000228 bp)...
[M::mem_process_seqs] Processed 2669936 reads in 566.141 CPU sec, 146.994 real sec
[M::mem_pestat] # candidate unique pairs for (FF, FR, RF, RR): (69, 841264, 192, 70)
[M::mem_pestat] analyzing insert size distribution for orientation FF...
[M::mem_pestat] (25, 50, 75) percentile: (240, 301, 388)
[M::mem_pestat] low and high boundaries for computing mean and std.dev: (1, 684)
[M::mem_pestat] mean and std.dev: (283.37, 91.65)
[M::mem_pestat] low and high boundaries for proper pairs: (1, 832)
[M::mem_pestat] analyzing insert size distribution for orientation FR...
[M::mem_pestat] (25, 50, 75) percentile: (342, 388, 429)
[M::mem_pestat] low and high boundaries for computing mean and std.dev: (168, 603)
[M::mem_pestat] mean and std.dev: (379.42, 73.33)
[M::mem_pestat] low and high boundaries for proper pairs: (81, 690)
[M::mem_pestat] analyzing insert size distribution for orientation RF...
[M::mem_pestat] (25, 50, 75) percentile: (144, 416, 843)
[M::mem_pestat] low and high boundaries for computing mean and std.dev: (1, 2241)
[M::mem_pestat] mean and std.dev: (390.54, 334.15)
[M::mem_pestat] low and high boundaries for proper pairs: (1, 2940)
[M::mem_pestat] analyzing insert size distribution for orientation RR...
[M::mem_pestat] (25, 50, 75) percentile: (193, 265, 384)
[M::mem_pestat] low and high boundaries for computing mean and std.dev: (1, 766)
[M::mem_pestat] mean and std.dev: (248.77, 113.37)
[M::mem_pestat] low and high boundaries for proper pairs: (1, 957)
[M::mem_pestat] skip orientation FF
[M::mem_pestat] skip orientation RF
[M::mem_pestat] skip orientation RR
[M::process] read 2669926 sequences (400000027 bp)...
[M::mem_process_seqs] Processed 2669932 reads in 572.710 CPU sec, 148.625 real sec
[M::mem_pestat] # candidate unique pairs for (FF, FR, RF, RR): (70, 850485, 244, 77)
[M::mem_pestat] analyzing insert size distribution for orientation FF...
[M::mem_pestat] (25, 50, 75) percentile: (260, 339, 2322)
[M::mem_pestat] low and high boundaries for computing mean and std.dev: (1, 6446)
[M::mem_pestat] mean and std.dev: (1114.36, 1140.55)
[M::mem_pestat] low and high boundaries for proper pairs: (1, 8508)
[M::mem_pestat] analyzing insert size distribution for orientation FR...
[M::mem_pestat] (25, 50, 75) percentile: (342, 388, 429)
[M::mem_pestat] low and high boundaries for computing mean and std.dev: (168, 603)
[M::mem_pestat] mean and std.dev: (379.51, 73.45)
[M::mem_pestat] low and high boundaries for proper pairs: (81, 690)
[M::mem_pestat] analyzing insert size distribution for orientation RF...
[M::mem_pestat] (25, 50, 75) percentile: (309, 817, 826)
[M::mem_pestat] low and high boundaries for computing mean and std.dev: (1, 1860)
[M::mem_pestat] mean and std.dev: (594.65, 332.02)
[M::mem_pestat] low and high boundaries for proper pairs: (1, 2377)
[M::mem_pestat] analyzing insert size distribution for orientation RR...
[M::mem_pestat] (25, 50, 75) percentile: (207, 293, 416)
[M::mem_pestat] low and high boundaries for computing mean and std.dev: (1, 834)
[M::mem_pestat] mean and std.dev: (264.75, 98.55)
[M::mem_pestat] low and high boundaries for proper pairs: (1, 1043)
[M::mem_pestat] skip orientation FF
[M::mem_pestat] skip orientation RF
[M::mem_pestat] skip orientation RR
[M::process] read 2669924 sequences (400000037 bp)...
[M::mem_process_seqs] Processed 2669926 reads in 564.436 CPU sec, 146.566 real sec
[M::process] read 2669936 sequences (400000275 bp)...
[M::mem_pestat] # candidate unique pairs for (FF, FR, RF, RR): (76, 847601, 282, 54)
[M::mem_pestat] analyzing insert size distribution for orientation FF...
[M::mem_pestat] (25, 50, 75) percentile: (259, 319, 1594)
[M::mem_pestat] low and high boundaries for computing mean and std.dev: (1, 4264)
[M::mem_pestat] mean and std.dev: (739.22, 832.62)
[M::mem_pestat] low and high boundaries for proper pairs: (1, 5599)
[M::mem_pestat] analyzing insert size distribution for orientation FR...
[M::mem_pestat] (25, 50, 75) percentile: (342, 388, 429)
[M::mem_pestat] low and high boundaries for computing mean and std.dev: (168, 603)
[M::mem_pestat] mean and std.dev: (379.52, 73.38)
[M::mem_pestat] low and high boundaries for proper pairs: (81, 690)
[M::mem_pestat] analyzing insert size distribution for orientation RF...
[M::mem_pestat] (25, 50, 75) percentile: (568, 569, 837)
[M::mem_pestat] low and high boundaries for computing mean and std.dev: (30, 1375)
[M::mem_pestat] mean and std.dev: (594.42, 228.57)
[M::mem_pestat] low and high boundaries for proper pairs: (1, 1644)
[M::mem_pestat] analyzing insert size distribution for orientation RR...
[M::mem_pestat] (25, 50, 75) percentile: (181, 280, 371)
[M::mem_pestat] low and high boundaries for computing mean and std.dev: (1, 751)
[M::mem_pestat] mean and std.dev: (246.62, 104.15)
[M::mem_pestat] low and high boundaries for proper pairs: (1, 941)
[M::mem_pestat] skip orientation FF
[M::mem_pestat] skip orientation RF
[M::mem_pestat] skip orientation RR
[M::mem_process_seqs] Processed 2669924 reads in 580.670 CPU sec, 150.851 real sec
[M::mem_pestat] # candidate unique pairs for (FF, FR, RF, RR): (54, 848608, 386, 62)
[M::mem_pestat] analyzing insert size distribution for orientation FF...
[M::mem_pestat] (25, 50, 75) percentile: (234, 301, 366)
[M::mem_pestat] low and high boundaries for computing mean and std.dev: (1, 630)
[M::mem_pestat] mean and std.dev: (278.62, 80.64)
[M::mem_pestat] low and high boundaries for proper pairs: (1, 762)
[M::mem_pestat] analyzing insert size distribution for orientation FR...
[M::mem_pestat] (25, 50, 75) percentile: (342, 388, 430)
[M::mem_pestat] low and high boundaries for computing mean and std.dev: (166, 606)
[M::mem_pestat] mean and std.dev: (379.25, 74.01)
[M::mem_pestat] low and high boundaries for proper pairs: (78, 694)
[M::mem_pestat] analyzing insert size distribution for orientation RF...
[M::mem_pestat] (25, 50, 75) percentile: (354, 818, 839)
[M::mem_pestat] low and high boundaries for computing mean and std.dev: (1, 1809)
[M::mem_pestat] mean and std.dev: (586.94, 311.86)
[M::mem_pestat] low and high boundaries for proper pairs: (1, 2294)
[M::mem_pestat] analyzing insert size distribution for orientation RR...
[M::mem_pestat] (25, 50, 75) percentile: (231, 305, 713)
[M::mem_pestat] low and high boundaries for computing mean and std.dev: (1, 1677)
[M::mem_pestat] mean and std.dev: (287.28, 157.88)
[M::mem_pestat] low and high boundaries for proper pairs: (1, 2159)
[M::mem_pestat] skip orientation FF
[M::mem_pestat] skip orientation RF
[M::mem_pestat] skip orientation RR
[M::process] read 2669928 sequences (400000299 bp)...
[M::mem_process_seqs] Processed 2669936 reads in 569.331 CPU sec, 148.119 real sec
[M::process] read 2670110 sequences (400000182 bp)...
[M::mem_pestat] # candidate unique pairs for (FF, FR, RF, RR): (62, 851225, 552, 45)
[M::mem_pestat] analyzing insert size distribution for orientation FF...
[M::mem_pestat] (25, 50, 75) percentile: (212, 272, 362)
[M::mem_pestat] low and high boundaries for computing mean and std.dev: (1, 662)
[M::mem_pestat] mean and std.dev: (251.87, 95.73)
[M::mem_pestat] low and high boundaries for proper pairs: (1, 812)
[M::mem_pestat] analyzing insert size distribution for orientation FR...
[M::mem_pestat] (25, 50, 75) percentile: (342, 388, 429)
[M::mem_pestat] low and high boundaries for computing mean and std.dev: (168, 603)
[M::mem_pestat] mean and std.dev: (379.57, 73.43)
[M::mem_pestat] low and high boundaries for proper pairs: (81, 690)
[M::mem_pestat] analyzing insert size distribution for orientation RF...
[M::mem_pestat] (25, 50, 75) percentile: (269, 569, 779)
[M::mem_pestat] low and high boundaries for computing mean and std.dev: (1, 1799)
[M::mem_pestat] mean and std.dev: (491.70, 248.84)
[M::mem_pestat] low and high boundaries for proper pairs: (1, 2309)
[M::mem_pestat] analyzing insert size distribution for orientation RR...
[M::mem_pestat] (25, 50, 75) percentile: (232, 287, 345)
[M::mem_pestat] low and high boundaries for computing mean and std.dev: (6, 571)
[M::mem_pestat] mean and std.dev: (268.16, 74.42)
[M::mem_pestat] low and high boundaries for proper pairs: (1, 684)
[M::mem_pestat] skip orientation FF
[M::mem_pestat] skip orientation RF
[M::mem_pestat] skip orientation RR
[M::mem_process_seqs] Processed 2669928 reads in 562.077 CPU sec, 146.115 real sec
[M::process] read 2670020 sequences (400000152 bp)...
[M::mem_pestat] # candidate unique pairs for (FF, FR, RF, RR): (43, 825882, 101, 49)
[M::mem_pestat] analyzing insert size distribution for orientation FF...
[M::mem_pestat] (25, 50, 75) percentile: (228, 293, 350)
[M::mem_pestat] low and high boundaries for computing mean and std.dev: (1, 594)
[M::mem_pestat] mean and std.dev: (253.44, 79.60)
[M::mem_pestat] low and high boundaries for proper pairs: (1, 716)
[M::mem_pestat] analyzing insert size distribution for orientation FR...
[M::mem_pestat] (25, 50, 75) percentile: (342, 388, 429)
[M::mem_pestat] low and high boundaries for computing mean and std.dev: (168, 603)
[M::mem_pestat] mean and std.dev: (379.51, 73.49)
[M::mem_pestat] low and high boundaries for proper pairs: (81, 690)
[M::mem_pestat] analyzing insert size distribution for orientation RF...
[M::mem_pestat] (25, 50, 75) percentile: (269, 582, 1038)
[M::mem_pestat] low and high boundaries for computing mean and std.dev: (1, 2576)
[M::mem_pestat] mean and std.dev: (598.07, 470.24)
[M::mem_pestat] low and high boundaries for proper pairs: (1, 3345)
[M::mem_pestat] analyzing insert size distribution for orientation RR...
[M::mem_pestat] (25, 50, 75) percentile: (243, 303, 371)
[M::mem_pestat] low and high boundaries for computing mean and std.dev: (1, 627)
[M::mem_pestat] mean and std.dev: (267.80, 83.46)
[M::mem_pestat] low and high boundaries for proper pairs: (1, 755)
[M::mem_pestat] skip orientation FF
[M::mem_pestat] skip orientation RF
[M::mem_pestat] skip orientation RR
[M::mem_process_seqs] Processed 2670110 reads in 609.807 CPU sec, 157.914 real sec
[M::process] read 2669958 sequences (400000261 bp)...
[M::mem_pestat] # candidate unique pairs for (FF, FR, RF, RR): (60, 835197, 354, 48)
[M::mem_pestat] analyzing insert size distribution for orientation FF...
[M::mem_pestat] (25, 50, 75) percentile: (239, 292, 462)
[M::mem_pestat] low and high boundaries for computing mean and std.dev: (1, 908)
[M::mem_pestat] mean and std.dev: (280.39, 112.92)
[M::mem_pestat] low and high boundaries for proper pairs: (1, 1131)
[M::mem_pestat] analyzing insert size distribution for orientation FR...
[M::mem_pestat] (25, 50, 75) percentile: (343, 388, 429)
[M::mem_pestat] low and high boundaries for computing mean and std.dev: (171, 601)
[M::mem_pestat] mean and std.dev: (380.22, 72.49)
[M::mem_pestat] low and high boundaries for proper pairs: (85, 687)
[M::mem_pestat] analyzing insert size distribution for orientation RF...
[M::mem_pestat] (25, 50, 75) percentile: (212, 819, 845)
[M::mem_pestat] low and high boundaries for computing mean and std.dev: (1, 2111)
[M::mem_pestat] mean and std.dev: (577.06, 393.35)
[M::mem_pestat] low and high boundaries for proper pairs: (1, 2744)
[M::mem_pestat] analyzing insert size distribution for orientation RR...
[M::mem_pestat] (25, 50, 75) percentile: (226, 290, 362)
[M::mem_pestat] low and high boundaries for computing mean and std.dev: (1, 634)
[M::mem_pestat] mean and std.dev: (271.81, 114.34)
[M::mem_pestat] low and high boundaries for proper pairs: (1, 770)
[M::mem_pestat] skip orientation FF
[M::mem_pestat] skip orientation RF
[M::mem_pestat] skip orientation RR
[M::mem_process_seqs] Processed 2670020 reads in 571.142 CPU sec, 148.491 real sec
[M::mem_pestat] # candidate unique pairs for (FF, FR, RF, RR): (59, 844593, 303, 65)
[M::mem_pestat] analyzing insert size distribution for orientation FF...
[M::mem_pestat] (25, 50, 75) percentile: (222, 280, 326)
[M::mem_pestat] low and high boundaries for computing mean and std.dev: (14, 534)
[M::mem_pestat] mean and std.dev: (263.43, 74.09)
[M::mem_pestat] low and high boundaries for proper pairs: (1, 638)
[M::mem_pestat] analyzing insert size distribution for orientation FR...
[M::mem_pestat] (25, 50, 75) percentile: (340, 387, 429)
[M::mem_pestat] low and high boundaries for computing mean and std.dev: (162, 607)
[M::mem_pestat] mean and std.dev: (378.54, 74.93)
[M::mem_pestat] low and high boundaries for proper pairs: (73, 696)
[M::mem_pestat] analyzing insert size distribution for orientation RF...
[M::mem_pestat] (25, 50, 75) percentile: (190, 830, 2255)
[M::mem_pestat] low and high boundaries for computing mean and std.dev: (1, 6385)
[M::mem_pestat] mean and std.dev: (1316.82, 1525.47)
[M::mem_pestat] low and high boundaries for proper pairs: (1, 8450)
[M::mem_pestat] analyzing insert size distribution for orientation RR...
[M::mem_pestat] (25, 50, 75) percentile: (223, 295, 340)
[M::mem_pestat] low and high boundaries for computing mean and std.dev: (1, 574)
[M::mem_pestat] mean and std.dev: (262.45, 92.69)
[M::mem_pestat] low and high boundaries for proper pairs: (1, 691)
[M::mem_pestat] skip orientation FF
[M::mem_pestat] skip orientation RF
[M::mem_pestat] skip orientation RR
[M::process] read 2669920 sequences (400000049 bp)...
[M::mem_process_seqs] Processed 2669958 reads in 559.653 CPU sec, 145.275 real sec
[M::process] read 2669954 sequences (400000274 bp)...
[M::mem_pestat] # candidate unique pairs for (FF, FR, RF, RR): (68, 851049, 256, 53)
[M::mem_pestat] analyzing insert size distribution for orientation FF...
[M::mem_pestat] (25, 50, 75) percentile: (240, 304, 364)
[M::mem_pestat] low and high boundaries for computing mean and std.dev: (1, 612)
[M::mem_pestat] mean and std.dev: (276.33, 70.35)
[M::mem_pestat] low and high boundaries for proper pairs: (1, 736)
[M::mem_pestat] analyzing insert size distribution for orientation FR...
[M::mem_pestat] (25, 50, 75) percentile: (342, 388, 429)
[M::mem_pestat] low and high boundaries for computing mean and std.dev: (168, 603)
[M::mem_pestat] mean and std.dev: (379.50, 73.47)
[M::mem_pestat] low and high boundaries for proper pairs: (81, 690)
[M::mem_pestat] analyzing insert size distribution for orientation RF...
[M::mem_pestat] (25, 50, 75) percentile: (335, 570, 843)
[M::mem_pestat] low and high boundaries for computing mean and std.dev: (1, 1859)
[M::mem_pestat] mean and std.dev: (580.98, 332.26)
[M::mem_pestat] low and high boundaries for proper pairs: (1, 2367)
[M::mem_pestat] analyzing insert size distribution for orientation RR...
[M::mem_pestat] (25, 50, 75) percentile: (236, 318, 377)
[M::mem_pestat] low and high boundaries for computing mean and std.dev: (1, 659)
[M::mem_pestat] mean and std.dev: (280.28, 83.64)
[M::mem_pestat] low and high boundaries for proper pairs: (1, 800)
[M::mem_pestat] skip orientation FF
[M::mem_pestat] skip orientation RF
[M::mem_pestat] skip orientation RR
[M::mem_process_seqs] Processed 2669920 reads in 559.404 CPU sec, 145.342 real sec
[M::mem_pestat] # candidate unique pairs for (FF, FR, RF, RR): (63, 851098, 349, 53)
[M::mem_pestat] analyzing insert size distribution for orientation FF...
[M::mem_pestat] (25, 50, 75) percentile: (225, 292, 359)
[M::mem_pestat] low and high boundaries for computing mean and std.dev: (1, 627)
[M::mem_pestat] mean and std.dev: (270.56, 99.60)
[M::mem_pestat] low and high boundaries for proper pairs: (1, 761)
[M::mem_pestat] analyzing insert size distribution for orientation FR...
[M::process] read 2669934 sequences (400000242 bp)...
[M::mem_pestat] (25, 50, 75) percentile: (343, 388, 429)
[M::mem_pestat] low and high boundaries for computing mean and std.dev: (171, 601)
[M::mem_pestat] mean and std.dev: (380.25, 72.54)
[M::mem_pestat] low and high boundaries for proper pairs: (85, 687)
[M::mem_pestat] analyzing insert size distribution for orientation RF...
[M::mem_pestat] (25, 50, 75) percentile: (249, 582, 898)
[M::mem_pestat] low and high boundaries for computing mean and std.dev: (1, 2196)
[M::mem_pestat] mean and std.dev: (606.62, 402.36)
[M::mem_pestat] low and high boundaries for proper pairs: (1, 2845)
[M::mem_pestat] analyzing insert size distribution for orientation RR...
[M::mem_pestat] (25, 50, 75) percentile: (253, 309, 438)
[M::mem_pestat] low and high boundaries for computing mean and std.dev: (1, 808)
[M::mem_pestat] mean and std.dev: (284.26, 139.37)
[M::mem_pestat] low and high boundaries for proper pairs: (1, 993)
[M::mem_pestat] skip orientation FF
[M::mem_pestat] skip orientation RF
[M::mem_pestat] skip orientation RR
[M::mem_process_seqs] Processed 2669954 reads in 571.760 CPU sec, 148.368 real sec
[M::process] read 2669920 sequences (400000151 bp)...
[M::mem_pestat] # candidate unique pairs for (FF, FR, RF, RR): (63, 848140, 148, 61)
[M::mem_pestat] analyzing insert size distribution for orientation FF...
[M::mem_pestat] (25, 50, 75) percentile: (196, 287, 335)
[M::mem_pestat] low and high boundaries for computing mean and std.dev: (1, 613)
[M::mem_pestat] mean and std.dev: (253.78, 102.51)
[M::mem_pestat] low and high boundaries for proper pairs: (1, 752)
[M::mem_pestat] analyzing insert size distribution for orientation FR...
[M::mem_pestat] (25, 50, 75) percentile: (342, 388, 429)
[M::mem_pestat] low and high boundaries for computing mean and std.dev: (168, 603)
[M::mem_pestat] mean and std.dev: (379.49, 73.49)
[M::mem_pestat] low and high boundaries for proper pairs: (81, 690)
[M::mem_pestat] analyzing insert size distribution for orientation RF...
[M::mem_pestat] (25, 50, 75) percentile: (224, 845, 845)
[M::mem_pestat] low and high boundaries for computing mean and std.dev: (1, 2087)
[M::mem_pestat] mean and std.dev: (628.53, 442.62)
[M::mem_pestat] low and high boundaries for proper pairs: (1, 2708)
[M::mem_pestat] analyzing insert size distribution for orientation RR...
[M::mem_pestat] (25, 50, 75) percentile: (227, 273, 329)
[M::mem_pestat] low and high boundaries for computing mean and std.dev: (23, 533)
[M::mem_pestat] mean and std.dev: (263.00, 72.02)
[M::mem_pestat] low and high boundaries for proper pairs: (1, 635)
[M::mem_pestat] skip orientation FF
[M::mem_pestat] skip orientation RF
[M::mem_pestat] skip orientation RR
[M::mem_process_seqs] Processed 2669934 reads in 560.422 CPU sec, 145.646 real sec
[M::process] read 2669912 sequences (400000236 bp)...
[M::mem_pestat] # candidate unique pairs for (FF, FR, RF, RR): (61, 849595, 748, 44)
[M::mem_pestat] analyzing insert size distribution for orientation FF...
[M::mem_pestat] (25, 50, 75) percentile: (220, 274, 343)
[M::mem_pestat] low and high boundaries for computing mean and std.dev: (1, 589)
[M::mem_pestat] mean and std.dev: (261.59, 98.01)
[M::mem_pestat] low and high boundaries for proper pairs: (1, 712)
[M::mem_pestat] analyzing insert size distribution for orientation FR...
[M::mem_pestat] (25, 50, 75) percentile: (342, 388, 430)
[M::mem_pestat] low and high boundaries for computing mean and std.dev: (166, 606)
[M::mem_pestat] mean and std.dev: (379.11, 74.19)
[M::mem_pestat] low and high boundaries for proper pairs: (78, 694)
[M::mem_pestat] analyzing insert size distribution for orientation RF...
[M::mem_pestat] (25, 50, 75) percentile: (371, 570, 818)
[M::mem_pestat] low and high boundaries for computing mean and std.dev: (1, 1712)
[M::mem_pestat] mean and std.dev: (539.50, 249.64)
[M::mem_pestat] low and high boundaries for proper pairs: (1, 2159)
[M::mem_pestat] analyzing insert size distribution for orientation RR...
[M::mem_pestat] (25, 50, 75) percentile: (187, 279, 325)
[M::mem_pestat] low and high boundaries for computing mean and std.dev: (1, 601)
[M::mem_pestat] mean and std.dev: (251.29, 82.33)
[M::mem_pestat] low and high boundaries for proper pairs: (1, 739)
[M::mem_pestat] skip orientation FF
[M::mem_pestat] skip orientation RF
[M::mem_pestat] skip orientation RR
[M::mem_process_seqs] Processed 2669920 reads in 567.877 CPU sec, 147.424 real sec
[M::process] read 2669924 sequences (400000138 bp)...
[M::mem_pestat] # candidate unique pairs for (FF, FR, RF, RR): (99, 849016, 145, 73)
[M::mem_pestat] analyzing insert size distribution for orientation FF...
[M::mem_pestat] (25, 50, 75) percentile: (276, 366, 2018)
[M::mem_pestat] low and high boundaries for computing mean and std.dev: (1, 5502)
[M::mem_pestat] mean and std.dev: (1152.86, 1234.87)
[M::mem_pestat] low and high boundaries for proper pairs: (1, 7244)
[M::mem_pestat] analyzing insert size distribution for orientation FR...
[M::mem_pestat] (25, 50, 75) percentile: (342, 388, 429)
[M::mem_pestat] low and high boundaries for computing mean and std.dev: (168, 603)
[M::mem_pestat] mean and std.dev: (379.41, 73.47)
[M::mem_pestat] low and high boundaries for proper pairs: (81, 690)
[M::mem_pestat] analyzing insert size distribution for orientation RF...
[M::mem_pestat] (25, 50, 75) percentile: (351, 582, 830)
[M::mem_pestat] low and high boundaries for computing mean and std.dev: (1, 1788)
[M::mem_pestat] mean and std.dev: (555.83, 351.51)
[M::mem_pestat] low and high boundaries for proper pairs: (1, 2267)
[M::mem_pestat] analyzing insert size distribution for orientation RR...
[M::mem_pestat] (25, 50, 75) percentile: (238, 308, 1304)
[M::mem_pestat] low and high boundaries for computing mean and std.dev: (1, 3436)
[M::mem_pestat] mean and std.dev: (748.86, 862.88)
[M::mem_pestat] low and high boundaries for proper pairs: (1, 4502)
[M::mem_pestat] skip orientation FF
[M::mem_pestat] skip orientation RF
[M::mem_pestat] skip orientation RR
[M::mem_process_seqs] Processed 2669912 reads in 562.682 CPU sec, 146.603 real sec
[M::process] read 2669926 sequences (400000038 bp)...
[M::mem_pestat] # candidate unique pairs for (FF, FR, RF, RR): (58, 838838, 400, 67)
[M::mem_pestat] analyzing insert size distribution for orientation FF...
[M::mem_pestat] (25, 50, 75) percentile: (235, 301, 335)
[M::mem_pestat] low and high boundaries for computing mean and std.dev: (35, 535)
[M::mem_pestat] mean and std.dev: (270.40, 75.73)
[M::mem_pestat] low and high boundaries for proper pairs: (1, 635)
[M::mem_pestat] analyzing insert size distribution for orientation FR...
[M::mem_pestat] (25, 50, 75) percentile: (343, 388, 430)
[M::mem_pestat] low and high boundaries for computing mean and std.dev: (169, 604)
[M::mem_pestat] mean and std.dev: (379.78, 73.17)
[M::mem_pestat] low and high boundaries for proper pairs: (82, 691)
[M::mem_pestat] analyzing insert size distribution for orientation RF...
[M::mem_pestat] (25, 50, 75) percentile: (569, 818, 928)
[M::mem_pestat] low and high boundaries for computing mean and std.dev: (1, 1646)
[M::mem_pestat] mean and std.dev: (706.30, 341.43)
[M::mem_pestat] low and high boundaries for proper pairs: (1, 2072)
[M::mem_pestat] analyzing insert size distribution for orientation RR...
[M::mem_pestat] (25, 50, 75) percentile: (228, 287, 362)
[M::mem_pestat] low and high boundaries for computing mean and std.dev: (1, 630)
[M::mem_pestat] mean and std.dev: (266.36, 76.28)
[M::mem_pestat] low and high boundaries for proper pairs: (1, 764)
[M::mem_pestat] skip orientation FF
[M::mem_pestat] skip orientation RF
[M::mem_pestat] skip orientation RR
[M::mem_process_seqs] Processed 2669924 reads in 584.268 CPU sec, 151.576 real sec
[M::process] read 2669946 sequences (400000251 bp)...
[M::mem_pestat] # candidate unique pairs for (FF, FR, RF, RR): (58, 854524, 242, 51)
[M::mem_pestat] analyzing insert size distribution for orientation FF...
[M::mem_pestat] (25, 50, 75) percentile: (217, 309, 343)
[M::mem_pestat] low and high boundaries for computing mean and std.dev: (1, 595)
[M::mem_pestat] mean and std.dev: (268.46, 95.50)
[M::mem_pestat] low and high boundaries for proper pairs: (1, 721)
[M::mem_pestat] analyzing insert size distribution for orientation FR...
[M::mem_pestat] (25, 50, 75) percentile: (343, 388, 429)
[M::mem_pestat] low and high boundaries for computing mean and std.dev: (171, 601)
[M::mem_pestat] mean and std.dev: (380.16, 72.56)
[M::mem_pestat] low and high boundaries for proper pairs: (85, 687)
[M::mem_pestat] analyzing insert size distribution for orientation RF...
[M::mem_pestat] (25, 50, 75) percentile: (157, 582, 818)
[M::mem_pestat] low and high boundaries for computing mean and std.dev: (1, 2140)
[M::mem_pestat] mean and std.dev: (462.31, 321.72)
[M::mem_pestat] low and high boundaries for proper pairs: (1, 2801)
[M::mem_pestat] analyzing insert size distribution for orientation RR...
[M::mem_pestat] (25, 50, 75) percentile: (143, 256, 334)
[M::mem_pestat] low and high boundaries for computing mean and std.dev: (1, 716)
[M::mem_pestat] mean and std.dev: (241.45, 97.75)
[M::mem_pestat] low and high boundaries for proper pairs: (1, 907)
[M::mem_pestat] skip orientation FF
[M::mem_pestat] skip orientation RF
[M::mem_pestat] skip orientation RR
[M::mem_process_seqs] Processed 2669926 reads in 564.089 CPU sec, 146.441 real sec
[M::process] read 2669896 sequences (400000106 bp)...
[M::mem_pestat] # candidate unique pairs for (FF, FR, RF, RR): (74, 850397, 280, 73)
[M::mem_pestat] analyzing insert size distribution for orientation FF...
[M::mem_pestat] (25, 50, 75) percentile: (246, 304, 377)
[M::mem_pestat] low and high boundaries for computing mean and std.dev: (1, 639)
[M::mem_pestat] mean and std.dev: (265.82, 66.08)
[M::mem_pestat] low and high boundaries for proper pairs: (1, 770)
[M::mem_pestat] analyzing insert size distribution for orientation FR...
[M::mem_pestat] (25, 50, 75) percentile: (342, 388, 429)
[M::mem_pestat] low and high boundaries for computing mean and std.dev: (168, 603)
[M::mem_pestat] mean and std.dev: (379.55, 73.35)
[M::mem_pestat] low and high boundaries for proper pairs: (81, 690)
[M::mem_pestat] analyzing insert size distribution for orientation RF...
[M::mem_pestat] (25, 50, 75) percentile: (211, 569, 830)
[M::mem_pestat] low and high boundaries for computing mean and std.dev: (1, 2068)
[M::mem_pestat] mean and std.dev: (490.71, 322.24)
[M::mem_pestat] low and high boundaries for proper pairs: (1, 2687)
[M::mem_pestat] analyzing insert size distribution for orientation RR...
[M::mem_pestat] (25, 50, 75) percentile: (243, 326, 368)
[M::mem_pestat] low and high boundaries for computing mean and std.dev: (1, 618)
[M::mem_pestat] mean and std.dev: (298.13, 97.60)
[M::mem_pestat] low and high boundaries for proper pairs: (1, 743)
[M::mem_pestat] skip orientation FF
[M::mem_pestat] skip orientation RF
[M::mem_pestat] skip orientation RR
[M::mem_process_seqs] Processed 2669946 reads in 576.838 CPU sec, 149.719 real sec
[M::process] read 2669940 sequences (400000095 bp)...
[M::mem_pestat] # candidate unique pairs for (FF, FR, RF, RR): (67, 848924, 555, 90)
[M::mem_pestat] analyzing insert size distribution for orientation FF...
[M::mem_pestat] (25, 50, 75) percentile: (243, 304, 350)
[M::mem_pestat] low and high boundaries for computing mean and std.dev: (29, 564)
[M::mem_pestat] mean and std.dev: (278.29, 80.24)
[M::mem_pestat] low and high boundaries for proper pairs: (1, 671)
[M::mem_pestat] analyzing insert size distribution for orientation FR...
[M::mem_pestat] (25, 50, 75) percentile: (342, 388, 429)
[M::mem_pestat] low and high boundaries for computing mean and std.dev: (168, 603)
[M::mem_pestat] mean and std.dev: (379.62, 73.43)
[M::mem_pestat] low and high boundaries for proper pairs: (81, 690)
[M::mem_pestat] analyzing insert size distribution for orientation RF...
[M::mem_pestat] (25, 50, 75) percentile: (568, 839, 843)
[M::mem_pestat] low and high boundaries for computing mean and std.dev: (18, 1393)
[M::mem_pestat] mean and std.dev: (649.66, 252.99)
[M::mem_pestat] low and high boundaries for proper pairs: (1, 1668)
[M::mem_pestat] analyzing insert size distribution for orientation RR...
[M::mem_pestat] (25, 50, 75) percentile: (274, 342, 4831)
[M::mem_pestat] low and high boundaries for computing mean and std.dev: (1, 13945)
[M::mem_pestat] mean and std.dev: (1800.68, 2018.27)
[M::mem_pestat] low and high boundaries for proper pairs: (1, 18502)
[M::mem_pestat] skip orientation FF
[M::mem_pestat] skip orientation RF
[M::mem_pestat] skip orientation RR
[M::mem_process_seqs] Processed 2669896 reads in 560.695 CPU sec, 145.730 real sec
[M::process] read 2669914 sequences (400000085 bp)...
[M::mem_pestat] # candidate unique pairs for (FF, FR, RF, RR): (78, 854938, 422, 55)
[M::mem_pestat] analyzing insert size distribution for orientation FF...
[M::mem_pestat] (25, 50, 75) percentile: (229, 296, 378)
[M::mem_pestat] low and high boundaries for computing mean and std.dev: (1, 676)
[M::mem_pestat] mean and std.dev: (258.05, 87.74)
[M::mem_pestat] low and high boundaries for proper pairs: (1, 825)
[M::mem_pestat] analyzing insert size distribution for orientation FR...
[M::mem_pestat] (25, 50, 75) percentile: (343, 388, 430)
[M::mem_pestat] low and high boundaries for computing mean and std.dev: (169, 604)
[M::mem_pestat] mean and std.dev: (379.91, 73.12)
[M::mem_pestat] low and high boundaries for proper pairs: (82, 691)
[M::mem_pestat] analyzing insert size distribution for orientation RF...
[M::mem_pestat] (25, 50, 75) percentile: (201, 569, 818)
[M::mem_pestat] low and high boundaries for computing mean and std.dev: (1, 2052)
[M::mem_pestat] mean and std.dev: (477.20, 314.68)
[M::mem_pestat] low and high boundaries for proper pairs: (1, 2669)
[M::mem_pestat] analyzing insert size distribution for orientation RR...
[M::mem_pestat] (25, 50, 75) percentile: (257, 299, 363)
[M::mem_pestat] low and high boundaries for computing mean and std.dev: (45, 575)
[M::mem_pestat] mean and std.dev: (275.05, 67.23)
[M::mem_pestat] low and high boundaries for proper pairs: (1, 681)
[M::mem_pestat] skip orientation FF
[M::mem_pestat] skip orientation RF
[M::mem_pestat] skip orientation RR
[M::mem_process_seqs] Processed 2669940 reads in 562.004 CPU sec, 146.131 real sec
[M::process] read 2669944 sequences (400000014 bp)...
[M::mem_pestat] # candidate unique pairs for (FF, FR, RF, RR): (65, 852725, 331, 61)
[M::mem_pestat] analyzing insert size distribution for orientation FF...
[M::mem_pestat] (25, 50, 75) percentile: (236, 302, 344)
[M::mem_pestat] low and high boundaries for computing mean and std.dev: (20, 560)
[M::mem_pestat] mean and std.dev: (281.42, 83.65)
[M::mem_pestat] low and high boundaries for proper pairs: (1, 668)
[M::mem_pestat] analyzing insert size distribution for orientation FR...
[M::mem_pestat] (25, 50, 75) percentile: (342, 388, 429)
[M::mem_pestat] low and high boundaries for computing mean and std.dev: (168, 603)
[M::mem_pestat] mean and std.dev: (379.53, 73.35)
[M::mem_pestat] low and high boundaries for proper pairs: (81, 690)
[M::mem_pestat] analyzing insert size distribution for orientation RF...
[M::mem_pestat] (25, 50, 75) percentile: (152, 345, 843)
[M::mem_pestat] low and high boundaries for computing mean and std.dev: (1, 2225)
[M::mem_pestat] mean and std.dev: (449.37, 408.78)
[M::mem_pestat] low and high boundaries for proper pairs: (1, 2916)
[M::mem_pestat] analyzing insert size distribution for orientation RR...
[M::mem_pestat] (25, 50, 75) percentile: (234, 324, 2092)
[M::mem_pestat] low and high boundaries for computing mean and std.dev: (1, 5808)
[M::mem_pestat] mean and std.dev: (1004.05, 1416.17)
[M::mem_pestat] low and high boundaries for proper pairs: (1, 7666)
[M::mem_pestat] skip orientation FF
[M::mem_pestat] skip orientation RF
[M::mem_pestat] skip orientation RR
[M::mem_process_seqs] Processed 2669914 reads in 560.384 CPU sec, 145.505 real sec
[M::process] read 2670124 sequences (400000062 bp)...
[M::mem_pestat] # candidate unique pairs for (FF, FR, RF, RR): (95, 855729, 163, 51)
[M::mem_pestat] analyzing insert size distribution for orientation FF...
[M::mem_pestat] (25, 50, 75) percentile: (254, 299, 2126)
[M::mem_pestat] low and high boundaries for computing mean and std.dev: (1, 5870)
[M::mem_pestat] mean and std.dev: (854.11, 1025.40)
[M::mem_pestat] low and high boundaries for proper pairs: (1, 7742)
[M::mem_pestat] analyzing insert size distribution for orientation FR...
[M::mem_pestat] (25, 50, 75) percentile: (343, 388, 430)
[M::mem_pestat] low and high boundaries for computing mean and std.dev: (169, 604)
[M::mem_pestat] mean and std.dev: (379.80, 73.14)
[M::mem_pestat] low and high boundaries for proper pairs: (82, 691)
[M::mem_pestat] analyzing insert size distribution for orientation RF...
[M::mem_pestat] (25, 50, 75) percentile: (183, 456, 3805)
[M::mem_pestat] low and high boundaries for computing mean and std.dev: (1, 11049)
[M::mem_pestat] mean and std.dev: (1703.37, 1875.61)
[M::mem_pestat] low and high boundaries for proper pairs: (1, 14671)
[M::mem_pestat] analyzing insert size distribution for orientation RR...
[M::mem_pestat] (25, 50, 75) percentile: (216, 285, 369)
[M::mem_pestat] low and high boundaries for computing mean and std.dev: (1, 675)
[M::mem_pestat] mean and std.dev: (265.19, 90.96)
[M::mem_pestat] low and high boundaries for proper pairs: (1, 828)
[M::mem_pestat] skip orientation FF
[M::mem_pestat] skip orientation RF
[M::mem_pestat] skip orientation RR
[M::mem_process_seqs] Processed 2669944 reads in 560.070 CPU sec, 145.540 real sec
[M::process] read 2669938 sequences (400000033 bp)...
[M::mem_pestat] # candidate unique pairs for (FF, FR, RF, RR): (61, 800102, 684, 53)
[M::mem_pestat] analyzing insert size distribution for orientation FF...
[M::mem_pestat] (25, 50, 75) percentile: (232, 296, 692)
[M::mem_pestat] low and high boundaries for computing mean and std.dev: (1, 1612)
[M::mem_pestat] mean and std.dev: (365.68, 303.06)
[M::mem_pestat] low and high boundaries for proper pairs: (1, 2072)
[M::mem_pestat] analyzing insert size distribution for orientation FR...
[M::mem_pestat] (25, 50, 75) percentile: (339, 387, 429)
[M::mem_pestat] low and high boundaries for computing mean and std.dev: (159, 609)
[M::mem_pestat] mean and std.dev: (377.57, 75.92)
[M::mem_pestat] low and high boundaries for proper pairs: (69, 699)
[M::mem_pestat] analyzing insert size distribution for orientation RF...
[M::mem_pestat] (25, 50, 75) percentile: (11, 22, 263)
[M::mem_pestat] low and high boundaries for computing mean and std.dev: (1, 767)
[M::mem_pestat] mean and std.dev: (68.50, 133.08)
[M::mem_pestat] low and high boundaries for proper pairs: (1, 1019)
[M::mem_pestat] analyzing insert size distribution for orientation RR...
[M::mem_pestat] (25, 50, 75) percentile: (156, 303, 387)
[M::mem_pestat] low and high boundaries for computing mean and std.dev: (1, 849)
[M::mem_pestat] mean and std.dev: (263.75, 158.05)
[M::mem_pestat] low and high boundaries for proper pairs: (1, 1080)
[M::mem_pestat] skip orientation FF
[M::mem_pestat] skip orientation RF
[M::mem_pestat] skip orientation RR
[M::mem_process_seqs] Processed 2670124 reads in 544.634 CPU sec, 141.553 real sec
[M::process] read 2669996 sequences (400000136 bp)...
[M::mem_pestat] # candidate unique pairs for (FF, FR, RF, RR): (71, 849609, 291, 61)
[M::mem_pestat] analyzing insert size distribution for orientation FF...
[M::mem_pestat] (25, 50, 75) percentile: (215, 277, 654)
[M::mem_pestat] low and high boundaries for computing mean and std.dev: (1, 1532)
[M::mem_pestat] mean and std.dev: (321.88, 229.07)
[M::mem_pestat] low and high boundaries for proper pairs: (1, 1971)
[M::mem_pestat] analyzing insert size distribution for orientation FR...
[M::mem_pestat] (25, 50, 75) percentile: (343, 388, 430)
[M::mem_pestat] low and high boundaries for computing mean and std.dev: (169, 604)
[M::mem_pestat] mean and std.dev: (379.83, 73.11)
[M::mem_pestat] low and high boundaries for proper pairs: (82, 691)
[M::mem_pestat] analyzing insert size distribution for orientation RF...
[M::mem_pestat] (25, 50, 75) percentile: (247, 818, 838)
[M::mem_pestat] low and high boundaries for computing mean and std.dev: (1, 2020)
[M::mem_pestat] mean and std.dev: (550.01, 350.69)
[M::mem_pestat] low and high boundaries for proper pairs: (1, 2611)
[M::mem_pestat] analyzing insert size distribution for orientation RR...
[M::mem_pestat] (25, 50, 75) percentile: (212, 266, 305)
[M::mem_pestat] low and high boundaries for computing mean and std.dev: (26, 491)
[M::mem_pestat] mean and std.dev: (247.98, 75.72)
[M::mem_pestat] low and high boundaries for proper pairs: (1, 584)
[M::mem_pestat] skip orientation FF
[M::mem_pestat] skip orientation RF
[M::mem_pestat] skip orientation RR
[M::mem_process_seqs] Processed 2669938 reads in 564.091 CPU sec, 146.301 real sec
[M::process] read 2669940 sequences (400000250 bp)...
[M::mem_pestat] # candidate unique pairs for (FF, FR, RF, RR): (64, 853052, 141, 60)
[M::mem_pestat] analyzing insert size distribution for orientation FF...
[M::mem_pestat] (25, 50, 75) percentile: (224, 305, 587)
[M::mem_pestat] low and high boundaries for computing mean and std.dev: (1, 1313)
[M::mem_pestat] mean and std.dev: (290.31, 153.21)
[M::mem_pestat] low and high boundaries for proper pairs: (1, 1676)
[M::mem_pestat] analyzing insert size distribution for orientation FR...
[M::mem_pestat] (25, 50, 75) percentile: (342, 388, 429)
[M::mem_pestat] low and high boundaries for computing mean and std.dev: (168, 603)
[M::mem_pestat] mean and std.dev: (379.54, 73.49)
[M::mem_pestat] low and high boundaries for proper pairs: (81, 690)
[M::mem_pestat] analyzing insert size distribution for orientation RF...
[M::mem_pestat] (25, 50, 75) percentile: (275, 636, 2698)
[M::mem_pestat] low and high boundaries for computing mean and std.dev: (1, 7544)
[M::mem_pestat] mean and std.dev: (1435.67, 1503.61)
[M::mem_pestat] low and high boundaries for proper pairs: (1, 9967)
[M::mem_pestat] analyzing insert size distribution for orientation RR...
[M::mem_pestat] (25, 50, 75) percentile: (200, 291, 380)
[M::mem_pestat] low and high boundaries for computing mean and std.dev: (1, 740)
[M::mem_pestat] mean and std.dev: (261.66, 112.15)
[M::mem_pestat] low and high boundaries for proper pairs: (1, 920)
[M::mem_pestat] skip orientation FF
[M::mem_pestat] skip orientation RF
[M::mem_pestat] skip orientation RR
[M::mem_process_seqs] Processed 2669996 reads in 558.390 CPU sec, 144.956 real sec
[M::process] read 2669940 sequences (400000163 bp)...
[M::mem_pestat] # candidate unique pairs for (FF, FR, RF, RR): (59, 853039, 355, 91)
[M::mem_pestat] analyzing insert size distribution for orientation FF...
[M::mem_pestat] (25, 50, 75) percentile: (210, 301, 384)
[M::mem_pestat] low and high boundaries for computing mean and std.dev: (1, 732)
[M::mem_pestat] mean and std.dev: (245.88, 105.21)
[M::mem_pestat] low and high boundaries for proper pairs: (1, 906)
[M::mem_pestat] analyzing insert size distribution for orientation FR...
[M::mem_pestat] (25, 50, 75) percentile: (342, 388, 429)
[M::mem_pestat] low and high boundaries for computing mean and std.dev: (168, 603)
[M::mem_pestat] mean and std.dev: (379.49, 73.42)
[M::mem_pestat] low and high boundaries for proper pairs: (81, 690)
[M::mem_pestat] analyzing insert size distribution for orientation RF...
[M::mem_pestat] (25, 50, 75) percentile: (580, 582, 844)
[M::mem_pestat] low and high boundaries for computing mean and std.dev: (52, 1372)
[M::mem_pestat] mean and std.dev: (637.96, 230.75)
[M::mem_pestat] low and high boundaries for proper pairs: (1, 1636)
[M::mem_pestat] analyzing insert size distribution for orientation RR...
[M::mem_pestat] (25, 50, 75) percentile: (227, 281, 337)
[M::mem_pestat] low and high boundaries for computing mean and std.dev: (7, 557)
[M::mem_pestat] mean and std.dev: (258.91, 83.77)
[M::mem_pestat] low and high boundaries for proper pairs: (1, 667)
[M::mem_pestat] skip orientation FF
[M::mem_pestat] skip orientation RF
[M::mem_pestat] skip orientation RR
[M::mem_process_seqs] Processed 2669940 reads in 554.718 CPU sec, 144.301 real sec
[M::process] read 2669946 sequences (400000069 bp)...
[M::mem_pestat] # candidate unique pairs for (FF, FR, RF, RR): (56, 847326, 120, 39)
[M::mem_pestat] analyzing insert size distribution for orientation FF...
[M::mem_pestat] (25, 50, 75) percentile: (223, 298, 398)
[M::mem_pestat] low and high boundaries for computing mean and std.dev: (1, 748)
[M::mem_pestat] mean and std.dev: (269.64, 119.37)
[M::mem_pestat] low and high boundaries for proper pairs: (1, 923)
[M::mem_pestat] analyzing insert size distribution for orientation FR...
[M::mem_pestat] (25, 50, 75) percentile: (343, 388, 429)
[M::mem_pestat] low and high boundaries for computing mean and std.dev: (171, 601)
[M::mem_pestat] mean and std.dev: (380.13, 72.65)
[M::mem_pestat] low and high boundaries for proper pairs: (85, 687)
[M::mem_pestat] analyzing insert size distribution for orientation RF...
[M::mem_pestat] (25, 50, 75) percentile: (80, 255, 843)
[M::mem_pestat] low and high boundaries for computing mean and std.dev: (1, 2369)
[M::mem_pestat] mean and std.dev: (372.71, 444.38)
[M::mem_pestat] low and high boundaries for proper pairs: (1, 3132)
[M::mem_pestat] analyzing insert size distribution for orientation RR...
[M::mem_pestat] (25, 50, 75) percentile: (181, 276, 337)
[M::mem_pestat] low and high boundaries for computing mean and std.dev: (1, 649)
[M::mem_pestat] mean and std.dev: (268.89, 118.53)
[M::mem_pestat] low and high boundaries for proper pairs: (1, 805)
[M::mem_pestat] skip orientation FF
[M::mem_pestat] skip orientation RF
[M::mem_pestat] skip orientation RR
[M::mem_process_seqs] Processed 2669940 reads in 562.494 CPU sec, 146.051 real sec
[M::process] read 2669926 sequences (400000195 bp)...
[M::mem_pestat] # candidate unique pairs for (FF, FR, RF, RR): (70, 843538, 514, 52)
[M::mem_pestat] analyzing insert size distribution for orientation FF...
[M::mem_pestat] (25, 50, 75) percentile: (208, 280, 335)
[M::mem_pestat] low and high boundaries for computing mean and std.dev: (1, 589)
[M::mem_pestat] mean and std.dev: (268.24, 95.34)
[M::mem_pestat] low and high boundaries for proper pairs: (1, 716)
[M::mem_pestat] analyzing insert size distribution for orientation FR...
[M::mem_pestat] (25, 50, 75) percentile: (343, 388, 429)
[M::mem_pestat] low and high boundaries for computing mean and std.dev: (171, 601)
[M::mem_pestat] mean and std.dev: (380.34, 72.51)
[M::mem_pestat] low and high boundaries for proper pairs: (85, 687)
[M::mem_pestat] analyzing insert size distribution for orientation RF...
[M::mem_pestat] (25, 50, 75) percentile: (295, 397, 775)
[M::mem_pestat] low and high boundaries for computing mean and std.dev: (1, 1735)
[M::mem_pestat] mean and std.dev: (407.87, 268.35)
[M::mem_pestat] low and high boundaries for proper pairs: (1, 2215)
[M::mem_pestat] analyzing insert size distribution for orientation RR...
[M::mem_pestat] (25, 50, 75) percentile: (216, 302, 364)
[M::mem_pestat] low and high boundaries for computing mean and std.dev: (1, 660)
[M::mem_pestat] mean and std.dev: (247.07, 82.94)
[M::mem_pestat] low and high boundaries for proper pairs: (1, 808)
[M::mem_pestat] skip orientation FF
[M::mem_pestat] skip orientation RF
[M::mem_pestat] skip orientation RR
[M::mem_process_seqs] Processed 2669946 reads in 569.310 CPU sec, 147.793 real sec
[M::process] read 2669922 sequences (400000122 bp)...
[M::mem_pestat] # candidate unique pairs for (FF, FR, RF, RR): (52, 850067, 430, 67)
[M::mem_pestat] analyzing insert size distribution for orientation FF...
[M::mem_pestat] (25, 50, 75) percentile: (232, 287, 341)
[M::mem_pestat] low and high boundaries for computing mean and std.dev: (14, 559)
[M::mem_pestat] mean and std.dev: (253.84, 90.80)
[M::mem_pestat] low and high boundaries for proper pairs: (1, 668)
[M::mem_pestat] analyzing insert size distribution for orientation FR...
[M::mem_pestat] (25, 50, 75) percentile: (342, 388, 429)
[M::mem_pestat] low and high boundaries for computing mean and std.dev: (168, 603)
[M::mem_pestat] mean and std.dev: (379.40, 73.54)
[M::mem_pestat] low and high boundaries for proper pairs: (81, 690)
[M::mem_pestat] analyzing insert size distribution for orientation RF...
[M::mem_pestat] (25, 50, 75) percentile: (377, 819, 844)
[M::mem_pestat] low and high boundaries for computing mean and std.dev: (1, 1778)
[M::mem_pestat] mean and std.dev: (648.65, 318.52)
[M::mem_pestat] low and high boundaries for proper pairs: (1, 2245)
[M::mem_pestat] analyzing insert size distribution for orientation RR...
[M::mem_pestat] (25, 50, 75) percentile: (201, 273, 312)
[M::mem_pestat] low and high boundaries for computing mean and std.dev: (1, 534)
[M::mem_pestat] mean and std.dev: (246.95, 86.79)
[M::mem_pestat] low and high boundaries for proper pairs: (1, 645)
[M::mem_pestat] skip orientation FF
[M::mem_pestat] skip orientation RF
[M::mem_pestat] skip orientation RR
[M::mem_process_seqs] Processed 2669926 reads in 559.270 CPU sec, 145.229 real sec
[M::process] read 2669958 sequences (400000050 bp)...
[M::mem_pestat] # candidate unique pairs for (FF, FR, RF, RR): (78, 852202, 434, 70)
[M::mem_pestat] analyzing insert size distribution for orientation FF...
[M::mem_pestat] (25, 50, 75) percentile: (229, 304, 419)
[M::mem_pestat] low and high boundaries for computing mean and std.dev: (1, 799)
[M::mem_pestat] mean and std.dev: (272.59, 91.48)
[M::mem_pestat] low and high boundaries for proper pairs: (1, 989)
[M::mem_pestat] analyzing insert size distribution for orientation FR...
[M::mem_pestat] (25, 50, 75) percentile: (342, 388, 429)
[M::mem_pestat] low and high boundaries for computing mean and std.dev: (168, 603)
[M::mem_pestat] mean and std.dev: (379.56, 73.34)
[M::mem_pestat] low and high boundaries for proper pairs: (81, 690)
[M::mem_pestat] analyzing insert size distribution for orientation RF...
[M::mem_pestat] (25, 50, 75) percentile: (244, 828, 843)
[M::mem_pestat] low and high boundaries for computing mean and std.dev: (1, 2041)
[M::mem_pestat] mean and std.dev: (586.69, 339.63)
[M::mem_pestat] low and high boundaries for proper pairs: (1, 2640)
[M::mem_pestat] analyzing insert size distribution for orientation RR...
[M::mem_pestat] (25, 50, 75) percentile: (230, 328, 2277)
[M::mem_pestat] low and high boundaries for computing mean and std.dev: (1, 6371)
[M::mem_pestat] mean and std.dev: (1155.23, 1214.60)
[M::mem_pestat] low and high boundaries for proper pairs: (1, 8418)
[M::mem_pestat] skip orientation FF
[M::mem_pestat] skip orientation RF
[M::mem_pestat] skip orientation RR
[M::mem_process_seqs] Processed 2669922 reads in 558.626 CPU sec, 145.251 real sec
[M::process] read 2669930 sequences (400000041 bp)...
[M::mem_pestat] # candidate unique pairs for (FF, FR, RF, RR): (65, 842714, 234, 61)
[M::mem_pestat] analyzing insert size distribution for orientation FF...
[M::mem_pestat] (25, 50, 75) percentile: (225, 285, 331)
[M::mem_pestat] low and high boundaries for computing mean and std.dev: (13, 543)
[M::mem_pestat] mean and std.dev: (253.95, 82.22)
[M::mem_pestat] low and high boundaries for proper pairs: (1, 649)
[M::mem_pestat] analyzing insert size distribution for orientation FR...
[M::mem_pestat] (25, 50, 75) percentile: (343, 388, 429)
[M::mem_pestat] low and high boundaries for computing mean and std.dev: (171, 601)
[M::mem_pestat] mean and std.dev: (380.14, 72.61)
[M::mem_pestat] low and high boundaries for proper pairs: (85, 687)
[M::mem_pestat] analyzing insert size distribution for orientation RF...
[M::mem_pestat] (25, 50, 75) percentile: (193, 582, 841)
[M::mem_pestat] low and high boundaries for computing mean and std.dev: (1, 2137)
[M::mem_pestat] mean and std.dev: (538.43, 404.95)
[M::mem_pestat] low and high boundaries for proper pairs: (1, 2785)
[M::mem_pestat] analyzing insert size distribution for orientation RR...
[M::mem_pestat] (25, 50, 75) percentile: (229, 289, 344)
[M::mem_pestat] low and high boundaries for computing mean and std.dev: (1, 574)
[M::mem_pestat] mean and std.dev: (265.16, 70.46)
[M::mem_pestat] low and high boundaries for proper pairs: (1, 689)
[M::mem_pestat] skip orientation FF
[M::mem_pestat] skip orientation RF
[M::mem_pestat] skip orientation RR
[M::mem_process_seqs] Processed 2669958 reads in 566.215 CPU sec, 146.926 real sec
[M::process] read 2669944 sequences (400000050 bp)...
[M::mem_pestat] # candidate unique pairs for (FF, FR, RF, RR): (58, 854628, 817, 56)
[M::mem_pestat] analyzing insert size distribution for orientation FF...
[M::mem_pestat] (25, 50, 75) percentile: (224, 274, 328)
[M::mem_pestat] low and high boundaries for computing mean and std.dev: (16, 536)
[M::mem_pestat] mean and std.dev: (250.82, 74.47)
[M::mem_pestat] low and high boundaries for proper pairs: (1, 640)
[M::mem_pestat] analyzing insert size distribution for orientation FR...
[M::mem_pestat] (25, 50, 75) percentile: (343, 388, 430)
[M::mem_pestat] low and high boundaries for computing mean and std.dev: (169, 604)
[M::mem_pestat] mean and std.dev: (379.95, 73.05)
[M::mem_pestat] low and high boundaries for proper pairs: (82, 691)
[M::mem_pestat] analyzing insert size distribution for orientation RF...
[M::mem_pestat] (25, 50, 75) percentile: (386, 818, 822)
[M::mem_pestat] low and high boundaries for computing mean and std.dev: (1, 1694)
[M::mem_pestat] mean and std.dev: (626.14, 276.01)
[M::mem_pestat] low and high boundaries for proper pairs: (1, 2130)
[M::mem_pestat] analyzing insert size distribution for orientation RR...
[M::mem_pestat] (25, 50, 75) percentile: (255, 357, 2231)
[M::mem_pestat] low and high boundaries for computing mean and std.dev: (1, 6183)
[M::mem_pestat] mean and std.dev: (1015.16, 992.82)
[M::mem_pestat] low and high boundaries for proper pairs: (1, 8159)
[M::mem_pestat] skip orientation FF
[M::mem_pestat] skip orientation RF
[M::mem_pestat] skip orientation RR
[M::mem_process_seqs] Processed 2669930 reads in 563.592 CPU sec, 146.332 real sec
[M::process] read 2669920 sequences (400000138 bp)...
[M::mem_pestat] # candidate unique pairs for (FF, FR, RF, RR): (63, 846143, 174, 63)
[M::mem_pestat] analyzing insert size distribution for orientation FF...
[M::mem_pestat] (25, 50, 75) percentile: (219, 288, 360)
[M::mem_pestat] low and high boundaries for computing mean and std.dev: (1, 642)
[M::mem_pestat] mean and std.dev: (251.56, 90.64)
[M::mem_pestat] low and high boundaries for proper pairs: (1, 783)
[M::mem_pestat] analyzing insert size distribution for orientation FR...
[M::mem_pestat] (25, 50, 75) percentile: (343, 388, 429)
[M::mem_pestat] low and high boundaries for computing mean and std.dev: (171, 601)
[M::mem_pestat] mean and std.dev: (380.22, 72.65)
[M::mem_pestat] low and high boundaries for proper pairs: (85, 687)
[M::mem_pestat] analyzing insert size distribution for orientation RF...
[M::mem_pestat] (25, 50, 75) percentile: (294, 569, 863)
[M::mem_pestat] low and high boundaries for computing mean and std.dev: (1, 2001)
[M::mem_pestat] mean and std.dev: (550.34, 414.25)
[M::mem_pestat] low and high boundaries for proper pairs: (1, 2570)
[M::mem_pestat] analyzing insert size distribution for orientation RR...
[M::mem_pestat] (25, 50, 75) percentile: (266, 324, 752)
[M::mem_pestat] low and high boundaries for computing mean and std.dev: (1, 1724)
[M::mem_pestat] mean and std.dev: (374.35, 299.63)
[M::mem_pestat] low and high boundaries for proper pairs: (1, 2210)
[M::mem_pestat] skip orientation FF
[M::mem_pestat] skip orientation RF
[M::mem_pestat] skip orientation RR
[M::mem_process_seqs] Processed 2669944 reads in 572.735 CPU sec, 148.566 real sec
[M::process] read 2669904 sequences (400000206 bp)...
[M::mem_pestat] # candidate unique pairs for (FF, FR, RF, RR): (70, 855227, 140, 76)
[M::mem_pestat] analyzing insert size distribution for orientation FF...
[M::mem_pestat] (25, 50, 75) percentile: (219, 286, 543)
[M::mem_pestat] low and high boundaries for computing mean and std.dev: (1, 1191)
[M::mem_pestat] mean and std.dev: (268.91, 119.01)
[M::mem_pestat] low and high boundaries for proper pairs: (1, 1515)
[M::mem_pestat] analyzing insert size distribution for orientation FR...
[M::mem_pestat] (25, 50, 75) percentile: (343, 388, 429)
[M::mem_pestat] low and high boundaries for computing mean and std.dev: (171, 601)
[M::mem_pestat] mean and std.dev: (380.17, 72.62)
[M::mem_pestat] low and high boundaries for proper pairs: (85, 687)
[M::mem_pestat] analyzing insert size distribution for orientation RF...
[M::mem_pestat] (25, 50, 75) percentile: (446, 1064, 1296)
[M::mem_pestat] low and high boundaries for computing mean and std.dev: (1, 2996)
[M::mem_pestat] mean and std.dev: (836.53, 555.74)
[M::mem_pestat] low and high boundaries for proper pairs: (1, 3846)
[M::mem_pestat] analyzing insert size distribution for orientation RR...
[M::mem_pestat] (25, 50, 75) percentile: (231, 303, 390)
[M::mem_pestat] low and high boundaries for computing mean and std.dev: (1, 708)
[M::mem_pestat] mean and std.dev: (249.60, 86.95)
[M::mem_pestat] low and high boundaries for proper pairs: (1, 867)
[M::mem_pestat] skip orientation FF
[M::mem_pestat] skip orientation RF
[M::mem_pestat] skip orientation RR
[M::mem_process_seqs] Processed 2669920 reads in 571.511 CPU sec, 148.277 real sec
[M::process] read 2669936 sequences (400000250 bp)...
[M::mem_pestat] # candidate unique pairs for (FF, FR, RF, RR): (69, 854754, 320, 65)
[M::mem_pestat] analyzing insert size distribution for orientation FF...
[M::mem_pestat] (25, 50, 75) percentile: (230, 309, 388)
[M::mem_pestat] low and high boundaries for computing mean and std.dev: (1, 704)
[M::mem_pestat] mean and std.dev: (276.47, 86.13)
[M::mem_pestat] low and high boundaries for proper pairs: (1, 862)
[M::mem_pestat] analyzing insert size distribution for orientation FR...
[M::mem_pestat] (25, 50, 75) percentile: (343, 388, 429)
[M::mem_pestat] low and high boundaries for computing mean and std.dev: (171, 601)
[M::mem_pestat] mean and std.dev: (380.26, 72.57)
[M::mem_pestat] low and high boundaries for proper pairs: (85, 687)
[M::mem_pestat] analyzing insert size distribution for orientation RF...
[M::mem_pestat] (25, 50, 75) percentile: (570, 822, 833)
[M::mem_pestat] low and high boundaries for computing mean and std.dev: (44, 1359)
[M::mem_pestat] mean and std.dev: (686.00, 235.49)
[M::mem_pestat] low and high boundaries for proper pairs: (1, 1628)
[M::mem_pestat] analyzing insert size distribution for orientation RR...
[M::mem_pestat] (25, 50, 75) percentile: (214, 278, 1083)
[M::mem_pestat] low and high boundaries for computing mean and std.dev: (1, 2821)
[M::mem_pestat] mean and std.dev: (606.72, 734.93)
[M::mem_pestat] low and high boundaries for proper pairs: (1, 3690)
[M::mem_pestat] skip orientation FF
[M::mem_pestat] skip orientation RF
[M::mem_pestat] skip orientation RR
[M::mem_process_seqs] Processed 2669904 reads in 561.991 CPU sec, 145.921 real sec
[M::process] read 2669906 sequences (400000011 bp)...
[M::mem_pestat] # candidate unique pairs for (FF, FR, RF, RR): (57, 839947, 554, 57)
[M::mem_pestat] analyzing insert size distribution for orientation FF...
[M::mem_pestat] (25, 50, 75) percentile: (234, 300, 365)
[M::mem_pestat] low and high boundaries for computing mean and std.dev: (1, 627)
[M::mem_pestat] mean and std.dev: (269.43, 108.92)
[M::mem_pestat] low and high boundaries for proper pairs: (1, 758)
[M::mem_pestat] analyzing insert size distribution for orientation FR...
[M::mem_pestat] (25, 50, 75) percentile: (342, 388, 429)
[M::mem_pestat] low and high boundaries for computing mean and std.dev: (168, 603)
[M::mem_pestat] mean and std.dev: (379.56, 73.47)
[M::mem_pestat] low and high boundaries for proper pairs: (81, 690)
[M::mem_pestat] analyzing insert size distribution for orientation RF...
[M::mem_pestat] (25, 50, 75) percentile: (567, 569, 814)
[M::mem_pestat] low and high boundaries for computing mean and std.dev: (73, 1308)
[M::mem_pestat] mean and std.dev: (601.04, 161.90)
[M::mem_pestat] low and high boundaries for proper pairs: (1, 1555)
[M::mem_pestat] analyzing insert size distribution for orientation RR...
[M::mem_pestat] (25, 50, 75) percentile: (241, 303, 344)
[M::mem_pestat] low and high boundaries for computing mean and std.dev: (35, 550)
[M::mem_pestat] mean and std.dev: (282.15, 77.68)
[M::mem_pestat] low and high boundaries for proper pairs: (1, 653)
[M::mem_pestat] skip orientation FF
[M::mem_pestat] skip orientation RF
[M::mem_pestat] skip orientation RR
[M::mem_process_seqs] Processed 2669936 reads in 569.289 CPU sec, 147.946 real sec
[M::process] read 2669944 sequences (400000099 bp)...
[M::mem_pestat] # candidate unique pairs for (FF, FR, RF, RR): (64, 845958, 529, 65)
[M::mem_pestat] analyzing insert size distribution for orientation FF...
[M::mem_pestat] (25, 50, 75) percentile: (242, 318, 377)
[M::mem_pestat] low and high boundaries for computing mean and std.dev: (1, 647)
[M::mem_pestat] mean and std.dev: (289.70, 94.34)
[M::mem_pestat] low and high boundaries for proper pairs: (1, 782)
[M::mem_pestat] analyzing insert size distribution for orientation FR...
[M::mem_pestat] (25, 50, 75) percentile: (342, 388, 429)
[M::mem_pestat] low and high boundaries for computing mean and std.dev: (168, 603)
[M::mem_pestat] mean and std.dev: (379.63, 73.46)
[M::mem_pestat] low and high boundaries for proper pairs: (81, 690)
[M::mem_pestat] analyzing insert size distribution for orientation RF...
[M::mem_pestat] (25, 50, 75) percentile: (345, 582, 844)
[M::mem_pestat] low and high boundaries for computing mean and std.dev: (1, 1842)
[M::mem_pestat] mean and std.dev: (576.70, 328.46)
[M::mem_pestat] low and high boundaries for proper pairs: (1, 2341)
[M::mem_pestat] analyzing insert size distribution for orientation RR...
[M::mem_pestat] (25, 50, 75) percentile: (244, 314, 393)
[M::mem_pestat] low and high boundaries for computing mean and std.dev: (1, 691)
[M::mem_pestat] mean and std.dev: (301.63, 116.33)
[M::mem_pestat] low and high boundaries for proper pairs: (1, 840)
[M::mem_pestat] skip orientation FF
[M::mem_pestat] skip orientation RF
[M::mem_pestat] skip orientation RR
[M::mem_process_seqs] Processed 2669906 reads in 561.539 CPU sec, 145.723 real sec
[M::process] read 2443890 sequences (366139792 bp)...
[M::mem_pestat] # candidate unique pairs for (FF, FR, RF, RR): (55, 849904, 114, 68)
[M::mem_pestat] analyzing insert size distribution for orientation FF...
[M::mem_pestat] (25, 50, 75) percentile: (222, 259, 335)
[M::mem_pestat] low and high boundaries for computing mean and std.dev: (1, 561)
[M::mem_pestat] mean and std.dev: (252.78, 68.97)
[M::mem_pestat] low and high boundaries for proper pairs: (1, 674)
[M::mem_pestat] analyzing insert size distribution for orientation FR...
[M::mem_pestat] (25, 50, 75) percentile: (342, 388, 429)
[M::mem_pestat] low and high boundaries for computing mean and std.dev: (168, 603)
[M::mem_pestat] mean and std.dev: (379.51, 73.43)
[M::mem_pestat] low and high boundaries for proper pairs: (81, 690)
[M::mem_pestat] analyzing insert size distribution for orientation RF...
[M::mem_pestat] (25, 50, 75) percentile: (426, 832, 3109)
[M::mem_pestat] low and high boundaries for computing mean and std.dev: (1, 8475)
[M::mem_pestat] mean and std.dev: (1524.68, 1625.27)
[M::mem_pestat] low and high boundaries for proper pairs: (1, 11158)
[M::mem_pestat] analyzing insert size distribution for orientation RR...
[M::mem_pestat] (25, 50, 75) percentile: (218, 258, 339)
[M::mem_pestat] low and high boundaries for computing mean and std.dev: (1, 581)
[M::mem_pestat] mean and std.dev: (247.74, 75.65)
[M::mem_pestat] low and high boundaries for proper pairs: (1, 702)
[M::mem_pestat] skip orientation FF
[M::mem_pestat] skip orientation RF
[M::mem_pestat] skip orientation RR
[M::mem_process_seqs] Processed 2669944 reads in 570.860 CPU sec, 148.136 real sec
[M::mem_pestat] # candidate unique pairs for (FF, FR, RF, RR): (55, 770479, 122, 47)
[M::mem_pestat] analyzing insert size distribution for orientation FF...
[M::mem_pestat] (25, 50, 75) percentile: (208, 265, 338)
[M::mem_pestat] low and high boundaries for computing mean and std.dev: (1, 598)
[M::mem_pestat] mean and std.dev: (254.32, 85.08)
[M::mem_pestat] low and high boundaries for proper pairs: (1, 728)
[M::mem_pestat] analyzing insert size distribution for orientation FR...
[M::mem_pestat] (25, 50, 75) percentile: (343, 388, 429)
[M::mem_pestat] low and high boundaries for computing mean and std.dev: (171, 601)
[M::mem_pestat] mean and std.dev: (380.31, 72.52)
[M::mem_pestat] low and high boundaries for proper pairs: (85, 687)
[M::mem_pestat] analyzing insert size distribution for orientation RF...
[M::mem_pestat] (25, 50, 75) percentile: (199, 591, 1034)
[M::mem_pestat] low and high boundaries for computing mean and std.dev: (1, 2704)
[M::mem_pestat] mean and std.dev: (685.73, 709.02)
[M::mem_pestat] low and high boundaries for proper pairs: (1, 3539)
[M::mem_pestat] analyzing insert size distribution for orientation RR...
[M::mem_pestat] (25, 50, 75) percentile: (238, 317, 354)
[M::mem_pestat] low and high boundaries for computing mean and std.dev: (6, 586)
[M::mem_pestat] mean and std.dev: (284.07, 85.57)
[M::mem_pestat] low and high boundaries for proper pairs: (1, 702)
[M::mem_pestat] skip orientation FF
[M::mem_pestat] skip orientation RF
[M::mem_pestat] skip orientation RR
[M::mem_process_seqs] Processed 2443890 reads in 527.863 CPU sec, 137.415 real sec
[main] Version: 0.7.17-r1188
[main] CMD: bwa mem -L 5 -t 40 -a -M -T 30 -A 1 -B 4 -O 6 -R @RG\tID:GyC0881E_CKDL210018111-1a-5UDI225-AK7549_HH72GDSX2_L1_clmp.fp2_repr\tSM:GyC0881E_CKDL210018111-1a-5UDI225-AK7549_HH72GDSX2_L1_clmp.fp2_repr\tPL:Illumina reference.denovoSSL.Goy20k.fasta GyC0881E_CKDL210018111-1a-5UDI225-AK7549_HH72GDSX2_L1_clmp.fp2_repr.R1.fq.gz GyC0881E_CKDL210018111-1a-5UDI225-AK7549_HH72GDSX2_L1_clmp.fp2_repr.R2.fq.gz
[main] Real time: 7025.613 sec; CPU: 26639.057 sec
