
[warning] samtools mpileup option `u` is functional, but deprecated. Please switch to using bcftools mpileup in future.
[mpileup] 1 samples in 1 input files
Note: none of --samples-file, --ploidy or --ploidy-file given, assuming all sites are diploid
mv: 'denovoSSL_20k_mpileup-833497.out' and '/home/e1garcia/shotgun_PIRE/REUs/2022_REU/Allison/hypoatherina_temminckii_PSMC/data/mkBAM/Hte_denovoSSL_20k_PSMC/denovoSSL_20k_PSMC/joblog/denovoSSL_20k_mpileup-833497.out' are the same file
mv: 'denovoSSL_20k_mpileup-833498.out' and '/home/e1garcia/shotgun_PIRE/REUs/2022_REU/Allison/hypoatherina_temminckii_PSMC/data/mkBAM/Hte_denovoSSL_20k_PSMC/denovoSSL_20k_PSMC/joblog/denovoSSL_20k_mpileup-833498.out' are the same file
mv: 'denovoSSL_20k_mpileup-833499.out' and '/home/e1garcia/shotgun_PIRE/REUs/2022_REU/Allison/hypoatherina_temminckii_PSMC/data/mkBAM/Hte_denovoSSL_20k_PSMC/denovoSSL_20k_PSMC/joblog/denovoSSL_20k_mpileup-833499.out' are the same file
mv: 'denovoSSL_20k_mpileup-833500.out' and '/home/e1garcia/shotgun_PIRE/REUs/2022_REU/Allison/hypoatherina_temminckii_PSMC/data/mkBAM/Hte_denovoSSL_20k_PSMC/denovoSSL_20k_PSMC/joblog/denovoSSL_20k_mpileup-833500.out' are the same file
mv: 'denovoSSL_20k_mpileup-833501.out' and '/home/e1garcia/shotgun_PIRE/REUs/2022_REU/Allison/hypoatherina_temminckii_PSMC/data/mkBAM/Hte_denovoSSL_20k_PSMC/denovoSSL_20k_PSMC/joblog/denovoSSL_20k_mpileup-833501.out' are the same file
mv: 'denovoSSL_20k_mpileup-833502.out' and '/home/e1garcia/shotgun_PIRE/REUs/2022_REU/Allison/hypoatherina_temminckii_PSMC/data/mkBAM/Hte_denovoSSL_20k_PSMC/denovoSSL_20k_PSMC/joblog/denovoSSL_20k_mpileup-833502.out' are the same file
mv: 'denovoSSL_20k_mpileup-833509.out' and '/home/e1garcia/shotgun_PIRE/REUs/2022_REU/Allison/hypoatherina_temminckii_PSMC/data/mkBAM/Hte_denovoSSL_20k_PSMC/denovoSSL_20k_PSMC/joblog/denovoSSL_20k_mpileup-833509.out' are the same file
mv: 'denovoSSL_20k_mpileup-833510.out' and '/home/e1garcia/shotgun_PIRE/REUs/2022_REU/Allison/hypoatherina_temminckii_PSMC/data/mkBAM/Hte_denovoSSL_20k_PSMC/denovoSSL_20k_PSMC/joblog/denovoSSL_20k_mpileup-833510.out' are the same file
mv: 'denovoSSL_20k_mpileup-833511.out' and '/home/e1garcia/shotgun_PIRE/REUs/2022_REU/Allison/hypoatherina_temminckii_PSMC/data/mkBAM/Hte_denovoSSL_20k_PSMC/denovoSSL_20k_PSMC/joblog/denovoSSL_20k_mpileup-833511.out' are the same file
mv: 'denovoSSL_20k_mpileup-833512.out' and '/home/e1garcia/shotgun_PIRE/REUs/2022_REU/Allison/hypoatherina_temminckii_PSMC/data/mkBAM/Hte_denovoSSL_20k_PSMC/denovoSSL_20k_PSMC/joblog/denovoSSL_20k_mpileup-833512.out' are the same file
mv: cannot stat 'denovoSSL_20k_mpileup-833513.out': No such file or directory
mv: cannot stat 'denovoSSL_20k_mpileup-833514.out': No such file or directory
mv: cannot stat 'denovoSSL_20k_mpileup-833515.out': No such file or directory
mv: cannot stat 'denovoSSL_20k_mpileup-833516.out': No such file or directory
mv: cannot stat 'denovoSSL_20k_mpileup-833517.out': No such file or directory
mv: cannot stat 'denovoSSL_20k_mpileup-833518.out': No such file or directory
mv: cannot stat 'denovoSSL_20k_mpileup-833519.out': No such file or directory
mv: 'denovoSSL_20k_mpileup-833520.out' and '/home/e1garcia/shotgun_PIRE/REUs/2022_REU/Allison/hypoatherina_temminckii_PSMC/data/mkBAM/Hte_denovoSSL_20k_PSMC/denovoSSL_20k_PSMC/joblog/denovoSSL_20k_mpileup-833520.out' are the same file
mv: 'denovoSSL_20k_mpileup-833521.out' and '/home/e1garcia/shotgun_PIRE/REUs/2022_REU/Allison/hypoatherina_temminckii_PSMC/data/mkBAM/Hte_denovoSSL_20k_PSMC/denovoSSL_20k_PSMC/joblog/denovoSSL_20k_mpileup-833521.out' are the same file
mv: 'denovoSSL_20k_mpileup-833522.out' and '/home/e1garcia/shotgun_PIRE/REUs/2022_REU/Allison/hypoatherina_temminckii_PSMC/data/mkBAM/Hte_denovoSSL_20k_PSMC/denovoSSL_20k_PSMC/joblog/denovoSSL_20k_mpileup-833522.out' are the same file
mv: cannot stat 'denovoSSL_20k_mpileup-833523.out': No such file or directory
mv: cannot stat 'denovoSSL_20k_mpileup-833524.out': No such file or directory
mv: cannot move 'denovoSSL_20k_mpileup-833525.out' to '/home/e1garcia/shotgun_PIRE/REUs/2022_REU/Allison/hypoatherina_temminckii_PSMC/data/mkBAM/Hte_denovoSSL_20k_PSMC/denovoSSL_20k_PSMC/joblog/denovoSSL_20k_mpileup-833525.out': No such file or directory
