
[warning] samtools mpileup option `u` is functional, but deprecated. Please switch to using bcftools mpileup in future.
[mpileup] 1 samples in 1 input files
Note: none of --samples-file, --ploidy or --ploidy-file given, assuming all sites are diploid
mv: cannot stat 'denovoSSL_20k_mpileup-833401.out': No such file or directory
mv: cannot stat 'denovoSSL_20k_mpileup-833402.out': No such file or directory
mv: cannot stat 'denovoSSL_20k_mpileup-833403.out': No such file or directory
mv: cannot stat 'denovoSSL_20k_mpileup-833404.out': No such file or directory
mv: cannot stat 'denovoSSL_20k_mpileup-833405.out': No such file or directory
mv: cannot stat 'denovoSSL_20k_mpileup-833406.out': No such file or directory
mv: cannot stat 'denovoSSL_20k_mpileup-833407.out': No such file or directory
mv: cannot stat 'denovoSSL_20k_mpileup-833408.out': No such file or directory
mv: cannot stat 'denovoSSL_20k_mpileup-833409.out': No such file or directory
mv: cannot stat 'denovoSSL_20k_mpileup-833410.out': No such file or directory
mv: cannot stat 'denovoSSL_20k_mpileup-833411.out': No such file or directory
mv: cannot stat 'denovoSSL_20k_mpileup-833412.out': No such file or directory
mv: cannot stat 'denovoSSL_20k_mpileup-833413.out': No such file or directory
mv: cannot stat 'denovoSSL_20k_mpileup-833414.out': No such file or directory
mv: cannot stat 'denovoSSL_20k_mpileup-833415.out': No such file or directory
mv: cannot stat 'denovoSSL_20k_mpileup-833416.out': No such file or directory
mv: cannot stat 'denovoSSL_20k_mpileup-833417.out': No such file or directory
mv: cannot stat 'denovoSSL_20k_mpileup-833418.out': No such file or directory
mv: 'denovoSSL_20k_mpileup-833419.out' and '/home/e1garcia/shotgun_PIRE/REUs/2022_REU/Allison/hypoatherina_temminckii_PSMC/data/mkBAM/Hte_denovoSSL_20k_PSMC/denovoSSL_20k_PSMC/joblog/denovoSSL_20k_mpileup-833419.out' are the same file
mv: cannot stat 'denovoSSL_20k_mpileup-833420.out': No such file or directory
mv: cannot stat 'denovoSSL_20k_mpileup-833421.out': No such file or directory
mv: cannot stat 'denovoSSL_20k_mpileup-833422.out': No such file or directory
mv: 'denovoSSL_20k_mpileup-833423.out' and '/home/e1garcia/shotgun_PIRE/REUs/2022_REU/Allison/hypoatherina_temminckii_PSMC/data/mkBAM/Hte_denovoSSL_20k_PSMC/denovoSSL_20k_PSMC/joblog/denovoSSL_20k_mpileup-833423.out' are the same file
mv: 'denovoSSL_20k_mpileup-833424.out' and '/home/e1garcia/shotgun_PIRE/REUs/2022_REU/Allison/hypoatherina_temminckii_PSMC/data/mkBAM/Hte_denovoSSL_20k_PSMC/denovoSSL_20k_PSMC/joblog/denovoSSL_20k_mpileup-833424.out' are the same file
mv: cannot stat 'denovoSSL_20k_mpileup-833425.out': No such file or directory
mv: cannot stat 'denovoSSL_20k_mpileup-833426.out': No such file or directory
mv: 'denovoSSL_20k_mpileup-833427.out' and '/home/e1garcia/shotgun_PIRE/REUs/2022_REU/Allison/hypoatherina_temminckii_PSMC/data/mkBAM/Hte_denovoSSL_20k_PSMC/denovoSSL_20k_PSMC/joblog/denovoSSL_20k_mpileup-833427.out' are the same file
mv: cannot stat 'denovoSSL_20k_mpileup-833428.out': No such file or directory
mv: cannot stat 'denovoSSL_20k_mpileup-833429.out': No such file or directory
