
[warning] samtools mpileup option `u` is functional, but deprecated. Please switch to using bcftools mpileup in future.
[mpileup] 1 samples in 1 input files
Note: none of --samples-file, --ploidy or --ploidy-file given, assuming all sites are diploid
mv: cannot stat 'denovoSSL_20k_mpileup-839027.out': No such file or directory
mv: cannot stat 'denovoSSL_20k_mpileup-839028.out': No such file or directory
mv: cannot stat 'denovoSSL_20k_mpileup-839029.out': No such file or directory
mv: cannot stat 'denovoSSL_20k_mpileup-839030.out': No such file or directory
mv: cannot stat 'denovoSSL_20k_mpileup-839031.out': No such file or directory
mv: cannot stat 'denovoSSL_20k_mpileup-839032.out': No such file or directory
mv: cannot stat 'denovoSSL_20k_mpileup-839033.out': No such file or directory
mv: cannot stat 'denovoSSL_20k_mpileup-839034.out': No such file or directory
mv: cannot stat 'denovoSSL_20k_mpileup-839035.out': No such file or directory
mv: cannot stat 'denovoSSL_20k_mpileup-839036.out': No such file or directory
mv: cannot stat 'denovoSSL_20k_mpileup-839037.out': No such file or directory
mv: cannot stat 'denovoSSL_20k_mpileup-839038.out': No such file or directory
mv: cannot stat 'denovoSSL_20k_mpileup-839039.out': No such file or directory
mv: cannot stat 'denovoSSL_20k_mpileup-839040.out': No such file or directory
mv: cannot stat 'denovoSSL_20k_mpileup-839041.out': No such file or directory
mv: cannot stat 'denovoSSL_20k_mpileup-839042.out': No such file or directory
mv: 'denovoSSL_20k_mpileup-839043.out' and '/home/e1garcia/shotgun_PIRE/REUs/2022_REU/Allison/hypoatherina_temminckii_PSMC/data/mkBAM/Hte_denovoSSL_20k_PSMC/denovoSSL_20k_PSMC/joblog/denovoSSL_20k_mpileup-839043.out' are the same file
mv: 'denovoSSL_20k_mpileup-839044.out' and '/home/e1garcia/shotgun_PIRE/REUs/2022_REU/Allison/hypoatherina_temminckii_PSMC/data/mkBAM/Hte_denovoSSL_20k_PSMC/denovoSSL_20k_PSMC/joblog/denovoSSL_20k_mpileup-839044.out' are the same file
mv: 'denovoSSL_20k_mpileup-839045.out' and '/home/e1garcia/shotgun_PIRE/REUs/2022_REU/Allison/hypoatherina_temminckii_PSMC/data/mkBAM/Hte_denovoSSL_20k_PSMC/denovoSSL_20k_PSMC/joblog/denovoSSL_20k_mpileup-839045.out' are the same file
mv: cannot stat 'denovoSSL_20k_mpileup-839046.out': No such file or directory
mv: cannot stat 'denovoSSL_20k_mpileup-839047.out': No such file or directory
