
[warning] samtools mpileup option `u` is functional, but deprecated. Please switch to using bcftools mpileup in future.
[mpileup] 1 samples in 1 input files
Note: none of --samples-file, --ploidy or --ploidy-file given, assuming all sites are diploid
mv: cannot stat 'denovoSSL_20k_mpileup-831731.out': No such file or directory
mv: cannot stat 'denovoSSL_20k_mpileup-831732.out': No such file or directory
mv: cannot stat 'denovoSSL_20k_mpileup-831733.out': No such file or directory
mv: cannot stat 'denovoSSL_20k_mpileup-831734.out': No such file or directory
mv: cannot stat 'denovoSSL_20k_mpileup-831735.out': No such file or directory
mv: cannot stat 'denovoSSL_20k_mpileup-831736.out': No such file or directory
mv: cannot stat 'denovoSSL_20k_mpileup-831737.out': No such file or directory
mv: cannot stat 'denovoSSL_20k_mpileup-831738.out': No such file or directory
mv: 'denovoSSL_20k_mpileup-831739.out' and '/home/e1garcia/shotgun_PIRE/REUs/2022_REU/Allison/hypoatherina_temminckii_PSMC/data/mkBAM/Hte_denovoSSL_20k_PSMC/denovoSSL_20k_PSMC/joblog/denovoSSL_20k_mpileup-831739.out' are the same file
mv: 'denovoSSL_20k_mpileup-831740.out' and '/home/e1garcia/shotgun_PIRE/REUs/2022_REU/Allison/hypoatherina_temminckii_PSMC/data/mkBAM/Hte_denovoSSL_20k_PSMC/denovoSSL_20k_PSMC/joblog/denovoSSL_20k_mpileup-831740.out' are the same file
mv: 'denovoSSL_20k_mpileup-831741.out' and '/home/e1garcia/shotgun_PIRE/REUs/2022_REU/Allison/hypoatherina_temminckii_PSMC/data/mkBAM/Hte_denovoSSL_20k_PSMC/denovoSSL_20k_PSMC/joblog/denovoSSL_20k_mpileup-831741.out' are the same file
mv: cannot stat 'denovoSSL_20k_mpileup-831742.out': No such file or directory
mv: cannot stat 'denovoSSL_20k_mpileup-831743.out': No such file or directory
mv: 'denovoSSL_20k_mpileup-831744.out' and '/home/e1garcia/shotgun_PIRE/REUs/2022_REU/Allison/hypoatherina_temminckii_PSMC/data/mkBAM/Hte_denovoSSL_20k_PSMC/denovoSSL_20k_PSMC/joblog/denovoSSL_20k_mpileup-831744.out' are the same file
mv: cannot stat 'denovoSSL_20k_mpileup-831745.out': No such file or directory
mv: 'denovoSSL_20k_mpileup-831746.out' and '/home/e1garcia/shotgun_PIRE/REUs/2022_REU/Allison/hypoatherina_temminckii_PSMC/data/mkBAM/Hte_denovoSSL_20k_PSMC/denovoSSL_20k_PSMC/joblog/denovoSSL_20k_mpileup-831746.out' are the same file
mv: 'denovoSSL_20k_mpileup-831747.out' and '/home/e1garcia/shotgun_PIRE/REUs/2022_REU/Allison/hypoatherina_temminckii_PSMC/data/mkBAM/Hte_denovoSSL_20k_PSMC/denovoSSL_20k_PSMC/joblog/denovoSSL_20k_mpileup-831747.out' are the same file
mv: cannot stat 'denovoSSL_20k_mpileup-831748.out': No such file or directory
mv: cannot stat 'denovoSSL_20k_mpileup-831749.out': No such file or directory
