
[warning] samtools mpileup option `u` is functional, but deprecated. Please switch to using bcftools mpileup in future.
[mpileup] 1 samples in 1 input files
Note: none of --samples-file, --ploidy or --ploidy-file given, assuming all sites are diploid
mv: cannot move 'denovoSSL_20k_mpileup-833494.out' to '/home/e1garcia/shotgun_PIRE/REUs/2022_REU/Allison/hypoatherina_temminckii_PSMC/data/mkBAM/Hte_denovoSSL_20k_PSMC/denovoSSL_20k_PSMC/joblog/denovoSSL_20k_mpileup-833494.out': No such file or directory
mv: 'denovoSSL_20k_mpileup-833495.out' and '/home/e1garcia/shotgun_PIRE/REUs/2022_REU/Allison/hypoatherina_temminckii_PSMC/data/mkBAM/Hte_denovoSSL_20k_PSMC/denovoSSL_20k_PSMC/joblog/denovoSSL_20k_mpileup-833495.out' are the same file
mv: 'denovoSSL_20k_mpileup-833496.out' and '/home/e1garcia/shotgun_PIRE/REUs/2022_REU/Allison/hypoatherina_temminckii_PSMC/data/mkBAM/Hte_denovoSSL_20k_PSMC/denovoSSL_20k_PSMC/joblog/denovoSSL_20k_mpileup-833496.out' are the same file
mv: 'denovoSSL_20k_mpileup-833497.out' and '/home/e1garcia/shotgun_PIRE/REUs/2022_REU/Allison/hypoatherina_temminckii_PSMC/data/mkBAM/Hte_denovoSSL_20k_PSMC/denovoSSL_20k_PSMC/joblog/denovoSSL_20k_mpileup-833497.out' are the same file
mv: 'denovoSSL_20k_mpileup-833498.out' and '/home/e1garcia/shotgun_PIRE/REUs/2022_REU/Allison/hypoatherina_temminckii_PSMC/data/mkBAM/Hte_denovoSSL_20k_PSMC/denovoSSL_20k_PSMC/joblog/denovoSSL_20k_mpileup-833498.out' are the same file
mv: 'denovoSSL_20k_mpileup-833499.out' and '/home/e1garcia/shotgun_PIRE/REUs/2022_REU/Allison/hypoatherina_temminckii_PSMC/data/mkBAM/Hte_denovoSSL_20k_PSMC/denovoSSL_20k_PSMC/joblog/denovoSSL_20k_mpileup-833499.out' are the same file
mv: 'denovoSSL_20k_mpileup-833500.out' and '/home/e1garcia/shotgun_PIRE/REUs/2022_REU/Allison/hypoatherina_temminckii_PSMC/data/mkBAM/Hte_denovoSSL_20k_PSMC/denovoSSL_20k_PSMC/joblog/denovoSSL_20k_mpileup-833500.out' are the same file
mv: 'denovoSSL_20k_mpileup-833501.out' and '/home/e1garcia/shotgun_PIRE/REUs/2022_REU/Allison/hypoatherina_temminckii_PSMC/data/mkBAM/Hte_denovoSSL_20k_PSMC/denovoSSL_20k_PSMC/joblog/denovoSSL_20k_mpileup-833501.out' are the same file
mv: 'denovoSSL_20k_mpileup-833502.out' and '/home/e1garcia/shotgun_PIRE/REUs/2022_REU/Allison/hypoatherina_temminckii_PSMC/data/mkBAM/Hte_denovoSSL_20k_PSMC/denovoSSL_20k_PSMC/joblog/denovoSSL_20k_mpileup-833502.out' are the same file
mv: cannot move 'denovoSSL_20k_mpileup-833503.out' to '/home/e1garcia/shotgun_PIRE/REUs/2022_REU/Allison/hypoatherina_temminckii_PSMC/data/mkBAM/Hte_denovoSSL_20k_PSMC/denovoSSL_20k_PSMC/joblog/denovoSSL_20k_mpileup-833503.out': No such file or directory
mv: cannot move 'denovoSSL_20k_mpileup-833504.out' to '/home/e1garcia/shotgun_PIRE/REUs/2022_REU/Allison/hypoatherina_temminckii_PSMC/data/mkBAM/Hte_denovoSSL_20k_PSMC/denovoSSL_20k_PSMC/joblog/denovoSSL_20k_mpileup-833504.out': No such file or directory
mv: cannot move 'denovoSSL_20k_mpileup-833505.out' to '/home/e1garcia/shotgun_PIRE/REUs/2022_REU/Allison/hypoatherina_temminckii_PSMC/data/mkBAM/Hte_denovoSSL_20k_PSMC/denovoSSL_20k_PSMC/joblog/denovoSSL_20k_mpileup-833505.out': No such file or directory
mv: cannot move 'denovoSSL_20k_mpileup-833507.out' to '/home/e1garcia/shotgun_PIRE/REUs/2022_REU/Allison/hypoatherina_temminckii_PSMC/data/mkBAM/Hte_denovoSSL_20k_PSMC/denovoSSL_20k_PSMC/joblog/denovoSSL_20k_mpileup-833507.out': No such file or directory
mv: 'denovoSSL_20k_mpileup-833511.out' and '/home/e1garcia/shotgun_PIRE/REUs/2022_REU/Allison/hypoatherina_temminckii_PSMC/data/mkBAM/Hte_denovoSSL_20k_PSMC/denovoSSL_20k_PSMC/joblog/denovoSSL_20k_mpileup-833511.out' are the same file
mv: 'denovoSSL_20k_mpileup-833512.out' and '/home/e1garcia/shotgun_PIRE/REUs/2022_REU/Allison/hypoatherina_temminckii_PSMC/data/mkBAM/Hte_denovoSSL_20k_PSMC/denovoSSL_20k_PSMC/joblog/denovoSSL_20k_mpileup-833512.out' are the same file
mv: cannot stat 'denovoSSL_20k_mpileup-833513.out': No such file or directory
mv: 'denovoSSL_20k_mpileup-833514.out' and '/home/e1garcia/shotgun_PIRE/REUs/2022_REU/Allison/hypoatherina_temminckii_PSMC/data/mkBAM/Hte_denovoSSL_20k_PSMC/denovoSSL_20k_PSMC/joblog/denovoSSL_20k_mpileup-833514.out' are the same file
mv: 'denovoSSL_20k_mpileup-833515.out' and '/home/e1garcia/shotgun_PIRE/REUs/2022_REU/Allison/hypoatherina_temminckii_PSMC/data/mkBAM/Hte_denovoSSL_20k_PSMC/denovoSSL_20k_PSMC/joblog/denovoSSL_20k_mpileup-833515.out' are the same file
mv: 'denovoSSL_20k_mpileup-833516.out' and '/home/e1garcia/shotgun_PIRE/REUs/2022_REU/Allison/hypoatherina_temminckii_PSMC/data/mkBAM/Hte_denovoSSL_20k_PSMC/denovoSSL_20k_PSMC/joblog/denovoSSL_20k_mpileup-833516.out' are the same file
mv: 'denovoSSL_20k_mpileup-833517.out' and '/home/e1garcia/shotgun_PIRE/REUs/2022_REU/Allison/hypoatherina_temminckii_PSMC/data/mkBAM/Hte_denovoSSL_20k_PSMC/denovoSSL_20k_PSMC/joblog/denovoSSL_20k_mpileup-833517.out' are the same file
mv: 'denovoSSL_20k_mpileup-833518.out' and '/home/e1garcia/shotgun_PIRE/REUs/2022_REU/Allison/hypoatherina_temminckii_PSMC/data/mkBAM/Hte_denovoSSL_20k_PSMC/denovoSSL_20k_PSMC/joblog/denovoSSL_20k_mpileup-833518.out' are the same file
mv: cannot stat 'denovoSSL_20k_mpileup-833519.out': No such file or directory
mv: 'denovoSSL_20k_mpileup-833520.out' and '/home/e1garcia/shotgun_PIRE/REUs/2022_REU/Allison/hypoatherina_temminckii_PSMC/data/mkBAM/Hte_denovoSSL_20k_PSMC/denovoSSL_20k_PSMC/joblog/denovoSSL_20k_mpileup-833520.out' are the same file
mv: 'denovoSSL_20k_mpileup-833521.out' and '/home/e1garcia/shotgun_PIRE/REUs/2022_REU/Allison/hypoatherina_temminckii_PSMC/data/mkBAM/Hte_denovoSSL_20k_PSMC/denovoSSL_20k_PSMC/joblog/denovoSSL_20k_mpileup-833521.out' are the same file
mv: cannot move 'denovoSSL_20k_mpileup-833523.out' to '/home/e1garcia/shotgun_PIRE/REUs/2022_REU/Allison/hypoatherina_temminckii_PSMC/data/mkBAM/Hte_denovoSSL_20k_PSMC/denovoSSL_20k_PSMC/joblog/denovoSSL_20k_mpileup-833523.out': No such file or directory
mv: cannot move 'denovoSSL_20k_mpileup-833525.out' to '/home/e1garcia/shotgun_PIRE/REUs/2022_REU/Allison/hypoatherina_temminckii_PSMC/data/mkBAM/Hte_denovoSSL_20k_PSMC/denovoSSL_20k_PSMC/joblog/denovoSSL_20k_mpileup-833525.out': No such file or directory
