
[warning] samtools mpileup option `u` is functional, but deprecated. Please switch to using bcftools mpileup in future.
[mpileup] 1 samples in 1 input files
Note: none of --samples-file, --ploidy or --ploidy-file given, assuming all sites are diploid
Use of uninitialized value $l in numeric lt (<) at /opt/intel64/bin/vcfutils.pl line 566, <> line 7458.
Use of uninitialized value $l in numeric lt (<) at /opt/intel64/bin/vcfutils.pl line 566, <> line 7458.
mv: cannot move 'denovoSSL_20k_mpileup-838040.out' to '/home/e1garcia/shotgun_PIRE/REUs/2022_REU/Allison/hypoatherina_temminckii_PSMC/data/mkBAM/Hte_denovoSSL_20k_PSMC/denovoSSL_20k_PSMC/joblog/denovoSSL_20k_mpileup-838040.out': No such file or directory
mv: cannot move 'denovoSSL_20k_mpileup-838042.out' to '/home/e1garcia/shotgun_PIRE/REUs/2022_REU/Allison/hypoatherina_temminckii_PSMC/data/mkBAM/Hte_denovoSSL_20k_PSMC/denovoSSL_20k_PSMC/joblog/denovoSSL_20k_mpileup-838042.out': No such file or directory
mv: 'denovoSSL_20k_mpileup-838043.out' and '/home/e1garcia/shotgun_PIRE/REUs/2022_REU/Allison/hypoatherina_temminckii_PSMC/data/mkBAM/Hte_denovoSSL_20k_PSMC/denovoSSL_20k_PSMC/joblog/denovoSSL_20k_mpileup-838043.out' are the same file
mv: 'denovoSSL_20k_mpileup-838044.out' and '/home/e1garcia/shotgun_PIRE/REUs/2022_REU/Allison/hypoatherina_temminckii_PSMC/data/mkBAM/Hte_denovoSSL_20k_PSMC/denovoSSL_20k_PSMC/joblog/denovoSSL_20k_mpileup-838044.out' are the same file
mv: 'denovoSSL_20k_mpileup-838045.out' and '/home/e1garcia/shotgun_PIRE/REUs/2022_REU/Allison/hypoatherina_temminckii_PSMC/data/mkBAM/Hte_denovoSSL_20k_PSMC/denovoSSL_20k_PSMC/joblog/denovoSSL_20k_mpileup-838045.out' are the same file
mv: cannot stat 'denovoSSL_20k_mpileup-838046.out': No such file or directory
mv: 'denovoSSL_20k_mpileup-838047.out' and '/home/e1garcia/shotgun_PIRE/REUs/2022_REU/Allison/hypoatherina_temminckii_PSMC/data/mkBAM/Hte_denovoSSL_20k_PSMC/denovoSSL_20k_PSMC/joblog/denovoSSL_20k_mpileup-838047.out' are the same file
mv: 'denovoSSL_20k_mpileup-838048.out' and '/home/e1garcia/shotgun_PIRE/REUs/2022_REU/Allison/hypoatherina_temminckii_PSMC/data/mkBAM/Hte_denovoSSL_20k_PSMC/denovoSSL_20k_PSMC/joblog/denovoSSL_20k_mpileup-838048.out' are the same file
mv: 'denovoSSL_20k_mpileup-838049.out' and '/home/e1garcia/shotgun_PIRE/REUs/2022_REU/Allison/hypoatherina_temminckii_PSMC/data/mkBAM/Hte_denovoSSL_20k_PSMC/denovoSSL_20k_PSMC/joblog/denovoSSL_20k_mpileup-838049.out' are the same file
mv: 'denovoSSL_20k_mpileup-838050.out' and '/home/e1garcia/shotgun_PIRE/REUs/2022_REU/Allison/hypoatherina_temminckii_PSMC/data/mkBAM/Hte_denovoSSL_20k_PSMC/denovoSSL_20k_PSMC/joblog/denovoSSL_20k_mpileup-838050.out' are the same file
mv: cannot stat 'denovoSSL_20k_mpileup-838051.out': No such file or directory
mv: cannot stat 'denovoSSL_20k_mpileup-838052.out': No such file or directory
mv: cannot stat 'denovoSSL_20k_mpileup-838053.out': No such file or directory
mv: 'denovoSSL_20k_mpileup-838054.out' and '/home/e1garcia/shotgun_PIRE/REUs/2022_REU/Allison/hypoatherina_temminckii_PSMC/data/mkBAM/Hte_denovoSSL_20k_PSMC/denovoSSL_20k_PSMC/joblog/denovoSSL_20k_mpileup-838054.out' are the same file
mv: cannot stat 'denovoSSL_20k_mpileup-838055.out': No such file or directory
