
[warning] samtools mpileup option `u` is functional, but deprecated. Please switch to using bcftools mpileup in future.
[mpileup] 1 samples in 1 input files
Note: none of --samples-file, --ploidy or --ploidy-file given, assuming all sites are diploid
mv: cannot move 'denovoSSL_20k_mpileup-834115.out' to '/home/e1garcia/shotgun_PIRE/REUs/2022_REU/Allison/hypoatherina_temminckii_PSMC/data/mkBAM/Hte_denovoSSL_20k_PSMC/denovoSSL_20k_PSMC/joblog/denovoSSL_20k_mpileup-834115.out': No such file or directory
mv: cannot move 'denovoSSL_20k_mpileup-834116.out' to '/home/e1garcia/shotgun_PIRE/REUs/2022_REU/Allison/hypoatherina_temminckii_PSMC/data/mkBAM/Hte_denovoSSL_20k_PSMC/denovoSSL_20k_PSMC/joblog/denovoSSL_20k_mpileup-834116.out': No such file or directory
mv: 'denovoSSL_20k_mpileup-834117.out' and '/home/e1garcia/shotgun_PIRE/REUs/2022_REU/Allison/hypoatherina_temminckii_PSMC/data/mkBAM/Hte_denovoSSL_20k_PSMC/denovoSSL_20k_PSMC/joblog/denovoSSL_20k_mpileup-834117.out' are the same file
mv: 'denovoSSL_20k_mpileup-834118.out' and '/home/e1garcia/shotgun_PIRE/REUs/2022_REU/Allison/hypoatherina_temminckii_PSMC/data/mkBAM/Hte_denovoSSL_20k_PSMC/denovoSSL_20k_PSMC/joblog/denovoSSL_20k_mpileup-834118.out' are the same file
mv: cannot move 'denovoSSL_20k_mpileup-834119.out' to '/home/e1garcia/shotgun_PIRE/REUs/2022_REU/Allison/hypoatherina_temminckii_PSMC/data/mkBAM/Hte_denovoSSL_20k_PSMC/denovoSSL_20k_PSMC/joblog/denovoSSL_20k_mpileup-834119.out': No such file or directory
mv: 'denovoSSL_20k_mpileup-834121.out' and '/home/e1garcia/shotgun_PIRE/REUs/2022_REU/Allison/hypoatherina_temminckii_PSMC/data/mkBAM/Hte_denovoSSL_20k_PSMC/denovoSSL_20k_PSMC/joblog/denovoSSL_20k_mpileup-834121.out' are the same file
mv: 'denovoSSL_20k_mpileup-834122.out' and '/home/e1garcia/shotgun_PIRE/REUs/2022_REU/Allison/hypoatherina_temminckii_PSMC/data/mkBAM/Hte_denovoSSL_20k_PSMC/denovoSSL_20k_PSMC/joblog/denovoSSL_20k_mpileup-834122.out' are the same file
mv: 'denovoSSL_20k_mpileup-834123.out' and '/home/e1garcia/shotgun_PIRE/REUs/2022_REU/Allison/hypoatherina_temminckii_PSMC/data/mkBAM/Hte_denovoSSL_20k_PSMC/denovoSSL_20k_PSMC/joblog/denovoSSL_20k_mpileup-834123.out' are the same file
mv: 'denovoSSL_20k_mpileup-834124.out' and '/home/e1garcia/shotgun_PIRE/REUs/2022_REU/Allison/hypoatherina_temminckii_PSMC/data/mkBAM/Hte_denovoSSL_20k_PSMC/denovoSSL_20k_PSMC/joblog/denovoSSL_20k_mpileup-834124.out' are the same file
mv: cannot move 'denovoSSL_20k_mpileup-834125.out' to '/home/e1garcia/shotgun_PIRE/REUs/2022_REU/Allison/hypoatherina_temminckii_PSMC/data/mkBAM/Hte_denovoSSL_20k_PSMC/denovoSSL_20k_PSMC/joblog/denovoSSL_20k_mpileup-834125.out': No such file or directory
mv: 'denovoSSL_20k_mpileup-834127.out' and '/home/e1garcia/shotgun_PIRE/REUs/2022_REU/Allison/hypoatherina_temminckii_PSMC/data/mkBAM/Hte_denovoSSL_20k_PSMC/denovoSSL_20k_PSMC/joblog/denovoSSL_20k_mpileup-834127.out' are the same file
mv: 'denovoSSL_20k_mpileup-834128.out' and '/home/e1garcia/shotgun_PIRE/REUs/2022_REU/Allison/hypoatherina_temminckii_PSMC/data/mkBAM/Hte_denovoSSL_20k_PSMC/denovoSSL_20k_PSMC/joblog/denovoSSL_20k_mpileup-834128.out' are the same file
mv: 'denovoSSL_20k_mpileup-834129.out' and '/home/e1garcia/shotgun_PIRE/REUs/2022_REU/Allison/hypoatherina_temminckii_PSMC/data/mkBAM/Hte_denovoSSL_20k_PSMC/denovoSSL_20k_PSMC/joblog/denovoSSL_20k_mpileup-834129.out' are the same file
mv: 'denovoSSL_20k_mpileup-834130.out' and '/home/e1garcia/shotgun_PIRE/REUs/2022_REU/Allison/hypoatherina_temminckii_PSMC/data/mkBAM/Hte_denovoSSL_20k_PSMC/denovoSSL_20k_PSMC/joblog/denovoSSL_20k_mpileup-834130.out' are the same file
mv: 'denovoSSL_20k_mpileup-834131.out' and '/home/e1garcia/shotgun_PIRE/REUs/2022_REU/Allison/hypoatherina_temminckii_PSMC/data/mkBAM/Hte_denovoSSL_20k_PSMC/denovoSSL_20k_PSMC/joblog/denovoSSL_20k_mpileup-834131.out' are the same file
mv: 'denovoSSL_20k_mpileup-834132.out' and '/home/e1garcia/shotgun_PIRE/REUs/2022_REU/Allison/hypoatherina_temminckii_PSMC/data/mkBAM/Hte_denovoSSL_20k_PSMC/denovoSSL_20k_PSMC/joblog/denovoSSL_20k_mpileup-834132.out' are the same file
mv: 'denovoSSL_20k_mpileup-834133.out' and '/home/e1garcia/shotgun_PIRE/REUs/2022_REU/Allison/hypoatherina_temminckii_PSMC/data/mkBAM/Hte_denovoSSL_20k_PSMC/denovoSSL_20k_PSMC/joblog/denovoSSL_20k_mpileup-834133.out' are the same file
mv: 'denovoSSL_20k_mpileup-834134.out' and '/home/e1garcia/shotgun_PIRE/REUs/2022_REU/Allison/hypoatherina_temminckii_PSMC/data/mkBAM/Hte_denovoSSL_20k_PSMC/denovoSSL_20k_PSMC/joblog/denovoSSL_20k_mpileup-834134.out' are the same file
mv: 'denovoSSL_20k_mpileup-834135.out' and '/home/e1garcia/shotgun_PIRE/REUs/2022_REU/Allison/hypoatherina_temminckii_PSMC/data/mkBAM/Hte_denovoSSL_20k_PSMC/denovoSSL_20k_PSMC/joblog/denovoSSL_20k_mpileup-834135.out' are the same file
