
[warning] samtools mpileup option `u` is functional, but deprecated. Please switch to using bcftools mpileup in future.
[mpileup] 1 samples in 1 input files
Note: none of --samples-file, --ploidy or --ploidy-file given, assuming all sites are diploid
mv: 'denovoSSL_20k_mpileup-839407.out' and '/home/e1garcia/shotgun_PIRE/REUs/2022_REU/Allison/hypoatherina_temminckii_PSMC/data/mkBAM/Hte_denovoSSL_20k_PSMC/denovoSSL_20k_PSMC/joblog/denovoSSL_20k_mpileup-839407.out' are the same file
mv: 'denovoSSL_20k_mpileup-839408.out' and '/home/e1garcia/shotgun_PIRE/REUs/2022_REU/Allison/hypoatherina_temminckii_PSMC/data/mkBAM/Hte_denovoSSL_20k_PSMC/denovoSSL_20k_PSMC/joblog/denovoSSL_20k_mpileup-839408.out' are the same file
mv: 'denovoSSL_20k_mpileup-839409.out' and '/home/e1garcia/shotgun_PIRE/REUs/2022_REU/Allison/hypoatherina_temminckii_PSMC/data/mkBAM/Hte_denovoSSL_20k_PSMC/denovoSSL_20k_PSMC/joblog/denovoSSL_20k_mpileup-839409.out' are the same file
mv: 'denovoSSL_20k_mpileup-839411.out' and '/home/e1garcia/shotgun_PIRE/REUs/2022_REU/Allison/hypoatherina_temminckii_PSMC/data/mkBAM/Hte_denovoSSL_20k_PSMC/denovoSSL_20k_PSMC/joblog/denovoSSL_20k_mpileup-839411.out' are the same file
mv: 'denovoSSL_20k_mpileup-839412.out' and '/home/e1garcia/shotgun_PIRE/REUs/2022_REU/Allison/hypoatherina_temminckii_PSMC/data/mkBAM/Hte_denovoSSL_20k_PSMC/denovoSSL_20k_PSMC/joblog/denovoSSL_20k_mpileup-839412.out' are the same file
mv: 'denovoSSL_20k_mpileup-839413.out' and '/home/e1garcia/shotgun_PIRE/REUs/2022_REU/Allison/hypoatherina_temminckii_PSMC/data/mkBAM/Hte_denovoSSL_20k_PSMC/denovoSSL_20k_PSMC/joblog/denovoSSL_20k_mpileup-839413.out' are the same file
mv: 'denovoSSL_20k_mpileup-839414.out' and '/home/e1garcia/shotgun_PIRE/REUs/2022_REU/Allison/hypoatherina_temminckii_PSMC/data/mkBAM/Hte_denovoSSL_20k_PSMC/denovoSSL_20k_PSMC/joblog/denovoSSL_20k_mpileup-839414.out' are the same file
mv: 'denovoSSL_20k_mpileup-839415.out' and '/home/e1garcia/shotgun_PIRE/REUs/2022_REU/Allison/hypoatherina_temminckii_PSMC/data/mkBAM/Hte_denovoSSL_20k_PSMC/denovoSSL_20k_PSMC/joblog/denovoSSL_20k_mpileup-839415.out' are the same file
mv: 'denovoSSL_20k_mpileup-839416.out' and '/home/e1garcia/shotgun_PIRE/REUs/2022_REU/Allison/hypoatherina_temminckii_PSMC/data/mkBAM/Hte_denovoSSL_20k_PSMC/denovoSSL_20k_PSMC/joblog/denovoSSL_20k_mpileup-839416.out' are the same file
mv: 'denovoSSL_20k_mpileup-839418.out' and '/home/e1garcia/shotgun_PIRE/REUs/2022_REU/Allison/hypoatherina_temminckii_PSMC/data/mkBAM/Hte_denovoSSL_20k_PSMC/denovoSSL_20k_PSMC/joblog/denovoSSL_20k_mpileup-839418.out' are the same file
mv: 'denovoSSL_20k_mpileup-839419.out' and '/home/e1garcia/shotgun_PIRE/REUs/2022_REU/Allison/hypoatherina_temminckii_PSMC/data/mkBAM/Hte_denovoSSL_20k_PSMC/denovoSSL_20k_PSMC/joblog/denovoSSL_20k_mpileup-839419.out' are the same file
mv: 'denovoSSL_20k_mpileup-839420.out' and '/home/e1garcia/shotgun_PIRE/REUs/2022_REU/Allison/hypoatherina_temminckii_PSMC/data/mkBAM/Hte_denovoSSL_20k_PSMC/denovoSSL_20k_PSMC/joblog/denovoSSL_20k_mpileup-839420.out' are the same file
mv: 'denovoSSL_20k_mpileup-839421.out' and '/home/e1garcia/shotgun_PIRE/REUs/2022_REU/Allison/hypoatherina_temminckii_PSMC/data/mkBAM/Hte_denovoSSL_20k_PSMC/denovoSSL_20k_PSMC/joblog/denovoSSL_20k_mpileup-839421.out' are the same file
mv: 'denovoSSL_20k_mpileup-839422.out' and '/home/e1garcia/shotgun_PIRE/REUs/2022_REU/Allison/hypoatherina_temminckii_PSMC/data/mkBAM/Hte_denovoSSL_20k_PSMC/denovoSSL_20k_PSMC/joblog/denovoSSL_20k_mpileup-839422.out' are the same file
mv: 'denovoSSL_20k_mpileup-839423.out' and '/home/e1garcia/shotgun_PIRE/REUs/2022_REU/Allison/hypoatherina_temminckii_PSMC/data/mkBAM/Hte_denovoSSL_20k_PSMC/denovoSSL_20k_PSMC/joblog/denovoSSL_20k_mpileup-839423.out' are the same file
mv: cannot move 'denovoSSL_20k_mpileup-839424.out' to '/home/e1garcia/shotgun_PIRE/REUs/2022_REU/Allison/hypoatherina_temminckii_PSMC/data/mkBAM/Hte_denovoSSL_20k_PSMC/denovoSSL_20k_PSMC/joblog/denovoSSL_20k_mpileup-839424.out': No such file or directory
mv: 'denovoSSL_20k_mpileup-839425.out' and '/home/e1garcia/shotgun_PIRE/REUs/2022_REU/Allison/hypoatherina_temminckii_PSMC/data/mkBAM/Hte_denovoSSL_20k_PSMC/denovoSSL_20k_PSMC/joblog/denovoSSL_20k_mpileup-839425.out' are the same file
mv: 'denovoSSL_20k_mpileup-839426.out' and '/home/e1garcia/shotgun_PIRE/REUs/2022_REU/Allison/hypoatherina_temminckii_PSMC/data/mkBAM/Hte_denovoSSL_20k_PSMC/denovoSSL_20k_PSMC/joblog/denovoSSL_20k_mpileup-839426.out' are the same file
mv: 'denovoSSL_20k_mpileup-839427.out' and '/home/e1garcia/shotgun_PIRE/REUs/2022_REU/Allison/hypoatherina_temminckii_PSMC/data/mkBAM/Hte_denovoSSL_20k_PSMC/denovoSSL_20k_PSMC/joblog/denovoSSL_20k_mpileup-839427.out' are the same file
mv: 'denovoSSL_20k_mpileup-839428.out' and '/home/e1garcia/shotgun_PIRE/REUs/2022_REU/Allison/hypoatherina_temminckii_PSMC/data/mkBAM/Hte_denovoSSL_20k_PSMC/denovoSSL_20k_PSMC/joblog/denovoSSL_20k_mpileup-839428.out' are the same file
