
[warning] samtools mpileup option `u` is functional, but deprecated. Please switch to using bcftools mpileup in future.
[mpileup] 1 samples in 1 input files
Note: none of --samples-file, --ploidy or --ploidy-file given, assuming all sites are diploid
mv: cannot stat 'denovoSSL_20k_mpileup-835818.out': No such file or directory
mv: cannot stat 'denovoSSL_20k_mpileup-835819.out': No such file or directory
mv: cannot stat 'denovoSSL_20k_mpileup-835820.out': No such file or directory
mv: cannot stat 'denovoSSL_20k_mpileup-835821.out': No such file or directory
mv: cannot stat 'denovoSSL_20k_mpileup-835822.out': No such file or directory
mv: cannot stat 'denovoSSL_20k_mpileup-835823.out': No such file or directory
mv: cannot stat 'denovoSSL_20k_mpileup-835824.out': No such file or directory
mv: cannot stat 'denovoSSL_20k_mpileup-835825.out': No such file or directory
mv: 'denovoSSL_20k_mpileup-835826.out' and '/home/e1garcia/shotgun_PIRE/REUs/2022_REU/Allison/hypoatherina_temminckii_PSMC/data/mkBAM/Hte_denovoSSL_20k_PSMC/denovoSSL_20k_PSMC/joblog/denovoSSL_20k_mpileup-835826.out' are the same file
mv: 'denovoSSL_20k_mpileup-835827.out' and '/home/e1garcia/shotgun_PIRE/REUs/2022_REU/Allison/hypoatherina_temminckii_PSMC/data/mkBAM/Hte_denovoSSL_20k_PSMC/denovoSSL_20k_PSMC/joblog/denovoSSL_20k_mpileup-835827.out' are the same file
mv: cannot stat 'denovoSSL_20k_mpileup-835828.out': No such file or directory
mv: 'denovoSSL_20k_mpileup-835829.out' and '/home/e1garcia/shotgun_PIRE/REUs/2022_REU/Allison/hypoatherina_temminckii_PSMC/data/mkBAM/Hte_denovoSSL_20k_PSMC/denovoSSL_20k_PSMC/joblog/denovoSSL_20k_mpileup-835829.out' are the same file
mv: 'denovoSSL_20k_mpileup-835830.out' and '/home/e1garcia/shotgun_PIRE/REUs/2022_REU/Allison/hypoatherina_temminckii_PSMC/data/mkBAM/Hte_denovoSSL_20k_PSMC/denovoSSL_20k_PSMC/joblog/denovoSSL_20k_mpileup-835830.out' are the same file
mv: cannot stat 'denovoSSL_20k_mpileup-835831.out': No such file or directory
mv: 'denovoSSL_20k_mpileup-835832.out' and '/home/e1garcia/shotgun_PIRE/REUs/2022_REU/Allison/hypoatherina_temminckii_PSMC/data/mkBAM/Hte_denovoSSL_20k_PSMC/denovoSSL_20k_PSMC/joblog/denovoSSL_20k_mpileup-835832.out' are the same file
mv: 'denovoSSL_20k_mpileup-835833.out' and '/home/e1garcia/shotgun_PIRE/REUs/2022_REU/Allison/hypoatherina_temminckii_PSMC/data/mkBAM/Hte_denovoSSL_20k_PSMC/denovoSSL_20k_PSMC/joblog/denovoSSL_20k_mpileup-835833.out' are the same file
mv: 'denovoSSL_20k_mpileup-835834.out' and '/home/e1garcia/shotgun_PIRE/REUs/2022_REU/Allison/hypoatherina_temminckii_PSMC/data/mkBAM/Hte_denovoSSL_20k_PSMC/denovoSSL_20k_PSMC/joblog/denovoSSL_20k_mpileup-835834.out' are the same file
