
[warning] samtools mpileup option `u` is functional, but deprecated. Please switch to using bcftools mpileup in future.
[mpileup] 1 samples in 1 input files
Note: none of --samples-file, --ploidy or --ploidy-file given, assuming all sites are diploid
mv: cannot stat 'denovoSSL_20k_mpileup-834656.out': No such file or directory
mv: cannot stat 'denovoSSL_20k_mpileup-834657.out': No such file or directory
mv: cannot stat 'denovoSSL_20k_mpileup-834658.out': No such file or directory
mv: cannot stat 'denovoSSL_20k_mpileup-834659.out': No such file or directory
mv: cannot stat 'denovoSSL_20k_mpileup-834660.out': No such file or directory
mv: cannot stat 'denovoSSL_20k_mpileup-834661.out': No such file or directory
mv: cannot stat 'denovoSSL_20k_mpileup-834662.out': No such file or directory
mv: cannot stat 'denovoSSL_20k_mpileup-834663.out': No such file or directory
mv: cannot stat 'denovoSSL_20k_mpileup-834664.out': No such file or directory
mv: cannot stat 'denovoSSL_20k_mpileup-834665.out': No such file or directory
mv: cannot stat 'denovoSSL_20k_mpileup-834666.out': No such file or directory
mv: cannot stat 'denovoSSL_20k_mpileup-834667.out': No such file or directory
mv: cannot stat 'denovoSSL_20k_mpileup-834668.out': No such file or directory
mv: cannot stat 'denovoSSL_20k_mpileup-834669.out': No such file or directory
mv: cannot stat 'denovoSSL_20k_mpileup-834670.out': No such file or directory
mv: cannot stat 'denovoSSL_20k_mpileup-834671.out': No such file or directory
mv: 'denovoSSL_20k_mpileup-834672.out' and '/home/e1garcia/shotgun_PIRE/REUs/2022_REU/Allison/hypoatherina_temminckii_PSMC/data/mkBAM/Hte_denovoSSL_20k_PSMC/denovoSSL_20k_PSMC/joblog/denovoSSL_20k_mpileup-834672.out' are the same file
mv: 'denovoSSL_20k_mpileup-834673.out' and '/home/e1garcia/shotgun_PIRE/REUs/2022_REU/Allison/hypoatherina_temminckii_PSMC/data/mkBAM/Hte_denovoSSL_20k_PSMC/denovoSSL_20k_PSMC/joblog/denovoSSL_20k_mpileup-834673.out' are the same file
mv: cannot stat 'denovoSSL_20k_mpileup-834674.out': No such file or directory
