
[warning] samtools mpileup option `u` is functional, but deprecated. Please switch to using bcftools mpileup in future.
[mpileup] 1 samples in 1 input files
Note: none of --samples-file, --ploidy or --ploidy-file given, assuming all sites are diploid
mv: 'denovoSSL_20k_mpileup-838353.out' and '/home/e1garcia/shotgun_PIRE/REUs/2022_REU/Allison/hypoatherina_temminckii_PSMC/data/mkBAM/Hte_denovoSSL_20k_PSMC/denovoSSL_20k_PSMC/joblog/denovoSSL_20k_mpileup-838353.out' are the same file
mv: 'denovoSSL_20k_mpileup-838354.out' and '/home/e1garcia/shotgun_PIRE/REUs/2022_REU/Allison/hypoatherina_temminckii_PSMC/data/mkBAM/Hte_denovoSSL_20k_PSMC/denovoSSL_20k_PSMC/joblog/denovoSSL_20k_mpileup-838354.out' are the same file
mv: 'denovoSSL_20k_mpileup-838355.out' and '/home/e1garcia/shotgun_PIRE/REUs/2022_REU/Allison/hypoatherina_temminckii_PSMC/data/mkBAM/Hte_denovoSSL_20k_PSMC/denovoSSL_20k_PSMC/joblog/denovoSSL_20k_mpileup-838355.out' are the same file
mv: 'denovoSSL_20k_mpileup-838356.out' and '/home/e1garcia/shotgun_PIRE/REUs/2022_REU/Allison/hypoatherina_temminckii_PSMC/data/mkBAM/Hte_denovoSSL_20k_PSMC/denovoSSL_20k_PSMC/joblog/denovoSSL_20k_mpileup-838356.out' are the same file
mv: 'denovoSSL_20k_mpileup-838357.out' and '/home/e1garcia/shotgun_PIRE/REUs/2022_REU/Allison/hypoatherina_temminckii_PSMC/data/mkBAM/Hte_denovoSSL_20k_PSMC/denovoSSL_20k_PSMC/joblog/denovoSSL_20k_mpileup-838357.out' are the same file
mv: 'denovoSSL_20k_mpileup-838358.out' and '/home/e1garcia/shotgun_PIRE/REUs/2022_REU/Allison/hypoatherina_temminckii_PSMC/data/mkBAM/Hte_denovoSSL_20k_PSMC/denovoSSL_20k_PSMC/joblog/denovoSSL_20k_mpileup-838358.out' are the same file
mv: 'denovoSSL_20k_mpileup-838359.out' and '/home/e1garcia/shotgun_PIRE/REUs/2022_REU/Allison/hypoatherina_temminckii_PSMC/data/mkBAM/Hte_denovoSSL_20k_PSMC/denovoSSL_20k_PSMC/joblog/denovoSSL_20k_mpileup-838359.out' are the same file
mv: 'denovoSSL_20k_mpileup-838360.out' and '/home/e1garcia/shotgun_PIRE/REUs/2022_REU/Allison/hypoatherina_temminckii_PSMC/data/mkBAM/Hte_denovoSSL_20k_PSMC/denovoSSL_20k_PSMC/joblog/denovoSSL_20k_mpileup-838360.out' are the same file
mv: 'denovoSSL_20k_mpileup-838361.out' and '/home/e1garcia/shotgun_PIRE/REUs/2022_REU/Allison/hypoatherina_temminckii_PSMC/data/mkBAM/Hte_denovoSSL_20k_PSMC/denovoSSL_20k_PSMC/joblog/denovoSSL_20k_mpileup-838361.out' are the same file
mv: 'denovoSSL_20k_mpileup-838362.out' and '/home/e1garcia/shotgun_PIRE/REUs/2022_REU/Allison/hypoatherina_temminckii_PSMC/data/mkBAM/Hte_denovoSSL_20k_PSMC/denovoSSL_20k_PSMC/joblog/denovoSSL_20k_mpileup-838362.out' are the same file
mv: 'denovoSSL_20k_mpileup-838363.out' and '/home/e1garcia/shotgun_PIRE/REUs/2022_REU/Allison/hypoatherina_temminckii_PSMC/data/mkBAM/Hte_denovoSSL_20k_PSMC/denovoSSL_20k_PSMC/joblog/denovoSSL_20k_mpileup-838363.out' are the same file
mv: 'denovoSSL_20k_mpileup-838364.out' and '/home/e1garcia/shotgun_PIRE/REUs/2022_REU/Allison/hypoatherina_temminckii_PSMC/data/mkBAM/Hte_denovoSSL_20k_PSMC/denovoSSL_20k_PSMC/joblog/denovoSSL_20k_mpileup-838364.out' are the same file
mv: 'denovoSSL_20k_mpileup-838365.out' and '/home/e1garcia/shotgun_PIRE/REUs/2022_REU/Allison/hypoatherina_temminckii_PSMC/data/mkBAM/Hte_denovoSSL_20k_PSMC/denovoSSL_20k_PSMC/joblog/denovoSSL_20k_mpileup-838365.out' are the same file
mv: 'denovoSSL_20k_mpileup-838366.out' and '/home/e1garcia/shotgun_PIRE/REUs/2022_REU/Allison/hypoatherina_temminckii_PSMC/data/mkBAM/Hte_denovoSSL_20k_PSMC/denovoSSL_20k_PSMC/joblog/denovoSSL_20k_mpileup-838366.out' are the same file
mv: 'denovoSSL_20k_mpileup-838367.out' and '/home/e1garcia/shotgun_PIRE/REUs/2022_REU/Allison/hypoatherina_temminckii_PSMC/data/mkBAM/Hte_denovoSSL_20k_PSMC/denovoSSL_20k_PSMC/joblog/denovoSSL_20k_mpileup-838367.out' are the same file
mv: cannot move 'denovoSSL_20k_mpileup-838368.out' to '/home/e1garcia/shotgun_PIRE/REUs/2022_REU/Allison/hypoatherina_temminckii_PSMC/data/mkBAM/Hte_denovoSSL_20k_PSMC/denovoSSL_20k_PSMC/joblog/denovoSSL_20k_mpileup-838368.out': No such file or directory
mv: 'denovoSSL_20k_mpileup-838369.out' and '/home/e1garcia/shotgun_PIRE/REUs/2022_REU/Allison/hypoatherina_temminckii_PSMC/data/mkBAM/Hte_denovoSSL_20k_PSMC/denovoSSL_20k_PSMC/joblog/denovoSSL_20k_mpileup-838369.out' are the same file
