
The following have been reloaded with a version change:
  1) slurm/20.11.5 => slurm/21.08


The following have been reloaded with a version change:
  1) git/2.12.1 => git/2.25                     3) python/3.5.2 => python/3.6
  2) parallel/20161222 => parallel/20190322

INFO:	***** Start a BUSCO v5.0.0 analysis, current time: 07/19/2022 15:57:39 *****
INFO:	Configuring BUSCO with local environment
INFO:	Mode is genome
INFO:	Input file is /home/e1garcia/shotgun_PIRE/REUs/2022_REU/Abby_Ethridge/stethojulis_interrupta/SPAdes_Sin-CPnd-A_decontam_R1R2_noIsolate/contigs.fasta
INFO:	Downloading information on latest versions of BUSCO data...
INFO:	Using local lineages directory /home/e1garcia/shotgun_PIRE/abyss/busco_downloads/lineages/actinopterygii_odb10
INFO:	Running BUSCO using lineage dataset actinopterygii_odb10 (eukaryota, 2021-02-19)
INFO:	Running 1 job(s) on metaeuk, starting at 07/19/2022 15:57:48
INFO:	[metaeuk]	1 of 1 task(s) completed
INFO:	***** Run HMMER on gene sequences *****
INFO:	Running 3640 job(s) on hmmsearch, starting at 07/19/2022 16:10:08
INFO:	[hmmsearch]	364 of 3640 task(s) completed
INFO:	[hmmsearch]	728 of 3640 task(s) completed
INFO:	[hmmsearch]	1092 of 3640 task(s) completed
INFO:	[hmmsearch]	1456 of 3640 task(s) completed
INFO:	[hmmsearch]	1820 of 3640 task(s) completed
INFO:	[hmmsearch]	2184 of 3640 task(s) completed
INFO:	[hmmsearch]	2548 of 3640 task(s) completed
INFO:	[hmmsearch]	2912 of 3640 task(s) completed
INFO:	[hmmsearch]	3276 of 3640 task(s) completed
INFO:	[hmmsearch]	3640 of 3640 task(s) completed
INFO:	Extracting missing and fragmented buscos from the file refseq_db.faa...
INFO:	Running 1 job(s) on metaeuk, starting at 07/19/2022 16:27:15
