[2022-07-11 05:42:13,463] multiqc                                            [DEBUG  ]  No MultiQC config found: /opt/conda/lib/python3.7/site-packages/multiqc_config.yaml
[2022-07-11 05:42:13,464] multiqc                                            [DEBUG  ]  No MultiQC config found: /home/r3clark/.multiqc_config.yaml
[2022-07-11 05:42:13,465] multiqc                                            [DEBUG  ]  No MultiQC config found: multiqc_config.yaml
[2022-07-11 05:42:13,465] multiqc                                            [DEBUG  ]  Command used: /opt/conda/bin/multiqc fq_fp1 -n fq_fp1/1st_fastp_report
[2022-07-11 05:42:14,139] multiqc                                            [WARNING]  MultiQC Version v1.12 now available!
[2022-07-11 05:42:14,139] multiqc                                            [INFO   ]  This is MultiQC v1.9
[2022-07-11 05:42:14,139] multiqc                                            [DEBUG  ]  Command     : /opt/conda/bin/multiqc fq_fp1 -n fq_fp1/1st_fastp_report
[2022-07-11 05:42:14,139] multiqc                                            [DEBUG  ]  Working dir : /home/e1garcia/shotgun_PIRE/REUs/2022_REU/marial_malabag/encrasicholina_pseudoheteroloba
[2022-07-11 05:42:14,139] multiqc                                            [INFO   ]  Template    : default
[2022-07-11 05:42:14,140] multiqc                                            [DEBUG  ]  Running Python 3.7.7 (default, Jun 26 2020, 05:10:03)  [GCC 7.3.0]
[2022-07-11 05:42:14,140] multiqc                                            [INFO   ]  Searching   : /home/e1garcia/shotgun_PIRE/REUs/2022_REU/marial_malabag/encrasicholina_pseudoheteroloba/fq_fp1
[2022-07-11 05:42:14,141] multiqc                                            [DEBUG  ]  Analysing modules: custom_content, conpair, peddy, somalier, methylQA, mosdepth, phantompeakqualtools, qualimap, preseq, quast, qorts, rna_seqc, rockhopper, rsem, rseqc, busco, goleft_indexcov, disambiguate, supernova, deeptools, sargasso, verifybamid, mirtrace, happy, mirtop, homer, macs2, theta2, snpeff, gatk, htseq, bcftools, featureCounts, fgbio, dragen, dedup, damageprofiler, biobambam2, mtnucratio, picard, prokka, samblaster, samtools, sexdeterrmine, bamtools, jellyfish, vcftools, longranger, stacks, varscan2, bbmap, bismark, biscuit, hicexplorer, hicup, hicpro, salmon, kallisto, slamdunk, star, hisat2, tophat, bowtie2, bowtie1, snpsplit, kat, leehom, adapterRemoval, clipandmerge, cutadapt, flexbar, kaiju, kraken, malt, trimmomatic, sickle, skewer, sortmerna, biobloomtools, fastq_screen, afterqc, fastp, fastqc, pycoqc, minionqc, multivcfanalyzer, clusterflow, bcl2fastq, interop, ivar, flash, seqyclean
[2022-07-11 05:42:14,141] multiqc                                            [DEBUG  ]  Using temporary directory for creating report: /tmp/tmp_t66qie1
[2022-07-11 05:42:14,363] multiqc                                            [DEBUG  ]  Ignoring file as matched an ignore pattern: Eps-CBai_043_Ex1-1B_L4_r1.fq.gz
[2022-07-11 05:42:14,364] multiqc                                            [DEBUG  ]  Ignoring file as matched an ignore pattern: Eps-CBai_043_Ex1-2H_L4_fastp.html
[2022-07-11 05:42:14,364] multiqc                                            [DEBUG  ]  Ignoring file as matched an ignore pattern: Eps-CBai_043_Ex1-2A_L4_fastp.html
[2022-07-11 05:42:14,379] multiqc                                            [DEBUG  ]  Ignoring file as matched an ignore pattern: Eps-CBai_043_Ex1-1B_L4_r2.fq.gz
[2022-07-11 05:42:14,380] multiqc                                            [DEBUG  ]  Ignoring file as matched an ignore pattern: Eps-CBai_043_Ex1-2A_L4_r2.fq.gz
[2022-07-11 05:42:14,380] multiqc                                            [DEBUG  ]  Ignoring file as matched an ignore pattern: Eps-CBai_043_Ex1-1B_L4_fastp.html
[2022-07-11 05:42:14,380] multiqc                                            [DEBUG  ]  Ignoring file as matched an ignore pattern: Eps-CBai_043_Ex1-2A_L4_r1.fq.gz
[2022-07-11 05:42:14,380] multiqc                                            [DEBUG  ]  Ignoring file as matched an ignore pattern: Eps-CBai_043_Ex1-2H_L4_r2.fq.gz
[2022-07-11 05:42:14,380] multiqc                                            [DEBUG  ]  Ignoring file as matched an ignore pattern: Eps-CBai_043_Ex1-2H_L4_r1.fq.gz
[2022-07-11 05:42:14,381] multiqc                                            [DEBUG  ]  Ignoring file as matched an ignore pattern: Eps-CBai_043_Ex1-2H_L4_fail.fq.gz
[2022-07-11 05:42:14,381] multiqc                                            [DEBUG  ]  Ignoring file as matched an ignore pattern: Eps-CBai_043_Ex1-2A_L4_fail.fq.gz
[2022-07-11 05:42:14,381] multiqc                                            [DEBUG  ]  Ignoring file as matched an ignore pattern: Eps-CBai_043_Ex1-2H_L4_unprd.fq.gz
[2022-07-11 05:42:14,381] multiqc                                            [DEBUG  ]  Ignoring file as matched an ignore pattern: Eps-CBai_043_Ex1-1B_L4_unprd.fq.gz
[2022-07-11 05:42:14,381] multiqc                                            [DEBUG  ]  Ignoring file as matched an ignore pattern: Eps-CBai_043_Ex1-1B_L4_fail.fq.gz
[2022-07-11 05:42:14,381] multiqc                                            [DEBUG  ]  Ignoring file as matched an ignore pattern: Eps-CBai_043_Ex1-2A_L4_unprd.fq.gz
[2022-07-11 05:42:15,110] multiqc.plots.bargraph                             [DEBUG  ]  Using matplotlib version 3.1.2
[2022-07-11 05:42:15,112] multiqc.plots.linegraph                            [DEBUG  ]  Using matplotlib version 3.1.2
[2022-07-11 05:42:15,113] multiqc                                            [DEBUG  ]  No samples found: custom_content
[2022-07-11 05:42:15,118] multiqc                                            [DEBUG  ]  No samples found: conpair
[2022-07-11 05:42:15,123] multiqc                                            [DEBUG  ]  No samples found: peddy
[2022-07-11 05:42:15,128] multiqc                                            [DEBUG  ]  No samples found: somalier
[2022-07-11 05:42:15,132] multiqc                                            [DEBUG  ]  No samples found: methylQA
[2022-07-11 05:42:15,139] multiqc                                            [DEBUG  ]  No samples found: mosdepth
[2022-07-11 05:42:15,143] multiqc                                            [DEBUG  ]  No samples found: phantompeakqualtools
[2022-07-11 05:42:15,146] multiqc                                            [DEBUG  ]  No samples found: qualimap
[2022-07-11 05:42:15,150] multiqc                                            [DEBUG  ]  No samples found: preseq
[2022-07-11 05:42:15,154] multiqc                                            [DEBUG  ]  No samples found: quast
[2022-07-11 05:42:15,158] multiqc                                            [DEBUG  ]  No samples found: qorts
[2022-07-11 05:42:15,162] multiqc                                            [DEBUG  ]  No samples found: rna_seqc
[2022-07-11 05:42:15,166] multiqc                                            [DEBUG  ]  No samples found: rockhopper
[2022-07-11 05:42:15,169] multiqc                                            [DEBUG  ]  No samples found: rsem
[2022-07-11 05:42:15,174] multiqc                                            [DEBUG  ]  No samples found: rseqc
[2022-07-11 05:42:15,178] multiqc                                            [DEBUG  ]  No samples found: busco
[2022-07-11 05:42:15,183] multiqc                                            [DEBUG  ]  No samples found: goleft_indexcov
[2022-07-11 05:42:15,187] multiqc                                            [DEBUG  ]  No samples found: disambiguate
[2022-07-11 05:42:15,192] multiqc                                            [DEBUG  ]  No samples found: supernova
[2022-07-11 05:42:15,199] multiqc                                            [DEBUG  ]  No samples found: deeptools
[2022-07-11 05:42:15,203] multiqc                                            [DEBUG  ]  No samples found: sargasso
[2022-07-11 05:42:15,207] multiqc                                            [DEBUG  ]  No samples found: verifybamid
[2022-07-11 05:42:15,211] multiqc                                            [DEBUG  ]  No samples found: mirtrace
[2022-07-11 05:42:15,216] multiqc                                            [DEBUG  ]  No samples found: happy
[2022-07-11 05:42:15,221] multiqc                                            [DEBUG  ]  No samples found: mirtop
[2022-07-11 05:42:15,226] multiqc                                            [DEBUG  ]  No samples found: homer
[2022-07-11 05:42:15,229] multiqc                                            [DEBUG  ]  No samples found: macs2
[2022-07-11 05:42:15,233] multiqc                                            [DEBUG  ]  No samples found: theta2
[2022-07-11 05:42:15,237] multiqc                                            [DEBUG  ]  No samples found: snpeff
[2022-07-11 05:42:15,242] multiqc                                            [DEBUG  ]  No samples found: gatk
[2022-07-11 05:42:15,246] multiqc                                            [DEBUG  ]  No samples found: htseq
[2022-07-11 05:42:15,251] multiqc                                            [DEBUG  ]  No samples found: bcftools
[2022-07-11 05:42:15,255] multiqc                                            [DEBUG  ]  No samples found: featureCounts
[2022-07-11 05:42:15,259] multiqc                                            [DEBUG  ]  No samples found: fgbio
[2022-07-11 05:42:15,266] multiqc                                            [DEBUG  ]  No samples found: dragen
[2022-07-11 05:42:15,270] multiqc                                            [DEBUG  ]  No samples found: dedup
[2022-07-11 05:42:15,273] multiqc                                            [DEBUG  ]  No samples found: damageprofiler
[2022-07-11 05:42:15,284] multiqc                                            [DEBUG  ]  No samples found: biobambam2
[2022-07-11 05:42:15,288] multiqc                                            [DEBUG  ]  No samples found: mtnucratio
[2022-07-11 05:42:15,291] multiqc                                            [DEBUG  ]  No samples found: picard
[2022-07-11 05:42:15,295] multiqc                                            [DEBUG  ]  No samples found: prokka
[2022-07-11 05:42:15,299] multiqc                                            [DEBUG  ]  No samples found: samblaster
[2022-07-11 05:42:15,303] multiqc                                            [DEBUG  ]  No samples found: samtools
[2022-07-11 05:42:15,307] multiqc                                            [DEBUG  ]  No samples found: sexdeterrmine
[2022-07-11 05:42:15,312] multiqc                                            [DEBUG  ]  No samples found: bamtools
[2022-07-11 05:42:15,316] multiqc                                            [DEBUG  ]  No samples found: jellyfish
[2022-07-11 05:42:15,321] multiqc                                            [DEBUG  ]  No samples found: vcftools
[2022-07-11 05:42:15,325] multiqc                                            [DEBUG  ]  No samples found: longranger
[2022-07-11 05:42:15,330] multiqc                                            [DEBUG  ]  No samples found: stacks
[2022-07-11 05:42:15,334] multiqc                                            [DEBUG  ]  No samples found: varscan2
[2022-07-11 05:42:15,340] multiqc                                            [DEBUG  ]  No samples found: bbmap
[2022-07-11 05:42:15,345] multiqc                                            [DEBUG  ]  No samples found: bismark
[2022-07-11 05:42:15,349] multiqc                                            [DEBUG  ]  No samples found: biscuit
[2022-07-11 05:42:15,353] multiqc                                            [DEBUG  ]  No samples found: hicexplorer
[2022-07-11 05:42:15,357] multiqc                                            [DEBUG  ]  No samples found: hicup
[2022-07-11 05:42:15,360] multiqc                                            [DEBUG  ]  No samples found: hicpro
[2022-07-11 05:42:15,365] multiqc                                            [DEBUG  ]  No samples found: salmon
[2022-07-11 05:42:15,369] multiqc                                            [DEBUG  ]  No samples found: kallisto
[2022-07-11 05:42:15,373] multiqc                                            [DEBUG  ]  No samples found: slamdunk
[2022-07-11 05:42:15,377] multiqc                                            [DEBUG  ]  No samples found: star
[2022-07-11 05:42:15,380] multiqc                                            [DEBUG  ]  No samples found: hisat2
[2022-07-11 05:42:15,384] multiqc                                            [DEBUG  ]  No samples found: tophat
[2022-07-11 05:42:15,389] multiqc                                            [DEBUG  ]  No samples found: bowtie2
[2022-07-11 05:42:15,392] multiqc                                            [DEBUG  ]  No samples found: bowtie1
[2022-07-11 05:42:15,396] multiqc                                            [DEBUG  ]  No samples found: snpsplit
[2022-07-11 05:42:15,400] multiqc                                            [DEBUG  ]  No samples found: kat
[2022-07-11 05:42:15,403] multiqc                                            [DEBUG  ]  No samples found: leehom
[2022-07-11 05:42:15,407] multiqc                                            [DEBUG  ]  No samples found: adapterRemoval
[2022-07-11 05:42:15,411] multiqc                                            [DEBUG  ]  No samples found: clipandmerge
[2022-07-11 05:42:15,416] multiqc                                            [DEBUG  ]  No samples found: cutadapt
[2022-07-11 05:42:15,421] multiqc                                            [DEBUG  ]  No samples found: flexbar
[2022-07-11 05:42:15,425] multiqc                                            [DEBUG  ]  No samples found: kaiju
[2022-07-11 05:42:15,428] multiqc                                            [DEBUG  ]  No samples found: kraken
[2022-07-11 05:42:15,432] multiqc                                            [DEBUG  ]  No samples found: malt
[2022-07-11 05:42:15,436] multiqc                                            [DEBUG  ]  No samples found: trimmomatic
[2022-07-11 05:42:15,440] multiqc                                            [DEBUG  ]  No samples found: sickle
[2022-07-11 05:42:15,444] multiqc                                            [DEBUG  ]  No samples found: skewer
[2022-07-11 05:42:15,448] multiqc                                            [DEBUG  ]  No samples found: sortmerna
[2022-07-11 05:42:15,452] multiqc                                            [DEBUG  ]  No samples found: biobloomtools
[2022-07-11 05:42:15,456] multiqc                                            [DEBUG  ]  No samples found: fastq_screen
[2022-07-11 05:42:15,460] multiqc                                            [DEBUG  ]  No samples found: afterqc
[2022-07-11 05:42:15,480] multiqc.modules.fastp.fastp                        [INFO   ]  Found 3 reports
[2022-07-11 05:42:15,506] multiqc                                            [DEBUG  ]  No samples found: fastqc
[2022-07-11 05:42:15,510] multiqc                                            [DEBUG  ]  No samples found: pycoqc
[2022-07-11 05:42:15,514] multiqc                                            [DEBUG  ]  No samples found: minionqc
[2022-07-11 05:42:15,519] multiqc                                            [DEBUG  ]  No samples found: multivcfanalyzer
[2022-07-11 05:42:15,523] multiqc                                            [DEBUG  ]  No samples found: clusterflow
[2022-07-11 05:42:15,528] multiqc                                            [DEBUG  ]  No samples found: bcl2fastq
[2022-07-11 05:42:15,532] multiqc                                            [DEBUG  ]  No samples found: interop
[2022-07-11 05:42:15,535] multiqc                                            [DEBUG  ]  No samples found: ivar
[2022-07-11 05:42:15,539] multiqc                                            [DEBUG  ]  No samples found: flash
[2022-07-11 05:42:15,543] multiqc                                            [DEBUG  ]  No samples found: seqyclean
[2022-07-11 05:42:15,550] multiqc                                            [INFO   ]  Compressing plot data
[2022-07-11 05:42:15,855] multiqc                                            [INFO   ]  Report      : fq_fp1/1st_fastp_report.html
[2022-07-11 05:42:15,855] multiqc                                            [INFO   ]  Data        : fq_fp1/1st_fastp_report_data
[2022-07-11 05:42:15,855] multiqc                                            [DEBUG  ]  Moving data file from '/tmp/tmp_t66qie1/multiqc_data' to '/home/e1garcia/shotgun_PIRE/REUs/2022_REU/marial_malabag/encrasicholina_pseudoheteroloba/fq_fp1/1st_fastp_report_data'
[2022-07-11 05:42:16,104] multiqc                                            [INFO   ]  MultiQC complete
