
[warning] samtools mpileup option `u` is functional, but deprecated. Please switch to using bcftools mpileup in future.
[W::bam_hdr_read] EOF marker is absent. The input is probably truncated
[E::idx_find_and_load] Could not retrieve index file for '/home/e1garcia/shotgun_PIRE/REUs/2022_REU/Allison/ambassis_urotaenia_PSMC/data/mkBAM/Aur_denovoSSL_20k_PSMC/Aur_denovoSSL_20k_merged.bam'
[mpileup] fail to load index for /home/e1garcia/shotgun_PIRE/REUs/2022_REU/Allison/ambassis_urotaenia_PSMC/data/mkBAM/Aur_denovoSSL_20k_PSMC/Aur_denovoSSL_20k_merged.bam
Note: none of --samples-file, --ploidy or --ploidy-file given, assuming all sites are diploid
Failed to read from standard input: unknown file type
Use of uninitialized value $l in numeric lt (<) at /opt/intel64/bin/vcfutils.pl line 566.
Use of uninitialized value $l in numeric lt (<) at /opt/intel64/bin/vcfutils.pl line 566.
mv: cannot stat 'denovoSSL_20k_mpileup-862853.out': No such file or directory
mv: cannot stat 'denovoSSL_20k_mpileup-862854.out': No such file or directory
mv: cannot stat 'denovoSSL_20k_mpileup-862855.out': No such file or directory
mv: cannot stat 'denovoSSL_20k_mpileup-862856.out': No such file or directory
mv: cannot stat 'denovoSSL_20k_mpileup-862857.out': No such file or directory
mv: cannot stat 'denovoSSL_20k_mpileup-862858.out': No such file or directory
mv: cannot stat 'denovoSSL_20k_mpileup-862859.out': No such file or directory
mv: cannot stat 'denovoSSL_20k_mpileup-862860.out': No such file or directory
mv: cannot stat 'denovoSSL_20k_mpileup-862861.out': No such file or directory
mv: cannot stat 'denovoSSL_20k_mpileup-862862.out': No such file or directory
mv: cannot stat 'denovoSSL_20k_mpileup-862863.out': No such file or directory
mv: cannot stat 'denovoSSL_20k_mpileup-862864.out': No such file or directory
mv: cannot stat 'denovoSSL_20k_mpileup-862865.out': No such file or directory
mv: cannot stat 'denovoSSL_20k_mpileup-862866.out': No such file or directory
