
[warning] samtools mpileup option `u` is functional, but deprecated. Please switch to using bcftools mpileup in future.
[W::bam_hdr_read] EOF marker is absent. The input is probably truncated
[E::idx_find_and_load] Could not retrieve index file for '/home/e1garcia/shotgun_PIRE/REUs/2022_REU/Allison/ambassis_urotaenia_PSMC/data/mkBAM/Aur_denovoSSL_20k_PSMC/Aur_denovoSSL_20k_merged.bam'
[mpileup] fail to load index for /home/e1garcia/shotgun_PIRE/REUs/2022_REU/Allison/ambassis_urotaenia_PSMC/data/mkBAM/Aur_denovoSSL_20k_PSMC/Aur_denovoSSL_20k_merged.bam
Note: none of --samples-file, --ploidy or --ploidy-file given, assuming all sites are diploid
Failed to read from standard input: unknown file type
Use of uninitialized value $l in numeric lt (<) at /opt/intel64/bin/vcfutils.pl line 566.
Use of uninitialized value $l in numeric lt (<) at /opt/intel64/bin/vcfutils.pl line 566.
mv: cannot stat 'denovoSSL_20k_mpileup-869230.out': No such file or directory
mv: cannot stat 'denovoSSL_20k_mpileup-869231.out': No such file or directory
mv: cannot stat 'denovoSSL_20k_mpileup-869232.out': No such file or directory
mv: cannot stat 'denovoSSL_20k_mpileup-869233.out': No such file or directory
mv: cannot stat 'denovoSSL_20k_mpileup-869234.out': No such file or directory
mv: cannot stat 'denovoSSL_20k_mpileup-869235.out': No such file or directory
mv: cannot stat 'denovoSSL_20k_mpileup-869236.out': No such file or directory
mv: cannot stat 'denovoSSL_20k_mpileup-869237.out': No such file or directory
mv: cannot stat 'denovoSSL_20k_mpileup-869238.out': No such file or directory
mv: cannot stat 'denovoSSL_20k_mpileup-869239.out': No such file or directory
mv: cannot stat 'denovoSSL_20k_mpileup-869240.out': No such file or directory
mv: cannot stat 'denovoSSL_20k_mpileup-869241.out': No such file or directory
mv: cannot stat 'denovoSSL_20k_mpileup-869242.out': No such file or directory
mv: cannot stat 'denovoSSL_20k_mpileup-869243.out': No such file or directory
mv: cannot stat 'denovoSSL_20k_mpileup-869244.out': No such file or directory
mv: cannot stat 'denovoSSL_20k_mpileup-869245.out': No such file or directory
mv: 'denovoSSL_20k_mpileup-869246.out' and '/home/e1garcia/shotgun_PIRE/REUs/2022_REU/Allison/ambassis_urotaenia_PSMC/data/mkBAM/Aur_denovoSSL_20k_PSMC/denovoSSL_20k_PSMC/joblog/denovoSSL_20k_mpileup-869246.out' are the same file
mv: cannot move 'denovoSSL_20k_mpileup-869247.out' to '/home/e1garcia/shotgun_PIRE/REUs/2022_REU/Allison/ambassis_urotaenia_PSMC/data/mkBAM/Aur_denovoSSL_20k_PSMC/denovoSSL_20k_PSMC/joblog/denovoSSL_20k_mpileup-869247.out': No such file or directory
mv: 'denovoSSL_20k_mpileup-869248.out' and '/home/e1garcia/shotgun_PIRE/REUs/2022_REU/Allison/ambassis_urotaenia_PSMC/data/mkBAM/Aur_denovoSSL_20k_PSMC/denovoSSL_20k_PSMC/joblog/denovoSSL_20k_mpileup-869248.out' are the same file
mv: cannot stat 'denovoSSL_20k_mpileup-869249.out': No such file or directory
mv: cannot stat 'denovoSSL_20k_mpileup-869250.out': No such file or directory
mv: cannot stat 'denovoSSL_20k_mpileup-869251.out': No such file or directory
mv: 'denovoSSL_20k_mpileup-869252.out' and '/home/e1garcia/shotgun_PIRE/REUs/2022_REU/Allison/ambassis_urotaenia_PSMC/data/mkBAM/Aur_denovoSSL_20k_PSMC/denovoSSL_20k_PSMC/joblog/denovoSSL_20k_mpileup-869252.out' are the same file
mv: 'denovoSSL_20k_mpileup-869253.out' and '/home/e1garcia/shotgun_PIRE/REUs/2022_REU/Allison/ambassis_urotaenia_PSMC/data/mkBAM/Aur_denovoSSL_20k_PSMC/denovoSSL_20k_PSMC/joblog/denovoSSL_20k_mpileup-869253.out' are the same file
mv: cannot stat 'denovoSSL_20k_mpileup-869254.out': No such file or directory
mv: cannot stat 'denovoSSL_20k_mpileup-869255.out': No such file or directory
mv: cannot stat 'denovoSSL_20k_mpileup-869256.out': No such file or directory
mv: 'denovoSSL_20k_mpileup-869257.out' and '/home/e1garcia/shotgun_PIRE/REUs/2022_REU/Allison/ambassis_urotaenia_PSMC/data/mkBAM/Aur_denovoSSL_20k_PSMC/denovoSSL_20k_PSMC/joblog/denovoSSL_20k_mpileup-869257.out' are the same file
mv: 'denovoSSL_20k_mpileup-869258.out' and '/home/e1garcia/shotgun_PIRE/REUs/2022_REU/Allison/ambassis_urotaenia_PSMC/data/mkBAM/Aur_denovoSSL_20k_PSMC/denovoSSL_20k_PSMC/joblog/denovoSSL_20k_mpileup-869258.out' are the same file
mv: 'denovoSSL_20k_mpileup-869259.out' and '/home/e1garcia/shotgun_PIRE/REUs/2022_REU/Allison/ambassis_urotaenia_PSMC/data/mkBAM/Aur_denovoSSL_20k_PSMC/denovoSSL_20k_PSMC/joblog/denovoSSL_20k_mpileup-869259.out' are the same file
mv: 'denovoSSL_20k_mpileup-869260.out' and '/home/e1garcia/shotgun_PIRE/REUs/2022_REU/Allison/ambassis_urotaenia_PSMC/data/mkBAM/Aur_denovoSSL_20k_PSMC/denovoSSL_20k_PSMC/joblog/denovoSSL_20k_mpileup-869260.out' are the same file
mv: 'denovoSSL_20k_mpileup-869261.out' and '/home/e1garcia/shotgun_PIRE/REUs/2022_REU/Allison/ambassis_urotaenia_PSMC/data/mkBAM/Aur_denovoSSL_20k_PSMC/denovoSSL_20k_PSMC/joblog/denovoSSL_20k_mpileup-869261.out' are the same file
