
[warning] samtools mpileup option `u` is functional, but deprecated. Please switch to using bcftools mpileup in future.
[W::bam_hdr_read] EOF marker is absent. The input is probably truncated
[E::idx_find_and_load] Could not retrieve index file for '/home/e1garcia/shotgun_PIRE/REUs/2022_REU/Allison/ambassis_urotaenia_PSMC/data/mkBAM/Aur_denovoSSL_20k_PSMC/Aur_denovoSSL_20k_merged.bam'
[mpileup] fail to load index for /home/e1garcia/shotgun_PIRE/REUs/2022_REU/Allison/ambassis_urotaenia_PSMC/data/mkBAM/Aur_denovoSSL_20k_PSMC/Aur_denovoSSL_20k_merged.bam
Note: none of --samples-file, --ploidy or --ploidy-file given, assuming all sites are diploid
Failed to read from standard input: unknown file type
Use of uninitialized value $l in numeric lt (<) at /opt/intel64/bin/vcfutils.pl line 566.
Use of uninitialized value $l in numeric lt (<) at /opt/intel64/bin/vcfutils.pl line 566.
mv: cannot stat 'denovoSSL_20k_mpileup-861917.out': No such file or directory
mv: cannot stat 'denovoSSL_20k_mpileup-861918.out': No such file or directory
mv: cannot stat 'denovoSSL_20k_mpileup-861919.out': No such file or directory
mv: cannot stat 'denovoSSL_20k_mpileup-861920.out': No such file or directory
mv: cannot stat 'denovoSSL_20k_mpileup-861921.out': No such file or directory
mv: cannot stat 'denovoSSL_20k_mpileup-861922.out': No such file or directory
mv: cannot stat 'denovoSSL_20k_mpileup-861923.out': No such file or directory
mv: cannot stat 'denovoSSL_20k_mpileup-861924.out': No such file or directory
mv: cannot stat 'denovoSSL_20k_mpileup-861925.out': No such file or directory
mv: cannot stat 'denovoSSL_20k_mpileup-861926.out': No such file or directory
mv: cannot stat 'denovoSSL_20k_mpileup-861927.out': No such file or directory
mv: 'denovoSSL_20k_mpileup-861928.out' and '/home/e1garcia/shotgun_PIRE/REUs/2022_REU/Allison/ambassis_urotaenia_PSMC/data/mkBAM/Aur_denovoSSL_20k_PSMC/denovoSSL_20k_PSMC/joblog/denovoSSL_20k_mpileup-861928.out' are the same file
mv: 'denovoSSL_20k_mpileup-861929.out' and '/home/e1garcia/shotgun_PIRE/REUs/2022_REU/Allison/ambassis_urotaenia_PSMC/data/mkBAM/Aur_denovoSSL_20k_PSMC/denovoSSL_20k_PSMC/joblog/denovoSSL_20k_mpileup-861929.out' are the same file
mv: cannot stat 'denovoSSL_20k_mpileup-861930.out': No such file or directory
mv: cannot stat 'denovoSSL_20k_mpileup-861931.out': No such file or directory
mv: 'denovoSSL_20k_mpileup-861932.out' and '/home/e1garcia/shotgun_PIRE/REUs/2022_REU/Allison/ambassis_urotaenia_PSMC/data/mkBAM/Aur_denovoSSL_20k_PSMC/denovoSSL_20k_PSMC/joblog/denovoSSL_20k_mpileup-861932.out' are the same file
mv: 'denovoSSL_20k_mpileup-861933.out' and '/home/e1garcia/shotgun_PIRE/REUs/2022_REU/Allison/ambassis_urotaenia_PSMC/data/mkBAM/Aur_denovoSSL_20k_PSMC/denovoSSL_20k_PSMC/joblog/denovoSSL_20k_mpileup-861933.out' are the same file
mv: cannot stat 'denovoSSL_20k_mpileup-861934.out': No such file or directory
mv: cannot stat 'denovoSSL_20k_mpileup-861935.out': No such file or directory
mv: cannot stat 'denovoSSL_20k_mpileup-861936.out': No such file or directory
mv: cannot stat 'denovoSSL_20k_mpileup-861937.out': No such file or directory
mv: 'denovoSSL_20k_mpileup-861938.out' and '/home/e1garcia/shotgun_PIRE/REUs/2022_REU/Allison/ambassis_urotaenia_PSMC/data/mkBAM/Aur_denovoSSL_20k_PSMC/denovoSSL_20k_PSMC/joblog/denovoSSL_20k_mpileup-861938.out' are the same file
mv: 'denovoSSL_20k_mpileup-861939.out' and '/home/e1garcia/shotgun_PIRE/REUs/2022_REU/Allison/ambassis_urotaenia_PSMC/data/mkBAM/Aur_denovoSSL_20k_PSMC/denovoSSL_20k_PSMC/joblog/denovoSSL_20k_mpileup-861939.out' are the same file
mv: 'denovoSSL_20k_mpileup-861940.out' and '/home/e1garcia/shotgun_PIRE/REUs/2022_REU/Allison/ambassis_urotaenia_PSMC/data/mkBAM/Aur_denovoSSL_20k_PSMC/denovoSSL_20k_PSMC/joblog/denovoSSL_20k_mpileup-861940.out' are the same file
mv: cannot stat 'denovoSSL_20k_mpileup-861941.out': No such file or directory
mv: cannot stat 'denovoSSL_20k_mpileup-861942.out': No such file or directory
mv: 'denovoSSL_20k_mpileup-861943.out' and '/home/e1garcia/shotgun_PIRE/REUs/2022_REU/Allison/ambassis_urotaenia_PSMC/data/mkBAM/Aur_denovoSSL_20k_PSMC/denovoSSL_20k_PSMC/joblog/denovoSSL_20k_mpileup-861943.out' are the same file
mv: cannot stat 'denovoSSL_20k_mpileup-861944.out': No such file or directory
mv: 'denovoSSL_20k_mpileup-861945.out' and '/home/e1garcia/shotgun_PIRE/REUs/2022_REU/Allison/ambassis_urotaenia_PSMC/data/mkBAM/Aur_denovoSSL_20k_PSMC/denovoSSL_20k_PSMC/joblog/denovoSSL_20k_mpileup-861945.out' are the same file
mv: 'denovoSSL_20k_mpileup-861946.out' and '/home/e1garcia/shotgun_PIRE/REUs/2022_REU/Allison/ambassis_urotaenia_PSMC/data/mkBAM/Aur_denovoSSL_20k_PSMC/denovoSSL_20k_PSMC/joblog/denovoSSL_20k_mpileup-861946.out' are the same file
mv: 'denovoSSL_20k_mpileup-861947.out' and '/home/e1garcia/shotgun_PIRE/REUs/2022_REU/Allison/ambassis_urotaenia_PSMC/data/mkBAM/Aur_denovoSSL_20k_PSMC/denovoSSL_20k_PSMC/joblog/denovoSSL_20k_mpileup-861947.out' are the same file
mv: 'denovoSSL_20k_mpileup-861948.out' and '/home/e1garcia/shotgun_PIRE/REUs/2022_REU/Allison/ambassis_urotaenia_PSMC/data/mkBAM/Aur_denovoSSL_20k_PSMC/denovoSSL_20k_PSMC/joblog/denovoSSL_20k_mpileup-861948.out' are the same file
mv: cannot stat 'denovoSSL_20k_mpileup-861949.out': No such file or directory
mv: cannot stat 'denovoSSL_20k_mpileup-861950.out': No such file or directory
mv: cannot stat 'denovoSSL_20k_mpileup-861951.out': No such file or directory
mv: 'denovoSSL_20k_mpileup-861952.out' and '/home/e1garcia/shotgun_PIRE/REUs/2022_REU/Allison/ambassis_urotaenia_PSMC/data/mkBAM/Aur_denovoSSL_20k_PSMC/denovoSSL_20k_PSMC/joblog/denovoSSL_20k_mpileup-861952.out' are the same file
mv: 'denovoSSL_20k_mpileup-861953.out' and '/home/e1garcia/shotgun_PIRE/REUs/2022_REU/Allison/ambassis_urotaenia_PSMC/data/mkBAM/Aur_denovoSSL_20k_PSMC/denovoSSL_20k_PSMC/joblog/denovoSSL_20k_mpileup-861953.out' are the same file
mv: cannot stat 'denovoSSL_20k_mpileup-861954.out': No such file or directory
mv: cannot stat 'denovoSSL_20k_mpileup-861955.out': No such file or directory
