
[warning] samtools mpileup option `u` is functional, but deprecated. Please switch to using bcftools mpileup in future.
[W::bam_hdr_read] EOF marker is absent. The input is probably truncated
[E::idx_find_and_load] Could not retrieve index file for '/home/e1garcia/shotgun_PIRE/REUs/2022_REU/Allison/ambassis_urotaenia_PSMC/data/mkBAM/Aur_denovoSSL_20k_PSMC/Aur_denovoSSL_20k_merged.bam'
[mpileup] fail to load index for /home/e1garcia/shotgun_PIRE/REUs/2022_REU/Allison/ambassis_urotaenia_PSMC/data/mkBAM/Aur_denovoSSL_20k_PSMC/Aur_denovoSSL_20k_merged.bam
Note: none of --samples-file, --ploidy or --ploidy-file given, assuming all sites are diploid
Failed to read from standard input: unknown file type
Use of uninitialized value $l in numeric lt (<) at /opt/intel64/bin/vcfutils.pl line 566.
Use of uninitialized value $l in numeric lt (<) at /opt/intel64/bin/vcfutils.pl line 566.
mv: cannot stat 'denovoSSL_20k_mpileup-864480.out': No such file or directory
mv: cannot stat 'denovoSSL_20k_mpileup-864481.out': No such file or directory
mv: cannot stat 'denovoSSL_20k_mpileup-864482.out': No such file or directory
mv: cannot stat 'denovoSSL_20k_mpileup-864483.out': No such file or directory
mv: cannot stat 'denovoSSL_20k_mpileup-864484.out': No such file or directory
mv: cannot stat 'denovoSSL_20k_mpileup-864485.out': No such file or directory
mv: cannot stat 'denovoSSL_20k_mpileup-864486.out': No such file or directory
mv: cannot stat 'denovoSSL_20k_mpileup-864487.out': No such file or directory
mv: cannot stat 'denovoSSL_20k_mpileup-864488.out': No such file or directory
mv: cannot stat 'denovoSSL_20k_mpileup-864489.out': No such file or directory
mv: 'denovoSSL_20k_mpileup-864490.out' and '/home/e1garcia/shotgun_PIRE/REUs/2022_REU/Allison/ambassis_urotaenia_PSMC/data/mkBAM/Aur_denovoSSL_20k_PSMC/denovoSSL_20k_PSMC/joblog/denovoSSL_20k_mpileup-864490.out' are the same file
mv: cannot move 'denovoSSL_20k_mpileup-864491.out' to '/home/e1garcia/shotgun_PIRE/REUs/2022_REU/Allison/ambassis_urotaenia_PSMC/data/mkBAM/Aur_denovoSSL_20k_PSMC/denovoSSL_20k_PSMC/joblog/denovoSSL_20k_mpileup-864491.out': No such file or directory
mv: 'denovoSSL_20k_mpileup-864492.out' and '/home/e1garcia/shotgun_PIRE/REUs/2022_REU/Allison/ambassis_urotaenia_PSMC/data/mkBAM/Aur_denovoSSL_20k_PSMC/denovoSSL_20k_PSMC/joblog/denovoSSL_20k_mpileup-864492.out' are the same file
mv: 'denovoSSL_20k_mpileup-864493.out' and '/home/e1garcia/shotgun_PIRE/REUs/2022_REU/Allison/ambassis_urotaenia_PSMC/data/mkBAM/Aur_denovoSSL_20k_PSMC/denovoSSL_20k_PSMC/joblog/denovoSSL_20k_mpileup-864493.out' are the same file
mv: 'denovoSSL_20k_mpileup-864494.out' and '/home/e1garcia/shotgun_PIRE/REUs/2022_REU/Allison/ambassis_urotaenia_PSMC/data/mkBAM/Aur_denovoSSL_20k_PSMC/denovoSSL_20k_PSMC/joblog/denovoSSL_20k_mpileup-864494.out' are the same file
mv: 'denovoSSL_20k_mpileup-864495.out' and '/home/e1garcia/shotgun_PIRE/REUs/2022_REU/Allison/ambassis_urotaenia_PSMC/data/mkBAM/Aur_denovoSSL_20k_PSMC/denovoSSL_20k_PSMC/joblog/denovoSSL_20k_mpileup-864495.out' are the same file
mv: cannot move 'denovoSSL_20k_mpileup-864496.out' to '/home/e1garcia/shotgun_PIRE/REUs/2022_REU/Allison/ambassis_urotaenia_PSMC/data/mkBAM/Aur_denovoSSL_20k_PSMC/denovoSSL_20k_PSMC/joblog/denovoSSL_20k_mpileup-864496.out': No such file or directory
mv: 'denovoSSL_20k_mpileup-864497.out' and '/home/e1garcia/shotgun_PIRE/REUs/2022_REU/Allison/ambassis_urotaenia_PSMC/data/mkBAM/Aur_denovoSSL_20k_PSMC/denovoSSL_20k_PSMC/joblog/denovoSSL_20k_mpileup-864497.out' are the same file
mv: 'denovoSSL_20k_mpileup-864498.out' and '/home/e1garcia/shotgun_PIRE/REUs/2022_REU/Allison/ambassis_urotaenia_PSMC/data/mkBAM/Aur_denovoSSL_20k_PSMC/denovoSSL_20k_PSMC/joblog/denovoSSL_20k_mpileup-864498.out' are the same file
mv: cannot stat 'denovoSSL_20k_mpileup-864499.out': No such file or directory
mv: 'denovoSSL_20k_mpileup-864500.out' and '/home/e1garcia/shotgun_PIRE/REUs/2022_REU/Allison/ambassis_urotaenia_PSMC/data/mkBAM/Aur_denovoSSL_20k_PSMC/denovoSSL_20k_PSMC/joblog/denovoSSL_20k_mpileup-864500.out' are the same file
mv: 'denovoSSL_20k_mpileup-864501.out' and '/home/e1garcia/shotgun_PIRE/REUs/2022_REU/Allison/ambassis_urotaenia_PSMC/data/mkBAM/Aur_denovoSSL_20k_PSMC/denovoSSL_20k_PSMC/joblog/denovoSSL_20k_mpileup-864501.out' are the same file
mv: 'denovoSSL_20k_mpileup-864502.out' and '/home/e1garcia/shotgun_PIRE/REUs/2022_REU/Allison/ambassis_urotaenia_PSMC/data/mkBAM/Aur_denovoSSL_20k_PSMC/denovoSSL_20k_PSMC/joblog/denovoSSL_20k_mpileup-864502.out' are the same file
mv: 'denovoSSL_20k_mpileup-864503.out' and '/home/e1garcia/shotgun_PIRE/REUs/2022_REU/Allison/ambassis_urotaenia_PSMC/data/mkBAM/Aur_denovoSSL_20k_PSMC/denovoSSL_20k_PSMC/joblog/denovoSSL_20k_mpileup-864503.out' are the same file
mv: cannot stat 'denovoSSL_20k_mpileup-864504.out': No such file or directory
mv: cannot stat 'denovoSSL_20k_mpileup-864505.out': No such file or directory
mv: 'denovoSSL_20k_mpileup-864506.out' and '/home/e1garcia/shotgun_PIRE/REUs/2022_REU/Allison/ambassis_urotaenia_PSMC/data/mkBAM/Aur_denovoSSL_20k_PSMC/denovoSSL_20k_PSMC/joblog/denovoSSL_20k_mpileup-864506.out' are the same file
mv: cannot stat 'denovoSSL_20k_mpileup-864507.out': No such file or directory
mv: cannot stat 'denovoSSL_20k_mpileup-864508.out': No such file or directory
mv: cannot stat 'denovoSSL_20k_mpileup-864509.out': No such file or directory
mv: 'denovoSSL_20k_mpileup-864510.out' and '/home/e1garcia/shotgun_PIRE/REUs/2022_REU/Allison/ambassis_urotaenia_PSMC/data/mkBAM/Aur_denovoSSL_20k_PSMC/denovoSSL_20k_PSMC/joblog/denovoSSL_20k_mpileup-864510.out' are the same file
mv: 'denovoSSL_20k_mpileup-864511.out' and '/home/e1garcia/shotgun_PIRE/REUs/2022_REU/Allison/ambassis_urotaenia_PSMC/data/mkBAM/Aur_denovoSSL_20k_PSMC/denovoSSL_20k_PSMC/joblog/denovoSSL_20k_mpileup-864511.out' are the same file
mv: cannot stat 'denovoSSL_20k_mpileup-864512.out': No such file or directory
mv: 'denovoSSL_20k_mpileup-864513.out' and '/home/e1garcia/shotgun_PIRE/REUs/2022_REU/Allison/ambassis_urotaenia_PSMC/data/mkBAM/Aur_denovoSSL_20k_PSMC/denovoSSL_20k_PSMC/joblog/denovoSSL_20k_mpileup-864513.out' are the same file
