
[warning] samtools mpileup option `u` is functional, but deprecated. Please switch to using bcftools mpileup in future.
[W::bam_hdr_read] EOF marker is absent. The input is probably truncated
[E::idx_find_and_load] Could not retrieve index file for '/home/e1garcia/shotgun_PIRE/REUs/2022_REU/Allison/ambassis_urotaenia_PSMC/data/mkBAM/Aur_denovoSSL_20k_PSMC/Aur_denovoSSL_20k_merged.bam'
[mpileup] fail to load index for /home/e1garcia/shotgun_PIRE/REUs/2022_REU/Allison/ambassis_urotaenia_PSMC/data/mkBAM/Aur_denovoSSL_20k_PSMC/Aur_denovoSSL_20k_merged.bam
Note: none of --samples-file, --ploidy or --ploidy-file given, assuming all sites are diploid
Failed to read from standard input: unknown file type
Use of uninitialized value $l in numeric lt (<) at /opt/intel64/bin/vcfutils.pl line 566.
Use of uninitialized value $l in numeric lt (<) at /opt/intel64/bin/vcfutils.pl line 566.
mv: 'denovoSSL_20k_mpileup-861866.out' and '/home/e1garcia/shotgun_PIRE/REUs/2022_REU/Allison/ambassis_urotaenia_PSMC/data/mkBAM/Aur_denovoSSL_20k_PSMC/denovoSSL_20k_PSMC/joblog/denovoSSL_20k_mpileup-861866.out' are the same file
mv: 'denovoSSL_20k_mpileup-861867.out' and '/home/e1garcia/shotgun_PIRE/REUs/2022_REU/Allison/ambassis_urotaenia_PSMC/data/mkBAM/Aur_denovoSSL_20k_PSMC/denovoSSL_20k_PSMC/joblog/denovoSSL_20k_mpileup-861867.out' are the same file
mv: 'denovoSSL_20k_mpileup-861868.out' and '/home/e1garcia/shotgun_PIRE/REUs/2022_REU/Allison/ambassis_urotaenia_PSMC/data/mkBAM/Aur_denovoSSL_20k_PSMC/denovoSSL_20k_PSMC/joblog/denovoSSL_20k_mpileup-861868.out' are the same file
mv: 'denovoSSL_20k_mpileup-861869.out' and '/home/e1garcia/shotgun_PIRE/REUs/2022_REU/Allison/ambassis_urotaenia_PSMC/data/mkBAM/Aur_denovoSSL_20k_PSMC/denovoSSL_20k_PSMC/joblog/denovoSSL_20k_mpileup-861869.out' are the same file
mv: 'denovoSSL_20k_mpileup-861870.out' and '/home/e1garcia/shotgun_PIRE/REUs/2022_REU/Allison/ambassis_urotaenia_PSMC/data/mkBAM/Aur_denovoSSL_20k_PSMC/denovoSSL_20k_PSMC/joblog/denovoSSL_20k_mpileup-861870.out' are the same file
mv: 'denovoSSL_20k_mpileup-861871.out' and '/home/e1garcia/shotgun_PIRE/REUs/2022_REU/Allison/ambassis_urotaenia_PSMC/data/mkBAM/Aur_denovoSSL_20k_PSMC/denovoSSL_20k_PSMC/joblog/denovoSSL_20k_mpileup-861871.out' are the same file
mv: 'denovoSSL_20k_mpileup-861872.out' and '/home/e1garcia/shotgun_PIRE/REUs/2022_REU/Allison/ambassis_urotaenia_PSMC/data/mkBAM/Aur_denovoSSL_20k_PSMC/denovoSSL_20k_PSMC/joblog/denovoSSL_20k_mpileup-861872.out' are the same file
mv: 'denovoSSL_20k_mpileup-861873.out' and '/home/e1garcia/shotgun_PIRE/REUs/2022_REU/Allison/ambassis_urotaenia_PSMC/data/mkBAM/Aur_denovoSSL_20k_PSMC/denovoSSL_20k_PSMC/joblog/denovoSSL_20k_mpileup-861873.out' are the same file
mv: 'denovoSSL_20k_mpileup-861874.out' and '/home/e1garcia/shotgun_PIRE/REUs/2022_REU/Allison/ambassis_urotaenia_PSMC/data/mkBAM/Aur_denovoSSL_20k_PSMC/denovoSSL_20k_PSMC/joblog/denovoSSL_20k_mpileup-861874.out' are the same file
mv: 'denovoSSL_20k_mpileup-861875.out' and '/home/e1garcia/shotgun_PIRE/REUs/2022_REU/Allison/ambassis_urotaenia_PSMC/data/mkBAM/Aur_denovoSSL_20k_PSMC/denovoSSL_20k_PSMC/joblog/denovoSSL_20k_mpileup-861875.out' are the same file
mv: 'denovoSSL_20k_mpileup-861876.out' and '/home/e1garcia/shotgun_PIRE/REUs/2022_REU/Allison/ambassis_urotaenia_PSMC/data/mkBAM/Aur_denovoSSL_20k_PSMC/denovoSSL_20k_PSMC/joblog/denovoSSL_20k_mpileup-861876.out' are the same file
mv: 'denovoSSL_20k_mpileup-861877.out' and '/home/e1garcia/shotgun_PIRE/REUs/2022_REU/Allison/ambassis_urotaenia_PSMC/data/mkBAM/Aur_denovoSSL_20k_PSMC/denovoSSL_20k_PSMC/joblog/denovoSSL_20k_mpileup-861877.out' are the same file
mv: 'denovoSSL_20k_mpileup-861878.out' and '/home/e1garcia/shotgun_PIRE/REUs/2022_REU/Allison/ambassis_urotaenia_PSMC/data/mkBAM/Aur_denovoSSL_20k_PSMC/denovoSSL_20k_PSMC/joblog/denovoSSL_20k_mpileup-861878.out' are the same file
mv: 'denovoSSL_20k_mpileup-861879.out' and '/home/e1garcia/shotgun_PIRE/REUs/2022_REU/Allison/ambassis_urotaenia_PSMC/data/mkBAM/Aur_denovoSSL_20k_PSMC/denovoSSL_20k_PSMC/joblog/denovoSSL_20k_mpileup-861879.out' are the same file
mv: 'denovoSSL_20k_mpileup-861880.out' and '/home/e1garcia/shotgun_PIRE/REUs/2022_REU/Allison/ambassis_urotaenia_PSMC/data/mkBAM/Aur_denovoSSL_20k_PSMC/denovoSSL_20k_PSMC/joblog/denovoSSL_20k_mpileup-861880.out' are the same file
mv: 'denovoSSL_20k_mpileup-861881.out' and '/home/e1garcia/shotgun_PIRE/REUs/2022_REU/Allison/ambassis_urotaenia_PSMC/data/mkBAM/Aur_denovoSSL_20k_PSMC/denovoSSL_20k_PSMC/joblog/denovoSSL_20k_mpileup-861881.out' are the same file
mv: 'denovoSSL_20k_mpileup-861882.out' and '/home/e1garcia/shotgun_PIRE/REUs/2022_REU/Allison/ambassis_urotaenia_PSMC/data/mkBAM/Aur_denovoSSL_20k_PSMC/denovoSSL_20k_PSMC/joblog/denovoSSL_20k_mpileup-861882.out' are the same file
mv: 'denovoSSL_20k_mpileup-861883.out' and '/home/e1garcia/shotgun_PIRE/REUs/2022_REU/Allison/ambassis_urotaenia_PSMC/data/mkBAM/Aur_denovoSSL_20k_PSMC/denovoSSL_20k_PSMC/joblog/denovoSSL_20k_mpileup-861883.out' are the same file
mv: cannot move 'denovoSSL_20k_mpileup-861885.out' to '/home/e1garcia/shotgun_PIRE/REUs/2022_REU/Allison/ambassis_urotaenia_PSMC/data/mkBAM/Aur_denovoSSL_20k_PSMC/denovoSSL_20k_PSMC/joblog/denovoSSL_20k_mpileup-861885.out': No such file or directory
mv: 'denovoSSL_20k_mpileup-861886.out' and '/home/e1garcia/shotgun_PIRE/REUs/2022_REU/Allison/ambassis_urotaenia_PSMC/data/mkBAM/Aur_denovoSSL_20k_PSMC/denovoSSL_20k_PSMC/joblog/denovoSSL_20k_mpileup-861886.out' are the same file
mv: cannot stat 'denovoSSL_20k_mpileup-861887.out': No such file or directory
mv: 'denovoSSL_20k_mpileup-861888.out' and '/home/e1garcia/shotgun_PIRE/REUs/2022_REU/Allison/ambassis_urotaenia_PSMC/data/mkBAM/Aur_denovoSSL_20k_PSMC/denovoSSL_20k_PSMC/joblog/denovoSSL_20k_mpileup-861888.out' are the same file
mv: cannot stat 'denovoSSL_20k_mpileup-861889.out': No such file or directory
mv: cannot stat 'denovoSSL_20k_mpileup-861890.out': No such file or directory
mv: cannot stat 'denovoSSL_20k_mpileup-861891.out': No such file or directory
mv: cannot stat 'denovoSSL_20k_mpileup-861892.out': No such file or directory
mv: cannot stat 'denovoSSL_20k_mpileup-861893.out': No such file or directory
mv: cannot stat 'denovoSSL_20k_mpileup-861894.out': No such file or directory
mv: cannot stat 'denovoSSL_20k_mpileup-861895.out': No such file or directory
mv: cannot stat 'denovoSSL_20k_mpileup-861896.out': No such file or directory
mv: cannot stat 'denovoSSL_20k_mpileup-861897.out': No such file or directory
mv: cannot stat 'denovoSSL_20k_mpileup-861898.out': No such file or directory
mv: cannot stat 'denovoSSL_20k_mpileup-861899.out': No such file or directory
mv: cannot stat 'denovoSSL_20k_mpileup-861900.out': No such file or directory
mv: cannot stat 'denovoSSL_20k_mpileup-861901.out': No such file or directory
mv: cannot stat 'denovoSSL_20k_mpileup-861902.out': No such file or directory
mv: cannot stat 'denovoSSL_20k_mpileup-861903.out': No such file or directory
mv: cannot stat 'denovoSSL_20k_mpileup-861904.out': No such file or directory
mv: cannot stat 'denovoSSL_20k_mpileup-861905.out': No such file or directory
mv: cannot stat 'denovoSSL_20k_mpileup-861906.out': No such file or directory
mv: cannot stat 'denovoSSL_20k_mpileup-861907.out': No such file or directory
mv: cannot stat 'denovoSSL_20k_mpileup-861908.out': No such file or directory
mv: cannot stat 'denovoSSL_20k_mpileup-861909.out': No such file or directory
mv: cannot stat 'denovoSSL_20k_mpileup-861910.out': No such file or directory
