
[warning] samtools mpileup option `u` is functional, but deprecated. Please switch to using bcftools mpileup in future.
[W::bam_hdr_read] EOF marker is absent. The input is probably truncated
[E::idx_find_and_load] Could not retrieve index file for '/home/e1garcia/shotgun_PIRE/REUs/2022_REU/Allison/ambassis_urotaenia_PSMC/data/mkBAM/Aur_denovoSSL_20k_PSMC/Aur_denovoSSL_20k_merged.bam'
[mpileup] fail to load index for /home/e1garcia/shotgun_PIRE/REUs/2022_REU/Allison/ambassis_urotaenia_PSMC/data/mkBAM/Aur_denovoSSL_20k_PSMC/Aur_denovoSSL_20k_merged.bam
Note: none of --samples-file, --ploidy or --ploidy-file given, assuming all sites are diploid
Failed to read from standard input: unknown file type
Use of uninitialized value $l in numeric lt (<) at /opt/intel64/bin/vcfutils.pl line 566.
Use of uninitialized value $l in numeric lt (<) at /opt/intel64/bin/vcfutils.pl line 566.
mv: cannot stat 'denovoSSL_20k_mpileup-862657.out': No such file or directory
mv: cannot stat 'denovoSSL_20k_mpileup-862658.out': No such file or directory
mv: cannot stat 'denovoSSL_20k_mpileup-862659.out': No such file or directory
mv: cannot stat 'denovoSSL_20k_mpileup-862660.out': No such file or directory
mv: cannot stat 'denovoSSL_20k_mpileup-862661.out': No such file or directory
mv: cannot stat 'denovoSSL_20k_mpileup-862662.out': No such file or directory
mv: cannot stat 'denovoSSL_20k_mpileup-862663.out': No such file or directory
mv: cannot stat 'denovoSSL_20k_mpileup-862664.out': No such file or directory
mv: cannot stat 'denovoSSL_20k_mpileup-862665.out': No such file or directory
mv: cannot stat 'denovoSSL_20k_mpileup-862666.out': No such file or directory
mv: cannot stat 'denovoSSL_20k_mpileup-862667.out': No such file or directory
mv: cannot stat 'denovoSSL_20k_mpileup-862668.out': No such file or directory
mv: cannot stat 'denovoSSL_20k_mpileup-862669.out': No such file or directory
mv: cannot stat 'denovoSSL_20k_mpileup-862670.out': No such file or directory
mv: cannot stat 'denovoSSL_20k_mpileup-862671.out': No such file or directory
mv: cannot stat 'denovoSSL_20k_mpileup-862672.out': No such file or directory
mv: 'denovoSSL_20k_mpileup-862673.out' and '/home/e1garcia/shotgun_PIRE/REUs/2022_REU/Allison/ambassis_urotaenia_PSMC/data/mkBAM/Aur_denovoSSL_20k_PSMC/denovoSSL_20k_PSMC/joblog/denovoSSL_20k_mpileup-862673.out' are the same file
mv: 'denovoSSL_20k_mpileup-862674.out' and '/home/e1garcia/shotgun_PIRE/REUs/2022_REU/Allison/ambassis_urotaenia_PSMC/data/mkBAM/Aur_denovoSSL_20k_PSMC/denovoSSL_20k_PSMC/joblog/denovoSSL_20k_mpileup-862674.out' are the same file
mv: 'denovoSSL_20k_mpileup-862675.out' and '/home/e1garcia/shotgun_PIRE/REUs/2022_REU/Allison/ambassis_urotaenia_PSMC/data/mkBAM/Aur_denovoSSL_20k_PSMC/denovoSSL_20k_PSMC/joblog/denovoSSL_20k_mpileup-862675.out' are the same file
mv: 'denovoSSL_20k_mpileup-862676.out' and '/home/e1garcia/shotgun_PIRE/REUs/2022_REU/Allison/ambassis_urotaenia_PSMC/data/mkBAM/Aur_denovoSSL_20k_PSMC/denovoSSL_20k_PSMC/joblog/denovoSSL_20k_mpileup-862676.out' are the same file
mv: 'denovoSSL_20k_mpileup-862677.out' and '/home/e1garcia/shotgun_PIRE/REUs/2022_REU/Allison/ambassis_urotaenia_PSMC/data/mkBAM/Aur_denovoSSL_20k_PSMC/denovoSSL_20k_PSMC/joblog/denovoSSL_20k_mpileup-862677.out' are the same file
mv: 'denovoSSL_20k_mpileup-862678.out' and '/home/e1garcia/shotgun_PIRE/REUs/2022_REU/Allison/ambassis_urotaenia_PSMC/data/mkBAM/Aur_denovoSSL_20k_PSMC/denovoSSL_20k_PSMC/joblog/denovoSSL_20k_mpileup-862678.out' are the same file
mv: 'denovoSSL_20k_mpileup-862679.out' and '/home/e1garcia/shotgun_PIRE/REUs/2022_REU/Allison/ambassis_urotaenia_PSMC/data/mkBAM/Aur_denovoSSL_20k_PSMC/denovoSSL_20k_PSMC/joblog/denovoSSL_20k_mpileup-862679.out' are the same file
mv: cannot stat 'denovoSSL_20k_mpileup-862680.out': No such file or directory
mv: cannot stat 'denovoSSL_20k_mpileup-862681.out': No such file or directory
mv: cannot stat 'denovoSSL_20k_mpileup-862682.out': No such file or directory
mv: 'denovoSSL_20k_mpileup-862683.out' and '/home/e1garcia/shotgun_PIRE/REUs/2022_REU/Allison/ambassis_urotaenia_PSMC/data/mkBAM/Aur_denovoSSL_20k_PSMC/denovoSSL_20k_PSMC/joblog/denovoSSL_20k_mpileup-862683.out' are the same file
mv: 'denovoSSL_20k_mpileup-862684.out' and '/home/e1garcia/shotgun_PIRE/REUs/2022_REU/Allison/ambassis_urotaenia_PSMC/data/mkBAM/Aur_denovoSSL_20k_PSMC/denovoSSL_20k_PSMC/joblog/denovoSSL_20k_mpileup-862684.out' are the same file
mv: 'denovoSSL_20k_mpileup-862685.out' and '/home/e1garcia/shotgun_PIRE/REUs/2022_REU/Allison/ambassis_urotaenia_PSMC/data/mkBAM/Aur_denovoSSL_20k_PSMC/denovoSSL_20k_PSMC/joblog/denovoSSL_20k_mpileup-862685.out' are the same file
mv: 'denovoSSL_20k_mpileup-862686.out' and '/home/e1garcia/shotgun_PIRE/REUs/2022_REU/Allison/ambassis_urotaenia_PSMC/data/mkBAM/Aur_denovoSSL_20k_PSMC/denovoSSL_20k_PSMC/joblog/denovoSSL_20k_mpileup-862686.out' are the same file
