
[warning] samtools mpileup option `u` is functional, but deprecated. Please switch to using bcftools mpileup in future.
[W::bam_hdr_read] EOF marker is absent. The input is probably truncated
[E::idx_find_and_load] Could not retrieve index file for '/home/e1garcia/shotgun_PIRE/REUs/2022_REU/Allison/ambassis_urotaenia_PSMC/data/mkBAM/Aur_denovoSSL_20k_PSMC/Aur_denovoSSL_20k_merged.bam'
[mpileup] fail to load index for /home/e1garcia/shotgun_PIRE/REUs/2022_REU/Allison/ambassis_urotaenia_PSMC/data/mkBAM/Aur_denovoSSL_20k_PSMC/Aur_denovoSSL_20k_merged.bam
Note: none of --samples-file, --ploidy or --ploidy-file given, assuming all sites are diploid
Failed to read from standard input: unknown file type
Use of uninitialized value $l in numeric lt (<) at /opt/intel64/bin/vcfutils.pl line 566.
Use of uninitialized value $l in numeric lt (<) at /opt/intel64/bin/vcfutils.pl line 566.
mv: cannot stat 'denovoSSL_20k_mpileup-863956.out': No such file or directory
mv: cannot stat 'denovoSSL_20k_mpileup-863957.out': No such file or directory
mv: cannot stat 'denovoSSL_20k_mpileup-863958.out': No such file or directory
mv: cannot stat 'denovoSSL_20k_mpileup-863959.out': No such file or directory
mv: cannot stat 'denovoSSL_20k_mpileup-863960.out': No such file or directory
mv: cannot stat 'denovoSSL_20k_mpileup-863961.out': No such file or directory
mv: cannot stat 'denovoSSL_20k_mpileup-863962.out': No such file or directory
mv: cannot stat 'denovoSSL_20k_mpileup-863963.out': No such file or directory
mv: cannot stat 'denovoSSL_20k_mpileup-863964.out': No such file or directory
mv: cannot stat 'denovoSSL_20k_mpileup-863965.out': No such file or directory
mv: cannot stat 'denovoSSL_20k_mpileup-863966.out': No such file or directory
mv: cannot stat 'denovoSSL_20k_mpileup-863967.out': No such file or directory
mv: cannot stat 'denovoSSL_20k_mpileup-863968.out': No such file or directory
mv: cannot stat 'denovoSSL_20k_mpileup-863969.out': No such file or directory
mv: cannot stat 'denovoSSL_20k_mpileup-863970.out': No such file or directory
mv: cannot stat 'denovoSSL_20k_mpileup-863971.out': No such file or directory
mv: cannot stat 'denovoSSL_20k_mpileup-863972.out': No such file or directory
mv: cannot stat 'denovoSSL_20k_mpileup-863973.out': No such file or directory
mv: cannot stat 'denovoSSL_20k_mpileup-863974.out': No such file or directory
mv: cannot stat 'denovoSSL_20k_mpileup-863975.out': No such file or directory
mv: cannot stat 'denovoSSL_20k_mpileup-863976.out': No such file or directory
mv: cannot stat 'denovoSSL_20k_mpileup-863977.out': No such file or directory
mv: cannot stat 'denovoSSL_20k_mpileup-863978.out': No such file or directory
mv: cannot stat 'denovoSSL_20k_mpileup-863979.out': No such file or directory
mv: cannot stat 'denovoSSL_20k_mpileup-863980.out': No such file or directory
mv: cannot stat 'denovoSSL_20k_mpileup-863981.out': No such file or directory
mv: cannot stat 'denovoSSL_20k_mpileup-863982.out': No such file or directory
mv: cannot stat 'denovoSSL_20k_mpileup-863983.out': No such file or directory
mv: cannot stat 'denovoSSL_20k_mpileup-863984.out': No such file or directory
mv: cannot stat 'denovoSSL_20k_mpileup-863985.out': No such file or directory
mv: cannot stat 'denovoSSL_20k_mpileup-863986.out': No such file or directory
mv: cannot stat 'denovoSSL_20k_mpileup-863987.out': No such file or directory
mv: 'denovoSSL_20k_mpileup-863988.out' and '/home/e1garcia/shotgun_PIRE/REUs/2022_REU/Allison/ambassis_urotaenia_PSMC/data/mkBAM/Aur_denovoSSL_20k_PSMC/denovoSSL_20k_PSMC/joblog/denovoSSL_20k_mpileup-863988.out' are the same file
mv: cannot stat 'denovoSSL_20k_mpileup-863989.out': No such file or directory
mv: 'denovoSSL_20k_mpileup-863990.out' and '/home/e1garcia/shotgun_PIRE/REUs/2022_REU/Allison/ambassis_urotaenia_PSMC/data/mkBAM/Aur_denovoSSL_20k_PSMC/denovoSSL_20k_PSMC/joblog/denovoSSL_20k_mpileup-863990.out' are the same file
mv: cannot stat 'denovoSSL_20k_mpileup-863991.out': No such file or directory
mv: 'denovoSSL_20k_mpileup-863992.out' and '/home/e1garcia/shotgun_PIRE/REUs/2022_REU/Allison/ambassis_urotaenia_PSMC/data/mkBAM/Aur_denovoSSL_20k_PSMC/denovoSSL_20k_PSMC/joblog/denovoSSL_20k_mpileup-863992.out' are the same file
