
[warning] samtools mpileup option `u` is functional, but deprecated. Please switch to using bcftools mpileup in future.
[W::bam_hdr_read] EOF marker is absent. The input is probably truncated
[E::idx_find_and_load] Could not retrieve index file for '/home/e1garcia/shotgun_PIRE/REUs/2022_REU/Allison/ambassis_urotaenia_PSMC/data/mkBAM/Aur_denovoSSL_20k_PSMC/Aur_denovoSSL_20k_merged.bam'
[mpileup] fail to load index for /home/e1garcia/shotgun_PIRE/REUs/2022_REU/Allison/ambassis_urotaenia_PSMC/data/mkBAM/Aur_denovoSSL_20k_PSMC/Aur_denovoSSL_20k_merged.bam
Note: none of --samples-file, --ploidy or --ploidy-file given, assuming all sites are diploid
Failed to read from standard input: unknown file type
Use of uninitialized value $l in numeric lt (<) at /opt/intel64/bin/vcfutils.pl line 566.
Use of uninitialized value $l in numeric lt (<) at /opt/intel64/bin/vcfutils.pl line 566.
mv: cannot stat 'denovoSSL_20k_mpileup-862689.out': No such file or directory
mv: cannot stat 'denovoSSL_20k_mpileup-862690.out': No such file or directory
mv: cannot stat 'denovoSSL_20k_mpileup-862691.out': No such file or directory
mv: cannot stat 'denovoSSL_20k_mpileup-862692.out': No such file or directory
mv: cannot stat 'denovoSSL_20k_mpileup-862693.out': No such file or directory
mv: cannot stat 'denovoSSL_20k_mpileup-862694.out': No such file or directory
mv: cannot stat 'denovoSSL_20k_mpileup-862695.out': No such file or directory
mv: cannot stat 'denovoSSL_20k_mpileup-862696.out': No such file or directory
mv: cannot stat 'denovoSSL_20k_mpileup-862697.out': No such file or directory
mv: cannot stat 'denovoSSL_20k_mpileup-862698.out': No such file or directory
mv: cannot stat 'denovoSSL_20k_mpileup-862699.out': No such file or directory
mv: cannot stat 'denovoSSL_20k_mpileup-862700.out': No such file or directory
mv: cannot stat 'denovoSSL_20k_mpileup-862701.out': No such file or directory
mv: cannot stat 'denovoSSL_20k_mpileup-862702.out': No such file or directory
mv: cannot stat 'denovoSSL_20k_mpileup-862703.out': No such file or directory
mv: cannot stat 'denovoSSL_20k_mpileup-862704.out': No such file or directory
mv: cannot stat 'denovoSSL_20k_mpileup-862705.out': No such file or directory
mv: cannot stat 'denovoSSL_20k_mpileup-862706.out': No such file or directory
mv: cannot stat 'denovoSSL_20k_mpileup-862707.out': No such file or directory
mv: cannot stat 'denovoSSL_20k_mpileup-862708.out': No such file or directory
mv: cannot stat 'denovoSSL_20k_mpileup-862709.out': No such file or directory
mv: cannot stat 'denovoSSL_20k_mpileup-862710.out': No such file or directory
mv: cannot stat 'denovoSSL_20k_mpileup-862711.out': No such file or directory
mv: cannot stat 'denovoSSL_20k_mpileup-862712.out': No such file or directory
mv: cannot stat 'denovoSSL_20k_mpileup-862713.out': No such file or directory
mv: cannot stat 'denovoSSL_20k_mpileup-862714.out': No such file or directory
mv: cannot stat 'denovoSSL_20k_mpileup-862715.out': No such file or directory
mv: cannot stat 'denovoSSL_20k_mpileup-862716.out': No such file or directory
mv: cannot stat 'denovoSSL_20k_mpileup-862717.out': No such file or directory
mv: cannot stat 'denovoSSL_20k_mpileup-862718.out': No such file or directory
mv: cannot stat 'denovoSSL_20k_mpileup-862719.out': No such file or directory
mv: 'denovoSSL_20k_mpileup-862720.out' and '/home/e1garcia/shotgun_PIRE/REUs/2022_REU/Allison/ambassis_urotaenia_PSMC/data/mkBAM/Aur_denovoSSL_20k_PSMC/denovoSSL_20k_PSMC/joblog/denovoSSL_20k_mpileup-862720.out' are the same file
mv: cannot stat 'denovoSSL_20k_mpileup-862721.out': No such file or directory
mv: 'denovoSSL_20k_mpileup-862722.out' and '/home/e1garcia/shotgun_PIRE/REUs/2022_REU/Allison/ambassis_urotaenia_PSMC/data/mkBAM/Aur_denovoSSL_20k_PSMC/denovoSSL_20k_PSMC/joblog/denovoSSL_20k_mpileup-862722.out' are the same file
mv: cannot stat 'denovoSSL_20k_mpileup-862723.out': No such file or directory
mv: 'denovoSSL_20k_mpileup-862724.out' and '/home/e1garcia/shotgun_PIRE/REUs/2022_REU/Allison/ambassis_urotaenia_PSMC/data/mkBAM/Aur_denovoSSL_20k_PSMC/denovoSSL_20k_PSMC/joblog/denovoSSL_20k_mpileup-862724.out' are the same file
mv: 'denovoSSL_20k_mpileup-862725.out' and '/home/e1garcia/shotgun_PIRE/REUs/2022_REU/Allison/ambassis_urotaenia_PSMC/data/mkBAM/Aur_denovoSSL_20k_PSMC/denovoSSL_20k_PSMC/joblog/denovoSSL_20k_mpileup-862725.out' are the same file
mv: 'denovoSSL_20k_mpileup-862726.out' and '/home/e1garcia/shotgun_PIRE/REUs/2022_REU/Allison/ambassis_urotaenia_PSMC/data/mkBAM/Aur_denovoSSL_20k_PSMC/denovoSSL_20k_PSMC/joblog/denovoSSL_20k_mpileup-862726.out' are the same file
mv: 'denovoSSL_20k_mpileup-862727.out' and '/home/e1garcia/shotgun_PIRE/REUs/2022_REU/Allison/ambassis_urotaenia_PSMC/data/mkBAM/Aur_denovoSSL_20k_PSMC/denovoSSL_20k_PSMC/joblog/denovoSSL_20k_mpileup-862727.out' are the same file
mv: 'denovoSSL_20k_mpileup-862728.out' and '/home/e1garcia/shotgun_PIRE/REUs/2022_REU/Allison/ambassis_urotaenia_PSMC/data/mkBAM/Aur_denovoSSL_20k_PSMC/denovoSSL_20k_PSMC/joblog/denovoSSL_20k_mpileup-862728.out' are the same file
mv: cannot move 'denovoSSL_20k_mpileup-862729.out' to '/home/e1garcia/shotgun_PIRE/REUs/2022_REU/Allison/ambassis_urotaenia_PSMC/data/mkBAM/Aur_denovoSSL_20k_PSMC/denovoSSL_20k_PSMC/joblog/denovoSSL_20k_mpileup-862729.out': No such file or directory
mv: 'denovoSSL_20k_mpileup-862730.out' and '/home/e1garcia/shotgun_PIRE/REUs/2022_REU/Allison/ambassis_urotaenia_PSMC/data/mkBAM/Aur_denovoSSL_20k_PSMC/denovoSSL_20k_PSMC/joblog/denovoSSL_20k_mpileup-862730.out' are the same file
mv: 'denovoSSL_20k_mpileup-862731.out' and '/home/e1garcia/shotgun_PIRE/REUs/2022_REU/Allison/ambassis_urotaenia_PSMC/data/mkBAM/Aur_denovoSSL_20k_PSMC/denovoSSL_20k_PSMC/joblog/denovoSSL_20k_mpileup-862731.out' are the same file
