
[warning] samtools mpileup option `u` is functional, but deprecated. Please switch to using bcftools mpileup in future.
[W::bam_hdr_read] EOF marker is absent. The input is probably truncated
[E::idx_find_and_load] Could not retrieve index file for '/home/e1garcia/shotgun_PIRE/REUs/2022_REU/Allison/ambassis_urotaenia_PSMC/data/mkBAM/Aur_denovoSSL_20k_PSMC/Aur_denovoSSL_20k_merged.bam'
[mpileup] fail to load index for /home/e1garcia/shotgun_PIRE/REUs/2022_REU/Allison/ambassis_urotaenia_PSMC/data/mkBAM/Aur_denovoSSL_20k_PSMC/Aur_denovoSSL_20k_merged.bam
Note: none of --samples-file, --ploidy or --ploidy-file given, assuming all sites are diploid
Failed to read from standard input: unknown file type
Use of uninitialized value $l in numeric lt (<) at /opt/intel64/bin/vcfutils.pl line 566.
Use of uninitialized value $l in numeric lt (<) at /opt/intel64/bin/vcfutils.pl line 566.
mv: cannot stat 'denovoSSL_20k_mpileup-865540.out': No such file or directory
mv: cannot stat 'denovoSSL_20k_mpileup-865541.out': No such file or directory
mv: cannot stat 'denovoSSL_20k_mpileup-865542.out': No such file or directory
mv: cannot stat 'denovoSSL_20k_mpileup-865543.out': No such file or directory
mv: cannot stat 'denovoSSL_20k_mpileup-865544.out': No such file or directory
mv: cannot stat 'denovoSSL_20k_mpileup-865545.out': No such file or directory
mv: cannot stat 'denovoSSL_20k_mpileup-865546.out': No such file or directory
mv: cannot stat 'denovoSSL_20k_mpileup-865547.out': No such file or directory
mv: cannot stat 'denovoSSL_20k_mpileup-865548.out': No such file or directory
mv: cannot stat 'denovoSSL_20k_mpileup-865549.out': No such file or directory
mv: cannot stat 'denovoSSL_20k_mpileup-865550.out': No such file or directory
mv: 'denovoSSL_20k_mpileup-865551.out' and '/home/e1garcia/shotgun_PIRE/REUs/2022_REU/Allison/ambassis_urotaenia_PSMC/data/mkBAM/Aur_denovoSSL_20k_PSMC/denovoSSL_20k_PSMC/joblog/denovoSSL_20k_mpileup-865551.out' are the same file
mv: cannot stat 'denovoSSL_20k_mpileup-865552.out': No such file or directory
mv: 'denovoSSL_20k_mpileup-865553.out' and '/home/e1garcia/shotgun_PIRE/REUs/2022_REU/Allison/ambassis_urotaenia_PSMC/data/mkBAM/Aur_denovoSSL_20k_PSMC/denovoSSL_20k_PSMC/joblog/denovoSSL_20k_mpileup-865553.out' are the same file
mv: 'denovoSSL_20k_mpileup-865554.out' and '/home/e1garcia/shotgun_PIRE/REUs/2022_REU/Allison/ambassis_urotaenia_PSMC/data/mkBAM/Aur_denovoSSL_20k_PSMC/denovoSSL_20k_PSMC/joblog/denovoSSL_20k_mpileup-865554.out' are the same file
mv: 'denovoSSL_20k_mpileup-865555.out' and '/home/e1garcia/shotgun_PIRE/REUs/2022_REU/Allison/ambassis_urotaenia_PSMC/data/mkBAM/Aur_denovoSSL_20k_PSMC/denovoSSL_20k_PSMC/joblog/denovoSSL_20k_mpileup-865555.out' are the same file
mv: 'denovoSSL_20k_mpileup-865556.out' and '/home/e1garcia/shotgun_PIRE/REUs/2022_REU/Allison/ambassis_urotaenia_PSMC/data/mkBAM/Aur_denovoSSL_20k_PSMC/denovoSSL_20k_PSMC/joblog/denovoSSL_20k_mpileup-865556.out' are the same file
mv: 'denovoSSL_20k_mpileup-865557.out' and '/home/e1garcia/shotgun_PIRE/REUs/2022_REU/Allison/ambassis_urotaenia_PSMC/data/mkBAM/Aur_denovoSSL_20k_PSMC/denovoSSL_20k_PSMC/joblog/denovoSSL_20k_mpileup-865557.out' are the same file
mv: 'denovoSSL_20k_mpileup-865558.out' and '/home/e1garcia/shotgun_PIRE/REUs/2022_REU/Allison/ambassis_urotaenia_PSMC/data/mkBAM/Aur_denovoSSL_20k_PSMC/denovoSSL_20k_PSMC/joblog/denovoSSL_20k_mpileup-865558.out' are the same file
mv: cannot stat 'denovoSSL_20k_mpileup-865559.out': No such file or directory
mv: 'denovoSSL_20k_mpileup-865560.out' and '/home/e1garcia/shotgun_PIRE/REUs/2022_REU/Allison/ambassis_urotaenia_PSMC/data/mkBAM/Aur_denovoSSL_20k_PSMC/denovoSSL_20k_PSMC/joblog/denovoSSL_20k_mpileup-865560.out' are the same file
mv: 'denovoSSL_20k_mpileup-865561.out' and '/home/e1garcia/shotgun_PIRE/REUs/2022_REU/Allison/ambassis_urotaenia_PSMC/data/mkBAM/Aur_denovoSSL_20k_PSMC/denovoSSL_20k_PSMC/joblog/denovoSSL_20k_mpileup-865561.out' are the same file
mv: 'denovoSSL_20k_mpileup-865562.out' and '/home/e1garcia/shotgun_PIRE/REUs/2022_REU/Allison/ambassis_urotaenia_PSMC/data/mkBAM/Aur_denovoSSL_20k_PSMC/denovoSSL_20k_PSMC/joblog/denovoSSL_20k_mpileup-865562.out' are the same file
mv: cannot stat 'denovoSSL_20k_mpileup-865563.out': No such file or directory
mv: 'denovoSSL_20k_mpileup-865564.out' and '/home/e1garcia/shotgun_PIRE/REUs/2022_REU/Allison/ambassis_urotaenia_PSMC/data/mkBAM/Aur_denovoSSL_20k_PSMC/denovoSSL_20k_PSMC/joblog/denovoSSL_20k_mpileup-865564.out' are the same file
mv: 'denovoSSL_20k_mpileup-865565.out' and '/home/e1garcia/shotgun_PIRE/REUs/2022_REU/Allison/ambassis_urotaenia_PSMC/data/mkBAM/Aur_denovoSSL_20k_PSMC/denovoSSL_20k_PSMC/joblog/denovoSSL_20k_mpileup-865565.out' are the same file
mv: cannot stat 'denovoSSL_20k_mpileup-865566.out': No such file or directory
mv: cannot stat 'denovoSSL_20k_mpileup-865567.out': No such file or directory
mv: 'denovoSSL_20k_mpileup-865568.out' and '/home/e1garcia/shotgun_PIRE/REUs/2022_REU/Allison/ambassis_urotaenia_PSMC/data/mkBAM/Aur_denovoSSL_20k_PSMC/denovoSSL_20k_PSMC/joblog/denovoSSL_20k_mpileup-865568.out' are the same file
mv: 'denovoSSL_20k_mpileup-865569.out' and '/home/e1garcia/shotgun_PIRE/REUs/2022_REU/Allison/ambassis_urotaenia_PSMC/data/mkBAM/Aur_denovoSSL_20k_PSMC/denovoSSL_20k_PSMC/joblog/denovoSSL_20k_mpileup-865569.out' are the same file
mv: 'denovoSSL_20k_mpileup-865570.out' and '/home/e1garcia/shotgun_PIRE/REUs/2022_REU/Allison/ambassis_urotaenia_PSMC/data/mkBAM/Aur_denovoSSL_20k_PSMC/denovoSSL_20k_PSMC/joblog/denovoSSL_20k_mpileup-865570.out' are the same file
mv: 'denovoSSL_20k_mpileup-865571.out' and '/home/e1garcia/shotgun_PIRE/REUs/2022_REU/Allison/ambassis_urotaenia_PSMC/data/mkBAM/Aur_denovoSSL_20k_PSMC/denovoSSL_20k_PSMC/joblog/denovoSSL_20k_mpileup-865571.out' are the same file
mv: cannot stat 'denovoSSL_20k_mpileup-865572.out': No such file or directory
mv: cannot stat 'denovoSSL_20k_mpileup-865573.out': No such file or directory
mv: cannot stat 'denovoSSL_20k_mpileup-865574.out': No such file or directory
mv: 'denovoSSL_20k_mpileup-865575.out' and '/home/e1garcia/shotgun_PIRE/REUs/2022_REU/Allison/ambassis_urotaenia_PSMC/data/mkBAM/Aur_denovoSSL_20k_PSMC/denovoSSL_20k_PSMC/joblog/denovoSSL_20k_mpileup-865575.out' are the same file
mv: 'denovoSSL_20k_mpileup-865576.out' and '/home/e1garcia/shotgun_PIRE/REUs/2022_REU/Allison/ambassis_urotaenia_PSMC/data/mkBAM/Aur_denovoSSL_20k_PSMC/denovoSSL_20k_PSMC/joblog/denovoSSL_20k_mpileup-865576.out' are the same file
