
[warning] samtools mpileup option `u` is functional, but deprecated. Please switch to using bcftools mpileup in future.
[W::bam_hdr_read] EOF marker is absent. The input is probably truncated
[E::idx_find_and_load] Could not retrieve index file for '/home/e1garcia/shotgun_PIRE/REUs/2022_REU/Allison/ambassis_urotaenia_PSMC/data/mkBAM/Aur_denovoSSL_20k_PSMC/Aur_denovoSSL_20k_merged.bam'
[mpileup] fail to load index for /home/e1garcia/shotgun_PIRE/REUs/2022_REU/Allison/ambassis_urotaenia_PSMC/data/mkBAM/Aur_denovoSSL_20k_PSMC/Aur_denovoSSL_20k_merged.bam
Note: none of --samples-file, --ploidy or --ploidy-file given, assuming all sites are diploid
Failed to read from standard input: unknown file type
Use of uninitialized value $l in numeric lt (<) at /opt/intel64/bin/vcfutils.pl line 566.
Use of uninitialized value $l in numeric lt (<) at /opt/intel64/bin/vcfutils.pl line 566.
mv: cannot stat 'denovoSSL_20k_mpileup-865594.out': No such file or directory
mv: cannot stat 'denovoSSL_20k_mpileup-865595.out': No such file or directory
mv: cannot stat 'denovoSSL_20k_mpileup-865596.out': No such file or directory
mv: cannot stat 'denovoSSL_20k_mpileup-865597.out': No such file or directory
mv: cannot stat 'denovoSSL_20k_mpileup-865598.out': No such file or directory
mv: cannot stat 'denovoSSL_20k_mpileup-865599.out': No such file or directory
mv: cannot stat 'denovoSSL_20k_mpileup-865600.out': No such file or directory
mv: cannot stat 'denovoSSL_20k_mpileup-865601.out': No such file or directory
mv: cannot stat 'denovoSSL_20k_mpileup-865602.out': No such file or directory
mv: cannot stat 'denovoSSL_20k_mpileup-865603.out': No such file or directory
mv: cannot stat 'denovoSSL_20k_mpileup-865604.out': No such file or directory
mv: cannot stat 'denovoSSL_20k_mpileup-865605.out': No such file or directory
mv: cannot stat 'denovoSSL_20k_mpileup-865606.out': No such file or directory
mv: cannot stat 'denovoSSL_20k_mpileup-865607.out': No such file or directory
mv: cannot stat 'denovoSSL_20k_mpileup-865608.out': No such file or directory
mv: 'denovoSSL_20k_mpileup-865609.out' and '/home/e1garcia/shotgun_PIRE/REUs/2022_REU/Allison/ambassis_urotaenia_PSMC/data/mkBAM/Aur_denovoSSL_20k_PSMC/denovoSSL_20k_PSMC/joblog/denovoSSL_20k_mpileup-865609.out' are the same file
mv: cannot stat 'denovoSSL_20k_mpileup-865610.out': No such file or directory
mv: cannot stat 'denovoSSL_20k_mpileup-865611.out': No such file or directory
mv: cannot stat 'denovoSSL_20k_mpileup-865612.out': No such file or directory
mv: 'denovoSSL_20k_mpileup-865613.out' and '/home/e1garcia/shotgun_PIRE/REUs/2022_REU/Allison/ambassis_urotaenia_PSMC/data/mkBAM/Aur_denovoSSL_20k_PSMC/denovoSSL_20k_PSMC/joblog/denovoSSL_20k_mpileup-865613.out' are the same file
mv: cannot stat 'denovoSSL_20k_mpileup-865614.out': No such file or directory
mv: 'denovoSSL_20k_mpileup-865615.out' and '/home/e1garcia/shotgun_PIRE/REUs/2022_REU/Allison/ambassis_urotaenia_PSMC/data/mkBAM/Aur_denovoSSL_20k_PSMC/denovoSSL_20k_PSMC/joblog/denovoSSL_20k_mpileup-865615.out' are the same file
mv: cannot stat 'denovoSSL_20k_mpileup-865616.out': No such file or directory
mv: cannot stat 'denovoSSL_20k_mpileup-865617.out': No such file or directory
mv: 'denovoSSL_20k_mpileup-865618.out' and '/home/e1garcia/shotgun_PIRE/REUs/2022_REU/Allison/ambassis_urotaenia_PSMC/data/mkBAM/Aur_denovoSSL_20k_PSMC/denovoSSL_20k_PSMC/joblog/denovoSSL_20k_mpileup-865618.out' are the same file
mv: cannot stat 'denovoSSL_20k_mpileup-865619.out': No such file or directory
mv: cannot stat 'denovoSSL_20k_mpileup-865620.out': No such file or directory
mv: cannot stat 'denovoSSL_20k_mpileup-865621.out': No such file or directory
mv: 'denovoSSL_20k_mpileup-865622.out' and '/home/e1garcia/shotgun_PIRE/REUs/2022_REU/Allison/ambassis_urotaenia_PSMC/data/mkBAM/Aur_denovoSSL_20k_PSMC/denovoSSL_20k_PSMC/joblog/denovoSSL_20k_mpileup-865622.out' are the same file
