
[warning] samtools mpileup option `u` is functional, but deprecated. Please switch to using bcftools mpileup in future.
[W::bam_hdr_read] EOF marker is absent. The input is probably truncated
[E::idx_find_and_load] Could not retrieve index file for '/home/e1garcia/shotgun_PIRE/REUs/2022_REU/Allison/ambassis_urotaenia_PSMC/data/mkBAM/Aur_denovoSSL_20k_PSMC/Aur_denovoSSL_20k_merged.bam'
[mpileup] fail to load index for /home/e1garcia/shotgun_PIRE/REUs/2022_REU/Allison/ambassis_urotaenia_PSMC/data/mkBAM/Aur_denovoSSL_20k_PSMC/Aur_denovoSSL_20k_merged.bam
Note: none of --samples-file, --ploidy or --ploidy-file given, assuming all sites are diploid
Failed to read from standard input: unknown file type
Use of uninitialized value $l in numeric lt (<) at /opt/intel64/bin/vcfutils.pl line 566.
Use of uninitialized value $l in numeric lt (<) at /opt/intel64/bin/vcfutils.pl line 566.
mv: cannot stat 'denovoSSL_20k_mpileup-861322.out': No such file or directory
mv: cannot stat 'denovoSSL_20k_mpileup-861323.out': No such file or directory
mv: cannot stat 'denovoSSL_20k_mpileup-861324.out': No such file or directory
mv: cannot stat 'denovoSSL_20k_mpileup-861325.out': No such file or directory
mv: cannot stat 'denovoSSL_20k_mpileup-861326.out': No such file or directory
mv: cannot stat 'denovoSSL_20k_mpileup-861327.out': No such file or directory
mv: cannot stat 'denovoSSL_20k_mpileup-861328.out': No such file or directory
mv: cannot stat 'denovoSSL_20k_mpileup-861329.out': No such file or directory
mv: cannot stat 'denovoSSL_20k_mpileup-861330.out': No such file or directory
mv: cannot stat 'denovoSSL_20k_mpileup-861331.out': No such file or directory
mv: cannot stat 'denovoSSL_20k_mpileup-861332.out': No such file or directory
mv: cannot stat 'denovoSSL_20k_mpileup-861333.out': No such file or directory
mv: cannot stat 'denovoSSL_20k_mpileup-861334.out': No such file or directory
mv: cannot stat 'denovoSSL_20k_mpileup-861335.out': No such file or directory
mv: cannot stat 'denovoSSL_20k_mpileup-861336.out': No such file or directory
mv: cannot stat 'denovoSSL_20k_mpileup-861337.out': No such file or directory
mv: cannot stat 'denovoSSL_20k_mpileup-861338.out': No such file or directory
mv: cannot stat 'denovoSSL_20k_mpileup-861339.out': No such file or directory
mv: cannot stat 'denovoSSL_20k_mpileup-861340.out': No such file or directory
mv: cannot stat 'denovoSSL_20k_mpileup-861341.out': No such file or directory
mv: 'denovoSSL_20k_mpileup-861342.out' and '/home/e1garcia/shotgun_PIRE/REUs/2022_REU/Allison/ambassis_urotaenia_PSMC/data/mkBAM/Aur_denovoSSL_20k_PSMC/denovoSSL_20k_PSMC/joblog/denovoSSL_20k_mpileup-861342.out' are the same file
mv: cannot stat 'denovoSSL_20k_mpileup-861343.out': No such file or directory
mv: cannot stat 'denovoSSL_20k_mpileup-861344.out': No such file or directory
mv: cannot stat 'denovoSSL_20k_mpileup-861345.out': No such file or directory
