
[warning] samtools mpileup option `u` is functional, but deprecated. Please switch to using bcftools mpileup in future.
[W::bam_hdr_read] EOF marker is absent. The input is probably truncated
[E::idx_find_and_load] Could not retrieve index file for '/home/e1garcia/shotgun_PIRE/REUs/2022_REU/Allison/ambassis_urotaenia_PSMC/data/mkBAM/Aur_denovoSSL_20k_PSMC/Aur_denovoSSL_20k_merged.bam'
[mpileup] fail to load index for /home/e1garcia/shotgun_PIRE/REUs/2022_REU/Allison/ambassis_urotaenia_PSMC/data/mkBAM/Aur_denovoSSL_20k_PSMC/Aur_denovoSSL_20k_merged.bam
Note: none of --samples-file, --ploidy or --ploidy-file given, assuming all sites are diploid
Failed to read from standard input: unknown file type
Use of uninitialized value $l in numeric lt (<) at /opt/intel64/bin/vcfutils.pl line 566.
Use of uninitialized value $l in numeric lt (<) at /opt/intel64/bin/vcfutils.pl line 566.
mv: 'denovoSSL_20k_mpileup-862665.out' and '/home/e1garcia/shotgun_PIRE/REUs/2022_REU/Allison/ambassis_urotaenia_PSMC/data/mkBAM/Aur_denovoSSL_20k_PSMC/denovoSSL_20k_PSMC/joblog/denovoSSL_20k_mpileup-862665.out' are the same file
mv: 'denovoSSL_20k_mpileup-862666.out' and '/home/e1garcia/shotgun_PIRE/REUs/2022_REU/Allison/ambassis_urotaenia_PSMC/data/mkBAM/Aur_denovoSSL_20k_PSMC/denovoSSL_20k_PSMC/joblog/denovoSSL_20k_mpileup-862666.out' are the same file
mv: 'denovoSSL_20k_mpileup-862667.out' and '/home/e1garcia/shotgun_PIRE/REUs/2022_REU/Allison/ambassis_urotaenia_PSMC/data/mkBAM/Aur_denovoSSL_20k_PSMC/denovoSSL_20k_PSMC/joblog/denovoSSL_20k_mpileup-862667.out' are the same file
mv: 'denovoSSL_20k_mpileup-862668.out' and '/home/e1garcia/shotgun_PIRE/REUs/2022_REU/Allison/ambassis_urotaenia_PSMC/data/mkBAM/Aur_denovoSSL_20k_PSMC/denovoSSL_20k_PSMC/joblog/denovoSSL_20k_mpileup-862668.out' are the same file
mv: 'denovoSSL_20k_mpileup-862669.out' and '/home/e1garcia/shotgun_PIRE/REUs/2022_REU/Allison/ambassis_urotaenia_PSMC/data/mkBAM/Aur_denovoSSL_20k_PSMC/denovoSSL_20k_PSMC/joblog/denovoSSL_20k_mpileup-862669.out' are the same file
mv: 'denovoSSL_20k_mpileup-862670.out' and '/home/e1garcia/shotgun_PIRE/REUs/2022_REU/Allison/ambassis_urotaenia_PSMC/data/mkBAM/Aur_denovoSSL_20k_PSMC/denovoSSL_20k_PSMC/joblog/denovoSSL_20k_mpileup-862670.out' are the same file
mv: 'denovoSSL_20k_mpileup-862671.out' and '/home/e1garcia/shotgun_PIRE/REUs/2022_REU/Allison/ambassis_urotaenia_PSMC/data/mkBAM/Aur_denovoSSL_20k_PSMC/denovoSSL_20k_PSMC/joblog/denovoSSL_20k_mpileup-862671.out' are the same file
mv: 'denovoSSL_20k_mpileup-862672.out' and '/home/e1garcia/shotgun_PIRE/REUs/2022_REU/Allison/ambassis_urotaenia_PSMC/data/mkBAM/Aur_denovoSSL_20k_PSMC/denovoSSL_20k_PSMC/joblog/denovoSSL_20k_mpileup-862672.out' are the same file
mv: 'denovoSSL_20k_mpileup-862673.out' and '/home/e1garcia/shotgun_PIRE/REUs/2022_REU/Allison/ambassis_urotaenia_PSMC/data/mkBAM/Aur_denovoSSL_20k_PSMC/denovoSSL_20k_PSMC/joblog/denovoSSL_20k_mpileup-862673.out' are the same file
mv: 'denovoSSL_20k_mpileup-862674.out' and '/home/e1garcia/shotgun_PIRE/REUs/2022_REU/Allison/ambassis_urotaenia_PSMC/data/mkBAM/Aur_denovoSSL_20k_PSMC/denovoSSL_20k_PSMC/joblog/denovoSSL_20k_mpileup-862674.out' are the same file
mv: 'denovoSSL_20k_mpileup-862675.out' and '/home/e1garcia/shotgun_PIRE/REUs/2022_REU/Allison/ambassis_urotaenia_PSMC/data/mkBAM/Aur_denovoSSL_20k_PSMC/denovoSSL_20k_PSMC/joblog/denovoSSL_20k_mpileup-862675.out' are the same file
mv: 'denovoSSL_20k_mpileup-862676.out' and '/home/e1garcia/shotgun_PIRE/REUs/2022_REU/Allison/ambassis_urotaenia_PSMC/data/mkBAM/Aur_denovoSSL_20k_PSMC/denovoSSL_20k_PSMC/joblog/denovoSSL_20k_mpileup-862676.out' are the same file
mv: 'denovoSSL_20k_mpileup-862677.out' and '/home/e1garcia/shotgun_PIRE/REUs/2022_REU/Allison/ambassis_urotaenia_PSMC/data/mkBAM/Aur_denovoSSL_20k_PSMC/denovoSSL_20k_PSMC/joblog/denovoSSL_20k_mpileup-862677.out' are the same file
mv: 'denovoSSL_20k_mpileup-862678.out' and '/home/e1garcia/shotgun_PIRE/REUs/2022_REU/Allison/ambassis_urotaenia_PSMC/data/mkBAM/Aur_denovoSSL_20k_PSMC/denovoSSL_20k_PSMC/joblog/denovoSSL_20k_mpileup-862678.out' are the same file
mv: cannot move 'denovoSSL_20k_mpileup-862679.out' to '/home/e1garcia/shotgun_PIRE/REUs/2022_REU/Allison/ambassis_urotaenia_PSMC/data/mkBAM/Aur_denovoSSL_20k_PSMC/denovoSSL_20k_PSMC/joblog/denovoSSL_20k_mpileup-862679.out': No such file or directory
mv: cannot move 'denovoSSL_20k_mpileup-862680.out' to '/home/e1garcia/shotgun_PIRE/REUs/2022_REU/Allison/ambassis_urotaenia_PSMC/data/mkBAM/Aur_denovoSSL_20k_PSMC/denovoSSL_20k_PSMC/joblog/denovoSSL_20k_mpileup-862680.out': No such file or directory
