
[warning] samtools mpileup option `u` is functional, but deprecated. Please switch to using bcftools mpileup in future.
[W::bam_hdr_read] EOF marker is absent. The input is probably truncated
[E::idx_find_and_load] Could not retrieve index file for '/home/e1garcia/shotgun_PIRE/REUs/2022_REU/Allison/ambassis_urotaenia_PSMC/data/mkBAM/Aur_denovoSSL_20k_PSMC/Aur_denovoSSL_20k_merged.bam'
[mpileup] fail to load index for /home/e1garcia/shotgun_PIRE/REUs/2022_REU/Allison/ambassis_urotaenia_PSMC/data/mkBAM/Aur_denovoSSL_20k_PSMC/Aur_denovoSSL_20k_merged.bam
Note: none of --samples-file, --ploidy or --ploidy-file given, assuming all sites are diploid
Failed to read from standard input: unknown file type
Use of uninitialized value $l in numeric lt (<) at /opt/intel64/bin/vcfutils.pl line 566.
Use of uninitialized value $l in numeric lt (<) at /opt/intel64/bin/vcfutils.pl line 566.
mv: cannot stat 'denovoSSL_20k_mpileup-870695.out': No such file or directory
mv: cannot stat 'denovoSSL_20k_mpileup-870696.out': No such file or directory
mv: cannot stat 'denovoSSL_20k_mpileup-870697.out': No such file or directory
mv: cannot stat 'denovoSSL_20k_mpileup-870698.out': No such file or directory
mv: cannot stat 'denovoSSL_20k_mpileup-870699.out': No such file or directory
mv: cannot stat 'denovoSSL_20k_mpileup-870700.out': No such file or directory
mv: cannot stat 'denovoSSL_20k_mpileup-870701.out': No such file or directory
mv: cannot stat 'denovoSSL_20k_mpileup-870702.out': No such file or directory
mv: cannot stat 'denovoSSL_20k_mpileup-870703.out': No such file or directory
mv: cannot stat 'denovoSSL_20k_mpileup-870704.out': No such file or directory
mv: cannot stat 'denovoSSL_20k_mpileup-870705.out': No such file or directory
mv: cannot stat 'denovoSSL_20k_mpileup-870706.out': No such file or directory
mv: cannot stat 'denovoSSL_20k_mpileup-870707.out': No such file or directory
mv: 'denovoSSL_20k_mpileup-870708.out' and '/home/e1garcia/shotgun_PIRE/REUs/2022_REU/Allison/ambassis_urotaenia_PSMC/data/mkBAM/Aur_denovoSSL_20k_PSMC/denovoSSL_20k_PSMC/joblog/denovoSSL_20k_mpileup-870708.out' are the same file
mv: 'denovoSSL_20k_mpileup-870709.out' and '/home/e1garcia/shotgun_PIRE/REUs/2022_REU/Allison/ambassis_urotaenia_PSMC/data/mkBAM/Aur_denovoSSL_20k_PSMC/denovoSSL_20k_PSMC/joblog/denovoSSL_20k_mpileup-870709.out' are the same file
mv: cannot stat 'denovoSSL_20k_mpileup-870710.out': No such file or directory
mv: cannot stat 'denovoSSL_20k_mpileup-870711.out': No such file or directory
mv: cannot stat 'denovoSSL_20k_mpileup-870712.out': No such file or directory
mv: 'denovoSSL_20k_mpileup-870713.out' and '/home/e1garcia/shotgun_PIRE/REUs/2022_REU/Allison/ambassis_urotaenia_PSMC/data/mkBAM/Aur_denovoSSL_20k_PSMC/denovoSSL_20k_PSMC/joblog/denovoSSL_20k_mpileup-870713.out' are the same file
mv: 'denovoSSL_20k_mpileup-870714.out' and '/home/e1garcia/shotgun_PIRE/REUs/2022_REU/Allison/ambassis_urotaenia_PSMC/data/mkBAM/Aur_denovoSSL_20k_PSMC/denovoSSL_20k_PSMC/joblog/denovoSSL_20k_mpileup-870714.out' are the same file
mv: 'denovoSSL_20k_mpileup-870715.out' and '/home/e1garcia/shotgun_PIRE/REUs/2022_REU/Allison/ambassis_urotaenia_PSMC/data/mkBAM/Aur_denovoSSL_20k_PSMC/denovoSSL_20k_PSMC/joblog/denovoSSL_20k_mpileup-870715.out' are the same file
mv: cannot stat 'denovoSSL_20k_mpileup-870716.out': No such file or directory
mv: cannot stat 'denovoSSL_20k_mpileup-870717.out': No such file or directory
mv: cannot stat 'denovoSSL_20k_mpileup-870718.out': No such file or directory
mv: 'denovoSSL_20k_mpileup-870719.out' and '/home/e1garcia/shotgun_PIRE/REUs/2022_REU/Allison/ambassis_urotaenia_PSMC/data/mkBAM/Aur_denovoSSL_20k_PSMC/denovoSSL_20k_PSMC/joblog/denovoSSL_20k_mpileup-870719.out' are the same file
mv: cannot stat 'denovoSSL_20k_mpileup-870720.out': No such file or directory
mv: cannot stat 'denovoSSL_20k_mpileup-870721.out': No such file or directory
mv: 'denovoSSL_20k_mpileup-870722.out' and '/home/e1garcia/shotgun_PIRE/REUs/2022_REU/Allison/ambassis_urotaenia_PSMC/data/mkBAM/Aur_denovoSSL_20k_PSMC/denovoSSL_20k_PSMC/joblog/denovoSSL_20k_mpileup-870722.out' are the same file
mv: cannot stat 'denovoSSL_20k_mpileup-870723.out': No such file or directory
mv: cannot stat 'denovoSSL_20k_mpileup-870724.out': No such file or directory
mv: 'denovoSSL_20k_mpileup-870725.out' and '/home/e1garcia/shotgun_PIRE/REUs/2022_REU/Allison/ambassis_urotaenia_PSMC/data/mkBAM/Aur_denovoSSL_20k_PSMC/denovoSSL_20k_PSMC/joblog/denovoSSL_20k_mpileup-870725.out' are the same file
mv: 'denovoSSL_20k_mpileup-870726.out' and '/home/e1garcia/shotgun_PIRE/REUs/2022_REU/Allison/ambassis_urotaenia_PSMC/data/mkBAM/Aur_denovoSSL_20k_PSMC/denovoSSL_20k_PSMC/joblog/denovoSSL_20k_mpileup-870726.out' are the same file
