
[warning] samtools mpileup option `u` is functional, but deprecated. Please switch to using bcftools mpileup in future.
[W::bam_hdr_read] EOF marker is absent. The input is probably truncated
[E::idx_find_and_load] Could not retrieve index file for '/home/e1garcia/shotgun_PIRE/REUs/2022_REU/Allison/ambassis_urotaenia_PSMC/data/mkBAM/Aur_denovoSSL_20k_PSMC/Aur_denovoSSL_20k_merged.bam'
[mpileup] fail to load index for /home/e1garcia/shotgun_PIRE/REUs/2022_REU/Allison/ambassis_urotaenia_PSMC/data/mkBAM/Aur_denovoSSL_20k_PSMC/Aur_denovoSSL_20k_merged.bam
Note: none of --samples-file, --ploidy or --ploidy-file given, assuming all sites are diploid
Failed to read from standard input: unknown file type
Use of uninitialized value $l in numeric lt (<) at /opt/intel64/bin/vcfutils.pl line 566.
Use of uninitialized value $l in numeric lt (<) at /opt/intel64/bin/vcfutils.pl line 566.
mv: cannot stat 'denovoSSL_20k_mpileup-870304.out': No such file or directory
mv: cannot stat 'denovoSSL_20k_mpileup-870305.out': No such file or directory
mv: cannot stat 'denovoSSL_20k_mpileup-870306.out': No such file or directory
mv: cannot stat 'denovoSSL_20k_mpileup-870307.out': No such file or directory
mv: cannot stat 'denovoSSL_20k_mpileup-870308.out': No such file or directory
mv: cannot stat 'denovoSSL_20k_mpileup-870309.out': No such file or directory
mv: cannot stat 'denovoSSL_20k_mpileup-870310.out': No such file or directory
mv: cannot stat 'denovoSSL_20k_mpileup-870311.out': No such file or directory
mv: cannot stat 'denovoSSL_20k_mpileup-870312.out': No such file or directory
mv: cannot stat 'denovoSSL_20k_mpileup-870313.out': No such file or directory
mv: cannot stat 'denovoSSL_20k_mpileup-870314.out': No such file or directory
mv: cannot stat 'denovoSSL_20k_mpileup-870315.out': No such file or directory
mv: cannot stat 'denovoSSL_20k_mpileup-870316.out': No such file or directory
mv: cannot stat 'denovoSSL_20k_mpileup-870317.out': No such file or directory
mv: cannot stat 'denovoSSL_20k_mpileup-870318.out': No such file or directory
