
[warning] samtools mpileup option `u` is functional, but deprecated. Please switch to using bcftools mpileup in future.
[W::bam_hdr_read] EOF marker is absent. The input is probably truncated
[E::idx_find_and_load] Could not retrieve index file for '/home/e1garcia/shotgun_PIRE/REUs/2022_REU/Allison/ambassis_urotaenia_PSMC/data/mkBAM/Aur_denovoSSL_20k_PSMC/Aur_denovoSSL_20k_merged.bam'
[mpileup] fail to load index for /home/e1garcia/shotgun_PIRE/REUs/2022_REU/Allison/ambassis_urotaenia_PSMC/data/mkBAM/Aur_denovoSSL_20k_PSMC/Aur_denovoSSL_20k_merged.bam
Note: none of --samples-file, --ploidy or --ploidy-file given, assuming all sites are diploid
Failed to read from standard input: unknown file type
Use of uninitialized value $l in numeric lt (<) at /opt/intel64/bin/vcfutils.pl line 566.
Use of uninitialized value $l in numeric lt (<) at /opt/intel64/bin/vcfutils.pl line 566.
mv: cannot stat 'denovoSSL_20k_mpileup-863555.out': No such file or directory
mv: cannot stat 'denovoSSL_20k_mpileup-863556.out': No such file or directory
mv: cannot stat 'denovoSSL_20k_mpileup-863557.out': No such file or directory
mv: cannot stat 'denovoSSL_20k_mpileup-863558.out': No such file or directory
mv: cannot stat 'denovoSSL_20k_mpileup-863559.out': No such file or directory
mv: cannot stat 'denovoSSL_20k_mpileup-863560.out': No such file or directory
mv: cannot stat 'denovoSSL_20k_mpileup-863561.out': No such file or directory
mv: cannot stat 'denovoSSL_20k_mpileup-863562.out': No such file or directory
mv: cannot stat 'denovoSSL_20k_mpileup-863563.out': No such file or directory
mv: cannot stat 'denovoSSL_20k_mpileup-863564.out': No such file or directory
mv: cannot stat 'denovoSSL_20k_mpileup-863565.out': No such file or directory
mv: cannot stat 'denovoSSL_20k_mpileup-863566.out': No such file or directory
mv: cannot stat 'denovoSSL_20k_mpileup-863567.out': No such file or directory
mv: cannot stat 'denovoSSL_20k_mpileup-863568.out': No such file or directory
mv: cannot stat 'denovoSSL_20k_mpileup-863569.out': No such file or directory
mv: cannot stat 'denovoSSL_20k_mpileup-863570.out': No such file or directory
mv: cannot stat 'denovoSSL_20k_mpileup-863571.out': No such file or directory
mv: cannot stat 'denovoSSL_20k_mpileup-863572.out': No such file or directory
mv: cannot stat 'denovoSSL_20k_mpileup-863573.out': No such file or directory
mv: 'denovoSSL_20k_mpileup-863574.out' and '/home/e1garcia/shotgun_PIRE/REUs/2022_REU/Allison/ambassis_urotaenia_PSMC/data/mkBAM/Aur_denovoSSL_20k_PSMC/denovoSSL_20k_PSMC/joblog/denovoSSL_20k_mpileup-863574.out' are the same file
mv: cannot stat 'denovoSSL_20k_mpileup-863575.out': No such file or directory
mv: cannot stat 'denovoSSL_20k_mpileup-863576.out': No such file or directory
mv: cannot stat 'denovoSSL_20k_mpileup-863577.out': No such file or directory
mv: 'denovoSSL_20k_mpileup-863578.out' and '/home/e1garcia/shotgun_PIRE/REUs/2022_REU/Allison/ambassis_urotaenia_PSMC/data/mkBAM/Aur_denovoSSL_20k_PSMC/denovoSSL_20k_PSMC/joblog/denovoSSL_20k_mpileup-863578.out' are the same file
mv: cannot stat 'denovoSSL_20k_mpileup-863579.out': No such file or directory
mv: 'denovoSSL_20k_mpileup-863580.out' and '/home/e1garcia/shotgun_PIRE/REUs/2022_REU/Allison/ambassis_urotaenia_PSMC/data/mkBAM/Aur_denovoSSL_20k_PSMC/denovoSSL_20k_PSMC/joblog/denovoSSL_20k_mpileup-863580.out' are the same file
mv: cannot stat 'denovoSSL_20k_mpileup-863581.out': No such file or directory
mv: 'denovoSSL_20k_mpileup-863582.out' and '/home/e1garcia/shotgun_PIRE/REUs/2022_REU/Allison/ambassis_urotaenia_PSMC/data/mkBAM/Aur_denovoSSL_20k_PSMC/denovoSSL_20k_PSMC/joblog/denovoSSL_20k_mpileup-863582.out' are the same file
mv: 'denovoSSL_20k_mpileup-863583.out' and '/home/e1garcia/shotgun_PIRE/REUs/2022_REU/Allison/ambassis_urotaenia_PSMC/data/mkBAM/Aur_denovoSSL_20k_PSMC/denovoSSL_20k_PSMC/joblog/denovoSSL_20k_mpileup-863583.out' are the same file
mv: 'denovoSSL_20k_mpileup-863584.out' and '/home/e1garcia/shotgun_PIRE/REUs/2022_REU/Allison/ambassis_urotaenia_PSMC/data/mkBAM/Aur_denovoSSL_20k_PSMC/denovoSSL_20k_PSMC/joblog/denovoSSL_20k_mpileup-863584.out' are the same file
mv: 'denovoSSL_20k_mpileup-863585.out' and '/home/e1garcia/shotgun_PIRE/REUs/2022_REU/Allison/ambassis_urotaenia_PSMC/data/mkBAM/Aur_denovoSSL_20k_PSMC/denovoSSL_20k_PSMC/joblog/denovoSSL_20k_mpileup-863585.out' are the same file
mv: cannot move 'denovoSSL_20k_mpileup-863586.out' to '/home/e1garcia/shotgun_PIRE/REUs/2022_REU/Allison/ambassis_urotaenia_PSMC/data/mkBAM/Aur_denovoSSL_20k_PSMC/denovoSSL_20k_PSMC/joblog/denovoSSL_20k_mpileup-863586.out': No such file or directory
