
[warning] samtools mpileup option `u` is functional, but deprecated. Please switch to using bcftools mpileup in future.
[W::bam_hdr_read] EOF marker is absent. The input is probably truncated
[E::idx_find_and_load] Could not retrieve index file for '/home/e1garcia/shotgun_PIRE/REUs/2022_REU/Allison/ambassis_urotaenia_PSMC/data/mkBAM/Aur_denovoSSL_20k_PSMC/Aur_denovoSSL_20k_merged.bam'
[mpileup] fail to load index for /home/e1garcia/shotgun_PIRE/REUs/2022_REU/Allison/ambassis_urotaenia_PSMC/data/mkBAM/Aur_denovoSSL_20k_PSMC/Aur_denovoSSL_20k_merged.bam
Note: none of --samples-file, --ploidy or --ploidy-file given, assuming all sites are diploid
Failed to read from standard input: unknown file type
Use of uninitialized value $l in numeric lt (<) at /opt/intel64/bin/vcfutils.pl line 566.
Use of uninitialized value $l in numeric lt (<) at /opt/intel64/bin/vcfutils.pl line 566.
mv: cannot stat 'denovoSSL_20k_mpileup-861753.out': No such file or directory
mv: cannot stat 'denovoSSL_20k_mpileup-861754.out': No such file or directory
mv: cannot stat 'denovoSSL_20k_mpileup-861755.out': No such file or directory
mv: cannot stat 'denovoSSL_20k_mpileup-861756.out': No such file or directory
mv: cannot stat 'denovoSSL_20k_mpileup-861757.out': No such file or directory
mv: cannot stat 'denovoSSL_20k_mpileup-861758.out': No such file or directory
mv: cannot stat 'denovoSSL_20k_mpileup-861759.out': No such file or directory
mv: cannot stat 'denovoSSL_20k_mpileup-861760.out': No such file or directory
mv: cannot stat 'denovoSSL_20k_mpileup-861761.out': No such file or directory
mv: cannot stat 'denovoSSL_20k_mpileup-861762.out': No such file or directory
mv: cannot stat 'denovoSSL_20k_mpileup-861763.out': No such file or directory
mv: cannot stat 'denovoSSL_20k_mpileup-861764.out': No such file or directory
mv: cannot stat 'denovoSSL_20k_mpileup-861765.out': No such file or directory
mv: cannot stat 'denovoSSL_20k_mpileup-861766.out': No such file or directory
