
[warning] samtools mpileup option `u` is functional, but deprecated. Please switch to using bcftools mpileup in future.
[W::bam_hdr_read] EOF marker is absent. The input is probably truncated
[E::idx_find_and_load] Could not retrieve index file for '/home/e1garcia/shotgun_PIRE/REUs/2022_REU/Allison/ambassis_urotaenia_PSMC/data/mkBAM/Aur_denovoSSL_20k_PSMC/Aur_denovoSSL_20k_merged.bam'
[mpileup] fail to load index for /home/e1garcia/shotgun_PIRE/REUs/2022_REU/Allison/ambassis_urotaenia_PSMC/data/mkBAM/Aur_denovoSSL_20k_PSMC/Aur_denovoSSL_20k_merged.bam
Note: none of --samples-file, --ploidy or --ploidy-file given, assuming all sites are diploid
Failed to read from standard input: unknown file type
Use of uninitialized value $l in numeric lt (<) at /opt/intel64/bin/vcfutils.pl line 566.
Use of uninitialized value $l in numeric lt (<) at /opt/intel64/bin/vcfutils.pl line 566.
mv: cannot stat 'denovoSSL_20k_mpileup-862570.out': No such file or directory
mv: cannot stat 'denovoSSL_20k_mpileup-862571.out': No such file or directory
mv: cannot stat 'denovoSSL_20k_mpileup-862572.out': No such file or directory
mv: cannot stat 'denovoSSL_20k_mpileup-862573.out': No such file or directory
mv: cannot stat 'denovoSSL_20k_mpileup-862574.out': No such file or directory
mv: cannot stat 'denovoSSL_20k_mpileup-862575.out': No such file or directory
mv: cannot stat 'denovoSSL_20k_mpileup-862576.out': No such file or directory
mv: cannot stat 'denovoSSL_20k_mpileup-862577.out': No such file or directory
mv: cannot stat 'denovoSSL_20k_mpileup-862578.out': No such file or directory
mv: cannot stat 'denovoSSL_20k_mpileup-862579.out': No such file or directory
mv: cannot stat 'denovoSSL_20k_mpileup-862580.out': No such file or directory
mv: cannot stat 'denovoSSL_20k_mpileup-862581.out': No such file or directory
mv: cannot stat 'denovoSSL_20k_mpileup-862582.out': No such file or directory
mv: cannot stat 'denovoSSL_20k_mpileup-862583.out': No such file or directory
mv: cannot stat 'denovoSSL_20k_mpileup-862584.out': No such file or directory
mv: cannot stat 'denovoSSL_20k_mpileup-862585.out': No such file or directory
mv: cannot stat 'denovoSSL_20k_mpileup-862586.out': No such file or directory
mv: cannot stat 'denovoSSL_20k_mpileup-862587.out': No such file or directory
mv: 'denovoSSL_20k_mpileup-862588.out' and '/home/e1garcia/shotgun_PIRE/REUs/2022_REU/Allison/ambassis_urotaenia_PSMC/data/mkBAM/Aur_denovoSSL_20k_PSMC/denovoSSL_20k_PSMC/joblog/denovoSSL_20k_mpileup-862588.out' are the same file
mv: 'denovoSSL_20k_mpileup-862589.out' and '/home/e1garcia/shotgun_PIRE/REUs/2022_REU/Allison/ambassis_urotaenia_PSMC/data/mkBAM/Aur_denovoSSL_20k_PSMC/denovoSSL_20k_PSMC/joblog/denovoSSL_20k_mpileup-862589.out' are the same file
