
[warning] samtools mpileup option `u` is functional, but deprecated. Please switch to using bcftools mpileup in future.
[W::bam_hdr_read] EOF marker is absent. The input is probably truncated
[E::idx_find_and_load] Could not retrieve index file for '/home/e1garcia/shotgun_PIRE/REUs/2022_REU/Allison/ambassis_urotaenia_PSMC/data/mkBAM/Aur_denovoSSL_20k_PSMC/Aur_denovoSSL_20k_merged.bam'
[mpileup] fail to load index for /home/e1garcia/shotgun_PIRE/REUs/2022_REU/Allison/ambassis_urotaenia_PSMC/data/mkBAM/Aur_denovoSSL_20k_PSMC/Aur_denovoSSL_20k_merged.bam
Note: none of --samples-file, --ploidy or --ploidy-file given, assuming all sites are diploid
Failed to read from standard input: unknown file type
Use of uninitialized value $l in numeric lt (<) at /opt/intel64/bin/vcfutils.pl line 566.
Use of uninitialized value $l in numeric lt (<) at /opt/intel64/bin/vcfutils.pl line 566.
mv: cannot stat 'denovoSSL_20k_mpileup-866514.out': No such file or directory
mv: cannot stat 'denovoSSL_20k_mpileup-866515.out': No such file or directory
mv: cannot stat 'denovoSSL_20k_mpileup-866516.out': No such file or directory
mv: cannot stat 'denovoSSL_20k_mpileup-866517.out': No such file or directory
mv: cannot stat 'denovoSSL_20k_mpileup-866518.out': No such file or directory
mv: cannot stat 'denovoSSL_20k_mpileup-866519.out': No such file or directory
mv: cannot stat 'denovoSSL_20k_mpileup-866520.out': No such file or directory
mv: cannot stat 'denovoSSL_20k_mpileup-866521.out': No such file or directory
mv: cannot stat 'denovoSSL_20k_mpileup-866522.out': No such file or directory
mv: cannot stat 'denovoSSL_20k_mpileup-866523.out': No such file or directory
mv: cannot stat 'denovoSSL_20k_mpileup-866524.out': No such file or directory
mv: cannot stat 'denovoSSL_20k_mpileup-866525.out': No such file or directory
mv: cannot stat 'denovoSSL_20k_mpileup-866526.out': No such file or directory
mv: cannot stat 'denovoSSL_20k_mpileup-866527.out': No such file or directory
mv: cannot stat 'denovoSSL_20k_mpileup-866528.out': No such file or directory
mv: cannot stat 'denovoSSL_20k_mpileup-866529.out': No such file or directory
mv: cannot stat 'denovoSSL_20k_mpileup-866530.out': No such file or directory
mv: cannot stat 'denovoSSL_20k_mpileup-866531.out': No such file or directory
mv: cannot stat 'denovoSSL_20k_mpileup-866532.out': No such file or directory
mv: cannot stat 'denovoSSL_20k_mpileup-866533.out': No such file or directory
mv: 'denovoSSL_20k_mpileup-866534.out' and '/home/e1garcia/shotgun_PIRE/REUs/2022_REU/Allison/ambassis_urotaenia_PSMC/data/mkBAM/Aur_denovoSSL_20k_PSMC/denovoSSL_20k_PSMC/joblog/denovoSSL_20k_mpileup-866534.out' are the same file
mv: cannot stat 'denovoSSL_20k_mpileup-866535.out': No such file or directory
mv: 'denovoSSL_20k_mpileup-866536.out' and '/home/e1garcia/shotgun_PIRE/REUs/2022_REU/Allison/ambassis_urotaenia_PSMC/data/mkBAM/Aur_denovoSSL_20k_PSMC/denovoSSL_20k_PSMC/joblog/denovoSSL_20k_mpileup-866536.out' are the same file
mv: 'denovoSSL_20k_mpileup-866537.out' and '/home/e1garcia/shotgun_PIRE/REUs/2022_REU/Allison/ambassis_urotaenia_PSMC/data/mkBAM/Aur_denovoSSL_20k_PSMC/denovoSSL_20k_PSMC/joblog/denovoSSL_20k_mpileup-866537.out' are the same file
mv: cannot stat 'denovoSSL_20k_mpileup-866538.out': No such file or directory
mv: cannot stat 'denovoSSL_20k_mpileup-866539.out': No such file or directory
mv: cannot stat 'denovoSSL_20k_mpileup-866540.out': No such file or directory
mv: 'denovoSSL_20k_mpileup-866541.out' and '/home/e1garcia/shotgun_PIRE/REUs/2022_REU/Allison/ambassis_urotaenia_PSMC/data/mkBAM/Aur_denovoSSL_20k_PSMC/denovoSSL_20k_PSMC/joblog/denovoSSL_20k_mpileup-866541.out' are the same file
mv: cannot stat 'denovoSSL_20k_mpileup-866542.out': No such file or directory
