
[warning] samtools mpileup option `u` is functional, but deprecated. Please switch to using bcftools mpileup in future.
[W::bam_hdr_read] EOF marker is absent. The input is probably truncated
[E::idx_find_and_load] Could not retrieve index file for '/home/e1garcia/shotgun_PIRE/REUs/2022_REU/Allison/ambassis_urotaenia_PSMC/data/mkBAM/Aur_denovoSSL_20k_PSMC/Aur_denovoSSL_20k_merged.bam'
[mpileup] fail to load index for /home/e1garcia/shotgun_PIRE/REUs/2022_REU/Allison/ambassis_urotaenia_PSMC/data/mkBAM/Aur_denovoSSL_20k_PSMC/Aur_denovoSSL_20k_merged.bam
Note: none of --samples-file, --ploidy or --ploidy-file given, assuming all sites are diploid
Failed to read from standard input: unknown file type
Use of uninitialized value $l in numeric lt (<) at /opt/intel64/bin/vcfutils.pl line 566.
Use of uninitialized value $l in numeric lt (<) at /opt/intel64/bin/vcfutils.pl line 566.
mv: 'denovoSSL_20k_mpileup-868884.out' and '/home/e1garcia/shotgun_PIRE/REUs/2022_REU/Allison/ambassis_urotaenia_PSMC/data/mkBAM/Aur_denovoSSL_20k_PSMC/denovoSSL_20k_PSMC/joblog/denovoSSL_20k_mpileup-868884.out' are the same file
mv: 'denovoSSL_20k_mpileup-868885.out' and '/home/e1garcia/shotgun_PIRE/REUs/2022_REU/Allison/ambassis_urotaenia_PSMC/data/mkBAM/Aur_denovoSSL_20k_PSMC/denovoSSL_20k_PSMC/joblog/denovoSSL_20k_mpileup-868885.out' are the same file
mv: 'denovoSSL_20k_mpileup-868886.out' and '/home/e1garcia/shotgun_PIRE/REUs/2022_REU/Allison/ambassis_urotaenia_PSMC/data/mkBAM/Aur_denovoSSL_20k_PSMC/denovoSSL_20k_PSMC/joblog/denovoSSL_20k_mpileup-868886.out' are the same file
mv: 'denovoSSL_20k_mpileup-868887.out' and '/home/e1garcia/shotgun_PIRE/REUs/2022_REU/Allison/ambassis_urotaenia_PSMC/data/mkBAM/Aur_denovoSSL_20k_PSMC/denovoSSL_20k_PSMC/joblog/denovoSSL_20k_mpileup-868887.out' are the same file
mv: 'denovoSSL_20k_mpileup-868888.out' and '/home/e1garcia/shotgun_PIRE/REUs/2022_REU/Allison/ambassis_urotaenia_PSMC/data/mkBAM/Aur_denovoSSL_20k_PSMC/denovoSSL_20k_PSMC/joblog/denovoSSL_20k_mpileup-868888.out' are the same file
mv: 'denovoSSL_20k_mpileup-868889.out' and '/home/e1garcia/shotgun_PIRE/REUs/2022_REU/Allison/ambassis_urotaenia_PSMC/data/mkBAM/Aur_denovoSSL_20k_PSMC/denovoSSL_20k_PSMC/joblog/denovoSSL_20k_mpileup-868889.out' are the same file
mv: 'denovoSSL_20k_mpileup-868890.out' and '/home/e1garcia/shotgun_PIRE/REUs/2022_REU/Allison/ambassis_urotaenia_PSMC/data/mkBAM/Aur_denovoSSL_20k_PSMC/denovoSSL_20k_PSMC/joblog/denovoSSL_20k_mpileup-868890.out' are the same file
mv: 'denovoSSL_20k_mpileup-868891.out' and '/home/e1garcia/shotgun_PIRE/REUs/2022_REU/Allison/ambassis_urotaenia_PSMC/data/mkBAM/Aur_denovoSSL_20k_PSMC/denovoSSL_20k_PSMC/joblog/denovoSSL_20k_mpileup-868891.out' are the same file
mv: 'denovoSSL_20k_mpileup-868892.out' and '/home/e1garcia/shotgun_PIRE/REUs/2022_REU/Allison/ambassis_urotaenia_PSMC/data/mkBAM/Aur_denovoSSL_20k_PSMC/denovoSSL_20k_PSMC/joblog/denovoSSL_20k_mpileup-868892.out' are the same file
mv: 'denovoSSL_20k_mpileup-868893.out' and '/home/e1garcia/shotgun_PIRE/REUs/2022_REU/Allison/ambassis_urotaenia_PSMC/data/mkBAM/Aur_denovoSSL_20k_PSMC/denovoSSL_20k_PSMC/joblog/denovoSSL_20k_mpileup-868893.out' are the same file
mv: 'denovoSSL_20k_mpileup-868894.out' and '/home/e1garcia/shotgun_PIRE/REUs/2022_REU/Allison/ambassis_urotaenia_PSMC/data/mkBAM/Aur_denovoSSL_20k_PSMC/denovoSSL_20k_PSMC/joblog/denovoSSL_20k_mpileup-868894.out' are the same file
mv: 'denovoSSL_20k_mpileup-868895.out' and '/home/e1garcia/shotgun_PIRE/REUs/2022_REU/Allison/ambassis_urotaenia_PSMC/data/mkBAM/Aur_denovoSSL_20k_PSMC/denovoSSL_20k_PSMC/joblog/denovoSSL_20k_mpileup-868895.out' are the same file
mv: 'denovoSSL_20k_mpileup-868896.out' and '/home/e1garcia/shotgun_PIRE/REUs/2022_REU/Allison/ambassis_urotaenia_PSMC/data/mkBAM/Aur_denovoSSL_20k_PSMC/denovoSSL_20k_PSMC/joblog/denovoSSL_20k_mpileup-868896.out' are the same file
mv: 'denovoSSL_20k_mpileup-868897.out' and '/home/e1garcia/shotgun_PIRE/REUs/2022_REU/Allison/ambassis_urotaenia_PSMC/data/mkBAM/Aur_denovoSSL_20k_PSMC/denovoSSL_20k_PSMC/joblog/denovoSSL_20k_mpileup-868897.out' are the same file
mv: 'denovoSSL_20k_mpileup-868898.out' and '/home/e1garcia/shotgun_PIRE/REUs/2022_REU/Allison/ambassis_urotaenia_PSMC/data/mkBAM/Aur_denovoSSL_20k_PSMC/denovoSSL_20k_PSMC/joblog/denovoSSL_20k_mpileup-868898.out' are the same file
mv: 'denovoSSL_20k_mpileup-868899.out' and '/home/e1garcia/shotgun_PIRE/REUs/2022_REU/Allison/ambassis_urotaenia_PSMC/data/mkBAM/Aur_denovoSSL_20k_PSMC/denovoSSL_20k_PSMC/joblog/denovoSSL_20k_mpileup-868899.out' are the same file
mv: cannot move 'denovoSSL_20k_mpileup-868900.out' to '/home/e1garcia/shotgun_PIRE/REUs/2022_REU/Allison/ambassis_urotaenia_PSMC/data/mkBAM/Aur_denovoSSL_20k_PSMC/denovoSSL_20k_PSMC/joblog/denovoSSL_20k_mpileup-868900.out': No such file or directory
mv: 'denovoSSL_20k_mpileup-868902.out' and '/home/e1garcia/shotgun_PIRE/REUs/2022_REU/Allison/ambassis_urotaenia_PSMC/data/mkBAM/Aur_denovoSSL_20k_PSMC/denovoSSL_20k_PSMC/joblog/denovoSSL_20k_mpileup-868902.out' are the same file
mv: 'denovoSSL_20k_mpileup-868903.out' and '/home/e1garcia/shotgun_PIRE/REUs/2022_REU/Allison/ambassis_urotaenia_PSMC/data/mkBAM/Aur_denovoSSL_20k_PSMC/denovoSSL_20k_PSMC/joblog/denovoSSL_20k_mpileup-868903.out' are the same file
mv: 'denovoSSL_20k_mpileup-868904.out' and '/home/e1garcia/shotgun_PIRE/REUs/2022_REU/Allison/ambassis_urotaenia_PSMC/data/mkBAM/Aur_denovoSSL_20k_PSMC/denovoSSL_20k_PSMC/joblog/denovoSSL_20k_mpileup-868904.out' are the same file
