
[warning] samtools mpileup option `u` is functional, but deprecated. Please switch to using bcftools mpileup in future.
[W::bam_hdr_read] EOF marker is absent. The input is probably truncated
[E::idx_find_and_load] Could not retrieve index file for '/home/e1garcia/shotgun_PIRE/REUs/2022_REU/Allison/ambassis_urotaenia_PSMC/data/mkBAM/Aur_denovoSSL_20k_PSMC/Aur_denovoSSL_20k_merged.bam'
[mpileup] fail to load index for /home/e1garcia/shotgun_PIRE/REUs/2022_REU/Allison/ambassis_urotaenia_PSMC/data/mkBAM/Aur_denovoSSL_20k_PSMC/Aur_denovoSSL_20k_merged.bam
Note: none of --samples-file, --ploidy or --ploidy-file given, assuming all sites are diploid
Failed to read from standard input: unknown file type
Use of uninitialized value $l in numeric lt (<) at /opt/intel64/bin/vcfutils.pl line 566.
Use of uninitialized value $l in numeric lt (<) at /opt/intel64/bin/vcfutils.pl line 566.
mv: cannot stat 'denovoSSL_20k_mpileup-862777.out': No such file or directory
mv: cannot stat 'denovoSSL_20k_mpileup-862778.out': No such file or directory
mv: cannot stat 'denovoSSL_20k_mpileup-862779.out': No such file or directory
mv: cannot stat 'denovoSSL_20k_mpileup-862780.out': No such file or directory
mv: cannot stat 'denovoSSL_20k_mpileup-862781.out': No such file or directory
mv: cannot stat 'denovoSSL_20k_mpileup-862782.out': No such file or directory
mv: cannot stat 'denovoSSL_20k_mpileup-862783.out': No such file or directory
mv: cannot stat 'denovoSSL_20k_mpileup-862784.out': No such file or directory
mv: cannot stat 'denovoSSL_20k_mpileup-862785.out': No such file or directory
mv: cannot stat 'denovoSSL_20k_mpileup-862786.out': No such file or directory
mv: cannot stat 'denovoSSL_20k_mpileup-862787.out': No such file or directory
mv: cannot stat 'denovoSSL_20k_mpileup-862788.out': No such file or directory
mv: cannot stat 'denovoSSL_20k_mpileup-862789.out': No such file or directory
mv: cannot stat 'denovoSSL_20k_mpileup-862790.out': No such file or directory
mv: cannot stat 'denovoSSL_20k_mpileup-862791.out': No such file or directory
mv: cannot stat 'denovoSSL_20k_mpileup-862792.out': No such file or directory
mv: cannot stat 'denovoSSL_20k_mpileup-862793.out': No such file or directory
mv: cannot stat 'denovoSSL_20k_mpileup-862794.out': No such file or directory
mv: cannot stat 'denovoSSL_20k_mpileup-862795.out': No such file or directory
mv: cannot stat 'denovoSSL_20k_mpileup-862796.out': No such file or directory
mv: cannot stat 'denovoSSL_20k_mpileup-862797.out': No such file or directory
mv: cannot stat 'denovoSSL_20k_mpileup-862798.out': No such file or directory
mv: cannot stat 'denovoSSL_20k_mpileup-862799.out': No such file or directory
mv: cannot stat 'denovoSSL_20k_mpileup-862800.out': No such file or directory
mv: cannot stat 'denovoSSL_20k_mpileup-862801.out': No such file or directory
mv: cannot stat 'denovoSSL_20k_mpileup-862802.out': No such file or directory
mv: cannot stat 'denovoSSL_20k_mpileup-862803.out': No such file or directory
mv: 'denovoSSL_20k_mpileup-862804.out' and '/home/e1garcia/shotgun_PIRE/REUs/2022_REU/Allison/ambassis_urotaenia_PSMC/data/mkBAM/Aur_denovoSSL_20k_PSMC/denovoSSL_20k_PSMC/joblog/denovoSSL_20k_mpileup-862804.out' are the same file
mv: 'denovoSSL_20k_mpileup-862805.out' and '/home/e1garcia/shotgun_PIRE/REUs/2022_REU/Allison/ambassis_urotaenia_PSMC/data/mkBAM/Aur_denovoSSL_20k_PSMC/denovoSSL_20k_PSMC/joblog/denovoSSL_20k_mpileup-862805.out' are the same file
mv: cannot stat 'denovoSSL_20k_mpileup-862806.out': No such file or directory
mv: cannot stat 'denovoSSL_20k_mpileup-862807.out': No such file or directory
mv: cannot stat 'denovoSSL_20k_mpileup-862808.out': No such file or directory
mv: 'denovoSSL_20k_mpileup-862809.out' and '/home/e1garcia/shotgun_PIRE/REUs/2022_REU/Allison/ambassis_urotaenia_PSMC/data/mkBAM/Aur_denovoSSL_20k_PSMC/denovoSSL_20k_PSMC/joblog/denovoSSL_20k_mpileup-862809.out' are the same file
mv: 'denovoSSL_20k_mpileup-862810.out' and '/home/e1garcia/shotgun_PIRE/REUs/2022_REU/Allison/ambassis_urotaenia_PSMC/data/mkBAM/Aur_denovoSSL_20k_PSMC/denovoSSL_20k_PSMC/joblog/denovoSSL_20k_mpileup-862810.out' are the same file
mv: cannot stat 'denovoSSL_20k_mpileup-862811.out': No such file or directory
mv: cannot stat 'denovoSSL_20k_mpileup-862812.out': No such file or directory
mv: cannot stat 'denovoSSL_20k_mpileup-862813.out': No such file or directory
mv: 'denovoSSL_20k_mpileup-862814.out' and '/home/e1garcia/shotgun_PIRE/REUs/2022_REU/Allison/ambassis_urotaenia_PSMC/data/mkBAM/Aur_denovoSSL_20k_PSMC/denovoSSL_20k_PSMC/joblog/denovoSSL_20k_mpileup-862814.out' are the same file
mv: 'denovoSSL_20k_mpileup-862815.out' and '/home/e1garcia/shotgun_PIRE/REUs/2022_REU/Allison/ambassis_urotaenia_PSMC/data/mkBAM/Aur_denovoSSL_20k_PSMC/denovoSSL_20k_PSMC/joblog/denovoSSL_20k_mpileup-862815.out' are the same file
mv: cannot stat 'denovoSSL_20k_mpileup-862816.out': No such file or directory
mv: cannot stat 'denovoSSL_20k_mpileup-862817.out': No such file or directory
mv: cannot stat 'denovoSSL_20k_mpileup-862818.out': No such file or directory
mv: cannot stat 'denovoSSL_20k_mpileup-862819.out': No such file or directory
mv: cannot stat 'denovoSSL_20k_mpileup-862820.out': No such file or directory
mv: cannot stat 'denovoSSL_20k_mpileup-862821.out': No such file or directory
