
[warning] samtools mpileup option `u` is functional, but deprecated. Please switch to using bcftools mpileup in future.
[W::bam_hdr_read] EOF marker is absent. The input is probably truncated
[E::idx_find_and_load] Could not retrieve index file for '/home/e1garcia/shotgun_PIRE/REUs/2022_REU/Allison/ambassis_urotaenia_PSMC/data/mkBAM/Aur_denovoSSL_20k_PSMC/Aur_denovoSSL_20k_merged.bam'
[mpileup] fail to load index for /home/e1garcia/shotgun_PIRE/REUs/2022_REU/Allison/ambassis_urotaenia_PSMC/data/mkBAM/Aur_denovoSSL_20k_PSMC/Aur_denovoSSL_20k_merged.bam
Note: none of --samples-file, --ploidy or --ploidy-file given, assuming all sites are diploid
Failed to read from standard input: unknown file type
Use of uninitialized value $l in numeric lt (<) at /opt/intel64/bin/vcfutils.pl line 566.
Use of uninitialized value $l in numeric lt (<) at /opt/intel64/bin/vcfutils.pl line 566.
mv: cannot stat 'denovoSSL_20k_mpileup-870395.out': No such file or directory
mv: cannot stat 'denovoSSL_20k_mpileup-870396.out': No such file or directory
mv: cannot stat 'denovoSSL_20k_mpileup-870397.out': No such file or directory
mv: cannot stat 'denovoSSL_20k_mpileup-870398.out': No such file or directory
mv: cannot stat 'denovoSSL_20k_mpileup-870399.out': No such file or directory
mv: cannot stat 'denovoSSL_20k_mpileup-870400.out': No such file or directory
mv: cannot stat 'denovoSSL_20k_mpileup-870401.out': No such file or directory
mv: cannot stat 'denovoSSL_20k_mpileup-870402.out': No such file or directory
mv: cannot stat 'denovoSSL_20k_mpileup-870403.out': No such file or directory
mv: cannot stat 'denovoSSL_20k_mpileup-870404.out': No such file or directory
mv: cannot stat 'denovoSSL_20k_mpileup-870405.out': No such file or directory
mv: cannot stat 'denovoSSL_20k_mpileup-870406.out': No such file or directory
mv: cannot stat 'denovoSSL_20k_mpileup-870407.out': No such file or directory
mv: cannot stat 'denovoSSL_20k_mpileup-870408.out': No such file or directory
mv: cannot stat 'denovoSSL_20k_mpileup-870409.out': No such file or directory
mv: cannot stat 'denovoSSL_20k_mpileup-870410.out': No such file or directory
mv: cannot stat 'denovoSSL_20k_mpileup-870411.out': No such file or directory
mv: cannot stat 'denovoSSL_20k_mpileup-870412.out': No such file or directory
mv: 'denovoSSL_20k_mpileup-870413.out' and '/home/e1garcia/shotgun_PIRE/REUs/2022_REU/Allison/ambassis_urotaenia_PSMC/data/mkBAM/Aur_denovoSSL_20k_PSMC/denovoSSL_20k_PSMC/joblog/denovoSSL_20k_mpileup-870413.out' are the same file
mv: cannot stat 'denovoSSL_20k_mpileup-870414.out': No such file or directory
mv: 'denovoSSL_20k_mpileup-870415.out' and '/home/e1garcia/shotgun_PIRE/REUs/2022_REU/Allison/ambassis_urotaenia_PSMC/data/mkBAM/Aur_denovoSSL_20k_PSMC/denovoSSL_20k_PSMC/joblog/denovoSSL_20k_mpileup-870415.out' are the same file
mv: 'denovoSSL_20k_mpileup-870416.out' and '/home/e1garcia/shotgun_PIRE/REUs/2022_REU/Allison/ambassis_urotaenia_PSMC/data/mkBAM/Aur_denovoSSL_20k_PSMC/denovoSSL_20k_PSMC/joblog/denovoSSL_20k_mpileup-870416.out' are the same file
mv: cannot stat 'denovoSSL_20k_mpileup-870417.out': No such file or directory
mv: cannot stat 'denovoSSL_20k_mpileup-870418.out': No such file or directory
mv: cannot stat 'denovoSSL_20k_mpileup-870419.out': No such file or directory
mv: 'denovoSSL_20k_mpileup-870420.out' and '/home/e1garcia/shotgun_PIRE/REUs/2022_REU/Allison/ambassis_urotaenia_PSMC/data/mkBAM/Aur_denovoSSL_20k_PSMC/denovoSSL_20k_PSMC/joblog/denovoSSL_20k_mpileup-870420.out' are the same file
