
[warning] samtools mpileup option `u` is functional, but deprecated. Please switch to using bcftools mpileup in future.
[W::bam_hdr_read] EOF marker is absent. The input is probably truncated
[E::idx_find_and_load] Could not retrieve index file for '/home/e1garcia/shotgun_PIRE/REUs/2022_REU/Allison/ambassis_urotaenia_PSMC/data/mkBAM/Aur_denovoSSL_20k_PSMC/Aur_denovoSSL_20k_merged.bam'
[mpileup] fail to load index for /home/e1garcia/shotgun_PIRE/REUs/2022_REU/Allison/ambassis_urotaenia_PSMC/data/mkBAM/Aur_denovoSSL_20k_PSMC/Aur_denovoSSL_20k_merged.bam
Note: none of --samples-file, --ploidy or --ploidy-file given, assuming all sites are diploid
Failed to read from standard input: unknown file type
Use of uninitialized value $l in numeric lt (<) at /opt/intel64/bin/vcfutils.pl line 566.
Use of uninitialized value $l in numeric lt (<) at /opt/intel64/bin/vcfutils.pl line 566.
mv: cannot stat 'denovoSSL_20k_mpileup-870096.out': No such file or directory
mv: cannot stat 'denovoSSL_20k_mpileup-870097.out': No such file or directory
mv: cannot stat 'denovoSSL_20k_mpileup-870098.out': No such file or directory
mv: cannot stat 'denovoSSL_20k_mpileup-870099.out': No such file or directory
mv: cannot stat 'denovoSSL_20k_mpileup-870100.out': No such file or directory
mv: cannot stat 'denovoSSL_20k_mpileup-870101.out': No such file or directory
mv: cannot stat 'denovoSSL_20k_mpileup-870102.out': No such file or directory
mv: cannot stat 'denovoSSL_20k_mpileup-870103.out': No such file or directory
mv: cannot stat 'denovoSSL_20k_mpileup-870104.out': No such file or directory
mv: cannot stat 'denovoSSL_20k_mpileup-870105.out': No such file or directory
mv: 'denovoSSL_20k_mpileup-870106.out' and '/home/e1garcia/shotgun_PIRE/REUs/2022_REU/Allison/ambassis_urotaenia_PSMC/data/mkBAM/Aur_denovoSSL_20k_PSMC/denovoSSL_20k_PSMC/joblog/denovoSSL_20k_mpileup-870106.out' are the same file
mv: 'denovoSSL_20k_mpileup-870107.out' and '/home/e1garcia/shotgun_PIRE/REUs/2022_REU/Allison/ambassis_urotaenia_PSMC/data/mkBAM/Aur_denovoSSL_20k_PSMC/denovoSSL_20k_PSMC/joblog/denovoSSL_20k_mpileup-870107.out' are the same file
mv: cannot stat 'denovoSSL_20k_mpileup-870108.out': No such file or directory
mv: 'denovoSSL_20k_mpileup-870109.out' and '/home/e1garcia/shotgun_PIRE/REUs/2022_REU/Allison/ambassis_urotaenia_PSMC/data/mkBAM/Aur_denovoSSL_20k_PSMC/denovoSSL_20k_PSMC/joblog/denovoSSL_20k_mpileup-870109.out' are the same file
mv: 'denovoSSL_20k_mpileup-870110.out' and '/home/e1garcia/shotgun_PIRE/REUs/2022_REU/Allison/ambassis_urotaenia_PSMC/data/mkBAM/Aur_denovoSSL_20k_PSMC/denovoSSL_20k_PSMC/joblog/denovoSSL_20k_mpileup-870110.out' are the same file
mv: cannot stat 'denovoSSL_20k_mpileup-870111.out': No such file or directory
mv: cannot stat 'denovoSSL_20k_mpileup-870112.out': No such file or directory
mv: cannot stat 'denovoSSL_20k_mpileup-870113.out': No such file or directory
mv: cannot stat 'denovoSSL_20k_mpileup-870114.out': No such file or directory
