
[warning] samtools mpileup option `u` is functional, but deprecated. Please switch to using bcftools mpileup in future.
[W::bam_hdr_read] EOF marker is absent. The input is probably truncated
[E::idx_find_and_load] Could not retrieve index file for '/home/e1garcia/shotgun_PIRE/REUs/2022_REU/Allison/ambassis_urotaenia_PSMC/data/mkBAM/Aur_denovoSSL_20k_PSMC/Aur_denovoSSL_20k_merged.bam'
[mpileup] fail to load index for /home/e1garcia/shotgun_PIRE/REUs/2022_REU/Allison/ambassis_urotaenia_PSMC/data/mkBAM/Aur_denovoSSL_20k_PSMC/Aur_denovoSSL_20k_merged.bam
Note: none of --samples-file, --ploidy or --ploidy-file given, assuming all sites are diploid
Failed to read from standard input: unknown file type
Use of uninitialized value $l in numeric lt (<) at /opt/intel64/bin/vcfutils.pl line 566.
Use of uninitialized value $l in numeric lt (<) at /opt/intel64/bin/vcfutils.pl line 566.
mv: cannot stat 'denovoSSL_20k_mpileup-862066.out': No such file or directory
mv: cannot stat 'denovoSSL_20k_mpileup-862067.out': No such file or directory
mv: cannot stat 'denovoSSL_20k_mpileup-862068.out': No such file or directory
mv: cannot stat 'denovoSSL_20k_mpileup-862069.out': No such file or directory
mv: cannot stat 'denovoSSL_20k_mpileup-862070.out': No such file or directory
mv: cannot stat 'denovoSSL_20k_mpileup-862071.out': No such file or directory
mv: cannot stat 'denovoSSL_20k_mpileup-862072.out': No such file or directory
mv: cannot stat 'denovoSSL_20k_mpileup-862073.out': No such file or directory
mv: cannot stat 'denovoSSL_20k_mpileup-862074.out': No such file or directory
mv: cannot stat 'denovoSSL_20k_mpileup-862075.out': No such file or directory
mv: cannot stat 'denovoSSL_20k_mpileup-862076.out': No such file or directory
mv: cannot stat 'denovoSSL_20k_mpileup-862077.out': No such file or directory
mv: cannot stat 'denovoSSL_20k_mpileup-862078.out': No such file or directory
mv: cannot stat 'denovoSSL_20k_mpileup-862079.out': No such file or directory
mv: cannot stat 'denovoSSL_20k_mpileup-862080.out': No such file or directory
mv: cannot stat 'denovoSSL_20k_mpileup-862081.out': No such file or directory
mv: cannot stat 'denovoSSL_20k_mpileup-862082.out': No such file or directory
mv: cannot stat 'denovoSSL_20k_mpileup-862083.out': No such file or directory
mv: 'denovoSSL_20k_mpileup-862084.out' and '/home/e1garcia/shotgun_PIRE/REUs/2022_REU/Allison/ambassis_urotaenia_PSMC/data/mkBAM/Aur_denovoSSL_20k_PSMC/denovoSSL_20k_PSMC/joblog/denovoSSL_20k_mpileup-862084.out' are the same file
mv: cannot stat 'denovoSSL_20k_mpileup-862085.out': No such file or directory
mv: 'denovoSSL_20k_mpileup-862086.out' and '/home/e1garcia/shotgun_PIRE/REUs/2022_REU/Allison/ambassis_urotaenia_PSMC/data/mkBAM/Aur_denovoSSL_20k_PSMC/denovoSSL_20k_PSMC/joblog/denovoSSL_20k_mpileup-862086.out' are the same file
mv: cannot stat 'denovoSSL_20k_mpileup-862087.out': No such file or directory
mv: 'denovoSSL_20k_mpileup-862088.out' and '/home/e1garcia/shotgun_PIRE/REUs/2022_REU/Allison/ambassis_urotaenia_PSMC/data/mkBAM/Aur_denovoSSL_20k_PSMC/denovoSSL_20k_PSMC/joblog/denovoSSL_20k_mpileup-862088.out' are the same file
mv: 'denovoSSL_20k_mpileup-862089.out' and '/home/e1garcia/shotgun_PIRE/REUs/2022_REU/Allison/ambassis_urotaenia_PSMC/data/mkBAM/Aur_denovoSSL_20k_PSMC/denovoSSL_20k_PSMC/joblog/denovoSSL_20k_mpileup-862089.out' are the same file
mv: cannot stat 'denovoSSL_20k_mpileup-862090.out': No such file or directory
mv: 'denovoSSL_20k_mpileup-862091.out' and '/home/e1garcia/shotgun_PIRE/REUs/2022_REU/Allison/ambassis_urotaenia_PSMC/data/mkBAM/Aur_denovoSSL_20k_PSMC/denovoSSL_20k_PSMC/joblog/denovoSSL_20k_mpileup-862091.out' are the same file
