
[warning] samtools mpileup option `u` is functional, but deprecated. Please switch to using bcftools mpileup in future.
[W::bam_hdr_read] EOF marker is absent. The input is probably truncated
[E::idx_find_and_load] Could not retrieve index file for '/home/e1garcia/shotgun_PIRE/REUs/2022_REU/Allison/ambassis_urotaenia_PSMC/data/mkBAM/Aur_denovoSSL_20k_PSMC/Aur_denovoSSL_20k_merged.bam'
[mpileup] fail to load index for /home/e1garcia/shotgun_PIRE/REUs/2022_REU/Allison/ambassis_urotaenia_PSMC/data/mkBAM/Aur_denovoSSL_20k_PSMC/Aur_denovoSSL_20k_merged.bam
Note: none of --samples-file, --ploidy or --ploidy-file given, assuming all sites are diploid
Failed to read from standard input: unknown file type
Use of uninitialized value $l in numeric lt (<) at /opt/intel64/bin/vcfutils.pl line 566.
Use of uninitialized value $l in numeric lt (<) at /opt/intel64/bin/vcfutils.pl line 566.
mv: cannot stat 'denovoSSL_20k_mpileup-866160.out': No such file or directory
mv: cannot stat 'denovoSSL_20k_mpileup-866161.out': No such file or directory
mv: cannot stat 'denovoSSL_20k_mpileup-866162.out': No such file or directory
mv: cannot stat 'denovoSSL_20k_mpileup-866163.out': No such file or directory
mv: cannot stat 'denovoSSL_20k_mpileup-866164.out': No such file or directory
mv: cannot stat 'denovoSSL_20k_mpileup-866165.out': No such file or directory
mv: cannot stat 'denovoSSL_20k_mpileup-866166.out': No such file or directory
mv: cannot stat 'denovoSSL_20k_mpileup-866167.out': No such file or directory
mv: 'denovoSSL_20k_mpileup-866168.out' and '/home/e1garcia/shotgun_PIRE/REUs/2022_REU/Allison/ambassis_urotaenia_PSMC/data/mkBAM/Aur_denovoSSL_20k_PSMC/denovoSSL_20k_PSMC/joblog/denovoSSL_20k_mpileup-866168.out' are the same file
mv: 'denovoSSL_20k_mpileup-866169.out' and '/home/e1garcia/shotgun_PIRE/REUs/2022_REU/Allison/ambassis_urotaenia_PSMC/data/mkBAM/Aur_denovoSSL_20k_PSMC/denovoSSL_20k_PSMC/joblog/denovoSSL_20k_mpileup-866169.out' are the same file
mv: cannot stat 'denovoSSL_20k_mpileup-866170.out': No such file or directory
mv: cannot stat 'denovoSSL_20k_mpileup-866171.out': No such file or directory
mv: cannot stat 'denovoSSL_20k_mpileup-866172.out': No such file or directory
mv: 'denovoSSL_20k_mpileup-866173.out' and '/home/e1garcia/shotgun_PIRE/REUs/2022_REU/Allison/ambassis_urotaenia_PSMC/data/mkBAM/Aur_denovoSSL_20k_PSMC/denovoSSL_20k_PSMC/joblog/denovoSSL_20k_mpileup-866173.out' are the same file
mv: 'denovoSSL_20k_mpileup-866174.out' and '/home/e1garcia/shotgun_PIRE/REUs/2022_REU/Allison/ambassis_urotaenia_PSMC/data/mkBAM/Aur_denovoSSL_20k_PSMC/denovoSSL_20k_PSMC/joblog/denovoSSL_20k_mpileup-866174.out' are the same file
