
[warning] samtools mpileup option `u` is functional, but deprecated. Please switch to using bcftools mpileup in future.
[W::bam_hdr_read] EOF marker is absent. The input is probably truncated
[E::idx_find_and_load] Could not retrieve index file for '/home/e1garcia/shotgun_PIRE/REUs/2022_REU/Allison/ambassis_urotaenia_PSMC/data/mkBAM/Aur_denovoSSL_20k_PSMC/Aur_denovoSSL_20k_merged.bam'
[mpileup] fail to load index for /home/e1garcia/shotgun_PIRE/REUs/2022_REU/Allison/ambassis_urotaenia_PSMC/data/mkBAM/Aur_denovoSSL_20k_PSMC/Aur_denovoSSL_20k_merged.bam
Note: none of --samples-file, --ploidy or --ploidy-file given, assuming all sites are diploid
Failed to read from standard input: unknown file type
Use of uninitialized value $l in numeric lt (<) at /opt/intel64/bin/vcfutils.pl line 566.
Use of uninitialized value $l in numeric lt (<) at /opt/intel64/bin/vcfutils.pl line 566.
mv: cannot stat 'denovoSSL_20k_mpileup-870450.out': No such file or directory
mv: cannot stat 'denovoSSL_20k_mpileup-870451.out': No such file or directory
mv: cannot stat 'denovoSSL_20k_mpileup-870452.out': No such file or directory
mv: cannot stat 'denovoSSL_20k_mpileup-870453.out': No such file or directory
mv: cannot stat 'denovoSSL_20k_mpileup-870454.out': No such file or directory
mv: cannot stat 'denovoSSL_20k_mpileup-870455.out': No such file or directory
mv: cannot stat 'denovoSSL_20k_mpileup-870456.out': No such file or directory
mv: cannot stat 'denovoSSL_20k_mpileup-870457.out': No such file or directory
mv: cannot stat 'denovoSSL_20k_mpileup-870458.out': No such file or directory
mv: cannot stat 'denovoSSL_20k_mpileup-870459.out': No such file or directory
mv: cannot stat 'denovoSSL_20k_mpileup-870460.out': No such file or directory
mv: cannot stat 'denovoSSL_20k_mpileup-870461.out': No such file or directory
mv: cannot stat 'denovoSSL_20k_mpileup-870462.out': No such file or directory
mv: cannot stat 'denovoSSL_20k_mpileup-870463.out': No such file or directory
mv: cannot stat 'denovoSSL_20k_mpileup-870464.out': No such file or directory
mv: cannot stat 'denovoSSL_20k_mpileup-870465.out': No such file or directory
mv: cannot stat 'denovoSSL_20k_mpileup-870466.out': No such file or directory
mv: 'denovoSSL_20k_mpileup-870467.out' and '/home/e1garcia/shotgun_PIRE/REUs/2022_REU/Allison/ambassis_urotaenia_PSMC/data/mkBAM/Aur_denovoSSL_20k_PSMC/denovoSSL_20k_PSMC/joblog/denovoSSL_20k_mpileup-870467.out' are the same file
mv: 'denovoSSL_20k_mpileup-870468.out' and '/home/e1garcia/shotgun_PIRE/REUs/2022_REU/Allison/ambassis_urotaenia_PSMC/data/mkBAM/Aur_denovoSSL_20k_PSMC/denovoSSL_20k_PSMC/joblog/denovoSSL_20k_mpileup-870468.out' are the same file
mv: cannot stat 'denovoSSL_20k_mpileup-870469.out': No such file or directory
mv: cannot stat 'denovoSSL_20k_mpileup-870470.out': No such file or directory
mv: cannot stat 'denovoSSL_20k_mpileup-870471.out': No such file or directory
