
[warning] samtools mpileup option `u` is functional, but deprecated. Please switch to using bcftools mpileup in future.
[W::bam_hdr_read] EOF marker is absent. The input is probably truncated
[E::idx_find_and_load] Could not retrieve index file for '/home/e1garcia/shotgun_PIRE/REUs/2022_REU/Allison/ambassis_urotaenia_PSMC/data/mkBAM/Aur_denovoSSL_20k_PSMC/Aur_denovoSSL_20k_merged.bam'
[mpileup] fail to load index for /home/e1garcia/shotgun_PIRE/REUs/2022_REU/Allison/ambassis_urotaenia_PSMC/data/mkBAM/Aur_denovoSSL_20k_PSMC/Aur_denovoSSL_20k_merged.bam
Note: none of --samples-file, --ploidy or --ploidy-file given, assuming all sites are diploid
Failed to read from standard input: unknown file type
Use of uninitialized value $l in numeric lt (<) at /opt/intel64/bin/vcfutils.pl line 566.
Use of uninitialized value $l in numeric lt (<) at /opt/intel64/bin/vcfutils.pl line 566.
mv: cannot stat 'denovoSSL_20k_mpileup-861558.out': No such file or directory
mv: cannot stat 'denovoSSL_20k_mpileup-861559.out': No such file or directory
mv: cannot stat 'denovoSSL_20k_mpileup-861560.out': No such file or directory
mv: cannot stat 'denovoSSL_20k_mpileup-861561.out': No such file or directory
mv: cannot stat 'denovoSSL_20k_mpileup-861562.out': No such file or directory
mv: cannot stat 'denovoSSL_20k_mpileup-861563.out': No such file or directory
mv: cannot stat 'denovoSSL_20k_mpileup-861564.out': No such file or directory
mv: cannot stat 'denovoSSL_20k_mpileup-861565.out': No such file or directory
mv: cannot stat 'denovoSSL_20k_mpileup-861566.out': No such file or directory
mv: cannot stat 'denovoSSL_20k_mpileup-861567.out': No such file or directory
mv: cannot stat 'denovoSSL_20k_mpileup-861568.out': No such file or directory
mv: cannot stat 'denovoSSL_20k_mpileup-861569.out': No such file or directory
mv: cannot stat 'denovoSSL_20k_mpileup-861570.out': No such file or directory
