
[warning] samtools mpileup option `u` is functional, but deprecated. Please switch to using bcftools mpileup in future.
[W::bam_hdr_read] EOF marker is absent. The input is probably truncated
[E::idx_find_and_load] Could not retrieve index file for '/home/e1garcia/shotgun_PIRE/REUs/2022_REU/Allison/ambassis_urotaenia_PSMC/data/mkBAM/Aur_denovoSSL_20k_PSMC/Aur_denovoSSL_20k_merged.bam'
[mpileup] fail to load index for /home/e1garcia/shotgun_PIRE/REUs/2022_REU/Allison/ambassis_urotaenia_PSMC/data/mkBAM/Aur_denovoSSL_20k_PSMC/Aur_denovoSSL_20k_merged.bam
Note: none of --samples-file, --ploidy or --ploidy-file given, assuming all sites are diploid
Failed to read from standard input: unknown file type
Use of uninitialized value $l in numeric lt (<) at /opt/intel64/bin/vcfutils.pl line 566.
Use of uninitialized value $l in numeric lt (<) at /opt/intel64/bin/vcfutils.pl line 566.
mv: cannot stat 'denovoSSL_20k_mpileup-868839.out': No such file or directory
mv: cannot stat 'denovoSSL_20k_mpileup-868840.out': No such file or directory
mv: cannot stat 'denovoSSL_20k_mpileup-868841.out': No such file or directory
mv: cannot stat 'denovoSSL_20k_mpileup-868842.out': No such file or directory
mv: cannot stat 'denovoSSL_20k_mpileup-868843.out': No such file or directory
mv: cannot stat 'denovoSSL_20k_mpileup-868844.out': No such file or directory
mv: cannot stat 'denovoSSL_20k_mpileup-868845.out': No such file or directory
mv: 'denovoSSL_20k_mpileup-868846.out' and '/home/e1garcia/shotgun_PIRE/REUs/2022_REU/Allison/ambassis_urotaenia_PSMC/data/mkBAM/Aur_denovoSSL_20k_PSMC/denovoSSL_20k_PSMC/joblog/denovoSSL_20k_mpileup-868846.out' are the same file
mv: cannot stat 'denovoSSL_20k_mpileup-868847.out': No such file or directory
mv: 'denovoSSL_20k_mpileup-868848.out' and '/home/e1garcia/shotgun_PIRE/REUs/2022_REU/Allison/ambassis_urotaenia_PSMC/data/mkBAM/Aur_denovoSSL_20k_PSMC/denovoSSL_20k_PSMC/joblog/denovoSSL_20k_mpileup-868848.out' are the same file
mv: 'denovoSSL_20k_mpileup-868850.out' and '/home/e1garcia/shotgun_PIRE/REUs/2022_REU/Allison/ambassis_urotaenia_PSMC/data/mkBAM/Aur_denovoSSL_20k_PSMC/denovoSSL_20k_PSMC/joblog/denovoSSL_20k_mpileup-868850.out' are the same file
mv: 'denovoSSL_20k_mpileup-868851.out' and '/home/e1garcia/shotgun_PIRE/REUs/2022_REU/Allison/ambassis_urotaenia_PSMC/data/mkBAM/Aur_denovoSSL_20k_PSMC/denovoSSL_20k_PSMC/joblog/denovoSSL_20k_mpileup-868851.out' are the same file
mv: cannot stat 'denovoSSL_20k_mpileup-868852.out': No such file or directory
