
[warning] samtools mpileup option `u` is functional, but deprecated. Please switch to using bcftools mpileup in future.
[W::bam_hdr_read] EOF marker is absent. The input is probably truncated
[E::idx_find_and_load] Could not retrieve index file for '/home/e1garcia/shotgun_PIRE/REUs/2022_REU/Allison/ambassis_urotaenia_PSMC/data/mkBAM/Aur_denovoSSL_20k_PSMC/Aur_denovoSSL_20k_merged.bam'
[mpileup] fail to load index for /home/e1garcia/shotgun_PIRE/REUs/2022_REU/Allison/ambassis_urotaenia_PSMC/data/mkBAM/Aur_denovoSSL_20k_PSMC/Aur_denovoSSL_20k_merged.bam
Note: none of --samples-file, --ploidy or --ploidy-file given, assuming all sites are diploid
Failed to read from standard input: unknown file type
Use of uninitialized value $l in numeric lt (<) at /opt/intel64/bin/vcfutils.pl line 566.
Use of uninitialized value $l in numeric lt (<) at /opt/intel64/bin/vcfutils.pl line 566.
mv: cannot stat 'denovoSSL_20k_mpileup-870612.out': No such file or directory
mv: cannot stat 'denovoSSL_20k_mpileup-870613.out': No such file or directory
mv: cannot stat 'denovoSSL_20k_mpileup-870614.out': No such file or directory
mv: cannot stat 'denovoSSL_20k_mpileup-870615.out': No such file or directory
mv: cannot stat 'denovoSSL_20k_mpileup-870616.out': No such file or directory
mv: cannot stat 'denovoSSL_20k_mpileup-870617.out': No such file or directory
mv: cannot stat 'denovoSSL_20k_mpileup-870618.out': No such file or directory
mv: cannot stat 'denovoSSL_20k_mpileup-870619.out': No such file or directory
mv: cannot stat 'denovoSSL_20k_mpileup-870620.out': No such file or directory
mv: cannot stat 'denovoSSL_20k_mpileup-870621.out': No such file or directory
mv: cannot stat 'denovoSSL_20k_mpileup-870622.out': No such file or directory
mv: cannot stat 'denovoSSL_20k_mpileup-870623.out': No such file or directory
mv: cannot stat 'denovoSSL_20k_mpileup-870624.out': No such file or directory
