
[warning] samtools mpileup option `u` is functional, but deprecated. Please switch to using bcftools mpileup in future.
[W::bam_hdr_read] EOF marker is absent. The input is probably truncated
[E::idx_find_and_load] Could not retrieve index file for '/home/e1garcia/shotgun_PIRE/REUs/2022_REU/Allison/ambassis_urotaenia_PSMC/data/mkBAM/Aur_denovoSSL_20k_PSMC/Aur_denovoSSL_20k_merged.bam'
[mpileup] fail to load index for /home/e1garcia/shotgun_PIRE/REUs/2022_REU/Allison/ambassis_urotaenia_PSMC/data/mkBAM/Aur_denovoSSL_20k_PSMC/Aur_denovoSSL_20k_merged.bam
Note: none of --samples-file, --ploidy or --ploidy-file given, assuming all sites are diploid
Failed to read from standard input: unknown file type
Use of uninitialized value $l in numeric lt (<) at /opt/intel64/bin/vcfutils.pl line 566.
Use of uninitialized value $l in numeric lt (<) at /opt/intel64/bin/vcfutils.pl line 566.
mv: cannot stat 'denovoSSL_20k_mpileup-865353.out': No such file or directory
mv: cannot stat 'denovoSSL_20k_mpileup-865354.out': No such file or directory
mv: cannot stat 'denovoSSL_20k_mpileup-865355.out': No such file or directory
mv: cannot stat 'denovoSSL_20k_mpileup-865356.out': No such file or directory
mv: cannot stat 'denovoSSL_20k_mpileup-865357.out': No such file or directory
mv: cannot stat 'denovoSSL_20k_mpileup-865358.out': No such file or directory
mv: cannot stat 'denovoSSL_20k_mpileup-865359.out': No such file or directory
mv: cannot stat 'denovoSSL_20k_mpileup-865360.out': No such file or directory
mv: cannot stat 'denovoSSL_20k_mpileup-865361.out': No such file or directory
mv: cannot stat 'denovoSSL_20k_mpileup-865362.out': No such file or directory
mv: cannot stat 'denovoSSL_20k_mpileup-865363.out': No such file or directory
mv: cannot stat 'denovoSSL_20k_mpileup-865364.out': No such file or directory
mv: cannot stat 'denovoSSL_20k_mpileup-865365.out': No such file or directory
mv: cannot stat 'denovoSSL_20k_mpileup-865366.out': No such file or directory
mv: 'denovoSSL_20k_mpileup-865367.out' and '/home/e1garcia/shotgun_PIRE/REUs/2022_REU/Allison/ambassis_urotaenia_PSMC/data/mkBAM/Aur_denovoSSL_20k_PSMC/denovoSSL_20k_PSMC/joblog/denovoSSL_20k_mpileup-865367.out' are the same file
mv: 'denovoSSL_20k_mpileup-865368.out' and '/home/e1garcia/shotgun_PIRE/REUs/2022_REU/Allison/ambassis_urotaenia_PSMC/data/mkBAM/Aur_denovoSSL_20k_PSMC/denovoSSL_20k_PSMC/joblog/denovoSSL_20k_mpileup-865368.out' are the same file
mv: 'denovoSSL_20k_mpileup-865369.out' and '/home/e1garcia/shotgun_PIRE/REUs/2022_REU/Allison/ambassis_urotaenia_PSMC/data/mkBAM/Aur_denovoSSL_20k_PSMC/denovoSSL_20k_PSMC/joblog/denovoSSL_20k_mpileup-865369.out' are the same file
mv: 'denovoSSL_20k_mpileup-865370.out' and '/home/e1garcia/shotgun_PIRE/REUs/2022_REU/Allison/ambassis_urotaenia_PSMC/data/mkBAM/Aur_denovoSSL_20k_PSMC/denovoSSL_20k_PSMC/joblog/denovoSSL_20k_mpileup-865370.out' are the same file
mv: cannot stat 'denovoSSL_20k_mpileup-865371.out': No such file or directory
mv: cannot stat 'denovoSSL_20k_mpileup-865372.out': No such file or directory
mv: 'denovoSSL_20k_mpileup-865373.out' and '/home/e1garcia/shotgun_PIRE/REUs/2022_REU/Allison/ambassis_urotaenia_PSMC/data/mkBAM/Aur_denovoSSL_20k_PSMC/denovoSSL_20k_PSMC/joblog/denovoSSL_20k_mpileup-865373.out' are the same file
mv: cannot stat 'denovoSSL_20k_mpileup-865374.out': No such file or directory
mv: cannot stat 'denovoSSL_20k_mpileup-865375.out': No such file or directory
mv: cannot stat 'denovoSSL_20k_mpileup-865376.out': No such file or directory
mv: 'denovoSSL_20k_mpileup-865377.out' and '/home/e1garcia/shotgun_PIRE/REUs/2022_REU/Allison/ambassis_urotaenia_PSMC/data/mkBAM/Aur_denovoSSL_20k_PSMC/denovoSSL_20k_PSMC/joblog/denovoSSL_20k_mpileup-865377.out' are the same file
mv: cannot stat 'denovoSSL_20k_mpileup-865378.out': No such file or directory
mv: 'denovoSSL_20k_mpileup-865379.out' and '/home/e1garcia/shotgun_PIRE/REUs/2022_REU/Allison/ambassis_urotaenia_PSMC/data/mkBAM/Aur_denovoSSL_20k_PSMC/denovoSSL_20k_PSMC/joblog/denovoSSL_20k_mpileup-865379.out' are the same file
mv: cannot stat 'denovoSSL_20k_mpileup-865380.out': No such file or directory
mv: 'denovoSSL_20k_mpileup-865381.out' and '/home/e1garcia/shotgun_PIRE/REUs/2022_REU/Allison/ambassis_urotaenia_PSMC/data/mkBAM/Aur_denovoSSL_20k_PSMC/denovoSSL_20k_PSMC/joblog/denovoSSL_20k_mpileup-865381.out' are the same file
mv: 'denovoSSL_20k_mpileup-865382.out' and '/home/e1garcia/shotgun_PIRE/REUs/2022_REU/Allison/ambassis_urotaenia_PSMC/data/mkBAM/Aur_denovoSSL_20k_PSMC/denovoSSL_20k_PSMC/joblog/denovoSSL_20k_mpileup-865382.out' are the same file
mv: cannot stat 'denovoSSL_20k_mpileup-865383.out': No such file or directory
mv: cannot stat 'denovoSSL_20k_mpileup-865384.out': No such file or directory
mv: 'denovoSSL_20k_mpileup-865385.out' and '/home/e1garcia/shotgun_PIRE/REUs/2022_REU/Allison/ambassis_urotaenia_PSMC/data/mkBAM/Aur_denovoSSL_20k_PSMC/denovoSSL_20k_PSMC/joblog/denovoSSL_20k_mpileup-865385.out' are the same file
mv: 'denovoSSL_20k_mpileup-865386.out' and '/home/e1garcia/shotgun_PIRE/REUs/2022_REU/Allison/ambassis_urotaenia_PSMC/data/mkBAM/Aur_denovoSSL_20k_PSMC/denovoSSL_20k_PSMC/joblog/denovoSSL_20k_mpileup-865386.out' are the same file
mv: cannot stat 'denovoSSL_20k_mpileup-865387.out': No such file or directory
mv: cannot stat 'denovoSSL_20k_mpileup-865388.out': No such file or directory
mv: 'denovoSSL_20k_mpileup-865389.out' and '/home/e1garcia/shotgun_PIRE/REUs/2022_REU/Allison/ambassis_urotaenia_PSMC/data/mkBAM/Aur_denovoSSL_20k_PSMC/denovoSSL_20k_PSMC/joblog/denovoSSL_20k_mpileup-865389.out' are the same file
mv: 'denovoSSL_20k_mpileup-865390.out' and '/home/e1garcia/shotgun_PIRE/REUs/2022_REU/Allison/ambassis_urotaenia_PSMC/data/mkBAM/Aur_denovoSSL_20k_PSMC/denovoSSL_20k_PSMC/joblog/denovoSSL_20k_mpileup-865390.out' are the same file
mv: cannot stat 'denovoSSL_20k_mpileup-865391.out': No such file or directory
mv: cannot stat 'denovoSSL_20k_mpileup-865392.out': No such file or directory
