
[warning] samtools mpileup option `u` is functional, but deprecated. Please switch to using bcftools mpileup in future.
[W::bam_hdr_read] EOF marker is absent. The input is probably truncated
[E::idx_find_and_load] Could not retrieve index file for '/home/e1garcia/shotgun_PIRE/REUs/2022_REU/Allison/ambassis_urotaenia_PSMC/data/mkBAM/Aur_denovoSSL_20k_PSMC/Aur_denovoSSL_20k_merged.bam'
[mpileup] fail to load index for /home/e1garcia/shotgun_PIRE/REUs/2022_REU/Allison/ambassis_urotaenia_PSMC/data/mkBAM/Aur_denovoSSL_20k_PSMC/Aur_denovoSSL_20k_merged.bam
Note: none of --samples-file, --ploidy or --ploidy-file given, assuming all sites are diploid
Failed to read from standard input: unknown file type
Use of uninitialized value $l in numeric lt (<) at /opt/intel64/bin/vcfutils.pl line 566.
Use of uninitialized value $l in numeric lt (<) at /opt/intel64/bin/vcfutils.pl line 566.
mv: cannot stat 'denovoSSL_20k_mpileup-861109.out': No such file or directory
mv: cannot stat 'denovoSSL_20k_mpileup-861110.out': No such file or directory
mv: cannot stat 'denovoSSL_20k_mpileup-861111.out': No such file or directory
mv: cannot stat 'denovoSSL_20k_mpileup-861112.out': No such file or directory
mv: cannot stat 'denovoSSL_20k_mpileup-861113.out': No such file or directory
mv: cannot stat 'denovoSSL_20k_mpileup-861114.out': No such file or directory
mv: cannot stat 'denovoSSL_20k_mpileup-861115.out': No such file or directory
mv: cannot stat 'denovoSSL_20k_mpileup-861116.out': No such file or directory
mv: cannot stat 'denovoSSL_20k_mpileup-861117.out': No such file or directory
mv: cannot stat 'denovoSSL_20k_mpileup-861118.out': No such file or directory
mv: cannot stat 'denovoSSL_20k_mpileup-861119.out': No such file or directory
mv: cannot stat 'denovoSSL_20k_mpileup-861120.out': No such file or directory
