
[warning] samtools mpileup option `u` is functional, but deprecated. Please switch to using bcftools mpileup in future.
[W::bam_hdr_read] EOF marker is absent. The input is probably truncated
[E::idx_find_and_load] Could not retrieve index file for '/home/e1garcia/shotgun_PIRE/REUs/2022_REU/Allison/ambassis_urotaenia_PSMC/data/mkBAM/Aur_denovoSSL_20k_PSMC/Aur_denovoSSL_20k_merged.bam'
[mpileup] fail to load index for /home/e1garcia/shotgun_PIRE/REUs/2022_REU/Allison/ambassis_urotaenia_PSMC/data/mkBAM/Aur_denovoSSL_20k_PSMC/Aur_denovoSSL_20k_merged.bam
Note: none of --samples-file, --ploidy or --ploidy-file given, assuming all sites are diploid
Failed to read from standard input: unknown file type
Use of uninitialized value $l in numeric lt (<) at /opt/intel64/bin/vcfutils.pl line 566.
Use of uninitialized value $l in numeric lt (<) at /opt/intel64/bin/vcfutils.pl line 566.
mv: cannot stat 'denovoSSL_20k_mpileup-862463.out': No such file or directory
mv: cannot stat 'denovoSSL_20k_mpileup-862464.out': No such file or directory
mv: cannot stat 'denovoSSL_20k_mpileup-862465.out': No such file or directory
mv: cannot stat 'denovoSSL_20k_mpileup-862466.out': No such file or directory
mv: cannot stat 'denovoSSL_20k_mpileup-862467.out': No such file or directory
mv: cannot stat 'denovoSSL_20k_mpileup-862468.out': No such file or directory
mv: cannot stat 'denovoSSL_20k_mpileup-862469.out': No such file or directory
mv: cannot stat 'denovoSSL_20k_mpileup-862470.out': No such file or directory
mv: cannot stat 'denovoSSL_20k_mpileup-862471.out': No such file or directory
mv: cannot stat 'denovoSSL_20k_mpileup-862472.out': No such file or directory
mv: cannot stat 'denovoSSL_20k_mpileup-862473.out': No such file or directory
mv: cannot stat 'denovoSSL_20k_mpileup-862474.out': No such file or directory
mv: cannot stat 'denovoSSL_20k_mpileup-862475.out': No such file or directory
mv: cannot stat 'denovoSSL_20k_mpileup-862476.out': No such file or directory
mv: cannot stat 'denovoSSL_20k_mpileup-862477.out': No such file or directory
mv: cannot stat 'denovoSSL_20k_mpileup-862478.out': No such file or directory
mv: cannot stat 'denovoSSL_20k_mpileup-862479.out': No such file or directory
mv: cannot stat 'denovoSSL_20k_mpileup-862480.out': No such file or directory
mv: 'denovoSSL_20k_mpileup-862481.out' and '/home/e1garcia/shotgun_PIRE/REUs/2022_REU/Allison/ambassis_urotaenia_PSMC/data/mkBAM/Aur_denovoSSL_20k_PSMC/denovoSSL_20k_PSMC/joblog/denovoSSL_20k_mpileup-862481.out' are the same file
mv: 'denovoSSL_20k_mpileup-862482.out' and '/home/e1garcia/shotgun_PIRE/REUs/2022_REU/Allison/ambassis_urotaenia_PSMC/data/mkBAM/Aur_denovoSSL_20k_PSMC/denovoSSL_20k_PSMC/joblog/denovoSSL_20k_mpileup-862482.out' are the same file
mv: 'denovoSSL_20k_mpileup-862483.out' and '/home/e1garcia/shotgun_PIRE/REUs/2022_REU/Allison/ambassis_urotaenia_PSMC/data/mkBAM/Aur_denovoSSL_20k_PSMC/denovoSSL_20k_PSMC/joblog/denovoSSL_20k_mpileup-862483.out' are the same file
mv: 'denovoSSL_20k_mpileup-862484.out' and '/home/e1garcia/shotgun_PIRE/REUs/2022_REU/Allison/ambassis_urotaenia_PSMC/data/mkBAM/Aur_denovoSSL_20k_PSMC/denovoSSL_20k_PSMC/joblog/denovoSSL_20k_mpileup-862484.out' are the same file
mv: cannot stat 'denovoSSL_20k_mpileup-862485.out': No such file or directory
mv: cannot stat 'denovoSSL_20k_mpileup-862486.out': No such file or directory
mv: 'denovoSSL_20k_mpileup-862487.out' and '/home/e1garcia/shotgun_PIRE/REUs/2022_REU/Allison/ambassis_urotaenia_PSMC/data/mkBAM/Aur_denovoSSL_20k_PSMC/denovoSSL_20k_PSMC/joblog/denovoSSL_20k_mpileup-862487.out' are the same file
mv: cannot stat 'denovoSSL_20k_mpileup-862488.out': No such file or directory
mv: cannot stat 'denovoSSL_20k_mpileup-862489.out': No such file or directory
mv: 'denovoSSL_20k_mpileup-862490.out' and '/home/e1garcia/shotgun_PIRE/REUs/2022_REU/Allison/ambassis_urotaenia_PSMC/data/mkBAM/Aur_denovoSSL_20k_PSMC/denovoSSL_20k_PSMC/joblog/denovoSSL_20k_mpileup-862490.out' are the same file
mv: 'denovoSSL_20k_mpileup-862491.out' and '/home/e1garcia/shotgun_PIRE/REUs/2022_REU/Allison/ambassis_urotaenia_PSMC/data/mkBAM/Aur_denovoSSL_20k_PSMC/denovoSSL_20k_PSMC/joblog/denovoSSL_20k_mpileup-862491.out' are the same file
mv: 'denovoSSL_20k_mpileup-862492.out' and '/home/e1garcia/shotgun_PIRE/REUs/2022_REU/Allison/ambassis_urotaenia_PSMC/data/mkBAM/Aur_denovoSSL_20k_PSMC/denovoSSL_20k_PSMC/joblog/denovoSSL_20k_mpileup-862492.out' are the same file
mv: cannot stat 'denovoSSL_20k_mpileup-862493.out': No such file or directory
mv: cannot stat 'denovoSSL_20k_mpileup-862494.out': No such file or directory
mv: cannot stat 'denovoSSL_20k_mpileup-862495.out': No such file or directory
mv: cannot stat 'denovoSSL_20k_mpileup-862496.out': No such file or directory
mv: 'denovoSSL_20k_mpileup-862497.out' and '/home/e1garcia/shotgun_PIRE/REUs/2022_REU/Allison/ambassis_urotaenia_PSMC/data/mkBAM/Aur_denovoSSL_20k_PSMC/denovoSSL_20k_PSMC/joblog/denovoSSL_20k_mpileup-862497.out' are the same file
mv: 'denovoSSL_20k_mpileup-862498.out' and '/home/e1garcia/shotgun_PIRE/REUs/2022_REU/Allison/ambassis_urotaenia_PSMC/data/mkBAM/Aur_denovoSSL_20k_PSMC/denovoSSL_20k_PSMC/joblog/denovoSSL_20k_mpileup-862498.out' are the same file
