
[warning] samtools mpileup option `u` is functional, but deprecated. Please switch to using bcftools mpileup in future.
[W::bam_hdr_read] EOF marker is absent. The input is probably truncated
[E::idx_find_and_load] Could not retrieve index file for '/home/e1garcia/shotgun_PIRE/REUs/2022_REU/Allison/ambassis_urotaenia_PSMC/data/mkBAM/Aur_denovoSSL_20k_PSMC/Aur_denovoSSL_20k_merged.bam'
[mpileup] fail to load index for /home/e1garcia/shotgun_PIRE/REUs/2022_REU/Allison/ambassis_urotaenia_PSMC/data/mkBAM/Aur_denovoSSL_20k_PSMC/Aur_denovoSSL_20k_merged.bam
Note: none of --samples-file, --ploidy or --ploidy-file given, assuming all sites are diploid
Failed to read from standard input: unknown file type
Use of uninitialized value $l in numeric lt (<) at /opt/intel64/bin/vcfutils.pl line 566.
Use of uninitialized value $l in numeric lt (<) at /opt/intel64/bin/vcfutils.pl line 566.
mv: cannot stat 'denovoSSL_20k_mpileup-864527.out': No such file or directory
mv: cannot stat 'denovoSSL_20k_mpileup-864528.out': No such file or directory
mv: cannot stat 'denovoSSL_20k_mpileup-864529.out': No such file or directory
mv: cannot stat 'denovoSSL_20k_mpileup-864530.out': No such file or directory
mv: cannot stat 'denovoSSL_20k_mpileup-864531.out': No such file or directory
mv: cannot stat 'denovoSSL_20k_mpileup-864532.out': No such file or directory
mv: cannot stat 'denovoSSL_20k_mpileup-864533.out': No such file or directory
mv: cannot stat 'denovoSSL_20k_mpileup-864534.out': No such file or directory
mv: cannot stat 'denovoSSL_20k_mpileup-864535.out': No such file or directory
mv: 'denovoSSL_20k_mpileup-864536.out' and '/home/e1garcia/shotgun_PIRE/REUs/2022_REU/Allison/ambassis_urotaenia_PSMC/data/mkBAM/Aur_denovoSSL_20k_PSMC/denovoSSL_20k_PSMC/joblog/denovoSSL_20k_mpileup-864536.out' are the same file
mv: 'denovoSSL_20k_mpileup-864537.out' and '/home/e1garcia/shotgun_PIRE/REUs/2022_REU/Allison/ambassis_urotaenia_PSMC/data/mkBAM/Aur_denovoSSL_20k_PSMC/denovoSSL_20k_PSMC/joblog/denovoSSL_20k_mpileup-864537.out' are the same file
mv: cannot move 'denovoSSL_20k_mpileup-864551.out' to '/home/e1garcia/shotgun_PIRE/REUs/2022_REU/Allison/ambassis_urotaenia_PSMC/data/mkBAM/Aur_denovoSSL_20k_PSMC/denovoSSL_20k_PSMC/joblog/denovoSSL_20k_mpileup-864551.out': No such file or directory
mv: 'denovoSSL_20k_mpileup-864552.out' and '/home/e1garcia/shotgun_PIRE/REUs/2022_REU/Allison/ambassis_urotaenia_PSMC/data/mkBAM/Aur_denovoSSL_20k_PSMC/denovoSSL_20k_PSMC/joblog/denovoSSL_20k_mpileup-864552.out' are the same file
mv: cannot stat 'denovoSSL_20k_mpileup-864553.out': No such file or directory
mv: cannot move 'denovoSSL_20k_mpileup-864554.out' to '/home/e1garcia/shotgun_PIRE/REUs/2022_REU/Allison/ambassis_urotaenia_PSMC/data/mkBAM/Aur_denovoSSL_20k_PSMC/denovoSSL_20k_PSMC/joblog/denovoSSL_20k_mpileup-864554.out': No such file or directory
mv: 'denovoSSL_20k_mpileup-864555.out' and '/home/e1garcia/shotgun_PIRE/REUs/2022_REU/Allison/ambassis_urotaenia_PSMC/data/mkBAM/Aur_denovoSSL_20k_PSMC/denovoSSL_20k_PSMC/joblog/denovoSSL_20k_mpileup-864555.out' are the same file
mv: 'denovoSSL_20k_mpileup-864556.out' and '/home/e1garcia/shotgun_PIRE/REUs/2022_REU/Allison/ambassis_urotaenia_PSMC/data/mkBAM/Aur_denovoSSL_20k_PSMC/denovoSSL_20k_PSMC/joblog/denovoSSL_20k_mpileup-864556.out' are the same file
mv: 'denovoSSL_20k_mpileup-864557.out' and '/home/e1garcia/shotgun_PIRE/REUs/2022_REU/Allison/ambassis_urotaenia_PSMC/data/mkBAM/Aur_denovoSSL_20k_PSMC/denovoSSL_20k_PSMC/joblog/denovoSSL_20k_mpileup-864557.out' are the same file
mv: 'denovoSSL_20k_mpileup-864558.out' and '/home/e1garcia/shotgun_PIRE/REUs/2022_REU/Allison/ambassis_urotaenia_PSMC/data/mkBAM/Aur_denovoSSL_20k_PSMC/denovoSSL_20k_PSMC/joblog/denovoSSL_20k_mpileup-864558.out' are the same file
mv: cannot stat 'denovoSSL_20k_mpileup-864559.out': No such file or directory
