
[warning] samtools mpileup option `u` is functional, but deprecated. Please switch to using bcftools mpileup in future.
[W::bam_hdr_read] EOF marker is absent. The input is probably truncated
[E::idx_find_and_load] Could not retrieve index file for '/home/e1garcia/shotgun_PIRE/REUs/2022_REU/Allison/ambassis_urotaenia_PSMC/data/mkBAM/Aur_denovoSSL_20k_PSMC/Aur_denovoSSL_20k_merged.bam'
[mpileup] fail to load index for /home/e1garcia/shotgun_PIRE/REUs/2022_REU/Allison/ambassis_urotaenia_PSMC/data/mkBAM/Aur_denovoSSL_20k_PSMC/Aur_denovoSSL_20k_merged.bam
Note: none of --samples-file, --ploidy or --ploidy-file given, assuming all sites are diploid
Failed to read from standard input: unknown file type
Use of uninitialized value $l in numeric lt (<) at /opt/intel64/bin/vcfutils.pl line 566.
Use of uninitialized value $l in numeric lt (<) at /opt/intel64/bin/vcfutils.pl line 566.
mv: cannot stat 'denovoSSL_20k_mpileup-869831.out': No such file or directory
mv: cannot stat 'denovoSSL_20k_mpileup-869832.out': No such file or directory
mv: cannot stat 'denovoSSL_20k_mpileup-869833.out': No such file or directory
mv: cannot stat 'denovoSSL_20k_mpileup-869834.out': No such file or directory
mv: cannot stat 'denovoSSL_20k_mpileup-869835.out': No such file or directory
mv: cannot stat 'denovoSSL_20k_mpileup-869836.out': No such file or directory
mv: cannot stat 'denovoSSL_20k_mpileup-869837.out': No such file or directory
mv: cannot stat 'denovoSSL_20k_mpileup-869838.out': No such file or directory
mv: cannot stat 'denovoSSL_20k_mpileup-869839.out': No such file or directory
mv: cannot stat 'denovoSSL_20k_mpileup-869840.out': No such file or directory
mv: cannot stat 'denovoSSL_20k_mpileup-869841.out': No such file or directory
mv: cannot stat 'denovoSSL_20k_mpileup-869842.out': No such file or directory
mv: cannot stat 'denovoSSL_20k_mpileup-869843.out': No such file or directory
mv: 'denovoSSL_20k_mpileup-869844.out' and '/home/e1garcia/shotgun_PIRE/REUs/2022_REU/Allison/ambassis_urotaenia_PSMC/data/mkBAM/Aur_denovoSSL_20k_PSMC/denovoSSL_20k_PSMC/joblog/denovoSSL_20k_mpileup-869844.out' are the same file
mv: 'denovoSSL_20k_mpileup-869845.out' and '/home/e1garcia/shotgun_PIRE/REUs/2022_REU/Allison/ambassis_urotaenia_PSMC/data/mkBAM/Aur_denovoSSL_20k_PSMC/denovoSSL_20k_PSMC/joblog/denovoSSL_20k_mpileup-869845.out' are the same file
mv: cannot stat 'denovoSSL_20k_mpileup-869846.out': No such file or directory
mv: 'denovoSSL_20k_mpileup-869847.out' and '/home/e1garcia/shotgun_PIRE/REUs/2022_REU/Allison/ambassis_urotaenia_PSMC/data/mkBAM/Aur_denovoSSL_20k_PSMC/denovoSSL_20k_PSMC/joblog/denovoSSL_20k_mpileup-869847.out' are the same file
mv: cannot stat 'denovoSSL_20k_mpileup-869848.out': No such file or directory
mv: 'denovoSSL_20k_mpileup-869849.out' and '/home/e1garcia/shotgun_PIRE/REUs/2022_REU/Allison/ambassis_urotaenia_PSMC/data/mkBAM/Aur_denovoSSL_20k_PSMC/denovoSSL_20k_PSMC/joblog/denovoSSL_20k_mpileup-869849.out' are the same file
mv: 'denovoSSL_20k_mpileup-869850.out' and '/home/e1garcia/shotgun_PIRE/REUs/2022_REU/Allison/ambassis_urotaenia_PSMC/data/mkBAM/Aur_denovoSSL_20k_PSMC/denovoSSL_20k_PSMC/joblog/denovoSSL_20k_mpileup-869850.out' are the same file
mv: cannot stat 'denovoSSL_20k_mpileup-869851.out': No such file or directory
mv: cannot stat 'denovoSSL_20k_mpileup-869852.out': No such file or directory
mv: cannot stat 'denovoSSL_20k_mpileup-869853.out': No such file or directory
mv: cannot stat 'denovoSSL_20k_mpileup-869854.out': No such file or directory
mv: 'denovoSSL_20k_mpileup-869855.out' and '/home/e1garcia/shotgun_PIRE/REUs/2022_REU/Allison/ambassis_urotaenia_PSMC/data/mkBAM/Aur_denovoSSL_20k_PSMC/denovoSSL_20k_PSMC/joblog/denovoSSL_20k_mpileup-869855.out' are the same file
mv: 'denovoSSL_20k_mpileup-869856.out' and '/home/e1garcia/shotgun_PIRE/REUs/2022_REU/Allison/ambassis_urotaenia_PSMC/data/mkBAM/Aur_denovoSSL_20k_PSMC/denovoSSL_20k_PSMC/joblog/denovoSSL_20k_mpileup-869856.out' are the same file
mv: cannot stat 'denovoSSL_20k_mpileup-869857.out': No such file or directory
mv: 'denovoSSL_20k_mpileup-869858.out' and '/home/e1garcia/shotgun_PIRE/REUs/2022_REU/Allison/ambassis_urotaenia_PSMC/data/mkBAM/Aur_denovoSSL_20k_PSMC/denovoSSL_20k_PSMC/joblog/denovoSSL_20k_mpileup-869858.out' are the same file
mv: 'denovoSSL_20k_mpileup-869859.out' and '/home/e1garcia/shotgun_PIRE/REUs/2022_REU/Allison/ambassis_urotaenia_PSMC/data/mkBAM/Aur_denovoSSL_20k_PSMC/denovoSSL_20k_PSMC/joblog/denovoSSL_20k_mpileup-869859.out' are the same file
