
gzip: /home/e1garcia/shotgun_PIRE/REUs/2022_REU/Allison/ambassis_urotaenia_PSMC/data/mkBAM/Aur_denovoSSL_20k_PSMC/denovoSSL_20k_PSMC/Aur_denovoSSL_20k.3560.fq.gz already exists;	not overwritten
/var/spool/slurmd/job975271/slurm_script: line 25: 39143 Segmentation fault      crun fq2psmcfa -q 20 $DATAPATH/${3}_denovoSSL_20k.$CHR.fq.gz > $DATAPATH/${3}_denovoSSL_20k.$CHR.psmcfa
mv: 'Sfa_denovoSSL_20k_psmcfa-975291.out' and '/home/e1garcia/shotgun_PIRE/REUs/2022_REU/Allison/ambassis_urotaenia_PSMC/data/mkBAM/Aur_denovoSSL_20k_PSMC/denovoSSL_20k_PSMC/joblog/Sfa_denovoSSL_20k_psmcfa-975291.out' are the same file
mv: 'Sfa_denovoSSL_20k_psmcfa-975292.out' and '/home/e1garcia/shotgun_PIRE/REUs/2022_REU/Allison/ambassis_urotaenia_PSMC/data/mkBAM/Aur_denovoSSL_20k_PSMC/denovoSSL_20k_PSMC/joblog/Sfa_denovoSSL_20k_psmcfa-975292.out' are the same file
mv: 'Sfa_denovoSSL_20k_psmcfa-975293.out' and '/home/e1garcia/shotgun_PIRE/REUs/2022_REU/Allison/ambassis_urotaenia_PSMC/data/mkBAM/Aur_denovoSSL_20k_PSMC/denovoSSL_20k_PSMC/joblog/Sfa_denovoSSL_20k_psmcfa-975293.out' are the same file
mv: 'Sfa_denovoSSL_20k_psmcfa-975294.out' and '/home/e1garcia/shotgun_PIRE/REUs/2022_REU/Allison/ambassis_urotaenia_PSMC/data/mkBAM/Aur_denovoSSL_20k_PSMC/denovoSSL_20k_PSMC/joblog/Sfa_denovoSSL_20k_psmcfa-975294.out' are the same file
mv: 'Sfa_denovoSSL_20k_psmcfa-975295.out' and '/home/e1garcia/shotgun_PIRE/REUs/2022_REU/Allison/ambassis_urotaenia_PSMC/data/mkBAM/Aur_denovoSSL_20k_PSMC/denovoSSL_20k_PSMC/joblog/Sfa_denovoSSL_20k_psmcfa-975295.out' are the same file
mv: 'Sfa_denovoSSL_20k_psmcfa-975296.out' and '/home/e1garcia/shotgun_PIRE/REUs/2022_REU/Allison/ambassis_urotaenia_PSMC/data/mkBAM/Aur_denovoSSL_20k_PSMC/denovoSSL_20k_PSMC/joblog/Sfa_denovoSSL_20k_psmcfa-975296.out' are the same file
mv: 'Sfa_denovoSSL_20k_psmcfa-975297.out' and '/home/e1garcia/shotgun_PIRE/REUs/2022_REU/Allison/ambassis_urotaenia_PSMC/data/mkBAM/Aur_denovoSSL_20k_PSMC/denovoSSL_20k_PSMC/joblog/Sfa_denovoSSL_20k_psmcfa-975297.out' are the same file
mv: 'Sfa_denovoSSL_20k_psmcfa-975298.out' and '/home/e1garcia/shotgun_PIRE/REUs/2022_REU/Allison/ambassis_urotaenia_PSMC/data/mkBAM/Aur_denovoSSL_20k_PSMC/denovoSSL_20k_PSMC/joblog/Sfa_denovoSSL_20k_psmcfa-975298.out' are the same file
mv: 'Sfa_denovoSSL_20k_psmcfa-975299.out' and '/home/e1garcia/shotgun_PIRE/REUs/2022_REU/Allison/ambassis_urotaenia_PSMC/data/mkBAM/Aur_denovoSSL_20k_PSMC/denovoSSL_20k_PSMC/joblog/Sfa_denovoSSL_20k_psmcfa-975299.out' are the same file
mv: 'Sfa_denovoSSL_20k_psmcfa-975300.out' and '/home/e1garcia/shotgun_PIRE/REUs/2022_REU/Allison/ambassis_urotaenia_PSMC/data/mkBAM/Aur_denovoSSL_20k_PSMC/denovoSSL_20k_PSMC/joblog/Sfa_denovoSSL_20k_psmcfa-975300.out' are the same file
mv: 'Sfa_denovoSSL_20k_psmcfa-975301.out' and '/home/e1garcia/shotgun_PIRE/REUs/2022_REU/Allison/ambassis_urotaenia_PSMC/data/mkBAM/Aur_denovoSSL_20k_PSMC/denovoSSL_20k_PSMC/joblog/Sfa_denovoSSL_20k_psmcfa-975301.out' are the same file
mv: 'Sfa_denovoSSL_20k_psmcfa-975302.out' and '/home/e1garcia/shotgun_PIRE/REUs/2022_REU/Allison/ambassis_urotaenia_PSMC/data/mkBAM/Aur_denovoSSL_20k_PSMC/denovoSSL_20k_PSMC/joblog/Sfa_denovoSSL_20k_psmcfa-975302.out' are the same file
mv: cannot move 'Sfa_denovoSSL_20k_psmcfa-975303.out' to '/home/e1garcia/shotgun_PIRE/REUs/2022_REU/Allison/ambassis_urotaenia_PSMC/data/mkBAM/Aur_denovoSSL_20k_PSMC/denovoSSL_20k_PSMC/joblog/Sfa_denovoSSL_20k_psmcfa-975303.out': No such file or directory
mv: 'Sfa_denovoSSL_20k_psmcfa-975305.out' and '/home/e1garcia/shotgun_PIRE/REUs/2022_REU/Allison/ambassis_urotaenia_PSMC/data/mkBAM/Aur_denovoSSL_20k_PSMC/denovoSSL_20k_PSMC/joblog/Sfa_denovoSSL_20k_psmcfa-975305.out' are the same file
mv: 'Sfa_denovoSSL_20k_psmcfa-975307.out' and '/home/e1garcia/shotgun_PIRE/REUs/2022_REU/Allison/ambassis_urotaenia_PSMC/data/mkBAM/Aur_denovoSSL_20k_PSMC/denovoSSL_20k_PSMC/joblog/Sfa_denovoSSL_20k_psmcfa-975307.out' are the same file
mv: cannot move 'Sfa_denovoSSL_20k_psmcfa-975308.out' to '/home/e1garcia/shotgun_PIRE/REUs/2022_REU/Allison/ambassis_urotaenia_PSMC/data/mkBAM/Aur_denovoSSL_20k_PSMC/denovoSSL_20k_PSMC/joblog/Sfa_denovoSSL_20k_psmcfa-975308.out': No such file or directory
mv: 'Sfa_denovoSSL_20k_psmcfa-975309.out' and '/home/e1garcia/shotgun_PIRE/REUs/2022_REU/Allison/ambassis_urotaenia_PSMC/data/mkBAM/Aur_denovoSSL_20k_PSMC/denovoSSL_20k_PSMC/joblog/Sfa_denovoSSL_20k_psmcfa-975309.out' are the same file
mv: 'Sfa_denovoSSL_20k_psmcfa-975310.out' and '/home/e1garcia/shotgun_PIRE/REUs/2022_REU/Allison/ambassis_urotaenia_PSMC/data/mkBAM/Aur_denovoSSL_20k_PSMC/denovoSSL_20k_PSMC/joblog/Sfa_denovoSSL_20k_psmcfa-975310.out' are the same file
mv: 'Sfa_denovoSSL_20k_psmcfa-975311.out' and '/home/e1garcia/shotgun_PIRE/REUs/2022_REU/Allison/ambassis_urotaenia_PSMC/data/mkBAM/Aur_denovoSSL_20k_PSMC/denovoSSL_20k_PSMC/joblog/Sfa_denovoSSL_20k_psmcfa-975311.out' are the same file
mv: cannot stat 'Sfa_denovoSSL_20k_psmcfa-975312.out': No such file or directory
mv: cannot stat 'Sfa_denovoSSL_20k_psmcfa-975313.out': No such file or directory
mv: 'Sfa_denovoSSL_20k_psmcfa-975314.out' and '/home/e1garcia/shotgun_PIRE/REUs/2022_REU/Allison/ambassis_urotaenia_PSMC/data/mkBAM/Aur_denovoSSL_20k_PSMC/denovoSSL_20k_PSMC/joblog/Sfa_denovoSSL_20k_psmcfa-975314.out' are the same file
mv: 'Sfa_denovoSSL_20k_psmcfa-975315.out' and '/home/e1garcia/shotgun_PIRE/REUs/2022_REU/Allison/ambassis_urotaenia_PSMC/data/mkBAM/Aur_denovoSSL_20k_PSMC/denovoSSL_20k_PSMC/joblog/Sfa_denovoSSL_20k_psmcfa-975315.out' are the same file
mv: 'Sfa_denovoSSL_20k_psmcfa-975316.out' and '/home/e1garcia/shotgun_PIRE/REUs/2022_REU/Allison/ambassis_urotaenia_PSMC/data/mkBAM/Aur_denovoSSL_20k_PSMC/denovoSSL_20k_PSMC/joblog/Sfa_denovoSSL_20k_psmcfa-975316.out' are the same file
mv: cannot stat 'Sfa_denovoSSL_20k_psmcfa-975317.out': No such file or directory
mv: 'Sfa_denovoSSL_20k_psmcfa-975318.out' and '/home/e1garcia/shotgun_PIRE/REUs/2022_REU/Allison/ambassis_urotaenia_PSMC/data/mkBAM/Aur_denovoSSL_20k_PSMC/denovoSSL_20k_PSMC/joblog/Sfa_denovoSSL_20k_psmcfa-975318.out' are the same file
mv: cannot stat 'Sfa_denovoSSL_20k_psmcfa-975319.out': No such file or directory
mv: cannot stat 'Sfa_denovoSSL_20k_psmcfa-975320.out': No such file or directory
mv: 'Sfa_denovoSSL_20k_psmcfa-975321.out' and '/home/e1garcia/shotgun_PIRE/REUs/2022_REU/Allison/ambassis_urotaenia_PSMC/data/mkBAM/Aur_denovoSSL_20k_PSMC/denovoSSL_20k_PSMC/joblog/Sfa_denovoSSL_20k_psmcfa-975321.out' are the same file
mv: 'Sfa_denovoSSL_20k_psmcfa-975322.out' and '/home/e1garcia/shotgun_PIRE/REUs/2022_REU/Allison/ambassis_urotaenia_PSMC/data/mkBAM/Aur_denovoSSL_20k_PSMC/denovoSSL_20k_PSMC/joblog/Sfa_denovoSSL_20k_psmcfa-975322.out' are the same file
mv: 'Sfa_denovoSSL_20k_psmcfa-975323.out' and '/home/e1garcia/shotgun_PIRE/REUs/2022_REU/Allison/ambassis_urotaenia_PSMC/data/mkBAM/Aur_denovoSSL_20k_PSMC/denovoSSL_20k_PSMC/joblog/Sfa_denovoSSL_20k_psmcfa-975323.out' are the same file
mv: 'Sfa_denovoSSL_20k_psmcfa-975324.out' and '/home/e1garcia/shotgun_PIRE/REUs/2022_REU/Allison/ambassis_urotaenia_PSMC/data/mkBAM/Aur_denovoSSL_20k_PSMC/denovoSSL_20k_PSMC/joblog/Sfa_denovoSSL_20k_psmcfa-975324.out' are the same file
