
gzip: /home/e1garcia/shotgun_PIRE/REUs/2022_REU/Allison/ambassis_urotaenia_PSMC/data/mkBAM/Aur_denovoSSL_20k_PSMC/denovoSSL_20k_PSMC/Aur_denovoSSL_20k.3486.fq.gz already exists;	not overwritten
/var/spool/slurmd/job975197/slurm_script: line 25: 38272 Segmentation fault      crun fq2psmcfa -q 20 $DATAPATH/${3}_denovoSSL_20k.$CHR.fq.gz > $DATAPATH/${3}_denovoSSL_20k.$CHR.psmcfa
mv: 'Sfa_denovoSSL_20k_psmcfa-975236.out' and '/home/e1garcia/shotgun_PIRE/REUs/2022_REU/Allison/ambassis_urotaenia_PSMC/data/mkBAM/Aur_denovoSSL_20k_PSMC/denovoSSL_20k_PSMC/joblog/Sfa_denovoSSL_20k_psmcfa-975236.out' are the same file
mv: 'Sfa_denovoSSL_20k_psmcfa-975237.out' and '/home/e1garcia/shotgun_PIRE/REUs/2022_REU/Allison/ambassis_urotaenia_PSMC/data/mkBAM/Aur_denovoSSL_20k_PSMC/denovoSSL_20k_PSMC/joblog/Sfa_denovoSSL_20k_psmcfa-975237.out' are the same file
mv: 'Sfa_denovoSSL_20k_psmcfa-975238.out' and '/home/e1garcia/shotgun_PIRE/REUs/2022_REU/Allison/ambassis_urotaenia_PSMC/data/mkBAM/Aur_denovoSSL_20k_PSMC/denovoSSL_20k_PSMC/joblog/Sfa_denovoSSL_20k_psmcfa-975238.out' are the same file
mv: cannot stat 'Sfa_denovoSSL_20k_psmcfa-975239.out': No such file or directory
mv: cannot stat 'Sfa_denovoSSL_20k_psmcfa-975240.out': No such file or directory
mv: 'Sfa_denovoSSL_20k_psmcfa-975241.out' and '/home/e1garcia/shotgun_PIRE/REUs/2022_REU/Allison/ambassis_urotaenia_PSMC/data/mkBAM/Aur_denovoSSL_20k_PSMC/denovoSSL_20k_PSMC/joblog/Sfa_denovoSSL_20k_psmcfa-975241.out' are the same file
mv: cannot stat 'Sfa_denovoSSL_20k_psmcfa-975242.out': No such file or directory
mv: cannot stat 'Sfa_denovoSSL_20k_psmcfa-975243.out': No such file or directory
mv: cannot stat 'Sfa_denovoSSL_20k_psmcfa-975244.out': No such file or directory
mv: cannot stat 'Sfa_denovoSSL_20k_psmcfa-975245.out': No such file or directory
mv: 'Sfa_denovoSSL_20k_psmcfa-975246.out' and '/home/e1garcia/shotgun_PIRE/REUs/2022_REU/Allison/ambassis_urotaenia_PSMC/data/mkBAM/Aur_denovoSSL_20k_PSMC/denovoSSL_20k_PSMC/joblog/Sfa_denovoSSL_20k_psmcfa-975246.out' are the same file
mv: cannot stat 'Sfa_denovoSSL_20k_psmcfa-975247.out': No such file or directory
mv: 'Sfa_denovoSSL_20k_psmcfa-975248.out' and '/home/e1garcia/shotgun_PIRE/REUs/2022_REU/Allison/ambassis_urotaenia_PSMC/data/mkBAM/Aur_denovoSSL_20k_PSMC/denovoSSL_20k_PSMC/joblog/Sfa_denovoSSL_20k_psmcfa-975248.out' are the same file
mv: 'Sfa_denovoSSL_20k_psmcfa-975249.out' and '/home/e1garcia/shotgun_PIRE/REUs/2022_REU/Allison/ambassis_urotaenia_PSMC/data/mkBAM/Aur_denovoSSL_20k_PSMC/denovoSSL_20k_PSMC/joblog/Sfa_denovoSSL_20k_psmcfa-975249.out' are the same file
mv: cannot move 'Sfa_denovoSSL_20k_psmcfa-975250.out' to '/home/e1garcia/shotgun_PIRE/REUs/2022_REU/Allison/ambassis_urotaenia_PSMC/data/mkBAM/Aur_denovoSSL_20k_PSMC/denovoSSL_20k_PSMC/joblog/Sfa_denovoSSL_20k_psmcfa-975250.out': No such file or directory
mv: cannot move 'Sfa_denovoSSL_20k_psmcfa-975251.out' to '/home/e1garcia/shotgun_PIRE/REUs/2022_REU/Allison/ambassis_urotaenia_PSMC/data/mkBAM/Aur_denovoSSL_20k_PSMC/denovoSSL_20k_PSMC/joblog/Sfa_denovoSSL_20k_psmcfa-975251.out': No such file or directory
mv: 'Sfa_denovoSSL_20k_psmcfa-975253.out' and '/home/e1garcia/shotgun_PIRE/REUs/2022_REU/Allison/ambassis_urotaenia_PSMC/data/mkBAM/Aur_denovoSSL_20k_PSMC/denovoSSL_20k_PSMC/joblog/Sfa_denovoSSL_20k_psmcfa-975253.out' are the same file
mv: 'Sfa_denovoSSL_20k_psmcfa-975256.out' and '/home/e1garcia/shotgun_PIRE/REUs/2022_REU/Allison/ambassis_urotaenia_PSMC/data/mkBAM/Aur_denovoSSL_20k_PSMC/denovoSSL_20k_PSMC/joblog/Sfa_denovoSSL_20k_psmcfa-975256.out' are the same file
