
gzip: /home/e1garcia/shotgun_PIRE/REUs/2022_REU/Allison/ambassis_urotaenia_PSMC/data/mkBAM/Aur_denovoSSL_20k_PSMC/denovoSSL_20k_PSMC/Aur_denovoSSL_20k.1919.fq.gz already exists;	not overwritten
/var/spool/slurmd/job973632/slurm_script: line 25: 17040 Segmentation fault      crun fq2psmcfa -q 20 $DATAPATH/${3}_denovoSSL_20k.$CHR.fq.gz > $DATAPATH/${3}_denovoSSL_20k.$CHR.psmcfa
mv: 'Sfa_denovoSSL_20k_psmcfa-973641.out' and '/home/e1garcia/shotgun_PIRE/REUs/2022_REU/Allison/ambassis_urotaenia_PSMC/data/mkBAM/Aur_denovoSSL_20k_PSMC/denovoSSL_20k_PSMC/joblog/Sfa_denovoSSL_20k_psmcfa-973641.out' are the same file
mv: 'Sfa_denovoSSL_20k_psmcfa-973642.out' and '/home/e1garcia/shotgun_PIRE/REUs/2022_REU/Allison/ambassis_urotaenia_PSMC/data/mkBAM/Aur_denovoSSL_20k_PSMC/denovoSSL_20k_PSMC/joblog/Sfa_denovoSSL_20k_psmcfa-973642.out' are the same file
mv: 'Sfa_denovoSSL_20k_psmcfa-973643.out' and '/home/e1garcia/shotgun_PIRE/REUs/2022_REU/Allison/ambassis_urotaenia_PSMC/data/mkBAM/Aur_denovoSSL_20k_PSMC/denovoSSL_20k_PSMC/joblog/Sfa_denovoSSL_20k_psmcfa-973643.out' are the same file
mv: 'Sfa_denovoSSL_20k_psmcfa-973644.out' and '/home/e1garcia/shotgun_PIRE/REUs/2022_REU/Allison/ambassis_urotaenia_PSMC/data/mkBAM/Aur_denovoSSL_20k_PSMC/denovoSSL_20k_PSMC/joblog/Sfa_denovoSSL_20k_psmcfa-973644.out' are the same file
mv: 'Sfa_denovoSSL_20k_psmcfa-973645.out' and '/home/e1garcia/shotgun_PIRE/REUs/2022_REU/Allison/ambassis_urotaenia_PSMC/data/mkBAM/Aur_denovoSSL_20k_PSMC/denovoSSL_20k_PSMC/joblog/Sfa_denovoSSL_20k_psmcfa-973645.out' are the same file
mv: 'Sfa_denovoSSL_20k_psmcfa-973646.out' and '/home/e1garcia/shotgun_PIRE/REUs/2022_REU/Allison/ambassis_urotaenia_PSMC/data/mkBAM/Aur_denovoSSL_20k_PSMC/denovoSSL_20k_PSMC/joblog/Sfa_denovoSSL_20k_psmcfa-973646.out' are the same file
mv: 'Sfa_denovoSSL_20k_psmcfa-973647.out' and '/home/e1garcia/shotgun_PIRE/REUs/2022_REU/Allison/ambassis_urotaenia_PSMC/data/mkBAM/Aur_denovoSSL_20k_PSMC/denovoSSL_20k_PSMC/joblog/Sfa_denovoSSL_20k_psmcfa-973647.out' are the same file
mv: cannot move 'Sfa_denovoSSL_20k_psmcfa-973649.out' to '/home/e1garcia/shotgun_PIRE/REUs/2022_REU/Allison/ambassis_urotaenia_PSMC/data/mkBAM/Aur_denovoSSL_20k_PSMC/denovoSSL_20k_PSMC/joblog/Sfa_denovoSSL_20k_psmcfa-973649.out': No such file or directory
mv: 'Sfa_denovoSSL_20k_psmcfa-973651.out' and '/home/e1garcia/shotgun_PIRE/REUs/2022_REU/Allison/ambassis_urotaenia_PSMC/data/mkBAM/Aur_denovoSSL_20k_PSMC/denovoSSL_20k_PSMC/joblog/Sfa_denovoSSL_20k_psmcfa-973651.out' are the same file
mv: 'Sfa_denovoSSL_20k_psmcfa-973652.out' and '/home/e1garcia/shotgun_PIRE/REUs/2022_REU/Allison/ambassis_urotaenia_PSMC/data/mkBAM/Aur_denovoSSL_20k_PSMC/denovoSSL_20k_PSMC/joblog/Sfa_denovoSSL_20k_psmcfa-973652.out' are the same file
mv: cannot stat 'Sfa_denovoSSL_20k_psmcfa-973653.out': No such file or directory
mv: 'Sfa_denovoSSL_20k_psmcfa-973654.out' and '/home/e1garcia/shotgun_PIRE/REUs/2022_REU/Allison/ambassis_urotaenia_PSMC/data/mkBAM/Aur_denovoSSL_20k_PSMC/denovoSSL_20k_PSMC/joblog/Sfa_denovoSSL_20k_psmcfa-973654.out' are the same file
mv: cannot stat 'Sfa_denovoSSL_20k_psmcfa-973655.out': No such file or directory
mv: 'Sfa_denovoSSL_20k_psmcfa-973656.out' and '/home/e1garcia/shotgun_PIRE/REUs/2022_REU/Allison/ambassis_urotaenia_PSMC/data/mkBAM/Aur_denovoSSL_20k_PSMC/denovoSSL_20k_PSMC/joblog/Sfa_denovoSSL_20k_psmcfa-973656.out' are the same file
mv: 'Sfa_denovoSSL_20k_psmcfa-973657.out' and '/home/e1garcia/shotgun_PIRE/REUs/2022_REU/Allison/ambassis_urotaenia_PSMC/data/mkBAM/Aur_denovoSSL_20k_PSMC/denovoSSL_20k_PSMC/joblog/Sfa_denovoSSL_20k_psmcfa-973657.out' are the same file
mv: 'Sfa_denovoSSL_20k_psmcfa-973658.out' and '/home/e1garcia/shotgun_PIRE/REUs/2022_REU/Allison/ambassis_urotaenia_PSMC/data/mkBAM/Aur_denovoSSL_20k_PSMC/denovoSSL_20k_PSMC/joblog/Sfa_denovoSSL_20k_psmcfa-973658.out' are the same file
mv: cannot stat 'Sfa_denovoSSL_20k_psmcfa-973659.out': No such file or directory
mv: 'Sfa_denovoSSL_20k_psmcfa-973660.out' and '/home/e1garcia/shotgun_PIRE/REUs/2022_REU/Allison/ambassis_urotaenia_PSMC/data/mkBAM/Aur_denovoSSL_20k_PSMC/denovoSSL_20k_PSMC/joblog/Sfa_denovoSSL_20k_psmcfa-973660.out' are the same file
mv: 'Sfa_denovoSSL_20k_psmcfa-973661.out' and '/home/e1garcia/shotgun_PIRE/REUs/2022_REU/Allison/ambassis_urotaenia_PSMC/data/mkBAM/Aur_denovoSSL_20k_PSMC/denovoSSL_20k_PSMC/joblog/Sfa_denovoSSL_20k_psmcfa-973661.out' are the same file
mv: 'Sfa_denovoSSL_20k_psmcfa-973662.out' and '/home/e1garcia/shotgun_PIRE/REUs/2022_REU/Allison/ambassis_urotaenia_PSMC/data/mkBAM/Aur_denovoSSL_20k_PSMC/denovoSSL_20k_PSMC/joblog/Sfa_denovoSSL_20k_psmcfa-973662.out' are the same file
mv: 'Sfa_denovoSSL_20k_psmcfa-973663.out' and '/home/e1garcia/shotgun_PIRE/REUs/2022_REU/Allison/ambassis_urotaenia_PSMC/data/mkBAM/Aur_denovoSSL_20k_PSMC/denovoSSL_20k_PSMC/joblog/Sfa_denovoSSL_20k_psmcfa-973663.out' are the same file
mv: 'Sfa_denovoSSL_20k_psmcfa-973664.out' and '/home/e1garcia/shotgun_PIRE/REUs/2022_REU/Allison/ambassis_urotaenia_PSMC/data/mkBAM/Aur_denovoSSL_20k_PSMC/denovoSSL_20k_PSMC/joblog/Sfa_denovoSSL_20k_psmcfa-973664.out' are the same file
mv: 'Sfa_denovoSSL_20k_psmcfa-973665.out' and '/home/e1garcia/shotgun_PIRE/REUs/2022_REU/Allison/ambassis_urotaenia_PSMC/data/mkBAM/Aur_denovoSSL_20k_PSMC/denovoSSL_20k_PSMC/joblog/Sfa_denovoSSL_20k_psmcfa-973665.out' are the same file
mv: 'Sfa_denovoSSL_20k_psmcfa-973666.out' and '/home/e1garcia/shotgun_PIRE/REUs/2022_REU/Allison/ambassis_urotaenia_PSMC/data/mkBAM/Aur_denovoSSL_20k_PSMC/denovoSSL_20k_PSMC/joblog/Sfa_denovoSSL_20k_psmcfa-973666.out' are the same file
mv: 'Sfa_denovoSSL_20k_psmcfa-973667.out' and '/home/e1garcia/shotgun_PIRE/REUs/2022_REU/Allison/ambassis_urotaenia_PSMC/data/mkBAM/Aur_denovoSSL_20k_PSMC/denovoSSL_20k_PSMC/joblog/Sfa_denovoSSL_20k_psmcfa-973667.out' are the same file
mv: 'Sfa_denovoSSL_20k_psmcfa-973668.out' and '/home/e1garcia/shotgun_PIRE/REUs/2022_REU/Allison/ambassis_urotaenia_PSMC/data/mkBAM/Aur_denovoSSL_20k_PSMC/denovoSSL_20k_PSMC/joblog/Sfa_denovoSSL_20k_psmcfa-973668.out' are the same file
mv: 'Sfa_denovoSSL_20k_psmcfa-973669.out' and '/home/e1garcia/shotgun_PIRE/REUs/2022_REU/Allison/ambassis_urotaenia_PSMC/data/mkBAM/Aur_denovoSSL_20k_PSMC/denovoSSL_20k_PSMC/joblog/Sfa_denovoSSL_20k_psmcfa-973669.out' are the same file
mv: 'Sfa_denovoSSL_20k_psmcfa-973670.out' and '/home/e1garcia/shotgun_PIRE/REUs/2022_REU/Allison/ambassis_urotaenia_PSMC/data/mkBAM/Aur_denovoSSL_20k_PSMC/denovoSSL_20k_PSMC/joblog/Sfa_denovoSSL_20k_psmcfa-973670.out' are the same file
mv: 'Sfa_denovoSSL_20k_psmcfa-973671.out' and '/home/e1garcia/shotgun_PIRE/REUs/2022_REU/Allison/ambassis_urotaenia_PSMC/data/mkBAM/Aur_denovoSSL_20k_PSMC/denovoSSL_20k_PSMC/joblog/Sfa_denovoSSL_20k_psmcfa-973671.out' are the same file
mv: 'Sfa_denovoSSL_20k_psmcfa-973672.out' and '/home/e1garcia/shotgun_PIRE/REUs/2022_REU/Allison/ambassis_urotaenia_PSMC/data/mkBAM/Aur_denovoSSL_20k_PSMC/denovoSSL_20k_PSMC/joblog/Sfa_denovoSSL_20k_psmcfa-973672.out' are the same file
mv: 'Sfa_denovoSSL_20k_psmcfa-973673.out' and '/home/e1garcia/shotgun_PIRE/REUs/2022_REU/Allison/ambassis_urotaenia_PSMC/data/mkBAM/Aur_denovoSSL_20k_PSMC/denovoSSL_20k_PSMC/joblog/Sfa_denovoSSL_20k_psmcfa-973673.out' are the same file
mv: 'Sfa_denovoSSL_20k_psmcfa-973674.out' and '/home/e1garcia/shotgun_PIRE/REUs/2022_REU/Allison/ambassis_urotaenia_PSMC/data/mkBAM/Aur_denovoSSL_20k_PSMC/denovoSSL_20k_PSMC/joblog/Sfa_denovoSSL_20k_psmcfa-973674.out' are the same file
mv: 'Sfa_denovoSSL_20k_psmcfa-973675.out' and '/home/e1garcia/shotgun_PIRE/REUs/2022_REU/Allison/ambassis_urotaenia_PSMC/data/mkBAM/Aur_denovoSSL_20k_PSMC/denovoSSL_20k_PSMC/joblog/Sfa_denovoSSL_20k_psmcfa-973675.out' are the same file
mv: cannot move 'Sfa_denovoSSL_20k_psmcfa-973676.out' to '/home/e1garcia/shotgun_PIRE/REUs/2022_REU/Allison/ambassis_urotaenia_PSMC/data/mkBAM/Aur_denovoSSL_20k_PSMC/denovoSSL_20k_PSMC/joblog/Sfa_denovoSSL_20k_psmcfa-973676.out': No such file or directory
mv: cannot move 'Sfa_denovoSSL_20k_psmcfa-973677.out' to '/home/e1garcia/shotgun_PIRE/REUs/2022_REU/Allison/ambassis_urotaenia_PSMC/data/mkBAM/Aur_denovoSSL_20k_PSMC/denovoSSL_20k_PSMC/joblog/Sfa_denovoSSL_20k_psmcfa-973677.out': No such file or directory
mv: 'Sfa_denovoSSL_20k_psmcfa-973679.out' and '/home/e1garcia/shotgun_PIRE/REUs/2022_REU/Allison/ambassis_urotaenia_PSMC/data/mkBAM/Aur_denovoSSL_20k_PSMC/denovoSSL_20k_PSMC/joblog/Sfa_denovoSSL_20k_psmcfa-973679.out' are the same file
mv: 'Sfa_denovoSSL_20k_psmcfa-973680.out' and '/home/e1garcia/shotgun_PIRE/REUs/2022_REU/Allison/ambassis_urotaenia_PSMC/data/mkBAM/Aur_denovoSSL_20k_PSMC/denovoSSL_20k_PSMC/joblog/Sfa_denovoSSL_20k_psmcfa-973680.out' are the same file
mv: 'Sfa_denovoSSL_20k_psmcfa-973681.out' and '/home/e1garcia/shotgun_PIRE/REUs/2022_REU/Allison/ambassis_urotaenia_PSMC/data/mkBAM/Aur_denovoSSL_20k_PSMC/denovoSSL_20k_PSMC/joblog/Sfa_denovoSSL_20k_psmcfa-973681.out' are the same file
mv: 'Sfa_denovoSSL_20k_psmcfa-973682.out' and '/home/e1garcia/shotgun_PIRE/REUs/2022_REU/Allison/ambassis_urotaenia_PSMC/data/mkBAM/Aur_denovoSSL_20k_PSMC/denovoSSL_20k_PSMC/joblog/Sfa_denovoSSL_20k_psmcfa-973682.out' are the same file
