
gzip: /home/e1garcia/shotgun_PIRE/REUs/2022_REU/Allison/ambassis_urotaenia_PSMC/data/mkBAM/Aur_denovoSSL_20k_PSMC/denovoSSL_20k_PSMC/Aur_denovoSSL_20k.2571.fq.gz already exists;	not overwritten
/var/spool/slurmd/job974283/slurm_script: line 25:  3580 Segmentation fault      crun fq2psmcfa -q 20 $DATAPATH/${3}_denovoSSL_20k.$CHR.fq.gz > $DATAPATH/${3}_denovoSSL_20k.$CHR.psmcfa
mv: 'Sfa_denovoSSL_20k_psmcfa-974303.out' and '/home/e1garcia/shotgun_PIRE/REUs/2022_REU/Allison/ambassis_urotaenia_PSMC/data/mkBAM/Aur_denovoSSL_20k_PSMC/denovoSSL_20k_PSMC/joblog/Sfa_denovoSSL_20k_psmcfa-974303.out' are the same file
mv: 'Sfa_denovoSSL_20k_psmcfa-974304.out' and '/home/e1garcia/shotgun_PIRE/REUs/2022_REU/Allison/ambassis_urotaenia_PSMC/data/mkBAM/Aur_denovoSSL_20k_PSMC/denovoSSL_20k_PSMC/joblog/Sfa_denovoSSL_20k_psmcfa-974304.out' are the same file
mv: 'Sfa_denovoSSL_20k_psmcfa-974305.out' and '/home/e1garcia/shotgun_PIRE/REUs/2022_REU/Allison/ambassis_urotaenia_PSMC/data/mkBAM/Aur_denovoSSL_20k_PSMC/denovoSSL_20k_PSMC/joblog/Sfa_denovoSSL_20k_psmcfa-974305.out' are the same file
mv: 'Sfa_denovoSSL_20k_psmcfa-974306.out' and '/home/e1garcia/shotgun_PIRE/REUs/2022_REU/Allison/ambassis_urotaenia_PSMC/data/mkBAM/Aur_denovoSSL_20k_PSMC/denovoSSL_20k_PSMC/joblog/Sfa_denovoSSL_20k_psmcfa-974306.out' are the same file
mv: 'Sfa_denovoSSL_20k_psmcfa-974307.out' and '/home/e1garcia/shotgun_PIRE/REUs/2022_REU/Allison/ambassis_urotaenia_PSMC/data/mkBAM/Aur_denovoSSL_20k_PSMC/denovoSSL_20k_PSMC/joblog/Sfa_denovoSSL_20k_psmcfa-974307.out' are the same file
mv: 'Sfa_denovoSSL_20k_psmcfa-974308.out' and '/home/e1garcia/shotgun_PIRE/REUs/2022_REU/Allison/ambassis_urotaenia_PSMC/data/mkBAM/Aur_denovoSSL_20k_PSMC/denovoSSL_20k_PSMC/joblog/Sfa_denovoSSL_20k_psmcfa-974308.out' are the same file
mv: 'Sfa_denovoSSL_20k_psmcfa-974309.out' and '/home/e1garcia/shotgun_PIRE/REUs/2022_REU/Allison/ambassis_urotaenia_PSMC/data/mkBAM/Aur_denovoSSL_20k_PSMC/denovoSSL_20k_PSMC/joblog/Sfa_denovoSSL_20k_psmcfa-974309.out' are the same file
mv: 'Sfa_denovoSSL_20k_psmcfa-974310.out' and '/home/e1garcia/shotgun_PIRE/REUs/2022_REU/Allison/ambassis_urotaenia_PSMC/data/mkBAM/Aur_denovoSSL_20k_PSMC/denovoSSL_20k_PSMC/joblog/Sfa_denovoSSL_20k_psmcfa-974310.out' are the same file
mv: 'Sfa_denovoSSL_20k_psmcfa-974312.out' and '/home/e1garcia/shotgun_PIRE/REUs/2022_REU/Allison/ambassis_urotaenia_PSMC/data/mkBAM/Aur_denovoSSL_20k_PSMC/denovoSSL_20k_PSMC/joblog/Sfa_denovoSSL_20k_psmcfa-974312.out' are the same file
mv: 'Sfa_denovoSSL_20k_psmcfa-974313.out' and '/home/e1garcia/shotgun_PIRE/REUs/2022_REU/Allison/ambassis_urotaenia_PSMC/data/mkBAM/Aur_denovoSSL_20k_PSMC/denovoSSL_20k_PSMC/joblog/Sfa_denovoSSL_20k_psmcfa-974313.out' are the same file
mv: 'Sfa_denovoSSL_20k_psmcfa-974314.out' and '/home/e1garcia/shotgun_PIRE/REUs/2022_REU/Allison/ambassis_urotaenia_PSMC/data/mkBAM/Aur_denovoSSL_20k_PSMC/denovoSSL_20k_PSMC/joblog/Sfa_denovoSSL_20k_psmcfa-974314.out' are the same file
mv: 'Sfa_denovoSSL_20k_psmcfa-974315.out' and '/home/e1garcia/shotgun_PIRE/REUs/2022_REU/Allison/ambassis_urotaenia_PSMC/data/mkBAM/Aur_denovoSSL_20k_PSMC/denovoSSL_20k_PSMC/joblog/Sfa_denovoSSL_20k_psmcfa-974315.out' are the same file
mv: 'Sfa_denovoSSL_20k_psmcfa-974316.out' and '/home/e1garcia/shotgun_PIRE/REUs/2022_REU/Allison/ambassis_urotaenia_PSMC/data/mkBAM/Aur_denovoSSL_20k_PSMC/denovoSSL_20k_PSMC/joblog/Sfa_denovoSSL_20k_psmcfa-974316.out' are the same file
mv: 'Sfa_denovoSSL_20k_psmcfa-974317.out' and '/home/e1garcia/shotgun_PIRE/REUs/2022_REU/Allison/ambassis_urotaenia_PSMC/data/mkBAM/Aur_denovoSSL_20k_PSMC/denovoSSL_20k_PSMC/joblog/Sfa_denovoSSL_20k_psmcfa-974317.out' are the same file
mv: 'Sfa_denovoSSL_20k_psmcfa-974318.out' and '/home/e1garcia/shotgun_PIRE/REUs/2022_REU/Allison/ambassis_urotaenia_PSMC/data/mkBAM/Aur_denovoSSL_20k_PSMC/denovoSSL_20k_PSMC/joblog/Sfa_denovoSSL_20k_psmcfa-974318.out' are the same file
mv: 'Sfa_denovoSSL_20k_psmcfa-974319.out' and '/home/e1garcia/shotgun_PIRE/REUs/2022_REU/Allison/ambassis_urotaenia_PSMC/data/mkBAM/Aur_denovoSSL_20k_PSMC/denovoSSL_20k_PSMC/joblog/Sfa_denovoSSL_20k_psmcfa-974319.out' are the same file
mv: 'Sfa_denovoSSL_20k_psmcfa-974320.out' and '/home/e1garcia/shotgun_PIRE/REUs/2022_REU/Allison/ambassis_urotaenia_PSMC/data/mkBAM/Aur_denovoSSL_20k_PSMC/denovoSSL_20k_PSMC/joblog/Sfa_denovoSSL_20k_psmcfa-974320.out' are the same file
mv: 'Sfa_denovoSSL_20k_psmcfa-974321.out' and '/home/e1garcia/shotgun_PIRE/REUs/2022_REU/Allison/ambassis_urotaenia_PSMC/data/mkBAM/Aur_denovoSSL_20k_PSMC/denovoSSL_20k_PSMC/joblog/Sfa_denovoSSL_20k_psmcfa-974321.out' are the same file
mv: cannot move 'Sfa_denovoSSL_20k_psmcfa-974322.out' to '/home/e1garcia/shotgun_PIRE/REUs/2022_REU/Allison/ambassis_urotaenia_PSMC/data/mkBAM/Aur_denovoSSL_20k_PSMC/denovoSSL_20k_PSMC/joblog/Sfa_denovoSSL_20k_psmcfa-974322.out': No such file or directory
mv: cannot move 'Sfa_denovoSSL_20k_psmcfa-974326.out' to '/home/e1garcia/shotgun_PIRE/REUs/2022_REU/Allison/ambassis_urotaenia_PSMC/data/mkBAM/Aur_denovoSSL_20k_PSMC/denovoSSL_20k_PSMC/joblog/Sfa_denovoSSL_20k_psmcfa-974326.out': No such file or directory
mv: 'Sfa_denovoSSL_20k_psmcfa-974327.out' and '/home/e1garcia/shotgun_PIRE/REUs/2022_REU/Allison/ambassis_urotaenia_PSMC/data/mkBAM/Aur_denovoSSL_20k_PSMC/denovoSSL_20k_PSMC/joblog/Sfa_denovoSSL_20k_psmcfa-974327.out' are the same file
mv: 'Sfa_denovoSSL_20k_psmcfa-974328.out' and '/home/e1garcia/shotgun_PIRE/REUs/2022_REU/Allison/ambassis_urotaenia_PSMC/data/mkBAM/Aur_denovoSSL_20k_PSMC/denovoSSL_20k_PSMC/joblog/Sfa_denovoSSL_20k_psmcfa-974328.out' are the same file
mv: 'Sfa_denovoSSL_20k_psmcfa-974329.out' and '/home/e1garcia/shotgun_PIRE/REUs/2022_REU/Allison/ambassis_urotaenia_PSMC/data/mkBAM/Aur_denovoSSL_20k_PSMC/denovoSSL_20k_PSMC/joblog/Sfa_denovoSSL_20k_psmcfa-974329.out' are the same file
mv: cannot stat 'Sfa_denovoSSL_20k_psmcfa-974330.out': No such file or directory
mv: cannot stat 'Sfa_denovoSSL_20k_psmcfa-974331.out': No such file or directory
mv: cannot stat 'Sfa_denovoSSL_20k_psmcfa-974332.out': No such file or directory
mv: 'Sfa_denovoSSL_20k_psmcfa-974333.out' and '/home/e1garcia/shotgun_PIRE/REUs/2022_REU/Allison/ambassis_urotaenia_PSMC/data/mkBAM/Aur_denovoSSL_20k_PSMC/denovoSSL_20k_PSMC/joblog/Sfa_denovoSSL_20k_psmcfa-974333.out' are the same file
mv: cannot stat 'Sfa_denovoSSL_20k_psmcfa-974334.out': No such file or directory
