
gzip: /home/e1garcia/shotgun_PIRE/REUs/2022_REU/Allison/ambassis_urotaenia_PSMC/data/mkBAM/Aur_denovoSSL_20k_PSMC/denovoSSL_20k_PSMC/Aur_denovoSSL_20k.100.fq.gz already exists;	not overwritten
/var/spool/slurmd/job971809/slurm_script: line 25: 33606 Segmentation fault      crun fq2psmcfa -q 20 $DATAPATH/${3}_denovoSSL_20k.$CHR.fq.gz > $DATAPATH/${3}_denovoSSL_20k.$CHR.psmcfa
mv: 'Sfa_denovoSSL_20k_psmcfa-971813.out' and '/home/e1garcia/shotgun_PIRE/REUs/2022_REU/Allison/ambassis_urotaenia_PSMC/data/mkBAM/Aur_denovoSSL_20k_PSMC/denovoSSL_20k_PSMC/joblog/Sfa_denovoSSL_20k_psmcfa-971813.out' are the same file
mv: 'Sfa_denovoSSL_20k_psmcfa-971814.out' and '/home/e1garcia/shotgun_PIRE/REUs/2022_REU/Allison/ambassis_urotaenia_PSMC/data/mkBAM/Aur_denovoSSL_20k_PSMC/denovoSSL_20k_PSMC/joblog/Sfa_denovoSSL_20k_psmcfa-971814.out' are the same file
mv: 'Sfa_denovoSSL_20k_psmcfa-971815.out' and '/home/e1garcia/shotgun_PIRE/REUs/2022_REU/Allison/ambassis_urotaenia_PSMC/data/mkBAM/Aur_denovoSSL_20k_PSMC/denovoSSL_20k_PSMC/joblog/Sfa_denovoSSL_20k_psmcfa-971815.out' are the same file
mv: 'Sfa_denovoSSL_20k_psmcfa-971816.out' and '/home/e1garcia/shotgun_PIRE/REUs/2022_REU/Allison/ambassis_urotaenia_PSMC/data/mkBAM/Aur_denovoSSL_20k_PSMC/denovoSSL_20k_PSMC/joblog/Sfa_denovoSSL_20k_psmcfa-971816.out' are the same file
mv: 'Sfa_denovoSSL_20k_psmcfa-971817.out' and '/home/e1garcia/shotgun_PIRE/REUs/2022_REU/Allison/ambassis_urotaenia_PSMC/data/mkBAM/Aur_denovoSSL_20k_PSMC/denovoSSL_20k_PSMC/joblog/Sfa_denovoSSL_20k_psmcfa-971817.out' are the same file
mv: 'Sfa_denovoSSL_20k_psmcfa-971818.out' and '/home/e1garcia/shotgun_PIRE/REUs/2022_REU/Allison/ambassis_urotaenia_PSMC/data/mkBAM/Aur_denovoSSL_20k_PSMC/denovoSSL_20k_PSMC/joblog/Sfa_denovoSSL_20k_psmcfa-971818.out' are the same file
mv: 'Sfa_denovoSSL_20k_psmcfa-971819.out' and '/home/e1garcia/shotgun_PIRE/REUs/2022_REU/Allison/ambassis_urotaenia_PSMC/data/mkBAM/Aur_denovoSSL_20k_PSMC/denovoSSL_20k_PSMC/joblog/Sfa_denovoSSL_20k_psmcfa-971819.out' are the same file
mv: 'Sfa_denovoSSL_20k_psmcfa-971820.out' and '/home/e1garcia/shotgun_PIRE/REUs/2022_REU/Allison/ambassis_urotaenia_PSMC/data/mkBAM/Aur_denovoSSL_20k_PSMC/denovoSSL_20k_PSMC/joblog/Sfa_denovoSSL_20k_psmcfa-971820.out' are the same file
mv: 'Sfa_denovoSSL_20k_psmcfa-971821.out' and '/home/e1garcia/shotgun_PIRE/REUs/2022_REU/Allison/ambassis_urotaenia_PSMC/data/mkBAM/Aur_denovoSSL_20k_PSMC/denovoSSL_20k_PSMC/joblog/Sfa_denovoSSL_20k_psmcfa-971821.out' are the same file
mv: 'Sfa_denovoSSL_20k_psmcfa-971822.out' and '/home/e1garcia/shotgun_PIRE/REUs/2022_REU/Allison/ambassis_urotaenia_PSMC/data/mkBAM/Aur_denovoSSL_20k_PSMC/denovoSSL_20k_PSMC/joblog/Sfa_denovoSSL_20k_psmcfa-971822.out' are the same file
mv: 'Sfa_denovoSSL_20k_psmcfa-971823.out' and '/home/e1garcia/shotgun_PIRE/REUs/2022_REU/Allison/ambassis_urotaenia_PSMC/data/mkBAM/Aur_denovoSSL_20k_PSMC/denovoSSL_20k_PSMC/joblog/Sfa_denovoSSL_20k_psmcfa-971823.out' are the same file
mv: 'Sfa_denovoSSL_20k_psmcfa-971824.out' and '/home/e1garcia/shotgun_PIRE/REUs/2022_REU/Allison/ambassis_urotaenia_PSMC/data/mkBAM/Aur_denovoSSL_20k_PSMC/denovoSSL_20k_PSMC/joblog/Sfa_denovoSSL_20k_psmcfa-971824.out' are the same file
mv: 'Sfa_denovoSSL_20k_psmcfa-971825.out' and '/home/e1garcia/shotgun_PIRE/REUs/2022_REU/Allison/ambassis_urotaenia_PSMC/data/mkBAM/Aur_denovoSSL_20k_PSMC/denovoSSL_20k_PSMC/joblog/Sfa_denovoSSL_20k_psmcfa-971825.out' are the same file
mv: 'Sfa_denovoSSL_20k_psmcfa-971826.out' and '/home/e1garcia/shotgun_PIRE/REUs/2022_REU/Allison/ambassis_urotaenia_PSMC/data/mkBAM/Aur_denovoSSL_20k_PSMC/denovoSSL_20k_PSMC/joblog/Sfa_denovoSSL_20k_psmcfa-971826.out' are the same file
mv: 'Sfa_denovoSSL_20k_psmcfa-971827.out' and '/home/e1garcia/shotgun_PIRE/REUs/2022_REU/Allison/ambassis_urotaenia_PSMC/data/mkBAM/Aur_denovoSSL_20k_PSMC/denovoSSL_20k_PSMC/joblog/Sfa_denovoSSL_20k_psmcfa-971827.out' are the same file
mv: 'Sfa_denovoSSL_20k_psmcfa-971828.out' and '/home/e1garcia/shotgun_PIRE/REUs/2022_REU/Allison/ambassis_urotaenia_PSMC/data/mkBAM/Aur_denovoSSL_20k_PSMC/denovoSSL_20k_PSMC/joblog/Sfa_denovoSSL_20k_psmcfa-971828.out' are the same file
mv: 'Sfa_denovoSSL_20k_psmcfa-971829.out' and '/home/e1garcia/shotgun_PIRE/REUs/2022_REU/Allison/ambassis_urotaenia_PSMC/data/mkBAM/Aur_denovoSSL_20k_PSMC/denovoSSL_20k_PSMC/joblog/Sfa_denovoSSL_20k_psmcfa-971829.out' are the same file
mv: cannot move 'Sfa_denovoSSL_20k_psmcfa-971830.out' to '/home/e1garcia/shotgun_PIRE/REUs/2022_REU/Allison/ambassis_urotaenia_PSMC/data/mkBAM/Aur_denovoSSL_20k_PSMC/denovoSSL_20k_PSMC/joblog/Sfa_denovoSSL_20k_psmcfa-971830.out': No such file or directory
mv: 'Sfa_denovoSSL_20k_psmcfa-971832.out' and '/home/e1garcia/shotgun_PIRE/REUs/2022_REU/Allison/ambassis_urotaenia_PSMC/data/mkBAM/Aur_denovoSSL_20k_PSMC/denovoSSL_20k_PSMC/joblog/Sfa_denovoSSL_20k_psmcfa-971832.out' are the same file
mv: 'Sfa_denovoSSL_20k_psmcfa-971833.out' and '/home/e1garcia/shotgun_PIRE/REUs/2022_REU/Allison/ambassis_urotaenia_PSMC/data/mkBAM/Aur_denovoSSL_20k_PSMC/denovoSSL_20k_PSMC/joblog/Sfa_denovoSSL_20k_psmcfa-971833.out' are the same file
mv: 'Sfa_denovoSSL_20k_psmcfa-971834.out' and '/home/e1garcia/shotgun_PIRE/REUs/2022_REU/Allison/ambassis_urotaenia_PSMC/data/mkBAM/Aur_denovoSSL_20k_PSMC/denovoSSL_20k_PSMC/joblog/Sfa_denovoSSL_20k_psmcfa-971834.out' are the same file
mv: 'Sfa_denovoSSL_20k_psmcfa-971835.out' and '/home/e1garcia/shotgun_PIRE/REUs/2022_REU/Allison/ambassis_urotaenia_PSMC/data/mkBAM/Aur_denovoSSL_20k_PSMC/denovoSSL_20k_PSMC/joblog/Sfa_denovoSSL_20k_psmcfa-971835.out' are the same file
mv: 'Sfa_denovoSSL_20k_psmcfa-971836.out' and '/home/e1garcia/shotgun_PIRE/REUs/2022_REU/Allison/ambassis_urotaenia_PSMC/data/mkBAM/Aur_denovoSSL_20k_PSMC/denovoSSL_20k_PSMC/joblog/Sfa_denovoSSL_20k_psmcfa-971836.out' are the same file
mv: 'Sfa_denovoSSL_20k_psmcfa-971837.out' and '/home/e1garcia/shotgun_PIRE/REUs/2022_REU/Allison/ambassis_urotaenia_PSMC/data/mkBAM/Aur_denovoSSL_20k_PSMC/denovoSSL_20k_PSMC/joblog/Sfa_denovoSSL_20k_psmcfa-971837.out' are the same file
mv: cannot move 'Sfa_denovoSSL_20k_psmcfa-971838.out' to '/home/e1garcia/shotgun_PIRE/REUs/2022_REU/Allison/ambassis_urotaenia_PSMC/data/mkBAM/Aur_denovoSSL_20k_PSMC/denovoSSL_20k_PSMC/joblog/Sfa_denovoSSL_20k_psmcfa-971838.out': No such file or directory
mv: 'Sfa_denovoSSL_20k_psmcfa-971840.out' and '/home/e1garcia/shotgun_PIRE/REUs/2022_REU/Allison/ambassis_urotaenia_PSMC/data/mkBAM/Aur_denovoSSL_20k_PSMC/denovoSSL_20k_PSMC/joblog/Sfa_denovoSSL_20k_psmcfa-971840.out' are the same file
mv: 'Sfa_denovoSSL_20k_psmcfa-971841.out' and '/home/e1garcia/shotgun_PIRE/REUs/2022_REU/Allison/ambassis_urotaenia_PSMC/data/mkBAM/Aur_denovoSSL_20k_PSMC/denovoSSL_20k_PSMC/joblog/Sfa_denovoSSL_20k_psmcfa-971841.out' are the same file
mv: 'Sfa_denovoSSL_20k_psmcfa-971842.out' and '/home/e1garcia/shotgun_PIRE/REUs/2022_REU/Allison/ambassis_urotaenia_PSMC/data/mkBAM/Aur_denovoSSL_20k_PSMC/denovoSSL_20k_PSMC/joblog/Sfa_denovoSSL_20k_psmcfa-971842.out' are the same file
mv: 'Sfa_denovoSSL_20k_psmcfa-971843.out' and '/home/e1garcia/shotgun_PIRE/REUs/2022_REU/Allison/ambassis_urotaenia_PSMC/data/mkBAM/Aur_denovoSSL_20k_PSMC/denovoSSL_20k_PSMC/joblog/Sfa_denovoSSL_20k_psmcfa-971843.out' are the same file
mv: 'Sfa_denovoSSL_20k_psmcfa-971844.out' and '/home/e1garcia/shotgun_PIRE/REUs/2022_REU/Allison/ambassis_urotaenia_PSMC/data/mkBAM/Aur_denovoSSL_20k_PSMC/denovoSSL_20k_PSMC/joblog/Sfa_denovoSSL_20k_psmcfa-971844.out' are the same file
mv: cannot move 'Sfa_denovoSSL_20k_psmcfa-971845.out' to '/home/e1garcia/shotgun_PIRE/REUs/2022_REU/Allison/ambassis_urotaenia_PSMC/data/mkBAM/Aur_denovoSSL_20k_PSMC/denovoSSL_20k_PSMC/joblog/Sfa_denovoSSL_20k_psmcfa-971845.out': No such file or directory
mv: 'Sfa_denovoSSL_20k_psmcfa-971847.out' and '/home/e1garcia/shotgun_PIRE/REUs/2022_REU/Allison/ambassis_urotaenia_PSMC/data/mkBAM/Aur_denovoSSL_20k_PSMC/denovoSSL_20k_PSMC/joblog/Sfa_denovoSSL_20k_psmcfa-971847.out' are the same file
mv: cannot move 'Sfa_denovoSSL_20k_psmcfa-971849.out' to '/home/e1garcia/shotgun_PIRE/REUs/2022_REU/Allison/ambassis_urotaenia_PSMC/data/mkBAM/Aur_denovoSSL_20k_PSMC/denovoSSL_20k_PSMC/joblog/Sfa_denovoSSL_20k_psmcfa-971849.out': No such file or directory
mv: cannot move 'Sfa_denovoSSL_20k_psmcfa-971850.out' to '/home/e1garcia/shotgun_PIRE/REUs/2022_REU/Allison/ambassis_urotaenia_PSMC/data/mkBAM/Aur_denovoSSL_20k_PSMC/denovoSSL_20k_PSMC/joblog/Sfa_denovoSSL_20k_psmcfa-971850.out': No such file or directory
mv: cannot move 'Sfa_denovoSSL_20k_psmcfa-971851.out' to '/home/e1garcia/shotgun_PIRE/REUs/2022_REU/Allison/ambassis_urotaenia_PSMC/data/mkBAM/Aur_denovoSSL_20k_PSMC/denovoSSL_20k_PSMC/joblog/Sfa_denovoSSL_20k_psmcfa-971851.out': No such file or directory
mv: 'Sfa_denovoSSL_20k_psmcfa-971853.out' and '/home/e1garcia/shotgun_PIRE/REUs/2022_REU/Allison/ambassis_urotaenia_PSMC/data/mkBAM/Aur_denovoSSL_20k_PSMC/denovoSSL_20k_PSMC/joblog/Sfa_denovoSSL_20k_psmcfa-971853.out' are the same file
mv: cannot stat 'Sfa_denovoSSL_20k_psmcfa-971854.out': No such file or directory
mv: 'Sfa_denovoSSL_20k_psmcfa-971855.out' and '/home/e1garcia/shotgun_PIRE/REUs/2022_REU/Allison/ambassis_urotaenia_PSMC/data/mkBAM/Aur_denovoSSL_20k_PSMC/denovoSSL_20k_PSMC/joblog/Sfa_denovoSSL_20k_psmcfa-971855.out' are the same file
mv: 'Sfa_denovoSSL_20k_psmcfa-971856.out' and '/home/e1garcia/shotgun_PIRE/REUs/2022_REU/Allison/ambassis_urotaenia_PSMC/data/mkBAM/Aur_denovoSSL_20k_PSMC/denovoSSL_20k_PSMC/joblog/Sfa_denovoSSL_20k_psmcfa-971856.out' are the same file
mv: 'Sfa_denovoSSL_20k_psmcfa-971857.out' and '/home/e1garcia/shotgun_PIRE/REUs/2022_REU/Allison/ambassis_urotaenia_PSMC/data/mkBAM/Aur_denovoSSL_20k_PSMC/denovoSSL_20k_PSMC/joblog/Sfa_denovoSSL_20k_psmcfa-971857.out' are the same file
mv: cannot stat 'Sfa_denovoSSL_20k_psmcfa-971858.out': No such file or directory
mv: 'Sfa_denovoSSL_20k_psmcfa-971859.out' and '/home/e1garcia/shotgun_PIRE/REUs/2022_REU/Allison/ambassis_urotaenia_PSMC/data/mkBAM/Aur_denovoSSL_20k_PSMC/denovoSSL_20k_PSMC/joblog/Sfa_denovoSSL_20k_psmcfa-971859.out' are the same file
mv: cannot stat 'Sfa_denovoSSL_20k_psmcfa-971860.out': No such file or directory
