[M::bwa_idx_load_from_disk] read 0 ALT contigs
[M::process] read 2670508 sequences (400000065 bp)...
[M::mem_pestat] # candidate unique pairs for (FF, FR, RF, RR): (58, 219128, 85, 55)
[M::mem_pestat] analyzing insert size distribution for orientation FF...
[M::mem_pestat] (25, 50, 75) percentile: (171, 257, 721)
[M::mem_pestat] low and high boundaries for computing mean and std.dev: (1, 1821)
[M::mem_pestat] mean and std.dev: (381.06, 313.09)
[M::mem_pestat] low and high boundaries for proper pairs: (1, 2371)
[M::mem_pestat] analyzing insert size distribution for orientation FR...
[M::mem_pestat] (25, 50, 75) percentile: (305, 382, 427)
[M::mem_pestat] low and high boundaries for computing mean and std.dev: (61, 671)
[M::mem_pestat] mean and std.dev: (360.72, 93.78)
[M::mem_pestat] low and high boundaries for proper pairs: (1, 793)
[M::mem_pestat] analyzing insert size distribution for orientation RF...
[M::mem_pestat] (25, 50, 75) percentile: (55, 750, 2224)
[M::mem_pestat] low and high boundaries for computing mean and std.dev: (1, 6562)
[M::mem_pestat] mean and std.dev: (852.99, 895.83)
[M::mem_pestat] low and high boundaries for proper pairs: (1, 8731)
[M::mem_pestat] analyzing insert size distribution for orientation RR...
[M::mem_pestat] (25, 50, 75) percentile: (159, 284, 357)
[M::mem_pestat] low and high boundaries for computing mean and std.dev: (1, 753)
[M::mem_pestat] mean and std.dev: (258.71, 147.05)
[M::mem_pestat] low and high boundaries for proper pairs: (1, 951)
[M::mem_pestat] skip orientation FF
[M::mem_pestat] skip orientation RF
[M::mem_pestat] skip orientation RR
[M::mem_process_seqs] Processed 2670508 reads in 526.220 CPU sec, 165.962 real sec
[M::process] read 2670374 sequences (400000265 bp)...
[M::process] read 2670340 sequences (400000132 bp)...
[M::mem_pestat] # candidate unique pairs for (FF, FR, RF, RR): (39, 230226, 96, 58)
[M::mem_pestat] analyzing insert size distribution for orientation FF...
[M::mem_pestat] (25, 50, 75) percentile: (220, 340, 844)
[M::mem_pestat] low and high boundaries for computing mean and std.dev: (1, 2092)
[M::mem_pestat] mean and std.dev: (517.59, 367.19)
[M::mem_pestat] low and high boundaries for proper pairs: (1, 2716)
[M::mem_pestat] analyzing insert size distribution for orientation FR...
[M::mem_pestat] (25, 50, 75) percentile: (302, 382, 427)
[M::mem_pestat] low and high boundaries for computing mean and std.dev: (52, 677)
[M::mem_pestat] mean and std.dev: (359.47, 95.66)
[M::mem_pestat] low and high boundaries for proper pairs: (1, 802)
[M::mem_pestat] analyzing insert size distribution for orientation RF...
[M::mem_pestat] (25, 50, 75) percentile: (7, 25, 693)
[M::mem_pestat] low and high boundaries for computing mean and std.dev: (1, 2065)
[M::mem_pestat] mean and std.dev: (403.36, 632.22)
[M::mem_pestat] low and high boundaries for proper pairs: (1, 2932)
[M::mem_pestat] analyzing insert size distribution for orientation RR...
[M::mem_pestat] (25, 50, 75) percentile: (119, 275, 483)
[M::mem_pestat] low and high boundaries for computing mean and std.dev: (1, 1211)
[M::mem_pestat] mean and std.dev: (293.38, 258.97)
[M::mem_pestat] low and high boundaries for proper pairs: (1, 1575)
[M::mem_pestat] skip orientation FF
[M::mem_pestat] skip orientation RF
[M::mem_pestat] skip orientation RR
[M::mem_process_seqs] Processed 2670374 reads in 563.022 CPU sec, 141.630 real sec
[M::process] read 2670522 sequences (400000015 bp)...
[M::mem_pestat] # candidate unique pairs for (FF, FR, RF, RR): (102, 232097, 61, 52)
[M::mem_pestat] analyzing insert size distribution for orientation FF...
[M::mem_pestat] (25, 50, 75) percentile: (128, 273, 516)
[M::mem_pestat] low and high boundaries for computing mean and std.dev: (1, 1292)
[M::mem_pestat] mean and std.dev: (265.71, 185.83)
[M::mem_pestat] low and high boundaries for proper pairs: (1, 1680)
[M::mem_pestat] analyzing insert size distribution for orientation FR...
[M::mem_pestat] (25, 50, 75) percentile: (304, 382, 427)
[M::mem_pestat] low and high boundaries for computing mean and std.dev: (58, 673)
[M::mem_pestat] mean and std.dev: (360.46, 94.10)
[M::mem_pestat] low and high boundaries for proper pairs: (1, 796)
[M::mem_pestat] analyzing insert size distribution for orientation RF...
[M::mem_pestat] (25, 50, 75) percentile: (8, 70, 469)
[M::mem_pestat] low and high boundaries for computing mean and std.dev: (1, 1391)
[M::mem_pestat] mean and std.dev: (185.84, 257.94)
[M::mem_pestat] low and high boundaries for proper pairs: (1, 1852)
[M::mem_pestat] analyzing insert size distribution for orientation RR...
[M::mem_pestat] (25, 50, 75) percentile: (140, 254, 356)
[M::mem_pestat] low and high boundaries for computing mean and std.dev: (1, 788)
[M::mem_pestat] mean and std.dev: (211.79, 129.65)
[M::mem_pestat] low and high boundaries for proper pairs: (1, 1004)
[M::mem_pestat] skip orientation FF
[M::mem_pestat] skip orientation RF
[M::mem_pestat] skip orientation RR
[M::mem_process_seqs] Processed 2670340 reads in 571.914 CPU sec, 147.977 real sec
[M::process] read 2670314 sequences (400000278 bp)...
[M::mem_pestat] # candidate unique pairs for (FF, FR, RF, RR): (97, 221581, 155, 43)
[M::mem_pestat] analyzing insert size distribution for orientation FF...
[M::mem_pestat] (25, 50, 75) percentile: (120, 192, 395)
[M::mem_pestat] low and high boundaries for computing mean and std.dev: (1, 945)
[M::mem_pestat] mean and std.dev: (230.15, 147.51)
[M::mem_pestat] low and high boundaries for proper pairs: (1, 1220)
[M::mem_pestat] analyzing insert size distribution for orientation FR...
[M::mem_pestat] (25, 50, 75) percentile: (305, 382, 427)
[M::mem_pestat] low and high boundaries for computing mean and std.dev: (61, 671)
[M::mem_pestat] mean and std.dev: (360.71, 93.89)
[M::mem_pestat] low and high boundaries for proper pairs: (1, 793)
[M::mem_pestat] analyzing insert size distribution for orientation RF...
[M::mem_pestat] (25, 50, 75) percentile: (246, 1725, 1758)
[M::mem_pestat] low and high boundaries for computing mean and std.dev: (1, 4782)
[M::mem_pestat] mean and std.dev: (1038.79, 779.76)
[M::mem_pestat] low and high boundaries for proper pairs: (1, 6294)
[M::mem_pestat] analyzing insert size distribution for orientation RR...
[M::mem_pestat] (25, 50, 75) percentile: (221, 273, 694)
[M::mem_pestat] low and high boundaries for computing mean and std.dev: (1, 1640)
[M::mem_pestat] mean and std.dev: (367.77, 314.39)
[M::mem_pestat] low and high boundaries for proper pairs: (1, 2113)
[M::mem_pestat] skip orientation FF
[M::mem_pestat] skip orientation RF
[M::mem_pestat] skip orientation RR
[M::mem_process_seqs] Processed 2670522 reads in 561.821 CPU sec, 144.217 real sec
[M::process] read 2670342 sequences (400000268 bp)...
[M::mem_pestat] # candidate unique pairs for (FF, FR, RF, RR): (120, 225292, 245, 62)
[M::mem_pestat] analyzing insert size distribution for orientation FF...
[M::mem_pestat] (25, 50, 75) percentile: (221, 310, 387)
[M::mem_pestat] low and high boundaries for computing mean and std.dev: (1, 719)
[M::mem_pestat] mean and std.dev: (263.97, 91.53)
[M::mem_pestat] low and high boundaries for proper pairs: (1, 885)
[M::mem_pestat] analyzing insert size distribution for orientation FR...
[M::mem_pestat] (25, 50, 75) percentile: (304, 382, 427)
[M::mem_pestat] low and high boundaries for computing mean and std.dev: (58, 673)
[M::mem_pestat] mean and std.dev: (360.54, 94.05)
[M::mem_pestat] low and high boundaries for proper pairs: (1, 796)
[M::mem_pestat] analyzing insert size distribution for orientation RF...
[M::mem_pestat] (25, 50, 75) percentile: (171, 224, 250)
[M::mem_pestat] low and high boundaries for computing mean and std.dev: (13, 408)
[M::mem_pestat] mean and std.dev: (207.32, 60.34)
[M::mem_pestat] low and high boundaries for proper pairs: (1, 487)
[M::mem_pestat] analyzing insert size distribution for orientation RR...
[M::mem_pestat] (25, 50, 75) percentile: (169, 232, 303)
[M::mem_pestat] low and high boundaries for computing mean and std.dev: (1, 571)
[M::mem_pestat] mean and std.dev: (216.43, 99.82)
[M::mem_pestat] low and high boundaries for proper pairs: (1, 705)
[M::mem_pestat] skip orientation FF
[M::mem_pestat] skip orientation RF
[M::mem_pestat] skip orientation RR
[M::mem_process_seqs] Processed 2670314 reads in 622.989 CPU sec, 160.478 real sec
[M::process] read 2670358 sequences (400000099 bp)...
[M::mem_pestat] # candidate unique pairs for (FF, FR, RF, RR): (35, 234680, 149, 57)
[M::mem_pestat] analyzing insert size distribution for orientation FF...
[M::mem_pestat] (25, 50, 75) percentile: (242, 286, 730)
[M::mem_pestat] low and high boundaries for computing mean and std.dev: (1, 1706)
[M::mem_pestat] mean and std.dev: (385.22, 269.28)
[M::mem_pestat] low and high boundaries for proper pairs: (1, 2194)
[M::mem_pestat] analyzing insert size distribution for orientation FR...
[M::mem_pestat] (25, 50, 75) percentile: (304, 382, 427)
[M::mem_pestat] low and high boundaries for computing mean and std.dev: (58, 673)
[M::mem_pestat] mean and std.dev: (360.33, 94.33)
[M::mem_pestat] low and high boundaries for proper pairs: (1, 796)
[M::mem_pestat] analyzing insert size distribution for orientation RF...
[M::mem_pestat] (25, 50, 75) percentile: (42, 230, 246)
[M::mem_pestat] low and high boundaries for computing mean and std.dev: (1, 654)
[M::mem_pestat] mean and std.dev: (184.36, 142.87)
[M::mem_pestat] low and high boundaries for proper pairs: (1, 858)
[M::mem_pestat] analyzing insert size distribution for orientation RR...
[M::mem_pestat] (25, 50, 75) percentile: (169, 286, 634)
[M::mem_pestat] low and high boundaries for computing mean and std.dev: (1, 1564)
[M::mem_pestat] mean and std.dev: (343.94, 259.05)
[M::mem_pestat] low and high boundaries for proper pairs: (1, 2029)
[M::mem_pestat] skip orientation FF
[M::mem_pestat] skip orientation RF
[M::mem_pestat] skip orientation RR
[M::mem_process_seqs] Processed 2670342 reads in 553.745 CPU sec, 142.074 real sec
[M::process] read 2670876 sequences (400000006 bp)...
[M::mem_pestat] # candidate unique pairs for (FF, FR, RF, RR): (62, 235915, 317, 105)
[M::mem_pestat] analyzing insert size distribution for orientation FF...
[M::mem_pestat] (25, 50, 75) percentile: (155, 259, 471)
[M::mem_pestat] low and high boundaries for computing mean and std.dev: (1, 1103)
[M::mem_pestat] mean and std.dev: (248.78, 151.23)
[M::mem_pestat] low and high boundaries for proper pairs: (1, 1419)
[M::mem_pestat] analyzing insert size distribution for orientation FR...
[M::mem_pestat] (25, 50, 75) percentile: (304, 382, 427)
[M::mem_pestat] low and high boundaries for computing mean and std.dev: (58, 673)
[M::mem_pestat] mean and std.dev: (360.18, 94.43)
[M::mem_pestat] low and high boundaries for proper pairs: (1, 796)
[M::mem_pestat] analyzing insert size distribution for orientation RF...
[M::mem_pestat] (25, 50, 75) percentile: (178, 228, 293)
[M::mem_pestat] low and high boundaries for computing mean and std.dev: (1, 523)
[M::mem_pestat] mean and std.dev: (202.29, 89.63)
[M::mem_pestat] low and high boundaries for proper pairs: (1, 638)
[M::mem_pestat] analyzing insert size distribution for orientation RR...
[M::mem_pestat] (25, 50, 75) percentile: (139, 293, 348)
[M::mem_pestat] low and high boundaries for computing mean and std.dev: (1, 766)
[M::mem_pestat] mean and std.dev: (252.73, 145.22)
[M::mem_pestat] low and high boundaries for proper pairs: (1, 975)
[M::mem_pestat] skip orientation FF
[M::mem_pestat] skip orientation RF
[M::mem_pestat] skip orientation RR
[M::mem_process_seqs] Processed 2670358 reads in 571.861 CPU sec, 146.376 real sec
[M::process] read 2670536 sequences (400000037 bp)...
[M::mem_pestat] # candidate unique pairs for (FF, FR, RF, RR): (42, 176658, 149, 17)
[M::mem_pestat] analyzing insert size distribution for orientation FF...
[M::mem_pestat] (25, 50, 75) percentile: (222, 311, 671)
[M::mem_pestat] low and high boundaries for computing mean and std.dev: (1, 1569)
[M::mem_pestat] mean and std.dev: (392.40, 257.66)
[M::mem_pestat] low and high boundaries for proper pairs: (1, 2018)
[M::mem_pestat] analyzing insert size distribution for orientation FR...
[M::mem_pestat] (25, 50, 75) percentile: (242, 371, 421)
[M::mem_pestat] low and high boundaries for computing mean and std.dev: (1, 779)
[M::mem_pestat] mean and std.dev: (335.22, 113.22)
[M::mem_pestat] low and high boundaries for proper pairs: (1, 958)
[M::mem_pestat] analyzing insert size distribution for orientation RF...
[M::mem_pestat] (25, 50, 75) percentile: (26, 197, 228)
[M::mem_pestat] low and high boundaries for computing mean and std.dev: (1, 632)
[M::mem_pestat] mean and std.dev: (135.74, 127.50)
[M::mem_pestat] low and high boundaries for proper pairs: (1, 834)
[M::mem_pestat] analyzing insert size distribution for orientation RR...
[M::mem_pestat] (25, 50, 75) percentile: (110, 273, 2736)
[M::mem_pestat] low and high boundaries for computing mean and std.dev: (1, 7988)
[M::mem_pestat] mean and std.dev: (978.82, 1243.76)
[M::mem_pestat] low and high boundaries for proper pairs: (1, 10614)
[M::mem_pestat] skip orientation FF
[M::mem_pestat] skip orientation RF
[M::mem_pestat] skip orientation RR
[M::mem_process_seqs] Processed 2670876 reads in 663.412 CPU sec, 173.159 real sec
[M::process] read 2670440 sequences (400000235 bp)...
[M::mem_pestat] # candidate unique pairs for (FF, FR, RF, RR): (44, 219055, 82, 42)
[M::mem_pestat] analyzing insert size distribution for orientation FF...
[M::mem_pestat] (25, 50, 75) percentile: (187, 253, 357)
[M::mem_pestat] low and high boundaries for computing mean and std.dev: (1, 697)
[M::mem_pestat] mean and std.dev: (251.38, 138.33)
[M::mem_pestat] low and high boundaries for proper pairs: (1, 867)
[M::mem_pestat] analyzing insert size distribution for orientation FR...
[M::mem_pestat] (25, 50, 75) percentile: (301, 381, 427)
[M::mem_pestat] low and high boundaries for computing mean and std.dev: (49, 679)
[M::mem_pestat] mean and std.dev: (358.50, 96.11)
[M::mem_pestat] low and high boundaries for proper pairs: (1, 805)
[M::mem_pestat] analyzing insert size distribution for orientation RF...
[M::mem_pestat] (25, 50, 75) percentile: (210, 440, 1236)
[M::mem_pestat] low and high boundaries for computing mean and std.dev: (1, 3288)
[M::mem_pestat] mean and std.dev: (872.65, 984.53)
[M::mem_pestat] low and high boundaries for proper pairs: (1, 4811)
[M::mem_pestat] analyzing insert size distribution for orientation RR...
[M::mem_pestat] (25, 50, 75) percentile: (201, 298, 584)
[M::mem_pestat] low and high boundaries for computing mean and std.dev: (1, 1350)
[M::mem_pestat] mean and std.dev: (377.02, 241.61)
[M::mem_pestat] low and high boundaries for proper pairs: (1, 1733)
[M::mem_pestat] skip orientation FF
[M::mem_pestat] skip orientation RF
[M::mem_pestat] skip orientation RR
[M::mem_process_seqs] Processed 2670536 reads in 567.865 CPU sec, 145.825 real sec
[M::process] read 2670396 sequences (400000277 bp)...
[M::mem_pestat] # candidate unique pairs for (FF, FR, RF, RR): (90, 227379, 69, 55)
[M::mem_pestat] analyzing insert size distribution for orientation FF...
[M::mem_pestat] (25, 50, 75) percentile: (179, 240, 517)
[M::mem_pestat] low and high boundaries for computing mean and std.dev: (1, 1193)
[M::mem_pestat] mean and std.dev: (293.37, 203.71)
[M::mem_pestat] low and high boundaries for proper pairs: (1, 1531)
[M::mem_pestat] analyzing insert size distribution for orientation FR...
[M::mem_pestat] (25, 50, 75) percentile: (304, 382, 427)
[M::mem_pestat] low and high boundaries for computing mean and std.dev: (58, 673)
[M::mem_pestat] mean and std.dev: (360.53, 94.05)
[M::mem_pestat] low and high boundaries for proper pairs: (1, 796)
[M::mem_pestat] analyzing insert size distribution for orientation RF...
[M::mem_pestat] (25, 50, 75) percentile: (20, 197, 1595)
[M::mem_pestat] low and high boundaries for computing mean and std.dev: (1, 4745)
[M::mem_pestat] mean and std.dev: (1067.15, 1511.08)
[M::mem_pestat] low and high boundaries for proper pairs: (1, 7111)
[M::mem_pestat] analyzing insert size distribution for orientation RR...
[M::mem_pestat] (25, 50, 75) percentile: (233, 314, 645)
[M::mem_pestat] low and high boundaries for computing mean and std.dev: (1, 1469)
[M::mem_pestat] mean and std.dev: (413.81, 255.79)
[M::mem_pestat] low and high boundaries for proper pairs: (1, 1881)
[M::mem_pestat] skip orientation FF
[M::mem_pestat] skip orientation RF
[M::mem_pestat] skip orientation RR
[M::mem_process_seqs] Processed 2670440 reads in 576.504 CPU sec, 147.679 real sec
[M::process] read 2670346 sequences (400000100 bp)...
[M::mem_pestat] # candidate unique pairs for (FF, FR, RF, RR): (53, 230718, 65, 72)
[M::mem_pestat] analyzing insert size distribution for orientation FF...
[M::mem_pestat] (25, 50, 75) percentile: (189, 320, 708)
[M::mem_pestat] low and high boundaries for computing mean and std.dev: (1, 1746)
[M::mem_pestat] mean and std.dev: (418.38, 290.83)
[M::mem_pestat] low and high boundaries for proper pairs: (1, 2265)
[M::mem_pestat] analyzing insert size distribution for orientation FR...
[M::mem_pestat] (25, 50, 75) percentile: (303, 382, 427)
[M::mem_pestat] low and high boundaries for computing mean and std.dev: (55, 675)
[M::mem_pestat] mean and std.dev: (359.58, 94.92)
[M::mem_pestat] low and high boundaries for proper pairs: (1, 799)
[M::mem_pestat] analyzing insert size distribution for orientation RF...
[M::mem_pestat] (25, 50, 75) percentile: (27, 195, 354)
[M::mem_pestat] low and high boundaries for computing mean and std.dev: (1, 1008)
[M::mem_pestat] mean and std.dev: (222.43, 243.39)
[M::mem_pestat] low and high boundaries for proper pairs: (1, 1335)
[M::mem_pestat] analyzing insert size distribution for orientation RR...
[M::mem_pestat] (25, 50, 75) percentile: (158, 275, 666)
[M::mem_pestat] low and high boundaries for computing mean and std.dev: (1, 1682)
[M::mem_pestat] mean and std.dev: (412.07, 351.52)
[M::mem_pestat] low and high boundaries for proper pairs: (1, 2190)
[M::mem_pestat] skip orientation FF
[M::mem_pestat] skip orientation RF
[M::mem_pestat] skip orientation RR
[M::mem_process_seqs] Processed 2670396 reads in 581.145 CPU sec, 148.880 real sec
[M::process] read 2671674 sequences (400000140 bp)...
[M::mem_pestat] # candidate unique pairs for (FF, FR, RF, RR): (122, 228745, 90, 100)
[M::mem_pestat] analyzing insert size distribution for orientation FF...
[M::mem_pestat] (25, 50, 75) percentile: (105, 108, 292)
[M::mem_pestat] low and high boundaries for computing mean and std.dev: (1, 666)
[M::mem_pestat] mean and std.dev: (150.22, 115.82)
[M::mem_pestat] low and high boundaries for proper pairs: (1, 853)
[M::mem_pestat] analyzing insert size distribution for orientation FR...
[M::mem_pestat] (25, 50, 75) percentile: (302, 381, 427)
[M::mem_pestat] low and high boundaries for computing mean and std.dev: (52, 677)
[M::mem_pestat] mean and std.dev: (358.92, 95.51)
[M::mem_pestat] low and high boundaries for proper pairs: (1, 802)
[M::mem_pestat] analyzing insert size distribution for orientation RF...
[M::mem_pestat] (25, 50, 75) percentile: (4, 23, 506)
[M::mem_pestat] low and high boundaries for computing mean and std.dev: (1, 1510)
[M::mem_pestat] mean and std.dev: (194.62, 310.04)
[M::mem_pestat] low and high boundaries for proper pairs: (1, 2012)
[M::mem_pestat] analyzing insert size distribution for orientation RR...
[M::mem_pestat] (25, 50, 75) percentile: (158, 281, 552)
[M::mem_pestat] low and high boundaries for computing mean and std.dev: (1, 1340)
[M::mem_pestat] mean and std.dev: (358.11, 303.41)
[M::mem_pestat] low and high boundaries for proper pairs: (1, 1734)
[M::mem_pestat] skip orientation FF
[M::mem_pestat] skip orientation RF
[M::mem_pestat] skip orientation RR
[M::mem_process_seqs] Processed 2670346 reads in 620.945 CPU sec, 158.693 real sec
[M::process] read 2670304 sequences (400000205 bp)...
[M::mem_pestat] # candidate unique pairs for (FF, FR, RF, RR): (55, 140766, 102, 63)
[M::mem_pestat] analyzing insert size distribution for orientation FF...
[M::mem_pestat] (25, 50, 75) percentile: (215, 230, 730)
[M::mem_pestat] low and high boundaries for computing mean and std.dev: (1, 1760)
[M::mem_pestat] mean and std.dev: (426.50, 327.84)
[M::mem_pestat] low and high boundaries for proper pairs: (1, 2275)
[M::mem_pestat] analyzing insert size distribution for orientation FR...
[M::mem_pestat] (25, 50, 75) percentile: (260, 374, 422)
[M::mem_pestat] low and high boundaries for computing mean and std.dev: (1, 746)
[M::mem_pestat] mean and std.dev: (339.05, 112.35)
[M::mem_pestat] low and high boundaries for proper pairs: (1, 908)
[M::mem_pestat] analyzing insert size distribution for orientation RF...
[M::mem_pestat] (25, 50, 75) percentile: (12, 279, 908)
[M::mem_pestat] low and high boundaries for computing mean and std.dev: (1, 2700)
[M::mem_pestat] mean and std.dev: (547.19, 646.62)
[M::mem_pestat] low and high boundaries for proper pairs: (1, 3596)
[M::mem_pestat] analyzing insert size distribution for orientation RR...
[M::mem_pestat] (25, 50, 75) percentile: (304, 478, 549)
[M::mem_pestat] low and high boundaries for computing mean and std.dev: (1, 1039)
[M::mem_pestat] mean and std.dev: (402.80, 172.11)
[M::mem_pestat] low and high boundaries for proper pairs: (1, 1284)
[M::mem_pestat] skip orientation FF
[M::mem_pestat] skip orientation RF
[M::mem_pestat] skip orientation RR
[M::mem_process_seqs] Processed 2671674 reads in 489.542 CPU sec, 126.063 real sec
[M::process] read 2670336 sequences (400000192 bp)...
[M::mem_pestat] # candidate unique pairs for (FF, FR, RF, RR): (73, 221692, 90, 35)
[M::mem_pestat] analyzing insert size distribution for orientation FF...
[M::mem_pestat] (25, 50, 75) percentile: (186, 277, 532)
[M::mem_pestat] low and high boundaries for computing mean and std.dev: (1, 1224)
[M::mem_pestat] mean and std.dev: (357.28, 247.54)
[M::mem_pestat] low and high boundaries for proper pairs: (1, 1570)
[M::mem_pestat] analyzing insert size distribution for orientation FR...
[M::mem_pestat] (25, 50, 75) percentile: (302, 381, 427)
[M::mem_pestat] low and high boundaries for computing mean and std.dev: (52, 677)
[M::mem_pestat] mean and std.dev: (359.28, 95.61)
[M::mem_pestat] low and high boundaries for proper pairs: (1, 802)
[M::mem_pestat] analyzing insert size distribution for orientation RF...
[M::mem_pestat] (25, 50, 75) percentile: (5, 21, 153)
[M::mem_pestat] low and high boundaries for computing mean and std.dev: (1, 449)
[M::mem_pestat] mean and std.dev: (44.05, 81.45)
[M::mem_pestat] low and high boundaries for proper pairs: (1, 597)
[M::mem_pestat] analyzing insert size distribution for orientation RR...
[M::mem_pestat] (25, 50, 75) percentile: (109, 254, 375)
[M::mem_pestat] low and high boundaries for computing mean and std.dev: (1, 907)
[M::mem_pestat] mean and std.dev: (260.19, 202.22)
[M::mem_pestat] low and high boundaries for proper pairs: (1, 1173)
[M::mem_pestat] skip orientation FF
[M::mem_pestat] skip orientation RF
[M::mem_pestat] skip orientation RR
[M::mem_process_seqs] Processed 2670304 reads in 618.052 CPU sec, 158.069 real sec
[M::process] read 2670444 sequences (400000276 bp)...
[M::mem_pestat] # candidate unique pairs for (FF, FR, RF, RR): (52, 229444, 217, 77)
[M::mem_pestat] analyzing insert size distribution for orientation FF...
[M::mem_pestat] (25, 50, 75) percentile: (214, 663, 1312)
[M::mem_pestat] low and high boundaries for computing mean and std.dev: (1, 3508)
[M::mem_pestat] mean and std.dev: (833.82, 925.58)
[M::mem_pestat] low and high boundaries for proper pairs: (1, 4606)
[M::mem_pestat] analyzing insert size distribution for orientation FR...
[M::mem_pestat] (25, 50, 75) percentile: (305, 382, 427)
[M::mem_pestat] low and high boundaries for computing mean and std.dev: (61, 671)
[M::mem_pestat] mean and std.dev: (360.79, 93.75)
[M::mem_pestat] low and high boundaries for proper pairs: (1, 793)
[M::mem_pestat] analyzing insert size distribution for orientation RF...
[M::mem_pestat] (25, 50, 75) percentile: (165, 217, 1725)
[M::mem_pestat] low and high boundaries for computing mean and std.dev: (1, 4845)
[M::mem_pestat] mean and std.dev: (830.41, 1189.38)
[M::mem_pestat] low and high boundaries for proper pairs: (1, 6405)
[M::mem_pestat] analyzing insert size distribution for orientation RR...
[M::mem_pestat] (25, 50, 75) percentile: (199, 270, 1163)
[M::mem_pestat] low and high boundaries for computing mean and std.dev: (1, 3091)
[M::mem_pestat] mean and std.dev: (521.99, 485.73)
[M::mem_pestat] low and high boundaries for proper pairs: (1, 4055)
[M::mem_pestat] skip orientation FF
[M::mem_pestat] skip orientation RF
[M::mem_pestat] skip orientation RR
[M::mem_process_seqs] Processed 2670336 reads in 563.459 CPU sec, 144.432 real sec
[M::mem_pestat] # candidate unique pairs for (FF, FR, RF, RR): (47, 227994, 150, 63)
[M::mem_pestat] analyzing insert size distribution for orientation FF...
[M::mem_pestat] (25, 50, 75) percentile: (135, 265, 502)
[M::mem_pestat] low and high boundaries for computing mean and std.dev: (1, 1236)
[M::mem_pestat] mean and std.dev: (240.95, 194.32)
[M::mem_pestat] low and high boundaries for proper pairs: (1, 1603)
[M::mem_pestat] analyzing insert size distribution for orientation FR...
[M::mem_pestat] (25, 50, 75) percentile: (302, 381, 427)
[M::mem_pestat] low and high boundaries for computing mean and std.dev: (52, 677)
[M::mem_pestat] mean and std.dev: (358.86, 95.45)
[M::mem_pestat] low and high boundaries for proper pairs: (1, 802)
[M::mem_pestat] analyzing insert size distribution for orientation RF...
[M::mem_pestat] (25, 50, 75) percentile: (160, 283, 1553)
[M::mem_pestat] low and high boundaries for computing mean and std.dev: (1, 4339)
[M::mem_pestat] mean and std.dev: (853.44, 932.50)
[M::mem_pestat] low and high boundaries for proper pairs: (1, 5732)
[M::mem_pestat] analyzing insert size distribution for orientation RR...
[M::mem_pestat] (25, 50, 75) percentile: (69, 179, 337)
[M::mem_pestat] low and high boundaries for computing mean and std.dev: (1, 873)
[M::mem_pestat] mean and std.dev: (207.52, 179.26)
[M::mem_pestat] low and high boundaries for proper pairs: (1, 1141)
[M::mem_pestat] skip orientation FF
[M::mem_pestat] skip orientation RF
[M::mem_pestat] skip orientation RR
[M::process] read 2670382 sequences (400000112 bp)...
[M::mem_process_seqs] Processed 2670444 reads in 565.535 CPU sec, 145.516 real sec
[M::process] read 2670344 sequences (400000216 bp)...
[M::mem_pestat] # candidate unique pairs for (FF, FR, RF, RR): (39, 235058, 39, 63)
[M::mem_pestat] analyzing insert size distribution for orientation FF...
[M::mem_pestat] (25, 50, 75) percentile: (183, 304, 800)
[M::mem_pestat] low and high boundaries for computing mean and std.dev: (1, 2034)
[M::mem_pestat] mean and std.dev: (408.25, 320.70)
[M::mem_pestat] low and high boundaries for proper pairs: (1, 2651)
[M::mem_pestat] analyzing insert size distribution for orientation FR...
[M::mem_pestat] (25, 50, 75) percentile: (301, 381, 427)
[M::mem_pestat] low and high boundaries for computing mean and std.dev: (49, 679)
[M::mem_pestat] mean and std.dev: (358.77, 96.05)
[M::mem_pestat] low and high boundaries for proper pairs: (1, 805)
[M::mem_pestat] analyzing insert size distribution for orientation RF...
[M::mem_pestat] (25, 50, 75) percentile: (15, 137, 2371)
[M::mem_pestat] low and high boundaries for computing mean and std.dev: (1, 7083)
[M::mem_pestat] mean and std.dev: (1418.31, 2167.81)
[M::mem_pestat] low and high boundaries for proper pairs: (1, 10090)
[M::mem_pestat] analyzing insert size distribution for orientation RR...
[M::mem_pestat] (25, 50, 75) percentile: (206, 280, 829)
[M::mem_pestat] low and high boundaries for computing mean and std.dev: (1, 2075)
[M::mem_pestat] mean and std.dev: (358.13, 307.13)
[M::mem_pestat] low and high boundaries for proper pairs: (1, 2698)
[M::mem_pestat] skip orientation FF
[M::mem_pestat] skip orientation RF
[M::mem_pestat] skip orientation RR
[M::mem_process_seqs] Processed 2670382 reads in 602.267 CPU sec, 154.400 real sec
[M::process] read 2670462 sequences (400000229 bp)...
[M::mem_pestat] # candidate unique pairs for (FF, FR, RF, RR): (38, 230399, 79, 54)
[M::mem_pestat] analyzing insert size distribution for orientation FF...
[M::mem_pestat] (25, 50, 75) percentile: (178, 325, 457)
[M::mem_pestat] low and high boundaries for computing mean and std.dev: (1, 1015)
[M::mem_pestat] mean and std.dev: (316.91, 211.94)
[M::mem_pestat] low and high boundaries for proper pairs: (1, 1294)
[M::mem_pestat] analyzing insert size distribution for orientation FR...
[M::mem_pestat] (25, 50, 75) percentile: (304, 382, 427)
[M::mem_pestat] low and high boundaries for computing mean and std.dev: (58, 673)
[M::mem_pestat] mean and std.dev: (360.28, 93.57)
[M::mem_pestat] low and high boundaries for proper pairs: (1, 796)
[M::mem_pestat] analyzing insert size distribution for orientation RF...
[M::mem_pestat] (25, 50, 75) percentile: (74, 146, 830)
[M::mem_pestat] low and high boundaries for computing mean and std.dev: (1, 2342)
[M::mem_pestat] mean and std.dev: (323.00, 380.75)
[M::mem_pestat] low and high boundaries for proper pairs: (1, 3098)
[M::mem_pestat] analyzing insert size distribution for orientation RR...
[M::mem_pestat] (25, 50, 75) percentile: (121, 381, 1358)
[M::mem_pestat] low and high boundaries for computing mean and std.dev: (1, 3832)
[M::mem_pestat] mean and std.dev: (724.25, 692.06)
[M::mem_pestat] low and high boundaries for proper pairs: (1, 5069)
[M::mem_pestat] skip orientation FF
[M::mem_pestat] skip orientation RF
[M::mem_pestat] skip orientation RR
[M::mem_process_seqs] Processed 2670344 reads in 575.894 CPU sec, 147.789 real sec
[M::process] read 2670354 sequences (400000107 bp)...
[M::mem_pestat] # candidate unique pairs for (FF, FR, RF, RR): (58, 230505, 68, 52)
[M::mem_pestat] analyzing insert size distribution for orientation FF...
[M::mem_pestat] (25, 50, 75) percentile: (184, 377, 832)
[M::mem_pestat] low and high boundaries for computing mean and std.dev: (1, 2128)
[M::mem_pestat] mean and std.dev: (473.06, 406.51)
[M::mem_pestat] low and high boundaries for proper pairs: (1, 2776)
[M::mem_pestat] analyzing insert size distribution for orientation FR...
[M::mem_pestat] (25, 50, 75) percentile: (303, 382, 427)
[M::mem_pestat] low and high boundaries for computing mean and std.dev: (55, 675)
[M::mem_pestat] mean and std.dev: (359.28, 95.49)
[M::mem_pestat] low and high boundaries for proper pairs: (1, 799)
[M::mem_pestat] analyzing insert size distribution for orientation RF...
[M::mem_pestat] (25, 50, 75) percentile: (11, 148, 1673)
[M::mem_pestat] low and high boundaries for computing mean and std.dev: (1, 4997)
[M::mem_pestat] mean and std.dev: (493.47, 1082.58)
[M::mem_pestat] low and high boundaries for proper pairs: (1, 6659)
[M::mem_pestat] analyzing insert size distribution for orientation RR...
[M::mem_pestat] (25, 50, 75) percentile: (231, 336, 915)
[M::mem_pestat] low and high boundaries for computing mean and std.dev: (1, 2283)
[M::mem_pestat] mean and std.dev: (444.40, 350.68)
[M::mem_pestat] low and high boundaries for proper pairs: (1, 2967)
[M::mem_pestat] skip orientation FF
[M::mem_pestat] skip orientation RF
[M::mem_pestat] skip orientation RR
[M::mem_process_seqs] Processed 2670462 reads in 578.715 CPU sec, 148.452 real sec
[M::process] read 2670360 sequences (400000097 bp)...
[M::mem_pestat] # candidate unique pairs for (FF, FR, RF, RR): (51, 235487, 112, 156)
[M::mem_pestat] analyzing insert size distribution for orientation FF...
[M::mem_pestat] (25, 50, 75) percentile: (275, 354, 1179)
[M::mem_pestat] low and high boundaries for computing mean and std.dev: (1, 2987)
[M::mem_pestat] mean and std.dev: (794.08, 816.90)
[M::mem_pestat] low and high boundaries for proper pairs: (1, 4062)
[M::mem_pestat] analyzing insert size distribution for orientation FR...
[M::mem_pestat] (25, 50, 75) percentile: (299, 381, 427)
[M::mem_pestat] low and high boundaries for computing mean and std.dev: (43, 683)
[M::mem_pestat] mean and std.dev: (357.60, 97.20)
[M::mem_pestat] low and high boundaries for proper pairs: (1, 811)
[M::mem_pestat] analyzing insert size distribution for orientation RF...
[M::mem_pestat] (25, 50, 75) percentile: (15, 194, 248)
[M::mem_pestat] low and high boundaries for computing mean and std.dev: (1, 714)
[M::mem_pestat] mean and std.dev: (137.66, 137.57)
[M::mem_pestat] low and high boundaries for proper pairs: (1, 947)
[M::mem_pestat] analyzing insert size distribution for orientation RR...
[M::mem_pestat] (25, 50, 75) percentile: (105, 108, 300)
[M::mem_pestat] low and high boundaries for computing mean and std.dev: (1, 690)
[M::mem_pestat] mean and std.dev: (174.36, 114.87)
[M::mem_pestat] low and high boundaries for proper pairs: (1, 885)
[M::mem_pestat] skip orientation FF
[M::mem_pestat] skip orientation RF
[M::mem_pestat] skip orientation RR
[M::mem_process_seqs] Processed 2670354 reads in 572.581 CPU sec, 146.930 real sec
[M::process] read 2670344 sequences (400000171 bp)...
[M::mem_pestat] # candidate unique pairs for (FF, FR, RF, RR): (54, 234924, 77, 31)
[M::mem_pestat] analyzing insert size distribution for orientation FF...
[M::mem_pestat] (25, 50, 75) percentile: (164, 237, 471)
[M::mem_pestat] low and high boundaries for computing mean and std.dev: (1, 1085)
[M::mem_pestat] mean and std.dev: (285.63, 202.64)
[M::mem_pestat] low and high boundaries for proper pairs: (1, 1392)
[M::mem_pestat] analyzing insert size distribution for orientation FR...
[M::mem_pestat] (25, 50, 75) percentile: (306, 382, 427)
[M::mem_pestat] low and high boundaries for computing mean and std.dev: (64, 669)
[M::mem_pestat] mean and std.dev: (361.45, 93.00)
[M::mem_pestat] low and high boundaries for proper pairs: (1, 790)
[M::mem_pestat] analyzing insert size distribution for orientation RF...
[M::mem_pestat] (25, 50, 75) percentile: (28, 283, 2291)
[M::mem_pestat] low and high boundaries for computing mean and std.dev: (1, 6817)
[M::mem_pestat] mean and std.dev: (1040.79, 1454.32)
[M::mem_pestat] low and high boundaries for proper pairs: (1, 9080)
[M::mem_pestat] analyzing insert size distribution for orientation RR...
[M::mem_pestat] (25, 50, 75) percentile: (270, 288, 390)
[M::mem_pestat] low and high boundaries for computing mean and std.dev: (30, 630)
[M::mem_pestat] mean and std.dev: (285.71, 130.86)
[M::mem_pestat] low and high boundaries for proper pairs: (1, 809)
[M::mem_pestat] skip orientation FF
[M::mem_pestat] skip orientation RF
[M::mem_pestat] skip orientation RR
[M::mem_process_seqs] Processed 2670360 reads in 566.681 CPU sec, 145.211 real sec
[M::process] read 2670368 sequences (400000056 bp)...
[M::mem_pestat] # candidate unique pairs for (FF, FR, RF, RR): (62, 235355, 60, 58)
[M::mem_pestat] analyzing insert size distribution for orientation FF...
[M::mem_pestat] (25, 50, 75) percentile: (169, 295, 375)
[M::mem_pestat] low and high boundaries for computing mean and std.dev: (1, 787)
[M::mem_pestat] mean and std.dev: (260.29, 147.91)
[M::mem_pestat] low and high boundaries for proper pairs: (1, 993)
[M::mem_pestat] analyzing insert size distribution for orientation FR...
[M::mem_pestat] (25, 50, 75) percentile: (304, 382, 427)
[M::mem_pestat] low and high boundaries for computing mean and std.dev: (58, 673)
[M::mem_pestat] mean and std.dev: (360.15, 94.21)
[M::mem_pestat] low and high boundaries for proper pairs: (1, 796)
[M::mem_pestat] analyzing insert size distribution for orientation RF...
[M::mem_pestat] (25, 50, 75) percentile: (14, 250, 1783)
[M::mem_pestat] low and high boundaries for computing mean and std.dev: (1, 5321)
[M::mem_pestat] mean and std.dev: (957.27, 1627.56)
[M::mem_pestat] low and high boundaries for proper pairs: (1, 7468)
[M::mem_pestat] analyzing insert size distribution for orientation RR...
[M::mem_pestat] (25, 50, 75) percentile: (249, 414, 985)
[M::mem_pestat] low and high boundaries for computing mean and std.dev: (1, 2457)
[M::mem_pestat] mean and std.dev: (403.43, 269.87)
[M::mem_pestat] low and high boundaries for proper pairs: (1, 3193)
[M::mem_pestat] skip orientation FF
[M::mem_pestat] skip orientation RF
[M::mem_pestat] skip orientation RR
[M::mem_process_seqs] Processed 2670344 reads in 559.911 CPU sec, 143.636 real sec
[M::process] read 2670384 sequences (400000154 bp)...
[M::mem_pestat] # candidate unique pairs for (FF, FR, RF, RR): (84, 228924, 54, 59)
[M::mem_pestat] analyzing insert size distribution for orientation FF...
[M::mem_pestat] (25, 50, 75) percentile: (193, 286, 463)
[M::mem_pestat] low and high boundaries for computing mean and std.dev: (1, 1003)
[M::mem_pestat] mean and std.dev: (257.05, 139.77)
[M::mem_pestat] low and high boundaries for proper pairs: (1, 1273)
[M::mem_pestat] analyzing insert size distribution for orientation FR...
[M::mem_pestat] (25, 50, 75) percentile: (304, 382, 427)
[M::mem_pestat] low and high boundaries for computing mean and std.dev: (58, 673)
[M::mem_pestat] mean and std.dev: (360.30, 94.50)
[M::mem_pestat] low and high boundaries for proper pairs: (1, 796)
[M::mem_pestat] analyzing insert size distribution for orientation RF...
[M::mem_pestat] (25, 50, 75) percentile: (47, 579, 1815)
[M::mem_pestat] low and high boundaries for computing mean and std.dev: (1, 5351)
[M::mem_pestat] mean and std.dev: (860.86, 906.88)
[M::mem_pestat] low and high boundaries for proper pairs: (1, 7119)
[M::mem_pestat] analyzing insert size distribution for orientation RR...
[M::mem_pestat] (25, 50, 75) percentile: (204, 324, 1122)
[M::mem_pestat] low and high boundaries for computing mean and std.dev: (1, 2958)
[M::mem_pestat] mean and std.dev: (663.78, 691.69)
[M::mem_pestat] low and high boundaries for proper pairs: (1, 3876)
[M::mem_pestat] skip orientation FF
[M::mem_pestat] skip orientation RF
[M::mem_pestat] skip orientation RR
[M::mem_process_seqs] Processed 2670368 reads in 569.454 CPU sec, 145.937 real sec
[M::process] read 2670444 sequences (400000247 bp)...
[M::mem_pestat] # candidate unique pairs for (FF, FR, RF, RR): (43, 226690, 77, 37)
[M::mem_pestat] analyzing insert size distribution for orientation FF...
[M::mem_pestat] (25, 50, 75) percentile: (176, 292, 532)
[M::mem_pestat] low and high boundaries for computing mean and std.dev: (1, 1244)
[M::mem_pestat] mean and std.dev: (281.31, 212.14)
[M::mem_pestat] low and high boundaries for proper pairs: (1, 1600)
[M::mem_pestat] analyzing insert size distribution for orientation FR...
[M::mem_pestat] (25, 50, 75) percentile: (299, 381, 427)
[M::mem_pestat] low and high boundaries for computing mean and std.dev: (43, 683)
[M::mem_pestat] mean and std.dev: (357.29, 97.31)
[M::mem_pestat] low and high boundaries for proper pairs: (1, 811)
[M::mem_pestat] analyzing insert size distribution for orientation RF...
[M::mem_pestat] (25, 50, 75) percentile: (12, 160, 902)
[M::mem_pestat] low and high boundaries for computing mean and std.dev: (1, 2682)
[M::mem_pestat] mean and std.dev: (419.43, 778.99)
[M::mem_pestat] low and high boundaries for proper pairs: (1, 3572)
[M::mem_pestat] analyzing insert size distribution for orientation RR...
[M::mem_pestat] (25, 50, 75) percentile: (134, 248, 647)
[M::mem_pestat] low and high boundaries for computing mean and std.dev: (1, 1673)
[M::mem_pestat] mean and std.dev: (293.88, 258.40)
[M::mem_pestat] low and high boundaries for proper pairs: (1, 2186)
[M::mem_pestat] skip orientation FF
[M::mem_pestat] skip orientation RF
[M::mem_pestat] skip orientation RR
[M::mem_process_seqs] Processed 2670384 reads in 597.403 CPU sec, 152.925 real sec
[M::process] read 2670324 sequences (400000148 bp)...
[M::mem_pestat] # candidate unique pairs for (FF, FR, RF, RR): (33, 226516, 100, 70)
[M::mem_pestat] analyzing insert size distribution for orientation FF...
[M::mem_pestat] (25, 50, 75) percentile: (172, 298, 2046)
[M::mem_pestat] low and high boundaries for computing mean and std.dev: (1, 5794)
[M::mem_pestat] mean and std.dev: (509.10, 674.03)
[M::mem_pestat] low and high boundaries for proper pairs: (1, 7668)
[M::mem_pestat] analyzing insert size distribution for orientation FR...
[M::mem_pestat] (25, 50, 75) percentile: (303, 382, 427)
[M::mem_pestat] low and high boundaries for computing mean and std.dev: (55, 675)
[M::mem_pestat] mean and std.dev: (359.81, 94.62)
[M::mem_pestat] low and high boundaries for proper pairs: (1, 799)
[M::mem_pestat] analyzing insert size distribution for orientation RF...
[M::mem_pestat] (25, 50, 75) percentile: (11, 211, 434)
[M::mem_pestat] low and high boundaries for computing mean and std.dev: (1, 1280)
[M::mem_pestat] mean and std.dev: (232.12, 297.94)
[M::mem_pestat] low and high boundaries for proper pairs: (1, 1703)
[M::mem_pestat] analyzing insert size distribution for orientation RR...
[M::mem_pestat] (25, 50, 75) percentile: (154, 337, 815)
[M::mem_pestat] low and high boundaries for computing mean and std.dev: (1, 2137)
[M::mem_pestat] mean and std.dev: (495.55, 429.43)
[M::mem_pestat] low and high boundaries for proper pairs: (1, 2798)
[M::mem_pestat] skip orientation FF
[M::mem_pestat] skip orientation RF
[M::mem_pestat] skip orientation RR
[M::mem_process_seqs] Processed 2670444 reads in 580.387 CPU sec, 148.705 real sec
[M::process] read 2670562 sequences (400000049 bp)...
[M::mem_pestat] # candidate unique pairs for (FF, FR, RF, RR): (44, 234965, 82, 66)
[M::mem_pestat] analyzing insert size distribution for orientation FF...
[M::mem_pestat] (25, 50, 75) percentile: (257, 314, 633)
[M::mem_pestat] low and high boundaries for computing mean and std.dev: (1, 1385)
[M::mem_pestat] mean and std.dev: (364.07, 268.22)
[M::mem_pestat] low and high boundaries for proper pairs: (1, 1761)
[M::mem_pestat] analyzing insert size distribution for orientation FR...
[M::mem_pestat] (25, 50, 75) percentile: (303, 382, 427)
[M::mem_pestat] low and high boundaries for computing mean and std.dev: (55, 675)
[M::mem_pestat] mean and std.dev: (359.75, 94.93)
[M::mem_pestat] low and high boundaries for proper pairs: (1, 799)
[M::mem_pestat] analyzing insert size distribution for orientation RF...
[M::mem_pestat] (25, 50, 75) percentile: (8, 213, 614)
[M::mem_pestat] low and high boundaries for computing mean and std.dev: (1, 1826)
[M::mem_pestat] mean and std.dev: (326.29, 372.37)
[M::mem_pestat] low and high boundaries for proper pairs: (1, 2432)
[M::mem_pestat] analyzing insert size distribution for orientation RR...
[M::mem_pestat] (25, 50, 75) percentile: (64, 231, 680)
[M::mem_pestat] low and high boundaries for computing mean and std.dev: (1, 1912)
[M::mem_pestat] mean and std.dev: (339.50, 326.03)
[M::mem_pestat] low and high boundaries for proper pairs: (1, 2528)
[M::mem_pestat] skip orientation FF
[M::mem_pestat] skip orientation RF
[M::mem_pestat] skip orientation RR
[M::mem_process_seqs] Processed 2670324 reads in 566.104 CPU sec, 145.087 real sec
[M::process] read 2670370 sequences (400000135 bp)...
[M::mem_pestat] # candidate unique pairs for (FF, FR, RF, RR): (38, 214809, 150, 144)
[M::mem_pestat] analyzing insert size distribution for orientation FF...
[M::mem_pestat] (25, 50, 75) percentile: (142, 252, 407)
[M::mem_pestat] low and high boundaries for computing mean and std.dev: (1, 937)
[M::mem_pestat] mean and std.dev: (235.61, 158.39)
[M::mem_pestat] low and high boundaries for proper pairs: (1, 1202)
[M::mem_pestat] analyzing insert size distribution for orientation FR...
[M::mem_pestat] (25, 50, 75) percentile: (304, 382, 427)
[M::mem_pestat] low and high boundaries for computing mean and std.dev: (58, 673)
[M::mem_pestat] mean and std.dev: (360.18, 94.26)
[M::mem_pestat] low and high boundaries for proper pairs: (1, 796)
[M::mem_pestat] analyzing insert size distribution for orientation RF...
[M::mem_pestat] (25, 50, 75) percentile: (186, 2235, 2335)
[M::mem_pestat] low and high boundaries for computing mean and std.dev: (1, 6633)
[M::mem_pestat] mean and std.dev: (1487.03, 1076.47)
[M::mem_pestat] low and high boundaries for proper pairs: (1, 8782)
[M::mem_pestat] analyzing insert size distribution for orientation RR...
[M::mem_pestat] (25, 50, 75) percentile: (207, 282, 1022)
[M::mem_pestat] low and high boundaries for computing mean and std.dev: (1, 2652)
[M::mem_pestat] mean and std.dev: (467.77, 393.30)
[M::mem_pestat] low and high boundaries for proper pairs: (1, 3467)
[M::mem_pestat] skip orientation FF
[M::mem_pestat] skip orientation RF
[M::mem_pestat] skip orientation RR
[M::mem_process_seqs] Processed 2670562 reads in 590.130 CPU sec, 151.072 real sec
[M::process] read 2670400 sequences (400000022 bp)...
[M::mem_pestat] # candidate unique pairs for (FF, FR, RF, RR): (54, 232539, 44, 22)
[M::mem_pestat] analyzing insert size distribution for orientation FF...
[M::mem_pestat] (25, 50, 75) percentile: (178, 267, 545)
[M::mem_pestat] low and high boundaries for computing mean and std.dev: (1, 1279)
[M::mem_pestat] mean and std.dev: (359.19, 261.35)
[M::mem_pestat] low and high boundaries for proper pairs: (1, 1646)
[M::mem_pestat] analyzing insert size distribution for orientation FR...
[M::mem_pestat] (25, 50, 75) percentile: (303, 382, 427)
[M::mem_pestat] low and high boundaries for computing mean and std.dev: (55, 675)
[M::mem_pestat] mean and std.dev: (360.05, 94.36)
[M::mem_pestat] low and high boundaries for proper pairs: (1, 799)
[M::mem_pestat] analyzing insert size distribution for orientation RF...
[M::mem_pestat] (25, 50, 75) percentile: (7, 24, 563)
[M::mem_pestat] low and high boundaries for computing mean and std.dev: (1, 1675)
[M::mem_pestat] mean and std.dev: (217.10, 301.61)
[M::mem_pestat] low and high boundaries for proper pairs: (1, 2231)
[M::mem_pestat] analyzing insert size distribution for orientation RR...
[M::mem_pestat] (25, 50, 75) percentile: (282, 615, 1000)
[M::mem_pestat] low and high boundaries for computing mean and std.dev: (1, 2436)
[M::mem_pestat] mean and std.dev: (654.25, 455.09)
[M::mem_pestat] low and high boundaries for proper pairs: (1, 3154)
[M::mem_pestat] skip orientation FF
[M::mem_pestat] skip orientation RF
[M::mem_pestat] skip orientation RR
[M::mem_process_seqs] Processed 2670370 reads in 561.107 CPU sec, 143.865 real sec
[M::process] read 2670390 sequences (400000083 bp)...
[M::mem_pestat] # candidate unique pairs for (FF, FR, RF, RR): (77, 236248, 83, 55)
[M::mem_pestat] analyzing insert size distribution for orientation FF...
[M::mem_pestat] (25, 50, 75) percentile: (169, 188, 788)
[M::mem_pestat] low and high boundaries for computing mean and std.dev: (1, 2026)
[M::mem_pestat] mean and std.dev: (334.00, 342.81)
[M::mem_pestat] low and high boundaries for proper pairs: (1, 2645)
[M::mem_pestat] analyzing insert size distribution for orientation FR...
[M::mem_pestat] (25, 50, 75) percentile: (305, 382, 427)
[M::mem_pestat] low and high boundaries for computing mean and std.dev: (61, 671)
[M::mem_pestat] mean and std.dev: (360.97, 93.60)
[M::mem_pestat] low and high boundaries for proper pairs: (1, 793)
[M::mem_pestat] analyzing insert size distribution for orientation RF...
[M::mem_pestat] (25, 50, 75) percentile: (37, 233, 902)
[M::mem_pestat] low and high boundaries for computing mean and std.dev: (1, 2632)
[M::mem_pestat] mean and std.dev: (562.96, 747.65)
[M::mem_pestat] low and high boundaries for proper pairs: (1, 3554)
[M::mem_pestat] analyzing insert size distribution for orientation RR...
[M::mem_pestat] (25, 50, 75) percentile: (201, 509, 921)
[M::mem_pestat] low and high boundaries for computing mean and std.dev: (1, 2361)
[M::mem_pestat] mean and std.dev: (586.15, 459.15)
[M::mem_pestat] low and high boundaries for proper pairs: (1, 3081)
[M::mem_pestat] skip orientation FF
[M::mem_pestat] skip orientation RF
[M::mem_pestat] skip orientation RR
[M::mem_process_seqs] Processed 2670400 reads in 559.506 CPU sec, 143.414 real sec
[M::process] read 2670340 sequences (400000253 bp)...
[M::mem_pestat] # candidate unique pairs for (FF, FR, RF, RR): (49, 229918, 62, 45)
[M::mem_pestat] analyzing insert size distribution for orientation FF...
[M::mem_pestat] (25, 50, 75) percentile: (262, 328, 996)
[M::mem_pestat] low and high boundaries for computing mean and std.dev: (1, 2464)
[M::mem_pestat] mean and std.dev: (580.87, 448.13)
[M::mem_pestat] low and high boundaries for proper pairs: (1, 3198)
[M::mem_pestat] analyzing insert size distribution for orientation FR...
[M::mem_pestat] (25, 50, 75) percentile: (304, 382, 427)
[M::mem_pestat] low and high boundaries for computing mean and std.dev: (58, 673)
[M::mem_pestat] mean and std.dev: (360.53, 93.85)
[M::mem_pestat] low and high boundaries for proper pairs: (1, 796)
[M::mem_pestat] analyzing insert size distribution for orientation RF...
[M::mem_pestat] (25, 50, 75) percentile: (7, 46, 664)
[M::mem_pestat] low and high boundaries for computing mean and std.dev: (1, 1978)
[M::mem_pestat] mean and std.dev: (219.31, 407.74)
[M::mem_pestat] low and high boundaries for proper pairs: (1, 2635)
[M::mem_pestat] analyzing insert size distribution for orientation RR...
[M::mem_pestat] (25, 50, 75) percentile: (215, 270, 508)
[M::mem_pestat] low and high boundaries for computing mean and std.dev: (1, 1094)
[M::mem_pestat] mean and std.dev: (330.52, 245.83)
[M::mem_pestat] low and high boundaries for proper pairs: (1, 1387)
[M::mem_pestat] skip orientation FF
[M::mem_pestat] skip orientation RF
[M::mem_pestat] skip orientation RR
[M::mem_process_seqs] Processed 2670390 reads in 596.778 CPU sec, 152.731 real sec
[M::process] read 2670308 sequences (400000214 bp)...
[M::mem_pestat] # candidate unique pairs for (FF, FR, RF, RR): (98, 231869, 148, 85)
[M::mem_pestat] analyzing insert size distribution for orientation FF...
[M::mem_pestat] (25, 50, 75) percentile: (301, 468, 1013)
[M::mem_pestat] low and high boundaries for computing mean and std.dev: (1, 2437)
[M::mem_pestat] mean and std.dev: (580.20, 421.25)
[M::mem_pestat] low and high boundaries for proper pairs: (1, 3149)
[M::mem_pestat] analyzing insert size distribution for orientation FR...
[M::mem_pestat] (25, 50, 75) percentile: (300, 381, 426)
[M::mem_pestat] low and high boundaries for computing mean and std.dev: (48, 678)
[M::mem_pestat] mean and std.dev: (358.17, 96.07)
[M::mem_pestat] low and high boundaries for proper pairs: (1, 804)
[M::mem_pestat] analyzing insert size distribution for orientation RF...
[M::mem_pestat] (25, 50, 75) percentile: (9, 471, 885)
[M::mem_pestat] low and high boundaries for computing mean and std.dev: (1, 2637)
[M::mem_pestat] mean and std.dev: (506.61, 520.06)
[M::mem_pestat] low and high boundaries for proper pairs: (1, 3513)
[M::mem_pestat] analyzing insert size distribution for orientation RR...
[M::mem_pestat] (25, 50, 75) percentile: (560, 1102, 1178)
[M::mem_pestat] low and high boundaries for computing mean and std.dev: (1, 2414)
[M::mem_pestat] mean and std.dev: (865.58, 387.89)
[M::mem_pestat] low and high boundaries for proper pairs: (1, 3032)
[M::mem_pestat] skip orientation FF
[M::mem_pestat] skip orientation RF
[M::mem_pestat] skip orientation RR
[M::mem_process_seqs] Processed 2670340 reads in 571.299 CPU sec, 146.629 real sec
[M::process] read 2670386 sequences (400000150 bp)...
[M::mem_pestat] # candidate unique pairs for (FF, FR, RF, RR): (97, 228702, 116, 51)
[M::mem_pestat] analyzing insert size distribution for orientation FF...
[M::mem_pestat] (25, 50, 75) percentile: (97, 169, 464)
[M::mem_pestat] low and high boundaries for computing mean and std.dev: (1, 1198)
[M::mem_pestat] mean and std.dev: (304.24, 314.45)
[M::mem_pestat] low and high boundaries for proper pairs: (1, 1565)
[M::mem_pestat] analyzing insert size distribution for orientation FR...
[M::mem_pestat] (25, 50, 75) percentile: (303, 382, 427)
[M::mem_pestat] low and high boundaries for computing mean and std.dev: (55, 675)
[M::mem_pestat] mean and std.dev: (360.09, 94.93)
[M::mem_pestat] low and high boundaries for proper pairs: (1, 799)
[M::mem_pestat] analyzing insert size distribution for orientation RF...
[M::mem_pestat] (25, 50, 75) percentile: (17, 215, 884)
[M::mem_pestat] low and high boundaries for computing mean and std.dev: (1, 2618)
[M::mem_pestat] mean and std.dev: (481.99, 636.03)
[M::mem_pestat] low and high boundaries for proper pairs: (1, 3485)
[M::mem_pestat] analyzing insert size distribution for orientation RR...
[M::mem_pestat] (25, 50, 75) percentile: (228, 405, 823)
[M::mem_pestat] low and high boundaries for computing mean and std.dev: (1, 2013)
[M::mem_pestat] mean and std.dev: (476.55, 368.17)
[M::mem_pestat] low and high boundaries for proper pairs: (1, 2608)
[M::mem_pestat] skip orientation FF
[M::mem_pestat] skip orientation RF
[M::mem_pestat] skip orientation RR
[M::mem_process_seqs] Processed 2670308 reads in 602.115 CPU sec, 154.274 real sec
[M::process] read 2670438 sequences (400000058 bp)...
[M::mem_pestat] # candidate unique pairs for (FF, FR, RF, RR): (112, 231012, 66, 41)
[M::mem_pestat] analyzing insert size distribution for orientation FF...
[M::mem_pestat] (25, 50, 75) percentile: (269, 1072, 1141)
[M::mem_pestat] low and high boundaries for computing mean and std.dev: (1, 2885)
[M::mem_pestat] mean and std.dev: (779.85, 437.75)
[M::mem_pestat] low and high boundaries for proper pairs: (1, 3757)
[M::mem_pestat] analyzing insert size distribution for orientation FR...
[M::mem_pestat] (25, 50, 75) percentile: (304, 382, 428)
[M::mem_pestat] low and high boundaries for computing mean and std.dev: (56, 676)
[M::mem_pestat] mean and std.dev: (360.56, 94.24)
[M::mem_pestat] low and high boundaries for proper pairs: (1, 800)
[M::mem_pestat] analyzing insert size distribution for orientation RF...
[M::mem_pestat] (25, 50, 75) percentile: (13, 189, 571)
[M::mem_pestat] low and high boundaries for computing mean and std.dev: (1, 1687)
[M::mem_pestat] mean and std.dev: (229.21, 253.84)
[M::mem_pestat] low and high boundaries for proper pairs: (1, 2245)
[M::mem_pestat] analyzing insert size distribution for orientation RR...
[M::mem_pestat] (25, 50, 75) percentile: (130, 192, 351)
[M::mem_pestat] low and high boundaries for computing mean and std.dev: (1, 793)
[M::mem_pestat] mean and std.dev: (211.46, 129.00)
[M::mem_pestat] low and high boundaries for proper pairs: (1, 1014)
[M::mem_pestat] skip orientation FF
[M::mem_pestat] skip orientation RF
[M::mem_pestat] skip orientation RR
[M::mem_process_seqs] Processed 2670386 reads in 583.349 CPU sec, 149.430 real sec
[M::process] read 2670366 sequences (400000261 bp)...
[M::mem_pestat] # candidate unique pairs for (FF, FR, RF, RR): (60, 227259, 133, 94)
[M::mem_pestat] analyzing insert size distribution for orientation FF...
[M::mem_pestat] (25, 50, 75) percentile: (257, 489, 1177)
[M::mem_pestat] low and high boundaries for computing mean and std.dev: (1, 3017)
[M::mem_pestat] mean and std.dev: (679.13, 461.35)
[M::mem_pestat] low and high boundaries for proper pairs: (1, 3937)
[M::mem_pestat] analyzing insert size distribution for orientation FR...
[M::mem_pestat] (25, 50, 75) percentile: (293, 380, 426)
[M::mem_pestat] low and high boundaries for computing mean and std.dev: (27, 692)
[M::mem_pestat] mean and std.dev: (353.42, 101.91)
[M::mem_pestat] low and high boundaries for proper pairs: (1, 825)
[M::mem_pestat] analyzing insert size distribution for orientation RF...
[M::mem_pestat] (25, 50, 75) percentile: (6, 25, 1141)
[M::mem_pestat] low and high boundaries for computing mean and std.dev: (1, 3411)
[M::mem_pestat] mean and std.dev: (754.15, 1087.19)
[M::mem_pestat] low and high boundaries for proper pairs: (1, 5103)
[M::mem_pestat] analyzing insert size distribution for orientation RR...
[M::mem_pestat] (25, 50, 75) percentile: (107, 222, 584)
[M::mem_pestat] low and high boundaries for computing mean and std.dev: (1, 1538)
[M::mem_pestat] mean and std.dev: (390.94, 396.75)
[M::mem_pestat] low and high boundaries for proper pairs: (1, 2015)
[M::mem_pestat] skip orientation FF
[M::mem_pestat] skip orientation RF
[M::mem_pestat] skip orientation RR
[M::mem_process_seqs] Processed 2670438 reads in 573.127 CPU sec, 146.832 real sec
[M::process] read 2670350 sequences (400000152 bp)...
[M::mem_pestat] # candidate unique pairs for (FF, FR, RF, RR): (58, 234261, 318, 63)
[M::mem_pestat] analyzing insert size distribution for orientation FF...
[M::mem_pestat] (25, 50, 75) percentile: (111, 227, 310)
[M::mem_pestat] low and high boundaries for computing mean and std.dev: (1, 708)
[M::mem_pestat] mean and std.dev: (224.71, 147.17)
[M::mem_pestat] low and high boundaries for proper pairs: (1, 907)
[M::mem_pestat] analyzing insert size distribution for orientation FR...
[M::mem_pestat] (25, 50, 75) percentile: (302, 381, 427)
[M::mem_pestat] low and high boundaries for computing mean and std.dev: (52, 677)
[M::mem_pestat] mean and std.dev: (359.42, 95.01)
[M::mem_pestat] low and high boundaries for proper pairs: (1, 802)
[M::mem_pestat] analyzing insert size distribution for orientation RF...
[M::mem_pestat] (25, 50, 75) percentile: (469, 489, 971)
[M::mem_pestat] low and high boundaries for computing mean and std.dev: (1, 1975)
[M::mem_pestat] mean and std.dev: (713.87, 463.86)
[M::mem_pestat] low and high boundaries for proper pairs: (1, 2569)
[M::mem_pestat] analyzing insert size distribution for orientation RR...
[M::mem_pestat] (25, 50, 75) percentile: (216, 297, 689)
[M::mem_pestat] low and high boundaries for computing mean and std.dev: (1, 1635)
[M::mem_pestat] mean and std.dev: (423.72, 349.25)
[M::mem_pestat] low and high boundaries for proper pairs: (1, 2108)
[M::mem_pestat] skip orientation FF
[M::mem_pestat] skip orientation RF
[M::mem_pestat] skip orientation RR
[M::mem_process_seqs] Processed 2670366 reads in 555.614 CPU sec, 142.437 real sec
[M::process] read 2670396 sequences (400000143 bp)...
[M::mem_pestat] # candidate unique pairs for (FF, FR, RF, RR): (48, 231859, 73, 72)
[M::mem_pestat] analyzing insert size distribution for orientation FF...
[M::mem_pestat] (25, 50, 75) percentile: (208, 301, 547)
[M::mem_pestat] low and high boundaries for computing mean and std.dev: (1, 1225)
[M::mem_pestat] mean and std.dev: (309.86, 181.11)
[M::mem_pestat] low and high boundaries for proper pairs: (1, 1564)
[M::mem_pestat] analyzing insert size distribution for orientation FR...
[M::mem_pestat] (25, 50, 75) percentile: (306, 382, 427)
[M::mem_pestat] low and high boundaries for computing mean and std.dev: (64, 669)
[M::mem_pestat] mean and std.dev: (360.95, 93.07)
[M::mem_pestat] low and high boundaries for proper pairs: (1, 790)
[M::mem_pestat] analyzing insert size distribution for orientation RF...
[M::mem_pestat] (25, 50, 75) percentile: (23, 225, 1394)
[M::mem_pestat] low and high boundaries for computing mean and std.dev: (1, 4136)
[M::mem_pestat] mean and std.dev: (614.92, 850.56)
[M::mem_pestat] low and high boundaries for proper pairs: (1, 5507)
[M::mem_pestat] analyzing insert size distribution for orientation RR...
[M::mem_pestat] (25, 50, 75) percentile: (200, 315, 562)
[M::mem_pestat] low and high boundaries for computing mean and std.dev: (1, 1286)
[M::mem_pestat] mean and std.dev: (378.06, 223.77)
[M::mem_pestat] low and high boundaries for proper pairs: (1, 1648)
[M::mem_pestat] skip orientation FF
[M::mem_pestat] skip orientation RF
[M::mem_pestat] skip orientation RR
[M::mem_process_seqs] Processed 2670350 reads in 561.651 CPU sec, 143.942 real sec
[M::process] read 2670754 sequences (400000061 bp)...
[M::mem_pestat] # candidate unique pairs for (FF, FR, RF, RR): (49, 231369, 85, 32)
[M::mem_pestat] analyzing insert size distribution for orientation FF...
[M::mem_pestat] (25, 50, 75) percentile: (129, 257, 653)
[M::mem_pestat] low and high boundaries for computing mean and std.dev: (1, 1701)
[M::mem_pestat] mean and std.dev: (333.23, 303.42)
[M::mem_pestat] low and high boundaries for proper pairs: (1, 2225)
[M::mem_pestat] analyzing insert size distribution for orientation FR...
[M::mem_pestat] (25, 50, 75) percentile: (303, 381, 427)
[M::mem_pestat] low and high boundaries for computing mean and std.dev: (55, 675)
[M::mem_pestat] mean and std.dev: (359.42, 95.03)
[M::mem_pestat] low and high boundaries for proper pairs: (1, 799)
[M::mem_pestat] analyzing insert size distribution for orientation RF...
[M::mem_pestat] (25, 50, 75) percentile: (14, 200, 477)
[M::mem_pestat] low and high boundaries for computing mean and std.dev: (1, 1403)
[M::mem_pestat] mean and std.dev: (217.39, 218.95)
[M::mem_pestat] low and high boundaries for proper pairs: (1, 1866)
[M::mem_pestat] analyzing insert size distribution for orientation RR...
[M::mem_pestat] (25, 50, 75) percentile: (166, 269, 541)
[M::mem_pestat] low and high boundaries for computing mean and std.dev: (1, 1291)
[M::mem_pestat] mean and std.dev: (291.24, 220.33)
[M::mem_pestat] low and high boundaries for proper pairs: (1, 1666)
[M::mem_pestat] skip orientation FF
[M::mem_pestat] skip orientation RF
[M::mem_pestat] skip orientation RR
[M::mem_process_seqs] Processed 2670396 reads in 563.995 CPU sec, 144.497 real sec
[M::process] read 2670356 sequences (400000152 bp)...
[M::mem_pestat] # candidate unique pairs for (FF, FR, RF, RR): (39, 205805, 114, 65)
[M::mem_pestat] analyzing insert size distribution for orientation FF...
[M::mem_pestat] (25, 50, 75) percentile: (170, 287, 670)
[M::mem_pestat] low and high boundaries for computing mean and std.dev: (1, 1670)
[M::mem_pestat] mean and std.dev: (317.26, 252.45)
[M::mem_pestat] low and high boundaries for proper pairs: (1, 2170)
[M::mem_pestat] analyzing insert size distribution for orientation FR...
[M::mem_pestat] (25, 50, 75) percentile: (303, 382, 427)
[M::mem_pestat] low and high boundaries for computing mean and std.dev: (55, 675)
[M::mem_pestat] mean and std.dev: (360.02, 94.82)
[M::mem_pestat] low and high boundaries for proper pairs: (1, 799)
[M::mem_pestat] analyzing insert size distribution for orientation RF...
[M::mem_pestat] (25, 50, 75) percentile: (32, 234, 815)
[M::mem_pestat] low and high boundaries for computing mean and std.dev: (1, 2381)
[M::mem_pestat] mean and std.dev: (391.13, 507.97)
[M::mem_pestat] low and high boundaries for proper pairs: (1, 3164)
[M::mem_pestat] analyzing insert size distribution for orientation RR...
[M::mem_pestat] (25, 50, 75) percentile: (215, 231, 520)
[M::mem_pestat] low and high boundaries for computing mean and std.dev: (1, 1130)
[M::mem_pestat] mean and std.dev: (317.22, 237.81)
[M::mem_pestat] low and high boundaries for proper pairs: (1, 1435)
[M::mem_pestat] skip orientation FF
[M::mem_pestat] skip orientation RF
[M::mem_pestat] skip orientation RR
[M::mem_process_seqs] Processed 2670754 reads in 542.654 CPU sec, 139.190 real sec
