[M::bwa_idx_load_from_disk] read 0 ALT contigs
[M::process] read 2965568 sequences (400000153 bp)...
[M::mem_pestat] # candidate unique pairs for (FF, FR, RF, RR): (134, 526629, 487, 129)
[M::mem_pestat] analyzing insert size distribution for orientation FF...
[M::mem_pestat] (25, 50, 75) percentile: (211, 287, 470)
[M::mem_pestat] low and high boundaries for computing mean and std.dev: (1, 988)
[M::mem_pestat] mean and std.dev: (292.98, 157.04)
[M::mem_pestat] low and high boundaries for proper pairs: (1, 1247)
[M::mem_pestat] analyzing insert size distribution for orientation FR...
[M::mem_pestat] (25, 50, 75) percentile: (331, 364, 403)
[M::mem_pestat] low and high boundaries for computing mean and std.dev: (187, 547)
[M::mem_pestat] mean and std.dev: (366.76, 50.96)
[M::mem_pestat] low and high boundaries for proper pairs: (115, 619)
[M::mem_pestat] analyzing insert size distribution for orientation RF...
[M::mem_pestat] (25, 50, 75) percentile: (23, 43, 90)
[M::mem_pestat] low and high boundaries for computing mean and std.dev: (1, 224)
[M::mem_pestat] mean and std.dev: (40.35, 30.87)
[M::mem_pestat] low and high boundaries for proper pairs: (1, 291)
[M::mem_pestat] analyzing insert size distribution for orientation RR...
[M::mem_pestat] (25, 50, 75) percentile: (226, 282, 560)
[M::mem_pestat] low and high boundaries for computing mean and std.dev: (1, 1228)
[M::mem_pestat] mean and std.dev: (339.13, 232.15)
[M::mem_pestat] low and high boundaries for proper pairs: (1, 1562)
[M::mem_pestat] skip orientation FF
[M::mem_pestat] skip orientation RF
[M::mem_pestat] skip orientation RR
[M::mem_process_seqs] Processed 2965568 reads in 2701.957 CPU sec, 783.687 real sec
[M::process] read 2965560 sequences (400000100 bp)...
[M::process] read 2965582 sequences (400000257 bp)...
[M::mem_pestat] # candidate unique pairs for (FF, FR, RF, RR): (170, 519472, 547, 137)
[M::mem_pestat] analyzing insert size distribution for orientation FF...
[M::mem_pestat] (25, 50, 75) percentile: (191, 270, 385)
[M::mem_pestat] low and high boundaries for computing mean and std.dev: (1, 773)
[M::mem_pestat] mean and std.dev: (267.07, 124.29)
[M::mem_pestat] low and high boundaries for proper pairs: (1, 967)
[M::mem_pestat] analyzing insert size distribution for orientation FR...
[M::mem_pestat] (25, 50, 75) percentile: (331, 364, 403)
[M::mem_pestat] low and high boundaries for computing mean and std.dev: (187, 547)
[M::mem_pestat] mean and std.dev: (366.92, 50.93)
[M::mem_pestat] low and high boundaries for proper pairs: (115, 619)
[M::mem_pestat] analyzing insert size distribution for orientation RF...
[M::mem_pestat] (25, 50, 75) percentile: (23, 47, 114)
[M::mem_pestat] low and high boundaries for computing mean and std.dev: (1, 296)
[M::mem_pestat] mean and std.dev: (58.12, 59.21)
[M::mem_pestat] low and high boundaries for proper pairs: (1, 387)
[M::mem_pestat] analyzing insert size distribution for orientation RR...
[M::mem_pestat] (25, 50, 75) percentile: (207, 280, 571)
[M::mem_pestat] low and high boundaries for computing mean and std.dev: (1, 1299)
[M::mem_pestat] mean and std.dev: (373.65, 268.65)
[M::mem_pestat] low and high boundaries for proper pairs: (1, 1663)
[M::mem_pestat] skip orientation FF
[M::mem_pestat] skip orientation RF
[M::mem_pestat] skip orientation RR
[M::mem_process_seqs] Processed 2965560 reads in 1554.957 CPU sec, 394.071 real sec
[M::process] read 2965576 sequences (400000186 bp)...
[M::mem_pestat] # candidate unique pairs for (FF, FR, RF, RR): (135, 526344, 327, 121)
[M::mem_pestat] analyzing insert size distribution for orientation FF...
[M::mem_pestat] (25, 50, 75) percentile: (208, 284, 419)
[M::mem_pestat] low and high boundaries for computing mean and std.dev: (1, 841)
[M::mem_pestat] mean and std.dev: (303.46, 158.89)
[M::mem_pestat] low and high boundaries for proper pairs: (1, 1052)
[M::mem_pestat] analyzing insert size distribution for orientation FR...
[M::mem_pestat] (25, 50, 75) percentile: (331, 364, 402)
[M::mem_pestat] low and high boundaries for computing mean and std.dev: (189, 544)
[M::mem_pestat] mean and std.dev: (366.81, 50.57)
[M::mem_pestat] low and high boundaries for proper pairs: (118, 615)
[M::mem_pestat] analyzing insert size distribution for orientation RF...
[M::mem_pestat] (25, 50, 75) percentile: (26, 45, 90)
[M::mem_pestat] low and high boundaries for computing mean and std.dev: (1, 218)
[M::mem_pestat] mean and std.dev: (47.68, 40.97)
[M::mem_pestat] low and high boundaries for proper pairs: (1, 282)
[M::mem_pestat] analyzing insert size distribution for orientation RR...
[M::mem_pestat] (25, 50, 75) percentile: (219, 299, 448)
[M::mem_pestat] low and high boundaries for computing mean and std.dev: (1, 906)
[M::mem_pestat] mean and std.dev: (309.56, 161.06)
[M::mem_pestat] low and high boundaries for proper pairs: (1, 1135)
[M::mem_pestat] skip orientation FF
[M::mem_pestat] skip orientation RF
[M::mem_pestat] skip orientation RR
[M::mem_process_seqs] Processed 2965582 reads in 1582.752 CPU sec, 409.570 real sec
[M::process] read 2965566 sequences (400000205 bp)...
[M::mem_pestat] # candidate unique pairs for (FF, FR, RF, RR): (141, 521618, 380, 127)
[M::mem_pestat] analyzing insert size distribution for orientation FF...
[M::mem_pestat] (25, 50, 75) percentile: (219, 275, 371)
[M::mem_pestat] low and high boundaries for computing mean and std.dev: (1, 675)
[M::mem_pestat] mean and std.dev: (265.35, 102.80)
[M::mem_pestat] low and high boundaries for proper pairs: (1, 827)
[M::mem_pestat] analyzing insert size distribution for orientation FR...
[M::mem_pestat] (25, 50, 75) percentile: (331, 364, 403)
[M::mem_pestat] low and high boundaries for computing mean and std.dev: (187, 547)
[M::mem_pestat] mean and std.dev: (366.73, 50.97)
[M::mem_pestat] low and high boundaries for proper pairs: (115, 619)
[M::mem_pestat] analyzing insert size distribution for orientation RF...
[M::mem_pestat] (25, 50, 75) percentile: (29, 59, 169)
[M::mem_pestat] low and high boundaries for computing mean and std.dev: (1, 449)
[M::mem_pestat] mean and std.dev: (84.24, 80.98)
[M::mem_pestat] low and high boundaries for proper pairs: (1, 589)
[M::mem_pestat] analyzing insert size distribution for orientation RR...
[M::mem_pestat] (25, 50, 75) percentile: (195, 257, 345)
[M::mem_pestat] low and high boundaries for computing mean and std.dev: (1, 645)
[M::mem_pestat] mean and std.dev: (250.09, 115.07)
[M::mem_pestat] low and high boundaries for proper pairs: (1, 795)
[M::mem_pestat] skip orientation FF
[M::mem_pestat] skip orientation RF
[M::mem_pestat] skip orientation RR
[M::mem_process_seqs] Processed 2965576 reads in 1609.057 CPU sec, 415.445 real sec
[M::process] read 2965578 sequences (400000191 bp)...
[M::mem_pestat] # candidate unique pairs for (FF, FR, RF, RR): (151, 515426, 232, 130)
[M::mem_pestat] analyzing insert size distribution for orientation FF...
[M::mem_pestat] (25, 50, 75) percentile: (214, 281, 506)
[M::mem_pestat] low and high boundaries for computing mean and std.dev: (1, 1090)
[M::mem_pestat] mean and std.dev: (330.82, 210.27)
[M::mem_pestat] low and high boundaries for proper pairs: (1, 1382)
[M::mem_pestat] analyzing insert size distribution for orientation FR...
[M::mem_pestat] (25, 50, 75) percentile: (331, 364, 402)
[M::mem_pestat] low and high boundaries for computing mean and std.dev: (189, 544)
[M::mem_pestat] mean and std.dev: (366.85, 50.58)
[M::mem_pestat] low and high boundaries for proper pairs: (118, 615)
[M::mem_pestat] analyzing insert size distribution for orientation RF...
[M::mem_pestat] (25, 50, 75) percentile: (28, 52, 577)
[M::mem_pestat] low and high boundaries for computing mean and std.dev: (1, 1675)
[M::mem_pestat] mean and std.dev: (197.08, 273.57)
[M::mem_pestat] low and high boundaries for proper pairs: (1, 2224)
[M::mem_pestat] analyzing insert size distribution for orientation RR...
[M::mem_pestat] (25, 50, 75) percentile: (186, 277, 520)
[M::mem_pestat] low and high boundaries for computing mean and std.dev: (1, 1188)
[M::mem_pestat] mean and std.dev: (287.59, 187.58)
[M::mem_pestat] low and high boundaries for proper pairs: (1, 1522)
[M::mem_pestat] skip orientation FF
[M::mem_pestat] skip orientation RF
[M::mem_pestat] skip orientation RR
[M::mem_process_seqs] Processed 2965566 reads in 1601.348 CPU sec, 412.451 real sec
[M::process] read 2965564 sequences (400000196 bp)...
[M::mem_pestat] # candidate unique pairs for (FF, FR, RF, RR): (136, 520139, 239, 151)
[M::mem_pestat] analyzing insert size distribution for orientation FF...
[M::mem_pestat] (25, 50, 75) percentile: (189, 277, 441)
[M::mem_pestat] low and high boundaries for computing mean and std.dev: (1, 945)
[M::mem_pestat] mean and std.dev: (293.98, 196.51)
[M::mem_pestat] low and high boundaries for proper pairs: (1, 1197)
[M::mem_pestat] analyzing insert size distribution for orientation FR...
[M::mem_pestat] (25, 50, 75) percentile: (331, 364, 402)
[M::mem_pestat] low and high boundaries for computing mean and std.dev: (189, 544)
[M::mem_pestat] mean and std.dev: (366.76, 50.53)
[M::mem_pestat] low and high boundaries for proper pairs: (118, 615)
[M::mem_pestat] analyzing insert size distribution for orientation RF...
[M::mem_pestat] (25, 50, 75) percentile: (26, 46, 184)
[M::mem_pestat] low and high boundaries for computing mean and std.dev: (1, 500)
[M::mem_pestat] mean and std.dev: (80.93, 110.96)
[M::mem_pestat] low and high boundaries for proper pairs: (1, 658)
[M::mem_pestat] analyzing insert size distribution for orientation RR...
[M::mem_pestat] (25, 50, 75) percentile: (219, 268, 365)
[M::mem_pestat] low and high boundaries for computing mean and std.dev: (1, 657)
[M::mem_pestat] mean and std.dev: (260.38, 102.78)
[M::mem_pestat] low and high boundaries for proper pairs: (1, 803)
[M::mem_pestat] skip orientation FF
[M::mem_pestat] skip orientation RF
[M::mem_pestat] skip orientation RR
[M::mem_process_seqs] Processed 2965578 reads in 1554.005 CPU sec, 399.709 real sec
[M::process] read 2965570 sequences (400000188 bp)...
[M::mem_pestat] # candidate unique pairs for (FF, FR, RF, RR): (165, 519426, 350, 129)
[M::mem_pestat] analyzing insert size distribution for orientation FF...
[M::mem_pestat] (25, 50, 75) percentile: (216, 310, 604)
[M::mem_pestat] low and high boundaries for computing mean and std.dev: (1, 1380)
[M::mem_pestat] mean and std.dev: (389.76, 304.35)
[M::mem_pestat] low and high boundaries for proper pairs: (1, 1768)
[M::mem_pestat] analyzing insert size distribution for orientation FR...
[M::mem_pestat] (25, 50, 75) percentile: (331, 364, 402)
[M::mem_pestat] low and high boundaries for computing mean and std.dev: (189, 544)
[M::mem_pestat] mean and std.dev: (366.87, 50.76)
[M::mem_pestat] low and high boundaries for proper pairs: (118, 615)
[M::mem_pestat] analyzing insert size distribution for orientation RF...
[M::mem_pestat] (25, 50, 75) percentile: (22, 44, 98)
[M::mem_pestat] low and high boundaries for computing mean and std.dev: (1, 250)
[M::mem_pestat] mean and std.dev: (46.35, 37.65)
[M::mem_pestat] low and high boundaries for proper pairs: (1, 326)
[M::mem_pestat] analyzing insert size distribution for orientation RR...
[M::mem_pestat] (25, 50, 75) percentile: (232, 278, 405)
[M::mem_pestat] low and high boundaries for computing mean and std.dev: (1, 751)
[M::mem_pestat] mean and std.dev: (276.07, 110.83)
[M::mem_pestat] low and high boundaries for proper pairs: (1, 924)
[M::mem_pestat] skip orientation FF
[M::mem_pestat] skip orientation RF
[M::mem_pestat] skip orientation RR
[M::mem_process_seqs] Processed 2965564 reads in 1624.240 CPU sec, 421.628 real sec
[M::process] read 2965792 sequences (400000021 bp)...
[M::mem_pestat] # candidate unique pairs for (FF, FR, RF, RR): (145, 510272, 2827, 129)
[M::mem_pestat] analyzing insert size distribution for orientation FF...
[M::mem_pestat] (25, 50, 75) percentile: (214, 308, 394)
[M::mem_pestat] low and high boundaries for computing mean and std.dev: (1, 754)
[M::mem_pestat] mean and std.dev: (310.62, 158.92)
[M::mem_pestat] low and high boundaries for proper pairs: (1, 946)
[M::mem_pestat] analyzing insert size distribution for orientation FR...
[M::mem_pestat] (25, 50, 75) percentile: (331, 364, 402)
[M::mem_pestat] low and high boundaries for computing mean and std.dev: (189, 544)
[M::mem_pestat] mean and std.dev: (366.73, 50.60)
[M::mem_pestat] low and high boundaries for proper pairs: (118, 615)
[M::mem_pestat] analyzing insert size distribution for orientation RF...
[M::mem_pestat] (25, 50, 75) percentile: (16, 31, 47)
[M::mem_pestat] low and high boundaries for computing mean and std.dev: (1, 109)
[M::mem_pestat] mean and std.dev: (31.63, 20.10)
[M::mem_pestat] low and high boundaries for proper pairs: (1, 140)
[M::mem_pestat] analyzing insert size distribution for orientation RR...
[M::mem_pestat] (25, 50, 75) percentile: (190, 273, 458)
[M::mem_pestat] low and high boundaries for computing mean and std.dev: (1, 994)
[M::mem_pestat] mean and std.dev: (293.66, 176.32)
[M::mem_pestat] low and high boundaries for proper pairs: (1, 1262)
[M::mem_pestat] skip orientation FF
[M::mem_pestat] skip orientation RF
[M::mem_pestat] skip orientation RR
[M::mem_process_seqs] Processed 2965570 reads in 1578.623 CPU sec, 404.948 real sec
[M::process] read 2965594 sequences (400000114 bp)...
[M::mem_pestat] # candidate unique pairs for (FF, FR, RF, RR): (144, 492031, 297, 143)
[M::mem_pestat] analyzing insert size distribution for orientation FF...
[M::mem_pestat] (25, 50, 75) percentile: (217, 311, 507)
[M::mem_pestat] low and high boundaries for computing mean and std.dev: (1, 1087)
[M::mem_pestat] mean and std.dev: (333.22, 205.77)
[M::mem_pestat] low and high boundaries for proper pairs: (1, 1377)
[M::mem_pestat] analyzing insert size distribution for orientation FR...
[M::mem_pestat] (25, 50, 75) percentile: (331, 365, 403)
[M::mem_pestat] low and high boundaries for computing mean and std.dev: (187, 547)
[M::mem_pestat] mean and std.dev: (366.86, 51.01)
[M::mem_pestat] low and high boundaries for proper pairs: (115, 619)
[M::mem_pestat] analyzing insert size distribution for orientation RF...
[M::mem_pestat] (25, 50, 75) percentile: (46, 101, 306)
[M::mem_pestat] low and high boundaries for computing mean and std.dev: (1, 826)
[M::mem_pestat] mean and std.dev: (174.02, 197.33)
[M::mem_pestat] low and high boundaries for proper pairs: (1, 1086)
[M::mem_pestat] analyzing insert size distribution for orientation RR...
[M::mem_pestat] (25, 50, 75) percentile: (219, 292, 398)
[M::mem_pestat] low and high boundaries for computing mean and std.dev: (1, 756)
[M::mem_pestat] mean and std.dev: (291.52, 122.23)
[M::mem_pestat] low and high boundaries for proper pairs: (1, 935)
[M::mem_pestat] skip orientation FF
[M::mem_pestat] skip orientation RF
[M::mem_pestat] skip orientation RR
[M::mem_process_seqs] Processed 2965792 reads in 1981.481 CPU sec, 517.804 real sec
[M::process] read 2965618 sequences (400000074 bp)...
[M::mem_pestat] # candidate unique pairs for (FF, FR, RF, RR): (108, 521634, 398, 131)
[M::mem_pestat] analyzing insert size distribution for orientation FF...
[M::mem_pestat] (25, 50, 75) percentile: (235, 279, 401)
[M::mem_pestat] low and high boundaries for computing mean and std.dev: (1, 733)
[M::mem_pestat] mean and std.dev: (292.48, 129.49)
[M::mem_pestat] low and high boundaries for proper pairs: (1, 899)
[M::mem_pestat] analyzing insert size distribution for orientation FR...
[M::mem_pestat] (25, 50, 75) percentile: (331, 364, 403)
[M::mem_pestat] low and high boundaries for computing mean and std.dev: (187, 547)
[M::mem_pestat] mean and std.dev: (366.87, 50.97)
[M::mem_pestat] low and high boundaries for proper pairs: (115, 619)
[M::mem_pestat] analyzing insert size distribution for orientation RF...
[M::mem_pestat] (25, 50, 75) percentile: (19, 39, 69)
[M::mem_pestat] low and high boundaries for computing mean and std.dev: (1, 169)
[M::mem_pestat] mean and std.dev: (36.78, 27.96)
[M::mem_pestat] low and high boundaries for proper pairs: (1, 219)
[M::mem_pestat] analyzing insert size distribution for orientation RR...
[M::mem_pestat] (25, 50, 75) percentile: (227, 292, 445)
[M::mem_pestat] low and high boundaries for computing mean and std.dev: (1, 881)
[M::mem_pestat] mean and std.dev: (301.55, 151.73)
[M::mem_pestat] low and high boundaries for proper pairs: (1, 1099)
[M::mem_pestat] skip orientation FF
[M::mem_pestat] skip orientation RF
[M::mem_pestat] skip orientation RR
[M::mem_process_seqs] Processed 2965594 reads in 1524.491 CPU sec, 392.042 real sec
[M::process] read 2965592 sequences (400000071 bp)...
[M::mem_pestat] # candidate unique pairs for (FF, FR, RF, RR): (120, 514996, 376, 116)
[M::mem_pestat] analyzing insert size distribution for orientation FF...
[M::mem_pestat] (25, 50, 75) percentile: (209, 289, 440)
[M::mem_pestat] low and high boundaries for computing mean and std.dev: (1, 902)
[M::mem_pestat] mean and std.dev: (290.15, 142.79)
[M::mem_pestat] low and high boundaries for proper pairs: (1, 1133)
[M::mem_pestat] analyzing insert size distribution for orientation FR...
[M::mem_pestat] (25, 50, 75) percentile: (331, 364, 402)
[M::mem_pestat] low and high boundaries for computing mean and std.dev: (189, 544)
[M::mem_pestat] mean and std.dev: (366.82, 50.65)
[M::mem_pestat] low and high boundaries for proper pairs: (118, 615)
[M::mem_pestat] analyzing insert size distribution for orientation RF...
[M::mem_pestat] (25, 50, 75) percentile: (35, 94, 456)
[M::mem_pestat] low and high boundaries for computing mean and std.dev: (1, 1298)
[M::mem_pestat] mean and std.dev: (237.75, 307.38)
[M::mem_pestat] low and high boundaries for proper pairs: (1, 1719)
[M::mem_pestat] analyzing insert size distribution for orientation RR...
[M::mem_pestat] (25, 50, 75) percentile: (234, 314, 517)
[M::mem_pestat] low and high boundaries for computing mean and std.dev: (1, 1083)
[M::mem_pestat] mean and std.dev: (331.88, 190.91)
[M::mem_pestat] low and high boundaries for proper pairs: (1, 1366)
[M::mem_pestat] skip orientation FF
[M::mem_pestat] skip orientation RF
[M::mem_pestat] skip orientation RR
[M::mem_process_seqs] Processed 2965618 reads in 1649.623 CPU sec, 423.417 real sec
[M::process] read 2965556 sequences (400000095 bp)...
[M::mem_pestat] # candidate unique pairs for (FF, FR, RF, RR): (125, 524939, 178, 120)
[M::mem_pestat] analyzing insert size distribution for orientation FF...
[M::mem_pestat] (25, 50, 75) percentile: (220, 274, 446)
[M::mem_pestat] low and high boundaries for computing mean and std.dev: (1, 898)
[M::mem_pestat] mean and std.dev: (279.83, 137.72)
[M::mem_pestat] low and high boundaries for proper pairs: (1, 1124)
[M::mem_pestat] analyzing insert size distribution for orientation FR...
[M::mem_pestat] (25, 50, 75) percentile: (331, 364, 402)
[M::mem_pestat] low and high boundaries for computing mean and std.dev: (189, 544)
[M::mem_pestat] mean and std.dev: (366.99, 50.46)
[M::mem_pestat] low and high boundaries for proper pairs: (118, 615)
[M::mem_pestat] analyzing insert size distribution for orientation RF...
[M::mem_pestat] (25, 50, 75) percentile: (24, 45, 119)
[M::mem_pestat] low and high boundaries for computing mean and std.dev: (1, 309)
[M::mem_pestat] mean and std.dev: (47.36, 41.66)
[M::mem_pestat] low and high boundaries for proper pairs: (1, 404)
[M::mem_pestat] analyzing insert size distribution for orientation RR...
[M::mem_pestat] (25, 50, 75) percentile: (206, 275, 436)
[M::mem_pestat] low and high boundaries for computing mean and std.dev: (1, 896)
[M::mem_pestat] mean and std.dev: (287.04, 161.97)
[M::mem_pestat] low and high boundaries for proper pairs: (1, 1126)
[M::mem_pestat] skip orientation FF
[M::mem_pestat] skip orientation RF
[M::mem_pestat] skip orientation RR
[M::mem_process_seqs] Processed 2965592 reads in 1546.034 CPU sec, 397.165 real sec
[M::process] read 2965596 sequences (400000078 bp)...
[M::mem_pestat] # candidate unique pairs for (FF, FR, RF, RR): (136, 510546, 1675, 134)
[M::mem_pestat] analyzing insert size distribution for orientation FF...
[M::mem_pestat] (25, 50, 75) percentile: (204, 266, 383)
[M::mem_pestat] low and high boundaries for computing mean and std.dev: (1, 741)
[M::mem_pestat] mean and std.dev: (287.21, 148.08)
[M::mem_pestat] low and high boundaries for proper pairs: (1, 920)
[M::mem_pestat] analyzing insert size distribution for orientation FR...
[M::mem_pestat] (25, 50, 75) percentile: (331, 364, 402)
[M::mem_pestat] low and high boundaries for computing mean and std.dev: (189, 544)
[M::mem_pestat] mean and std.dev: (366.67, 50.49)
[M::mem_pestat] low and high boundaries for proper pairs: (118, 615)
[M::mem_pestat] analyzing insert size distribution for orientation RF...
[M::mem_pestat] (25, 50, 75) percentile: (22, 42, 95)
[M::mem_pestat] low and high boundaries for computing mean and std.dev: (1, 241)
[M::mem_pestat] mean and std.dev: (55.79, 49.68)
[M::mem_pestat] low and high boundaries for proper pairs: (1, 314)
[M::mem_pestat] analyzing insert size distribution for orientation RR...
[M::mem_pestat] (25, 50, 75) percentile: (224, 292, 374)
[M::mem_pestat] low and high boundaries for computing mean and std.dev: (1, 674)
[M::mem_pestat] mean and std.dev: (279.54, 105.28)
[M::mem_pestat] low and high boundaries for proper pairs: (1, 824)
[M::mem_pestat] skip orientation FF
[M::mem_pestat] skip orientation RF
[M::mem_pestat] skip orientation RR
[M::mem_process_seqs] Processed 2965556 reads in 1590.378 CPU sec, 408.080 real sec
[M::process] read 2965554 sequences (400000191 bp)...
[M::mem_pestat] # candidate unique pairs for (FF, FR, RF, RR): (175, 521380, 3202, 125)
[M::mem_pestat] analyzing insert size distribution for orientation FF...
[M::mem_pestat] (25, 50, 75) percentile: (235, 309, 498)
[M::mem_pestat] low and high boundaries for computing mean and std.dev: (1, 1024)
[M::mem_pestat] mean and std.dev: (340.28, 210.28)
[M::mem_pestat] low and high boundaries for proper pairs: (1, 1287)
[M::mem_pestat] analyzing insert size distribution for orientation FR...
[M::mem_pestat] (25, 50, 75) percentile: (331, 364, 402)
[M::mem_pestat] low and high boundaries for computing mean and std.dev: (189, 544)
[M::mem_pestat] mean and std.dev: (366.66, 50.53)
[M::mem_pestat] low and high boundaries for proper pairs: (118, 615)
[M::mem_pestat] analyzing insert size distribution for orientation RF...
[M::mem_pestat] (25, 50, 75) percentile: (22, 41, 71)
[M::mem_pestat] low and high boundaries for computing mean and std.dev: (1, 169)
[M::mem_pestat] mean and std.dev: (49.01, 39.32)
[M::mem_pestat] low and high boundaries for proper pairs: (1, 218)
[M::mem_pestat] analyzing insert size distribution for orientation RR...
[M::mem_pestat] (25, 50, 75) percentile: (222, 283, 419)
[M::mem_pestat] low and high boundaries for computing mean and std.dev: (1, 813)
[M::mem_pestat] mean and std.dev: (295.50, 152.86)
[M::mem_pestat] low and high boundaries for proper pairs: (1, 1010)
[M::mem_pestat] skip orientation FF
[M::mem_pestat] skip orientation RF
[M::mem_pestat] skip orientation RR
[M::mem_process_seqs] Processed 2965596 reads in 1595.313 CPU sec, 409.858 real sec
[M::process] read 2965592 sequences (400000010 bp)...
[M::mem_pestat] # candidate unique pairs for (FF, FR, RF, RR): (132, 517772, 421, 150)
[M::mem_pestat] analyzing insert size distribution for orientation FF...
[M::mem_pestat] (25, 50, 75) percentile: (175, 264, 412)
[M::mem_pestat] low and high boundaries for computing mean and std.dev: (1, 886)
[M::mem_pestat] mean and std.dev: (267.53, 151.85)
[M::mem_pestat] low and high boundaries for proper pairs: (1, 1123)
[M::mem_pestat] analyzing insert size distribution for orientation FR...
[M::mem_pestat] (25, 50, 75) percentile: (331, 364, 402)
[M::mem_pestat] low and high boundaries for computing mean and std.dev: (189, 544)
[M::mem_pestat] mean and std.dev: (366.83, 50.62)
[M::mem_pestat] low and high boundaries for proper pairs: (118, 615)
[M::mem_pestat] analyzing insert size distribution for orientation RF...
[M::mem_pestat] (25, 50, 75) percentile: (26, 50, 160)
[M::mem_pestat] low and high boundaries for computing mean and std.dev: (1, 428)
[M::mem_pestat] mean and std.dev: (64.05, 77.71)
[M::mem_pestat] low and high boundaries for proper pairs: (1, 562)
[M::mem_pestat] analyzing insert size distribution for orientation RR...
[M::mem_pestat] (25, 50, 75) percentile: (184, 257, 331)
[M::mem_pestat] low and high boundaries for computing mean and std.dev: (1, 625)
[M::mem_pestat] mean and std.dev: (241.90, 107.26)
[M::mem_pestat] low and high boundaries for proper pairs: (1, 772)
[M::mem_pestat] skip orientation FF
[M::mem_pestat] skip orientation RF
[M::mem_pestat] skip orientation RR
[M::mem_process_seqs] Processed 2965554 reads in 1596.370 CPU sec, 413.280 real sec
[M::process] read 2965562 sequences (400000240 bp)...
[M::mem_pestat] # candidate unique pairs for (FF, FR, RF, RR): (151, 522990, 529, 121)
[M::mem_pestat] analyzing insert size distribution for orientation FF...
[M::mem_pestat] (25, 50, 75) percentile: (200, 285, 397)
[M::mem_pestat] low and high boundaries for computing mean and std.dev: (1, 791)
[M::mem_pestat] mean and std.dev: (275.32, 142.98)
[M::mem_pestat] low and high boundaries for proper pairs: (1, 988)
[M::mem_pestat] analyzing insert size distribution for orientation FR...
[M::mem_pestat] (25, 50, 75) percentile: (331, 364, 402)
[M::mem_pestat] low and high boundaries for computing mean and std.dev: (189, 544)
[M::mem_pestat] mean and std.dev: (366.92, 50.59)
[M::mem_pestat] low and high boundaries for proper pairs: (118, 615)
[M::mem_pestat] analyzing insert size distribution for orientation RF...
[M::mem_pestat] (25, 50, 75) percentile: (25, 47, 85)
[M::mem_pestat] low and high boundaries for computing mean and std.dev: (1, 205)
[M::mem_pestat] mean and std.dev: (46.82, 34.54)
[M::mem_pestat] low and high boundaries for proper pairs: (1, 265)
[M::mem_pestat] analyzing insert size distribution for orientation RR...
[M::mem_pestat] (25, 50, 75) percentile: (191, 284, 440)
[M::mem_pestat] low and high boundaries for computing mean and std.dev: (1, 938)
[M::mem_pestat] mean and std.dev: (299.65, 162.47)
[M::mem_pestat] low and high boundaries for proper pairs: (1, 1187)
[M::mem_pestat] skip orientation FF
[M::mem_pestat] skip orientation RF
[M::mem_pestat] skip orientation RR
[M::mem_process_seqs] Processed 2965592 reads in 1542.024 CPU sec, 396.039 real sec
[M::process] read 2965640 sequences (400000048 bp)...
[M::mem_pestat] # candidate unique pairs for (FF, FR, RF, RR): (145, 527768, 1006, 154)
[M::mem_pestat] analyzing insert size distribution for orientation FF...
[M::mem_pestat] (25, 50, 75) percentile: (207, 291, 429)
[M::mem_pestat] low and high boundaries for computing mean and std.dev: (1, 873)
[M::mem_pestat] mean and std.dev: (294.65, 166.97)
[M::mem_pestat] low and high boundaries for proper pairs: (1, 1095)
[M::mem_pestat] analyzing insert size distribution for orientation FR...
[M::mem_pestat] (25, 50, 75) percentile: (331, 364, 403)
[M::mem_pestat] low and high boundaries for computing mean and std.dev: (187, 547)
[M::mem_pestat] mean and std.dev: (366.84, 50.89)
[M::mem_pestat] low and high boundaries for proper pairs: (115, 619)
[M::mem_pestat] analyzing insert size distribution for orientation RF...
[M::mem_pestat] (25, 50, 75) percentile: (23, 42, 60)
[M::mem_pestat] low and high boundaries for computing mean and std.dev: (1, 134)
[M::mem_pestat] mean and std.dev: (41.19, 26.64)
[M::mem_pestat] low and high boundaries for proper pairs: (1, 171)
[M::mem_pestat] analyzing insert size distribution for orientation RR...
[M::mem_pestat] (25, 50, 75) percentile: (218, 292, 384)
[M::mem_pestat] low and high boundaries for computing mean and std.dev: (1, 716)
[M::mem_pestat] mean and std.dev: (285.30, 115.75)
[M::mem_pestat] low and high boundaries for proper pairs: (1, 882)
[M::mem_pestat] skip orientation FF
[M::mem_pestat] skip orientation RF
[M::mem_pestat] skip orientation RR
[M::mem_process_seqs] Processed 2965562 reads in 1541.049 CPU sec, 395.762 real sec
[M::process] read 2965604 sequences (400000201 bp)...
[M::mem_pestat] # candidate unique pairs for (FF, FR, RF, RR): (146, 517003, 692, 114)
[M::mem_pestat] analyzing insert size distribution for orientation FF...
[M::mem_pestat] (25, 50, 75) percentile: (196, 259, 342)
[M::mem_pestat] low and high boundaries for computing mean and std.dev: (1, 634)
[M::mem_pestat] mean and std.dev: (259.82, 110.11)
[M::mem_pestat] low and high boundaries for proper pairs: (1, 780)
[M::mem_pestat] analyzing insert size distribution for orientation FR...
[M::mem_pestat] (25, 50, 75) percentile: (331, 364, 403)
[M::mem_pestat] low and high boundaries for computing mean and std.dev: (187, 547)
[M::mem_pestat] mean and std.dev: (366.73, 50.97)
[M::mem_pestat] low and high boundaries for proper pairs: (115, 619)
[M::mem_pestat] analyzing insert size distribution for orientation RF...
[M::mem_pestat] (25, 50, 75) percentile: (22, 44, 93)
[M::mem_pestat] low and high boundaries for computing mean and std.dev: (1, 235)
[M::mem_pestat] mean and std.dev: (43.02, 37.50)
[M::mem_pestat] low and high boundaries for proper pairs: (1, 306)
[M::mem_pestat] analyzing insert size distribution for orientation RR...
[M::mem_pestat] (25, 50, 75) percentile: (234, 301, 415)
[M::mem_pestat] low and high boundaries for computing mean and std.dev: (1, 777)
[M::mem_pestat] mean and std.dev: (307.26, 130.76)
[M::mem_pestat] low and high boundaries for proper pairs: (1, 958)
[M::mem_pestat] skip orientation FF
[M::mem_pestat] skip orientation RF
[M::mem_pestat] skip orientation RR
[M::mem_process_seqs] Processed 2965640 reads in 1541.575 CPU sec, 395.904 real sec
[M::process] read 2965598 sequences (400000020 bp)...
[M::mem_pestat] # candidate unique pairs for (FF, FR, RF, RR): (143, 511974, 363, 115)
[M::mem_pestat] analyzing insert size distribution for orientation FF...
[M::mem_pestat] (25, 50, 75) percentile: (205, 281, 392)
[M::mem_pestat] low and high boundaries for computing mean and std.dev: (1, 766)
[M::mem_pestat] mean and std.dev: (281.99, 131.10)
[M::mem_pestat] low and high boundaries for proper pairs: (1, 953)
[M::mem_pestat] analyzing insert size distribution for orientation FR...
[M::mem_pestat] (25, 50, 75) percentile: (331, 364, 402)
[M::mem_pestat] low and high boundaries for computing mean and std.dev: (189, 544)
[M::mem_pestat] mean and std.dev: (366.89, 50.51)
[M::mem_pestat] low and high boundaries for proper pairs: (118, 615)
[M::mem_pestat] analyzing insert size distribution for orientation RF...
[M::mem_pestat] (25, 50, 75) percentile: (23, 44, 67)
[M::mem_pestat] low and high boundaries for computing mean and std.dev: (1, 155)
[M::mem_pestat] mean and std.dev: (42.54, 28.25)
[M::mem_pestat] low and high boundaries for proper pairs: (1, 199)
[M::mem_pestat] analyzing insert size distribution for orientation RR...
[M::mem_pestat] (25, 50, 75) percentile: (225, 279, 373)
[M::mem_pestat] low and high boundaries for computing mean and std.dev: (1, 669)
[M::mem_pestat] mean and std.dev: (268.20, 100.23)
[M::mem_pestat] low and high boundaries for proper pairs: (1, 817)
[M::mem_pestat] skip orientation FF
[M::mem_pestat] skip orientation RF
[M::mem_pestat] skip orientation RR
[M::mem_process_seqs] Processed 2965604 reads in 1654.758 CPU sec, 423.970 real sec
[M::process] read 2965642 sequences (400000066 bp)...
[M::mem_pestat] # candidate unique pairs for (FF, FR, RF, RR): (140, 523693, 667, 119)
[M::mem_pestat] analyzing insert size distribution for orientation FF...
[M::mem_pestat] (25, 50, 75) percentile: (189, 272, 533)
[M::mem_pestat] low and high boundaries for computing mean and std.dev: (1, 1221)
[M::mem_pestat] mean and std.dev: (327.39, 230.48)
[M::mem_pestat] low and high boundaries for proper pairs: (1, 1565)
[M::mem_pestat] analyzing insert size distribution for orientation FR...
[M::mem_pestat] (25, 50, 75) percentile: (331, 364, 402)
[M::mem_pestat] low and high boundaries for computing mean and std.dev: (189, 544)
[M::mem_pestat] mean and std.dev: (366.75, 50.53)
[M::mem_pestat] low and high boundaries for proper pairs: (118, 615)
[M::mem_pestat] analyzing insert size distribution for orientation RF...
[M::mem_pestat] (25, 50, 75) percentile: (23, 42, 66)
[M::mem_pestat] low and high boundaries for computing mean and std.dev: (1, 152)
[M::mem_pestat] mean and std.dev: (41.92, 31.06)
[M::mem_pestat] low and high boundaries for proper pairs: (1, 195)
[M::mem_pestat] analyzing insert size distribution for orientation RR...
[M::mem_pestat] (25, 50, 75) percentile: (216, 302, 445)
[M::mem_pestat] low and high boundaries for computing mean and std.dev: (1, 903)
[M::mem_pestat] mean and std.dev: (321.25, 163.13)
[M::mem_pestat] low and high boundaries for proper pairs: (1, 1132)
[M::mem_pestat] skip orientation FF
[M::mem_pestat] skip orientation RF
[M::mem_pestat] skip orientation RR
[M::mem_process_seqs] Processed 2965598 reads in 1556.230 CPU sec, 399.941 real sec
[M::process] read 2965572 sequences (400000232 bp)...
[M::mem_pestat] # candidate unique pairs for (FF, FR, RF, RR): (138, 518819, 358, 118)
[M::mem_pestat] analyzing insert size distribution for orientation FF...
[M::mem_pestat] (25, 50, 75) percentile: (206, 278, 358)
[M::mem_pestat] low and high boundaries for computing mean and std.dev: (1, 662)
[M::mem_pestat] mean and std.dev: (262.41, 99.82)
[M::mem_pestat] low and high boundaries for proper pairs: (1, 814)
[M::mem_pestat] analyzing insert size distribution for orientation FR...
[M::mem_pestat] (25, 50, 75) percentile: (331, 364, 402)
[M::mem_pestat] low and high boundaries for computing mean and std.dev: (189, 544)
[M::mem_pestat] mean and std.dev: (366.90, 50.55)
[M::mem_pestat] low and high boundaries for proper pairs: (118, 615)
[M::mem_pestat] analyzing insert size distribution for orientation RF...
[M::mem_pestat] (25, 50, 75) percentile: (21, 47, 165)
[M::mem_pestat] low and high boundaries for computing mean and std.dev: (1, 453)
[M::mem_pestat] mean and std.dev: (75.41, 92.53)
[M::mem_pestat] low and high boundaries for proper pairs: (1, 597)
[M::mem_pestat] analyzing insert size distribution for orientation RR...
[M::mem_pestat] (25, 50, 75) percentile: (222, 287, 373)
[M::mem_pestat] low and high boundaries for computing mean and std.dev: (1, 675)
[M::mem_pestat] mean and std.dev: (260.65, 83.58)
[M::mem_pestat] low and high boundaries for proper pairs: (1, 826)
[M::mem_pestat] skip orientation FF
[M::mem_pestat] skip orientation RF
[M::mem_pestat] skip orientation RR
[M::mem_process_seqs] Processed 2965642 reads in 1639.312 CPU sec, 420.125 real sec
[M::process] read 2965620 sequences (400000254 bp)...
[M::mem_pestat] # candidate unique pairs for (FF, FR, RF, RR): (148, 514885, 270, 136)
[M::mem_pestat] analyzing insert size distribution for orientation FF...
[M::mem_pestat] (25, 50, 75) percentile: (227, 277, 360)
[M::mem_pestat] low and high boundaries for computing mean and std.dev: (1, 626)
[M::mem_pestat] mean and std.dev: (272.60, 109.95)
[M::mem_pestat] low and high boundaries for proper pairs: (1, 759)
[M::mem_pestat] analyzing insert size distribution for orientation FR...
[M::mem_pestat] (25, 50, 75) percentile: (331, 364, 402)
[M::mem_pestat] low and high boundaries for computing mean and std.dev: (189, 544)
[M::mem_pestat] mean and std.dev: (366.84, 50.70)
[M::mem_pestat] low and high boundaries for proper pairs: (118, 615)
[M::mem_pestat] analyzing insert size distribution for orientation RF...
[M::mem_pestat] (25, 50, 75) percentile: (24, 53, 177)
[M::mem_pestat] low and high boundaries for computing mean and std.dev: (1, 483)
[M::mem_pestat] mean and std.dev: (62.86, 71.29)
[M::mem_pestat] low and high boundaries for proper pairs: (1, 636)
[M::mem_pestat] analyzing insert size distribution for orientation RR...
[M::mem_pestat] (25, 50, 75) percentile: (230, 313, 570)
[M::mem_pestat] low and high boundaries for computing mean and std.dev: (1, 1250)
[M::mem_pestat] mean and std.dev: (378.15, 245.94)
[M::mem_pestat] low and high boundaries for proper pairs: (1, 1590)
[M::mem_pestat] skip orientation FF
[M::mem_pestat] skip orientation RF
[M::mem_pestat] skip orientation RR
[M::mem_process_seqs] Processed 2965572 reads in 1561.032 CPU sec, 400.616 real sec
[M::process] read 2965642 sequences (400000134 bp)...
[M::mem_pestat] # candidate unique pairs for (FF, FR, RF, RR): (158, 520135, 357, 128)
[M::mem_pestat] analyzing insert size distribution for orientation FF...
[M::mem_pestat] (25, 50, 75) percentile: (214, 290, 410)
[M::mem_pestat] low and high boundaries for computing mean and std.dev: (1, 802)
[M::mem_pestat] mean and std.dev: (299.46, 150.26)
[M::mem_pestat] low and high boundaries for proper pairs: (1, 998)
[M::mem_pestat] analyzing insert size distribution for orientation FR...
[M::mem_pestat] (25, 50, 75) percentile: (331, 364, 402)
[M::mem_pestat] low and high boundaries for computing mean and std.dev: (189, 544)
[M::mem_pestat] mean and std.dev: (366.80, 50.61)
[M::mem_pestat] low and high boundaries for proper pairs: (118, 615)
[M::mem_pestat] analyzing insert size distribution for orientation RF...
[M::mem_pestat] (25, 50, 75) percentile: (27, 48, 88)
[M::mem_pestat] low and high boundaries for computing mean and std.dev: (1, 210)
[M::mem_pestat] mean and std.dev: (51.76, 40.37)
[M::mem_pestat] low and high boundaries for proper pairs: (1, 271)
[M::mem_pestat] analyzing insert size distribution for orientation RR...
[M::mem_pestat] (25, 50, 75) percentile: (217, 304, 416)
[M::mem_pestat] low and high boundaries for computing mean and std.dev: (1, 814)
[M::mem_pestat] mean and std.dev: (303.64, 143.45)
[M::mem_pestat] low and high boundaries for proper pairs: (1, 1013)
[M::mem_pestat] skip orientation FF
[M::mem_pestat] skip orientation RF
[M::mem_pestat] skip orientation RR
[M::mem_process_seqs] Processed 2965620 reads in 1606.839 CPU sec, 413.027 real sec
[M::process] read 2965588 sequences (400000035 bp)...
[M::mem_pestat] # candidate unique pairs for (FF, FR, RF, RR): (152, 522626, 345, 128)
[M::mem_pestat] analyzing insert size distribution for orientation FF...
[M::mem_pestat] (25, 50, 75) percentile: (208, 282, 374)
[M::mem_pestat] low and high boundaries for computing mean and std.dev: (1, 706)
[M::mem_pestat] mean and std.dev: (274.26, 110.90)
[M::mem_pestat] low and high boundaries for proper pairs: (1, 872)
[M::mem_pestat] analyzing insert size distribution for orientation FR...
[M::mem_pestat] (25, 50, 75) percentile: (331, 364, 403)
[M::mem_pestat] low and high boundaries for computing mean and std.dev: (187, 547)
[M::mem_pestat] mean and std.dev: (366.82, 50.90)
[M::mem_pestat] low and high boundaries for proper pairs: (115, 619)
[M::mem_pestat] analyzing insert size distribution for orientation RF...
[M::mem_pestat] (25, 50, 75) percentile: (23, 49, 121)
[M::mem_pestat] low and high boundaries for computing mean and std.dev: (1, 317)
[M::mem_pestat] mean and std.dev: (51.87, 47.56)
[M::mem_pestat] low and high boundaries for proper pairs: (1, 415)
[M::mem_pestat] analyzing insert size distribution for orientation RR...
[M::mem_pestat] (25, 50, 75) percentile: (195, 261, 357)
[M::mem_pestat] low and high boundaries for computing mean and std.dev: (1, 681)
[M::mem_pestat] mean and std.dev: (261.74, 108.94)
[M::mem_pestat] low and high boundaries for proper pairs: (1, 843)
[M::mem_pestat] skip orientation FF
[M::mem_pestat] skip orientation RF
[M::mem_pestat] skip orientation RR
[M::mem_process_seqs] Processed 2965642 reads in 1564.119 CPU sec, 401.331 real sec
[M::process] read 2965596 sequences (400000191 bp)...
[M::mem_pestat] # candidate unique pairs for (FF, FR, RF, RR): (150, 525780, 308, 125)
[M::mem_pestat] analyzing insert size distribution for orientation FF...
[M::mem_pestat] (25, 50, 75) percentile: (228, 306, 397)
[M::mem_pestat] low and high boundaries for computing mean and std.dev: (1, 735)
[M::mem_pestat] mean and std.dev: (294.88, 130.79)
[M::mem_pestat] low and high boundaries for proper pairs: (1, 904)
[M::mem_pestat] analyzing insert size distribution for orientation FR...
[M::mem_pestat] (25, 50, 75) percentile: (331, 364, 403)
[M::mem_pestat] low and high boundaries for computing mean and std.dev: (187, 547)
[M::mem_pestat] mean and std.dev: (366.80, 51.04)
[M::mem_pestat] low and high boundaries for proper pairs: (115, 619)
[M::mem_pestat] analyzing insert size distribution for orientation RF...
[M::mem_pestat] (25, 50, 75) percentile: (19, 46, 133)
[M::mem_pestat] low and high boundaries for computing mean and std.dev: (1, 361)
[M::mem_pestat] mean and std.dev: (63.87, 68.91)
[M::mem_pestat] low and high boundaries for proper pairs: (1, 475)
[M::mem_pestat] analyzing insert size distribution for orientation RR...
[M::mem_pestat] (25, 50, 75) percentile: (224, 313, 630)
[M::mem_pestat] low and high boundaries for computing mean and std.dev: (1, 1442)
[M::mem_pestat] mean and std.dev: (389.43, 269.43)
[M::mem_pestat] low and high boundaries for proper pairs: (1, 1848)
[M::mem_pestat] skip orientation FF
[M::mem_pestat] skip orientation RF
[M::mem_pestat] skip orientation RR
[M::mem_process_seqs] Processed 2965588 reads in 1528.166 CPU sec, 392.358 real sec
[M::process] read 2965558 sequences (400000185 bp)...
[M::mem_pestat] # candidate unique pairs for (FF, FR, RF, RR): (133, 521400, 441, 129)
[M::mem_pestat] analyzing insert size distribution for orientation FF...
[M::mem_pestat] (25, 50, 75) percentile: (250, 301, 448)
[M::mem_pestat] low and high boundaries for computing mean and std.dev: (1, 844)
[M::mem_pestat] mean and std.dev: (326.06, 165.91)
[M::mem_pestat] low and high boundaries for proper pairs: (1, 1042)
[M::mem_pestat] analyzing insert size distribution for orientation FR...
[M::mem_pestat] (25, 50, 75) percentile: (331, 364, 402)
[M::mem_pestat] low and high boundaries for computing mean and std.dev: (189, 544)
[M::mem_pestat] mean and std.dev: (366.86, 50.48)
[M::mem_pestat] low and high boundaries for proper pairs: (118, 615)
[M::mem_pestat] analyzing insert size distribution for orientation RF...
[M::mem_pestat] (25, 50, 75) percentile: (24, 45, 76)
[M::mem_pestat] low and high boundaries for computing mean and std.dev: (1, 180)
[M::mem_pestat] mean and std.dev: (40.83, 27.44)
[M::mem_pestat] low and high boundaries for proper pairs: (1, 232)
[M::mem_pestat] analyzing insert size distribution for orientation RR...
[M::mem_pestat] (25, 50, 75) percentile: (222, 280, 443)
[M::mem_pestat] low and high boundaries for computing mean and std.dev: (1, 885)
[M::mem_pestat] mean and std.dev: (291.30, 154.30)
[M::mem_pestat] low and high boundaries for proper pairs: (1, 1106)
[M::mem_pestat] skip orientation FF
[M::mem_pestat] skip orientation RF
[M::mem_pestat] skip orientation RR
[M::mem_process_seqs] Processed 2965596 reads in 1544.702 CPU sec, 396.469 real sec
[M::process] read 2965618 sequences (400000101 bp)...
[M::mem_pestat] # candidate unique pairs for (FF, FR, RF, RR): (139, 522161, 428, 120)
[M::mem_pestat] analyzing insert size distribution for orientation FF...
[M::mem_pestat] (25, 50, 75) percentile: (219, 281, 454)
[M::mem_pestat] low and high boundaries for computing mean and std.dev: (1, 924)
[M::mem_pestat] mean and std.dev: (307.63, 172.10)
[M::mem_pestat] low and high boundaries for proper pairs: (1, 1159)
[M::mem_pestat] analyzing insert size distribution for orientation FR...
[M::mem_pestat] (25, 50, 75) percentile: (331, 364, 402)
[M::mem_pestat] low and high boundaries for computing mean and std.dev: (189, 544)
[M::mem_pestat] mean and std.dev: (366.90, 50.51)
[M::mem_pestat] low and high boundaries for proper pairs: (118, 615)
[M::mem_pestat] analyzing insert size distribution for orientation RF...
[M::mem_pestat] (25, 50, 75) percentile: (22, 41, 94)
[M::mem_pestat] low and high boundaries for computing mean and std.dev: (1, 238)
[M::mem_pestat] mean and std.dev: (47.18, 41.72)
[M::mem_pestat] low and high boundaries for proper pairs: (1, 310)
[M::mem_pestat] analyzing insert size distribution for orientation RR...
[M::mem_pestat] (25, 50, 75) percentile: (204, 295, 424)
[M::mem_pestat] low and high boundaries for computing mean and std.dev: (1, 864)
[M::mem_pestat] mean and std.dev: (293.30, 153.06)
[M::mem_pestat] low and high boundaries for proper pairs: (1, 1084)
[M::mem_pestat] skip orientation FF
[M::mem_pestat] skip orientation RF
[M::mem_pestat] skip orientation RR
[M::mem_process_seqs] Processed 2965558 reads in 1537.663 CPU sec, 394.822 real sec
[M::process] read 2965576 sequences (400000241 bp)...
[M::mem_pestat] # candidate unique pairs for (FF, FR, RF, RR): (120, 518588, 297, 135)
[M::mem_pestat] analyzing insert size distribution for orientation FF...
[M::mem_pestat] (25, 50, 75) percentile: (192, 294, 418)
[M::mem_pestat] low and high boundaries for computing mean and std.dev: (1, 870)
[M::mem_pestat] mean and std.dev: (304.81, 155.11)
[M::mem_pestat] low and high boundaries for proper pairs: (1, 1096)
[M::mem_pestat] analyzing insert size distribution for orientation FR...
[M::mem_pestat] (25, 50, 75) percentile: (331, 364, 402)
[M::mem_pestat] low and high boundaries for computing mean and std.dev: (189, 544)
[M::mem_pestat] mean and std.dev: (366.93, 50.55)
[M::mem_pestat] low and high boundaries for proper pairs: (118, 615)
[M::mem_pestat] analyzing insert size distribution for orientation RF...
[M::mem_pestat] (25, 50, 75) percentile: (27, 53, 399)
[M::mem_pestat] low and high boundaries for computing mean and std.dev: (1, 1143)
[M::mem_pestat] mean and std.dev: (100.55, 152.92)
[M::mem_pestat] low and high boundaries for proper pairs: (1, 1515)
[M::mem_pestat] analyzing insert size distribution for orientation RR...
[M::mem_pestat] (25, 50, 75) percentile: (200, 278, 924)
[M::mem_pestat] low and high boundaries for computing mean and std.dev: (1, 2372)
[M::mem_pestat] mean and std.dev: (399.23, 446.46)
[M::mem_pestat] low and high boundaries for proper pairs: (1, 3096)
[M::mem_pestat] skip orientation FF
[M::mem_pestat] skip orientation RF
[M::mem_pestat] skip orientation RR
[M::mem_process_seqs] Processed 2965618 reads in 1553.619 CPU sec, 398.367 real sec
[M::process] read 2965558 sequences (400000085 bp)...
[M::mem_pestat] # candidate unique pairs for (FF, FR, RF, RR): (135, 503838, 205, 125)
[M::mem_pestat] analyzing insert size distribution for orientation FF...
[M::mem_pestat] (25, 50, 75) percentile: (211, 270, 365)
[M::mem_pestat] low and high boundaries for computing mean and std.dev: (1, 673)
[M::mem_pestat] mean and std.dev: (257.83, 97.61)
[M::mem_pestat] low and high boundaries for proper pairs: (1, 827)
[M::mem_pestat] analyzing insert size distribution for orientation FR...
[M::mem_pestat] (25, 50, 75) percentile: (331, 365, 402)
[M::mem_pestat] low and high boundaries for computing mean and std.dev: (189, 544)
[M::mem_pestat] mean and std.dev: (366.82, 50.55)
[M::mem_pestat] low and high boundaries for proper pairs: (118, 615)
[M::mem_pestat] analyzing insert size distribution for orientation RF...
[M::mem_pestat] (25, 50, 75) percentile: (28, 51, 235)
[M::mem_pestat] low and high boundaries for computing mean and std.dev: (1, 649)
[M::mem_pestat] mean and std.dev: (121.73, 180.93)
[M::mem_pestat] low and high boundaries for proper pairs: (1, 856)
[M::mem_pestat] analyzing insert size distribution for orientation RR...
[M::mem_pestat] (25, 50, 75) percentile: (237, 318, 484)
[M::mem_pestat] low and high boundaries for computing mean and std.dev: (1, 978)
[M::mem_pestat] mean and std.dev: (339.99, 198.25)
[M::mem_pestat] low and high boundaries for proper pairs: (1, 1225)
[M::mem_pestat] skip orientation FF
[M::mem_pestat] skip orientation RF
[M::mem_pestat] skip orientation RR
[M::mem_process_seqs] Processed 2965576 reads in 1608.349 CPU sec, 412.423 real sec
[M::process] read 2965548 sequences (400000173 bp)...
[M::mem_pestat] # candidate unique pairs for (FF, FR, RF, RR): (120, 492805, 19033, 119)
[M::mem_pestat] analyzing insert size distribution for orientation FF...
[M::mem_pestat] (25, 50, 75) percentile: (217, 296, 457)
[M::mem_pestat] low and high boundaries for computing mean and std.dev: (1, 937)
[M::mem_pestat] mean and std.dev: (301.50, 145.53)
[M::mem_pestat] low and high boundaries for proper pairs: (1, 1177)
[M::mem_pestat] analyzing insert size distribution for orientation FR...
[M::mem_pestat] (25, 50, 75) percentile: (329, 363, 401)
[M::mem_pestat] low and high boundaries for computing mean and std.dev: (185, 545)
[M::mem_pestat] mean and std.dev: (364.93, 52.13)
[M::mem_pestat] low and high boundaries for proper pairs: (113, 617)
[M::mem_pestat] analyzing insert size distribution for orientation RF...
[M::mem_pestat] (25, 50, 75) percentile: (14, 26, 41)
[M::mem_pestat] low and high boundaries for computing mean and std.dev: (1, 95)
[M::mem_pestat] mean and std.dev: (28.24, 18.14)
[M::mem_pestat] low and high boundaries for proper pairs: (1, 122)
[M::mem_pestat] analyzing insert size distribution for orientation RR...
[M::mem_pestat] (25, 50, 75) percentile: (222, 286, 403)
[M::mem_pestat] low and high boundaries for computing mean and std.dev: (1, 765)
[M::mem_pestat] mean and std.dev: (297.81, 134.63)
[M::mem_pestat] low and high boundaries for proper pairs: (1, 946)
[M::mem_pestat] skip orientation FF
[M::mem_pestat] skip orientation RF
[M::mem_pestat] skip orientation RR
[M::mem_process_seqs] Processed 2965558 reads in 1592.657 CPU sec, 409.046 real sec
[M::process] read 2965612 sequences (400000018 bp)...
[M::mem_pestat] # candidate unique pairs for (FF, FR, RF, RR): (139, 524913, 16114, 118)
[M::mem_pestat] analyzing insert size distribution for orientation FF...
[M::mem_pestat] (25, 50, 75) percentile: (224, 299, 472)
[M::mem_pestat] low and high boundaries for computing mean and std.dev: (1, 968)
[M::mem_pestat] mean and std.dev: (331.18, 179.44)
[M::mem_pestat] low and high boundaries for proper pairs: (1, 1216)
[M::mem_pestat] analyzing insert size distribution for orientation FR...
[M::mem_pestat] (25, 50, 75) percentile: (329, 361, 400)
[M::mem_pestat] low and high boundaries for computing mean and std.dev: (187, 542)
[M::mem_pestat] mean and std.dev: (364.63, 50.91)
[M::mem_pestat] low and high boundaries for proper pairs: (116, 613)
[M::mem_pestat] analyzing insert size distribution for orientation RF...
[M::mem_pestat] (25, 50, 75) percentile: (24, 41, 60)
[M::mem_pestat] low and high boundaries for computing mean and std.dev: (1, 132)
[M::mem_pestat] mean and std.dev: (42.97, 28.08)
[M::mem_pestat] low and high boundaries for proper pairs: (1, 168)
[M::mem_pestat] analyzing insert size distribution for orientation RR...
[M::mem_pestat] (25, 50, 75) percentile: (249, 317, 609)
[M::mem_pestat] low and high boundaries for computing mean and std.dev: (1, 1329)
[M::mem_pestat] mean and std.dev: (433.98, 304.71)
[M::mem_pestat] low and high boundaries for proper pairs: (1, 1689)
[M::mem_pestat] skip orientation FF
[M::mem_pestat] skip orientation RF
[M::mem_pestat] skip orientation RR
[M::mem_process_seqs] Processed 2965548 reads in 1497.879 CPU sec, 385.041 real sec
[M::process] read 2965566 sequences (400000246 bp)...
[M::mem_pestat] # candidate unique pairs for (FF, FR, RF, RR): (127, 519031, 359, 148)
[M::mem_pestat] analyzing insert size distribution for orientation FF...
[M::mem_pestat] (25, 50, 75) percentile: (201, 275, 423)
[M::mem_pestat] low and high boundaries for computing mean and std.dev: (1, 867)
[M::mem_pestat] mean and std.dev: (297.44, 154.55)
[M::mem_pestat] low and high boundaries for proper pairs: (1, 1089)
[M::mem_pestat] analyzing insert size distribution for orientation FR...
[M::mem_pestat] (25, 50, 75) percentile: (331, 364, 402)
[M::mem_pestat] low and high boundaries for computing mean and std.dev: (189, 544)
[M::mem_pestat] mean and std.dev: (366.91, 50.64)
[M::mem_pestat] low and high boundaries for proper pairs: (118, 615)
[M::mem_pestat] analyzing insert size distribution for orientation RF...
[M::mem_pestat] (25, 50, 75) percentile: (23, 55, 311)
[M::mem_pestat] low and high boundaries for computing mean and std.dev: (1, 887)
[M::mem_pestat] mean and std.dev: (89.53, 117.72)
[M::mem_pestat] low and high boundaries for proper pairs: (1, 1175)
[M::mem_pestat] analyzing insert size distribution for orientation RR...
[M::mem_pestat] (25, 50, 75) percentile: (199, 281, 538)
[M::mem_pestat] low and high boundaries for computing mean and std.dev: (1, 1216)
[M::mem_pestat] mean and std.dev: (332.28, 233.23)
[M::mem_pestat] low and high boundaries for proper pairs: (1, 1555)
[M::mem_pestat] skip orientation FF
[M::mem_pestat] skip orientation RF
[M::mem_pestat] skip orientation RR
[M::mem_process_seqs] Processed 2965612 reads in 1556.613 CPU sec, 399.121 real sec
[M::process] read 2965622 sequences (400000137 bp)...
[M::mem_pestat] # candidate unique pairs for (FF, FR, RF, RR): (170, 511943, 190, 135)
[M::mem_pestat] analyzing insert size distribution for orientation FF...
[M::mem_pestat] (25, 50, 75) percentile: (196, 278, 389)
[M::mem_pestat] low and high boundaries for computing mean and std.dev: (1, 775)
[M::mem_pestat] mean and std.dev: (261.04, 113.65)
[M::mem_pestat] low and high boundaries for proper pairs: (1, 968)
[M::mem_pestat] analyzing insert size distribution for orientation FR...
[M::mem_pestat] (25, 50, 75) percentile: (331, 364, 402)
[M::mem_pestat] low and high boundaries for computing mean and std.dev: (189, 544)
[M::mem_pestat] mean and std.dev: (366.97, 50.42)
[M::mem_pestat] low and high boundaries for proper pairs: (118, 615)
[M::mem_pestat] analyzing insert size distribution for orientation RF...
[M::mem_pestat] (25, 50, 75) percentile: (25, 51, 200)
[M::mem_pestat] low and high boundaries for computing mean and std.dev: (1, 550)
[M::mem_pestat] mean and std.dev: (74.16, 98.47)
[M::mem_pestat] low and high boundaries for proper pairs: (1, 725)
[M::mem_pestat] analyzing insert size distribution for orientation RR...
[M::mem_pestat] (25, 50, 75) percentile: (217, 272, 356)
[M::mem_pestat] low and high boundaries for computing mean and std.dev: (1, 634)
[M::mem_pestat] mean and std.dev: (266.51, 107.90)
[M::mem_pestat] low and high boundaries for proper pairs: (1, 773)
[M::mem_pestat] skip orientation FF
[M::mem_pestat] skip orientation RF
[M::mem_pestat] skip orientation RR
[M::mem_process_seqs] Processed 2965566 reads in 1620.990 CPU sec, 415.691 real sec
[M::process] read 2965592 sequences (400000227 bp)...
[M::mem_pestat] # candidate unique pairs for (FF, FR, RF, RR): (157, 519398, 176, 134)
[M::mem_pestat] analyzing insert size distribution for orientation FF...
[M::mem_pestat] (25, 50, 75) percentile: (198, 275, 359)
[M::mem_pestat] low and high boundaries for computing mean and std.dev: (1, 681)
[M::mem_pestat] mean and std.dev: (258.26, 99.77)
[M::mem_pestat] low and high boundaries for proper pairs: (1, 842)
[M::mem_pestat] analyzing insert size distribution for orientation FR...
[M::mem_pestat] (25, 50, 75) percentile: (331, 364, 402)
[M::mem_pestat] low and high boundaries for computing mean and std.dev: (189, 544)
[M::mem_pestat] mean and std.dev: (366.95, 50.49)
[M::mem_pestat] low and high boundaries for proper pairs: (118, 615)
[M::mem_pestat] analyzing insert size distribution for orientation RF...
[M::mem_pestat] (25, 50, 75) percentile: (30, 52, 185)
[M::mem_pestat] low and high boundaries for computing mean and std.dev: (1, 495)
[M::mem_pestat] mean and std.dev: (74.72, 83.51)
[M::mem_pestat] low and high boundaries for proper pairs: (1, 650)
[M::mem_pestat] analyzing insert size distribution for orientation RR...
[M::mem_pestat] (25, 50, 75) percentile: (210, 301, 389)
[M::mem_pestat] low and high boundaries for computing mean and std.dev: (1, 747)
[M::mem_pestat] mean and std.dev: (286.83, 133.38)
[M::mem_pestat] low and high boundaries for proper pairs: (1, 926)
[M::mem_pestat] skip orientation FF
[M::mem_pestat] skip orientation RF
[M::mem_pestat] skip orientation RR
[M::mem_process_seqs] Processed 2965622 reads in 1593.257 CPU sec, 408.987 real sec
[M::process] read 2965558 sequences (400000135 bp)...
[M::mem_pestat] # candidate unique pairs for (FF, FR, RF, RR): (155, 523361, 223, 137)
[M::mem_pestat] analyzing insert size distribution for orientation FF...
[M::mem_pestat] (25, 50, 75) percentile: (223, 281, 342)
[M::mem_pestat] low and high boundaries for computing mean and std.dev: (1, 580)
[M::mem_pestat] mean and std.dev: (257.96, 84.66)
[M::mem_pestat] low and high boundaries for proper pairs: (1, 699)
[M::mem_pestat] analyzing insert size distribution for orientation FR...
[M::mem_pestat] (25, 50, 75) percentile: (331, 364, 402)
[M::mem_pestat] low and high boundaries for computing mean and std.dev: (189, 544)
[M::mem_pestat] mean and std.dev: (366.85, 50.57)
[M::mem_pestat] low and high boundaries for proper pairs: (118, 615)
[M::mem_pestat] analyzing insert size distribution for orientation RF...
[M::mem_pestat] (25, 50, 75) percentile: (36, 70, 614)
[M::mem_pestat] low and high boundaries for computing mean and std.dev: (1, 1770)
[M::mem_pestat] mean and std.dev: (274.04, 332.25)
[M::mem_pestat] low and high boundaries for proper pairs: (1, 2348)
[M::mem_pestat] analyzing insert size distribution for orientation RR...
[M::mem_pestat] (25, 50, 75) percentile: (227, 283, 592)
[M::mem_pestat] low and high boundaries for computing mean and std.dev: (1, 1322)
[M::mem_pestat] mean and std.dev: (371.27, 244.63)
[M::mem_pestat] low and high boundaries for proper pairs: (1, 1687)
[M::mem_pestat] skip orientation FF
[M::mem_pestat] skip orientation RF
[M::mem_pestat] skip orientation RR
[M::mem_process_seqs] Processed 2965592 reads in 1566.763 CPU sec, 402.150 real sec
[M::process] read 2965572 sequences (400000058 bp)...
[M::mem_pestat] # candidate unique pairs for (FF, FR, RF, RR): (151, 520159, 359, 155)
[M::mem_pestat] analyzing insert size distribution for orientation FF...
[M::mem_pestat] (25, 50, 75) percentile: (211, 279, 482)
[M::mem_pestat] low and high boundaries for computing mean and std.dev: (1, 1024)
[M::mem_pestat] mean and std.dev: (335.16, 213.44)
[M::mem_pestat] low and high boundaries for proper pairs: (1, 1295)
[M::mem_pestat] analyzing insert size distribution for orientation FR...
[M::mem_pestat] (25, 50, 75) percentile: (331, 364, 402)
[M::mem_pestat] low and high boundaries for computing mean and std.dev: (189, 544)
[M::mem_pestat] mean and std.dev: (366.93, 50.50)
[M::mem_pestat] low and high boundaries for proper pairs: (118, 615)
[M::mem_pestat] analyzing insert size distribution for orientation RF...
[M::mem_pestat] (25, 50, 75) percentile: (29, 74, 871)
[M::mem_pestat] low and high boundaries for computing mean and std.dev: (1, 2555)
[M::mem_pestat] mean and std.dev: (316.86, 506.75)
[M::mem_pestat] low and high boundaries for proper pairs: (1, 3397)
[M::mem_pestat] analyzing insert size distribution for orientation RR...
[M::mem_pestat] (25, 50, 75) percentile: (196, 282, 478)
[M::mem_pestat] low and high boundaries for computing mean and std.dev: (1, 1042)
[M::mem_pestat] mean and std.dev: (316.82, 193.38)
[M::mem_pestat] low and high boundaries for proper pairs: (1, 1324)
[M::mem_pestat] skip orientation FF
[M::mem_pestat] skip orientation RF
[M::mem_pestat] skip orientation RR
[M::mem_process_seqs] Processed 2965558 reads in 1549.514 CPU sec, 397.946 real sec
[M::process] read 2965594 sequences (400000034 bp)...
[M::mem_pestat] # candidate unique pairs for (FF, FR, RF, RR): (155, 525058, 2856, 126)
[M::mem_pestat] analyzing insert size distribution for orientation FF...
[M::mem_pestat] (25, 50, 75) percentile: (209, 293, 467)
[M::mem_pestat] low and high boundaries for computing mean and std.dev: (1, 983)
[M::mem_pestat] mean and std.dev: (304.13, 171.93)
[M::mem_pestat] low and high boundaries for proper pairs: (1, 1241)
[M::mem_pestat] analyzing insert size distribution for orientation FR...
[M::mem_pestat] (25, 50, 75) percentile: (331, 364, 402)
[M::mem_pestat] low and high boundaries for computing mean and std.dev: (189, 544)
[M::mem_pestat] mean and std.dev: (366.69, 50.48)
[M::mem_pestat] low and high boundaries for proper pairs: (118, 615)
[M::mem_pestat] analyzing insert size distribution for orientation RF...
[M::mem_pestat] (25, 50, 75) percentile: (20, 39, 56)
[M::mem_pestat] low and high boundaries for computing mean and std.dev: (1, 128)
[M::mem_pestat] mean and std.dev: (39.25, 25.82)
[M::mem_pestat] low and high boundaries for proper pairs: (1, 164)
[M::mem_pestat] analyzing insert size distribution for orientation RR...
[M::mem_pestat] (25, 50, 75) percentile: (206, 266, 365)
[M::mem_pestat] low and high boundaries for computing mean and std.dev: (1, 683)
[M::mem_pestat] mean and std.dev: (266.99, 121.94)
[M::mem_pestat] low and high boundaries for proper pairs: (1, 842)
[M::mem_pestat] skip orientation FF
[M::mem_pestat] skip orientation RF
[M::mem_pestat] skip orientation RR
[M::mem_process_seqs] Processed 2965572 reads in 1520.599 CPU sec, 390.653 real sec
[M::process] read 2965560 sequences (400000263 bp)...
[M::mem_pestat] # candidate unique pairs for (FF, FR, RF, RR): (128, 518529, 260, 126)
[M::mem_pestat] analyzing insert size distribution for orientation FF...
[M::mem_pestat] (25, 50, 75) percentile: (187, 290, 512)
[M::mem_pestat] low and high boundaries for computing mean and std.dev: (1, 1162)
[M::mem_pestat] mean and std.dev: (313.32, 214.66)
[M::mem_pestat] low and high boundaries for proper pairs: (1, 1487)
[M::mem_pestat] analyzing insert size distribution for orientation FR...
[M::mem_pestat] (25, 50, 75) percentile: (331, 364, 403)
[M::mem_pestat] low and high boundaries for computing mean and std.dev: (187, 547)
[M::mem_pestat] mean and std.dev: (366.74, 51.04)
[M::mem_pestat] low and high boundaries for proper pairs: (115, 619)
[M::mem_pestat] analyzing insert size distribution for orientation RF...
[M::mem_pestat] (25, 50, 75) percentile: (24, 52, 144)
[M::mem_pestat] low and high boundaries for computing mean and std.dev: (1, 384)
[M::mem_pestat] mean and std.dev: (67.24, 70.44)
[M::mem_pestat] low and high boundaries for proper pairs: (1, 504)
[M::mem_pestat] analyzing insert size distribution for orientation RR...
[M::mem_pestat] (25, 50, 75) percentile: (239, 314, 583)
[M::mem_pestat] low and high boundaries for computing mean and std.dev: (1, 1271)
[M::mem_pestat] mean and std.dev: (403.58, 265.36)
[M::mem_pestat] low and high boundaries for proper pairs: (1, 1615)
[M::mem_pestat] skip orientation FF
[M::mem_pestat] skip orientation RF
[M::mem_pestat] skip orientation RR
