/home/afink007/.bash_profile: line 5: /home/afink007/.turing_bash_profile: No such file or directory

The following have been reloaded with a version change:
  1) slurm/20.11.5 => slurm/21.08


The following have been reloaded with a version change:
  1) git/2.12.1 => git/2.25                     3) python/3.5.2 => python/3.6
  2) parallel/20161222 => parallel/20190322



== Warning ==  output dir is not empty! Please, clean output directory before run.




== Warning ==  No assembly mode was specified! If you intend to assemble high-coverage multi-cell/isolate data, use '--isolate' option.


Command line: /opt/conda/bin/spades.py	-k	21,33,55,77,99	--pe1-1	/home/e1garcia/shotgun_PIRE/REUs/2022_REU/Allison/corythoichthys_haematopterus/fq_fp1_clmp_fp2_fqscrn_repaired/Cha-CPnd_001_Ex1-1H_L4_clmp.fp2_repr.R1.fq.gz	--pe1-2	/home/e1garcia/shotgun_PIRE/REUs/2022_REU/Allison/corythoichthys_haematopterus/fq_fp1_clmp_fp2_fqscrn_repaired/Cha-CPnd_001_Ex1-1H_L4_clmp.fp2_repr.R2.fq.gz	--threads	32	--memory	750	--tmp-dir	/scratch-lustre/afink007	--cov-cutoff	off	-o	/home/e1garcia/shotgun_PIRE/REUs/2022_REU/Allison/corythoichthys_haematopterus/SPAdes_Cha-CPnd-B_decontam_R1R2_noIsolate	

System information:
  SPAdes version: 3.15.2
  Python version: 3.7.9
  OS: Linux-4.4.302-1.el6_10.x86_64-x86_64-with-fedora-32-Thirty_Two

Output dir: /home/e1garcia/shotgun_PIRE/REUs/2022_REU/Allison/corythoichthys_haematopterus/SPAdes_Cha-CPnd-B_decontam_R1R2_noIsolate
Mode: read error correction and assembling
Debug mode is turned OFF

Dataset parameters:
  Standard mode
  For multi-cell/isolate data we recommend to use '--isolate' option; for single-cell MDA data use '--sc'; for metagenomic data use '--meta'; for RNA-Seq use '--rna'.
  Reads:
    Library number: 1, library type: paired-end
      orientation: fr
      left reads: ['/home/e1garcia/shotgun_PIRE/REUs/2022_REU/Allison/corythoichthys_haematopterus/fq_fp1_clmp_fp2_fqscrn_repaired/Cha-CPnd_001_Ex1-1H_L4_clmp.fp2_repr.R1.fq.gz']
      right reads: ['/home/e1garcia/shotgun_PIRE/REUs/2022_REU/Allison/corythoichthys_haematopterus/fq_fp1_clmp_fp2_fqscrn_repaired/Cha-CPnd_001_Ex1-1H_L4_clmp.fp2_repr.R2.fq.gz']
      interlaced reads: not specified
      single reads: not specified
      merged reads: not specified
Read error correction parameters:
  Iterations: 1
  PHRED offset will be auto-detected
  Corrected reads will be compressed
Assembly parameters:
  k: [21, 33, 55, 77, 99]
  Repeat resolution is enabled
  Mismatch careful mode is turned OFF
  MismatchCorrector will be SKIPPED
  Coverage cutoff is turned OFF
Other parameters:
  Dir for temp files: /scratch-lustre/afink007
  Threads: 32
  Memory limit (in Gb): 750


======= SPAdes pipeline started. Log can be found here: /home/e1garcia/shotgun_PIRE/REUs/2022_REU/Allison/corythoichthys_haematopterus/SPAdes_Cha-CPnd-B_decontam_R1R2_noIsolate/spades.log

/home/e1garcia/shotgun_PIRE/REUs/2022_REU/Allison/corythoichthys_haematopterus/fq_fp1_clmp_fp2_fqscrn_repaired/Cha-CPnd_001_Ex1-1H_L4_clmp.fp2_repr.R1.fq.gz: max reads length: 150
/home/e1garcia/shotgun_PIRE/REUs/2022_REU/Allison/corythoichthys_haematopterus/fq_fp1_clmp_fp2_fqscrn_repaired/Cha-CPnd_001_Ex1-1H_L4_clmp.fp2_repr.R2.fq.gz: max reads length: 150

Reads length: 150


===== Before start started. 


===== Read error correction started. 


===== Read error correction started. 


== Running: /opt/conda/bin/spades-hammer /home/e1garcia/shotgun_PIRE/REUs/2022_REU/Allison/corythoichthys_haematopterus/SPAdes_Cha-CPnd-B_decontam_R1R2_noIsolate/corrected/configs/config.info

  0:00:00.000     1M / 12M   INFO    General                 (main.cpp                  :  75)   Starting BayesHammer, built from N/A, git revision N/A
  0:00:00.036     1M / 12M   INFO    General                 (main.cpp                  :  76)   Loading config from /home/e1garcia/shotgun_PIRE/REUs/2022_REU/Allison/corythoichthys_haematopterus/SPAdes_Cha-CPnd-B_decontam_R1R2_noIsolate/corrected/configs/config.info
  0:00:00.044     1M / 12M   INFO    General                 (main.cpp                  :  78)   Maximum # of threads to use (adjusted due to OMP capabilities): 32
  0:00:00.047     1M / 12M   INFO    General                 (memory_limit.cpp          :  48)   Memory limit set to 750 Gb
  0:00:00.051     1M / 12M   INFO    General                 (main.cpp                  :  86)   Trying to determine PHRED offset
  0:00:00.058     1M / 12M   INFO    General                 (main.cpp                  :  92)   Determined value is 33
  0:00:00.062     1M / 12M   INFO    General                 (hammer_tools.cpp          :  38)   Hamming graph threshold tau=1, k=21, subkmer positions = [ 0 10 ]
  0:00:00.066     1M / 12M   INFO    General                 (main.cpp                  : 113)   Size of aux. kmer data 24 bytes
     === ITERATION 0 begins ===
  0:00:00.073     1M / 12M   INFO    General                 (kmer_index_builder.hpp    : 243)   Splitting kmer instances into 16 files using 32 threads. This might take a while.
  0:00:00.077     1M / 12M   INFO    General                 (file_limit.hpp            :  32)   Open file limit set to 50000
  0:00:00.086     1M / 12M   INFO    General                 (kmer_splitter.hpp         :  93)   Memory available for splitting buffers: 7.8125 Gb
  0:00:00.092     1M / 12M   INFO    General                 (kmer_splitter.hpp         : 101)   Using cell size of 4194304
  0:00:00.481    19G / 19G   INFO   K-mer Splitting          (kmer_data.cpp             :  97)   Processing /home/e1garcia/shotgun_PIRE/REUs/2022_REU/Allison/corythoichthys_haematopterus/fq_fp1_clmp_fp2_fqscrn_repaired/Cha-CPnd_001_Ex1-1H_L4_clmp.fp2_repr.R1.fq.gz
  0:01:10.357    19G / 28G   INFO   K-mer Splitting          (kmer_data.cpp             : 107)   Processed 7013532 reads
  0:02:24.636    19G / 31G   INFO   K-mer Splitting          (kmer_data.cpp             : 107)   Processed 14646763 reads
  0:03:39.633    19G / 31G   INFO   K-mer Splitting          (kmer_data.cpp             : 107)   Processed 22148065 reads
  0:04:54.604    19G / 31G   INFO   K-mer Splitting          (kmer_data.cpp             : 107)   Processed 29649705 reads
  0:05:12.605    19G / 31G   INFO   K-mer Splitting          (kmer_data.cpp             : 107)   Processed 31338685 reads
  0:05:12.612    19G / 31G   INFO   K-mer Splitting          (kmer_data.cpp             :  97)   Processing /home/e1garcia/shotgun_PIRE/REUs/2022_REU/Allison/corythoichthys_haematopterus/fq_fp1_clmp_fp2_fqscrn_repaired/Cha-CPnd_001_Ex1-1H_L4_clmp.fp2_repr.R2.fq.gz
  0:06:30.113    19G / 31G   INFO   K-mer Splitting          (kmer_data.cpp             : 107)   Processed 38922872 reads
  0:07:50.532    19G / 31G   INFO   K-mer Splitting          (kmer_data.cpp             : 107)   Processed 46633837 reads
  0:09:12.030    19G / 31G   INFO   K-mer Splitting          (kmer_data.cpp             : 107)   Processed 54448654 reads
  0:10:35.520    19G / 31G   INFO   K-mer Splitting          (kmer_data.cpp             : 107)   Processed 62195881 reads
  0:10:41.048    19G / 31G   INFO   K-mer Splitting          (kmer_data.cpp             : 107)   Processed 62677370 reads
  0:10:41.052    19G / 31G   INFO   K-mer Splitting          (kmer_data.cpp             : 112)   Total 62677370 reads processed
  0:10:41.057     1M / 31G   INFO    General                 (kmer_index_builder.hpp    : 249)   Starting k-mer counting.
  0:13:00.864     1M / 37G   INFO    General                 (kmer_index_builder.hpp    : 260)   K-mer counting done. There are 2395658782 kmers in total.
  0:13:00.872     1M / 37G   INFO   K-mer Index Building     (kmer_index_builder.hpp    : 395)   Building perfect hash indices
  0:15:38.774  1672M / 37G   INFO   K-mer Index Building     (kmer_index_builder.hpp    : 431)   Index built. Total 2395658782 kmers, 1730310208 bytes occupied (5.77815 bits per kmer).
  0:15:38.783  1672M / 37G   INFO   K-mer Counting           (kmer_data.cpp             : 354)   Arranging kmers in hash map order
  0:17:36.915    38G / 38G   INFO    General                 (main.cpp                  : 148)   Clustering Hamming graph.
  0:52:53.477    38G / 38G   INFO    General                 (main.cpp                  : 155)   Extracting clusters:
  0:52:53.481    38G / 38G   INFO    General                 (concurrent_dsu.cpp        :  18)   Connecting to root
  0:52:57.468    38G / 38G   INFO    General                 (concurrent_dsu.cpp        :  34)   Calculating counts
  1:04:05.415    72G / 72G   INFO    General                 (concurrent_dsu.cpp        :  63)   Writing down entries
  1:24:00.821    38G / 100G  INFO    General                 (main.cpp                  : 167)   Clustering done. Total clusters: 1342658347
  1:24:00.901    20G / 100G  INFO   K-mer Counting           (kmer_data.cpp             : 371)   Collecting K-mer information, this takes a while.
  1:24:29.785    74G / 100G  INFO   K-mer Counting           (kmer_data.cpp             : 377)   Processing /home/e1garcia/shotgun_PIRE/REUs/2022_REU/Allison/corythoichthys_haematopterus/fq_fp1_clmp_fp2_fqscrn_repaired/Cha-CPnd_001_Ex1-1H_L4_clmp.fp2_repr.R1.fq.gz
  1:28:05.222    74G / 100G  INFO   K-mer Counting           (kmer_data.cpp             : 377)   Processing /home/e1garcia/shotgun_PIRE/REUs/2022_REU/Allison/corythoichthys_haematopterus/fq_fp1_clmp_fp2_fqscrn_repaired/Cha-CPnd_001_Ex1-1H_L4_clmp.fp2_repr.R2.fq.gz
  1:31:43.233    74G / 100G  INFO   K-mer Counting           (kmer_data.cpp             : 384)   Collection done, postprocessing.
  1:32:05.126    74G / 100G  INFO   K-mer Counting           (kmer_data.cpp             : 397)   There are 2395658782 kmers in total. Among them 1160379636 (48.4368%) are singletons.
  1:32:05.129    74G / 100G  INFO    General                 (main.cpp                  : 173)   Subclustering Hamming graph
  3:03:47.205    74G / 100G  INFO   Hamming Subclustering    (kmer_cluster.cpp          : 650)   Subclustering done. Total 149682 non-read kmers were generated.
  3:03:47.214    74G / 100G  INFO   Hamming Subclustering    (kmer_cluster.cpp          : 651)   Subclustering statistics:
  3:03:47.222    74G / 100G  INFO   Hamming Subclustering    (kmer_cluster.cpp          : 652)     Total singleton hamming clusters: 1088052488. Among them 748824410 (68.8225%) are good
  3:03:47.230    74G / 100G  INFO   Hamming Subclustering    (kmer_cluster.cpp          : 653)     Total singleton subclusters: 18200021. Among them 18152083 (99.7366%) are good
  3:03:47.238    74G / 100G  INFO   Hamming Subclustering    (kmer_cluster.cpp          : 654)     Total non-singleton subcluster centers: 293053252. Among them 205664288 (70.1798%) are good
  3:03:47.247    74G / 100G  INFO   Hamming Subclustering    (kmer_cluster.cpp          : 655)     Average size of non-trivial subcluster: 4.46535 kmers
  3:03:47.255    74G / 100G  INFO   Hamming Subclustering    (kmer_cluster.cpp          : 656)     Average number of sub-clusters per non-singleton cluster: 1.22249
  3:03:47.259    74G / 100G  INFO   Hamming Subclustering    (kmer_cluster.cpp          : 657)     Total solid k-mers: 972640781
  3:03:47.263    74G / 100G  INFO   Hamming Subclustering    (kmer_cluster.cpp          : 658)     Substitution probabilities: [4,4]((0.907728,0.0299768,0.0259366,0.0363583),(0.0430687,0.897289,0.0190192,0.040623),(0.0388486,0.0183039,0.897909,0.0449389),(0.035206,0.0251183,0.0292103,0.910465))
  3:03:51.062    74G / 100G  INFO    General                 (main.cpp                  : 178)   Finished clustering.
  3:03:51.066    74G / 100G  INFO    General                 (main.cpp                  : 197)   Starting solid k-mers expansion in 32 threads.
  3:08:44.296    74G / 100G  INFO    General                 (main.cpp                  : 218)   Solid k-mers iteration 0 produced 277714954 new k-mers.
  3:13:22.052    74G / 100G  INFO    General                 (main.cpp                  : 218)   Solid k-mers iteration 1 produced 29240841 new k-mers.
  3:18:01.989    74G / 100G  INFO    General                 (main.cpp                  : 218)   Solid k-mers iteration 2 produced 2174034 new k-mers.
  3:22:42.676    74G / 100G  INFO    General                 (main.cpp                  : 218)   Solid k-mers iteration 3 produced 171812 new k-mers.
  3:27:24.782    74G / 100G  INFO    General                 (main.cpp                  : 218)   Solid k-mers iteration 4 produced 13925 new k-mers.
  3:32:06.141    74G / 100G  INFO    General                 (main.cpp                  : 218)   Solid k-mers iteration 5 produced 1475 new k-mers.
  3:36:42.812    74G / 100G  INFO    General                 (main.cpp                  : 218)   Solid k-mers iteration 6 produced 253 new k-mers.
  3:41:17.031    74G / 100G  INFO    General                 (main.cpp                  : 218)   Solid k-mers iteration 7 produced 0 new k-mers.
  3:41:17.037    74G / 100G  INFO    General                 (main.cpp                  : 222)   Solid k-mers finalized
  3:41:17.039    74G / 100G  INFO    General                 (hammer_tools.cpp          : 222)   Starting read correction in 32 threads.
  3:41:17.046    74G / 100G  INFO    General                 (hammer_tools.cpp          : 235)   Correcting pair of reads: /home/e1garcia/shotgun_PIRE/REUs/2022_REU/Allison/corythoichthys_haematopterus/fq_fp1_clmp_fp2_fqscrn_repaired/Cha-CPnd_001_Ex1-1H_L4_clmp.fp2_repr.R1.fq.gz and /home/e1garcia/shotgun_PIRE/REUs/2022_REU/Allison/corythoichthys_haematopterus/fq_fp1_clmp_fp2_fqscrn_repaired/Cha-CPnd_001_Ex1-1H_L4_clmp.fp2_repr.R2.fq.gz
  3:41:38.549    77G / 100G  INFO    General                 (hammer_tools.cpp          : 170)   Prepared batch 0 of 3200000 reads.
  3:42:07.444    77G / 100G  INFO    General                 (hammer_tools.cpp          : 177)   Processed batch 0
  3:42:16.916    77G / 100G  INFO    General                 (hammer_tools.cpp          : 187)   Written batch 0
  3:42:39.263    77G / 100G  INFO    General                 (hammer_tools.cpp          : 170)   Prepared batch 1 of 3200000 reads.
  3:43:12.691    77G / 100G  INFO    General                 (hammer_tools.cpp          : 177)   Processed batch 1
  3:43:36.752    77G / 100G  INFO    General                 (hammer_tools.cpp          : 187)   Written batch 1
  3:43:57.769    77G / 100G  INFO    General                 (hammer_tools.cpp          : 170)   Prepared batch 2 of 3200000 reads.
  3:44:32.918    77G / 100G  INFO    General                 (hammer_tools.cpp          : 177)   Processed batch 2
  3:44:42.900    77G / 100G  INFO    General                 (hammer_tools.cpp          : 187)   Written batch 2
  3:45:03.269    77G / 100G  INFO    General                 (hammer_tools.cpp          : 170)   Prepared batch 3 of 3200000 reads.
  3:45:35.592    77G / 100G  INFO    General                 (hammer_tools.cpp          : 177)   Processed batch 3
  3:45:45.100    77G / 100G  INFO    General                 (hammer_tools.cpp          : 187)   Written batch 3
  3:46:06.447    77G / 100G  INFO    General                 (hammer_tools.cpp          : 170)   Prepared batch 4 of 3200000 reads.
  3:46:39.392    77G / 100G  INFO    General                 (hammer_tools.cpp          : 177)   Processed batch 4
  3:46:49.473    77G / 100G  INFO    General                 (hammer_tools.cpp          : 187)   Written batch 4
  3:47:10.508    77G / 100G  INFO    General                 (hammer_tools.cpp          : 170)   Prepared batch 5 of 3200000 reads.
  3:47:44.502    77G / 100G  INFO    General                 (hammer_tools.cpp          : 177)   Processed batch 5
  3:48:03.989    77G / 100G  INFO    General                 (hammer_tools.cpp          : 187)   Written batch 5
  3:48:25.164    77G / 100G  INFO    General                 (hammer_tools.cpp          : 170)   Prepared batch 6 of 3200000 reads.
  3:48:58.920    77G / 100G  INFO    General                 (hammer_tools.cpp          : 177)   Processed batch 6
  3:49:30.427    77G / 100G  INFO    General                 (hammer_tools.cpp          : 187)   Written batch 6
  3:49:50.507    77G / 100G  INFO    General                 (hammer_tools.cpp          : 170)   Prepared batch 7 of 3200000 reads.
  3:50:23.727    77G / 100G  INFO    General                 (hammer_tools.cpp          : 177)   Processed batch 7
  3:50:57.397    77G / 100G  INFO    General                 (hammer_tools.cpp          : 187)   Written batch 7
  3:51:17.795    77G / 100G  INFO    General                 (hammer_tools.cpp          : 170)   Prepared batch 8 of 3200000 reads.
  3:51:52.009    77G / 100G  INFO    General                 (hammer_tools.cpp          : 177)   Processed batch 8
  3:52:26.462    77G / 100G  INFO    General                 (hammer_tools.cpp          : 187)   Written batch 8
  3:52:43.227    77G / 100G  INFO    General                 (hammer_tools.cpp          : 170)   Prepared batch 9 of 2538685 reads.
  3:53:09.951    77G / 100G  INFO    General                 (hammer_tools.cpp          : 177)   Processed batch 9
  3:53:18.374    77G / 100G  INFO    General                 (hammer_tools.cpp          : 187)   Written batch 9
  3:53:40.533    74G / 100G  INFO    General                 (hammer_tools.cpp          : 276)   Correction done. Changed 19083072 bases in 10396867 reads.
  3:53:40.660    74G / 100G  INFO    General                 (hammer_tools.cpp          : 277)   Failed to correct 139916 bases out of 9390576302.
  3:53:41.009     1M / 100G  INFO    General                 (main.cpp                  : 255)   Saving corrected dataset description to /home/e1garcia/shotgun_PIRE/REUs/2022_REU/Allison/corythoichthys_haematopterus/SPAdes_Cha-CPnd-B_decontam_R1R2_noIsolate/corrected/corrected.yaml
  3:53:41.023     1M / 100G  INFO    General                 (main.cpp                  : 262)   All done. Exiting.

===== Read error correction finished. 


===== corrected reads compression started. 


== Running: /opt/conda/bin/python /opt/conda/share/spades/spades_pipeline/scripts/compress_all.py --input_file /home/e1garcia/shotgun_PIRE/REUs/2022_REU/Allison/corythoichthys_haematopterus/SPAdes_Cha-CPnd-B_decontam_R1R2_noIsolate/corrected/corrected.yaml --ext_python_modules_home /opt/conda/share/spades --max_threads 32 --output_dir /home/e1garcia/shotgun_PIRE/REUs/2022_REU/Allison/corythoichthys_haematopterus/SPAdes_Cha-CPnd-B_decontam_R1R2_noIsolate/corrected --gzip_output

== Compressing corrected reads (with pigz)
== Files to compress: ['/home/e1garcia/shotgun_PIRE/REUs/2022_REU/Allison/corythoichthys_haematopterus/SPAdes_Cha-CPnd-B_decontam_R1R2_noIsolate/corrected/Cha-CPnd_001_Ex1-1H_L4_clmp.fp2_repr.R1.fq.00.0_0.cor.fastq', '/home/e1garcia/shotgun_PIRE/REUs/2022_REU/Allison/corythoichthys_haematopterus/SPAdes_Cha-CPnd-B_decontam_R1R2_noIsolate/corrected/Cha-CPnd_001_Ex1-1H_L4_clmp.fp2_repr.R2.fq.00.0_0.cor.fastq', '/home/e1garcia/shotgun_PIRE/REUs/2022_REU/Allison/corythoichthys_haematopterus/SPAdes_Cha-CPnd-B_decontam_R1R2_noIsolate/corrected/Cha-CPnd_001_Ex1-1H_L4_clmp.fp2_repr.R_unpaired.00.0_0.cor.fastq']
== Files compression is finished
== Dataset yaml file is updated

===== corrected reads compression finished. 


===== Read error correction finished. 


===== Assembling started. 


===== K21 started. 


== Running: /opt/conda/bin/spades-core /home/e1garcia/shotgun_PIRE/REUs/2022_REU/Allison/corythoichthys_haematopterus/SPAdes_Cha-CPnd-B_decontam_R1R2_noIsolate/K21/configs/config.info

  0:00:00.000     1M / 12M   INFO    General                 (main.cpp                  :  99)   Loaded config from /home/e1garcia/shotgun_PIRE/REUs/2022_REU/Allison/corythoichthys_haematopterus/SPAdes_Cha-CPnd-B_decontam_R1R2_noIsolate/K21/configs/config.info
  0:00:00.028     1M / 12M   INFO    General                 (memory_limit.cpp          :  48)   Memory limit set to 750 Gb
  0:00:00.035     1M / 12M   INFO    General                 (main.cpp                  : 107)   Starting SPAdes, built from N/A, git revision N/A
  0:00:00.043     1M / 12M   INFO    General                 (main.cpp                  : 108)   Maximum k-mer length: 128
  0:00:00.047     1M / 12M   INFO    General                 (main.cpp                  : 109)   Assembling dataset (/home/e1garcia/shotgun_PIRE/REUs/2022_REU/Allison/corythoichthys_haematopterus/SPAdes_Cha-CPnd-B_decontam_R1R2_noIsolate/dataset.info) with K=21
  0:00:00.051     1M / 12M   INFO    General                 (main.cpp                  : 110)   Maximum # of threads to use (adjusted due to OMP capabilities): 32
  0:00:00.060     1M / 12M   INFO    General                 (pipeline.cpp              : 212)   SPAdes started
  0:00:00.064     1M / 12M   INFO    General                 (pipeline.cpp              : 225)   Starting from stage: read_conversion
  0:00:00.068     1M / 12M   INFO    General                 (pipeline.cpp              : 231)   Two-step repeat resolution disabled
  0:00:00.075     1M / 12M   INFO   GraphCore                (graph_core.hpp            : 672)   Graph created, vertex min_id: 3, edge min_id: 3
  0:00:00.079     1M / 12M   INFO   GraphCore                (graph_core.hpp            : 673)   Vertex size: 48, edge size: 40
  0:00:00.086     1M / 12M   INFO    General                 (edge_index.hpp            : 113)   Size of edge index entries: 12/8
  0:00:00.092     1M / 12M   INFO   StageManager             (stage.cpp                 : 185)   STAGE == Binary Read Conversion (id: read_conversion)
  0:00:00.096     1M / 12M   INFO    General                 (read_converter.cpp        :  72)   Converting reads to binary format for library #0 (takes a while)
  0:00:00.099     1M / 12M   INFO    General                 (read_converter.cpp        :  73)   Converting paired reads
  0:00:01.299    68M / 105M  INFO    General                 (binary_converter.cpp      :  96)   16384 reads processed
  0:00:01.320    73M / 113M  INFO    General                 (binary_converter.cpp      :  96)   32768 reads processed
  0:00:01.359    83M / 133M  INFO    General                 (binary_converter.cpp      :  96)   65536 reads processed
  0:00:01.695    72M / 185M  INFO    General                 (binary_converter.cpp      :  96)   131072 reads processed
  0:00:02.327    82M / 221M  INFO    General                 (binary_converter.cpp      :  96)   262144 reads processed
  0:00:03.393    70M / 262M  INFO    General                 (binary_converter.cpp      :  96)   524288 reads processed
  0:00:05.201    78M / 352M  INFO    General                 (binary_converter.cpp      :  96)   1048576 reads processed
  0:00:08.959    92M / 439M  INFO    General                 (binary_converter.cpp      :  96)   2097152 reads processed
  0:00:17.454    92M / 535M  INFO    General                 (binary_converter.cpp      :  96)   4194304 reads processed
  0:00:33.326    90M / 638M  INFO    General                 (binary_converter.cpp      :  96)   8388608 reads processed
  0:01:17.421    86M / 671M  INFO    General                 (binary_converter.cpp      :  96)   16777216 reads processed
  0:02:23.638    63M / 787M  INFO    General                 (binary_converter.cpp      : 111)   31323838 reads written
  0:02:23.645    41M / 787M  INFO    General                 (read_converter.cpp        :  81)   Converting single reads
  0:02:23.742    71M / 787M  INFO    General                 (binary_converter.cpp      : 111)   13863 reads written
  0:02:23.747    61M / 787M  INFO    General                 (read_converter.cpp        :  87)   Converting merged reads
  0:02:23.756    71M / 787M  INFO    General                 (binary_converter.cpp      : 111)   0 reads written
  0:02:27.060     1M / 787M  INFO   StageManager             (stage.cpp                 : 185)   STAGE == de Bruijn graph construction (id: construction)
  0:02:27.526     1M / 787M  INFO    General                 (construction.cpp          : 153)   Max read length 150
  0:02:27.534     1M / 787M  INFO    General                 (construction.cpp          : 159)   Average read length 149.823
  0:02:27.540     1M / 787M  INFO    General                 (stage.cpp                 : 117)   PROCEDURE == k+1-mer counting (id: construction:kpomer_counting)
  0:02:27.547     1M / 787M  INFO    General                 (kmer_index_builder.hpp    : 243)   Splitting kmer instances into 320 files using 32 threads. This might take a while.
  0:02:27.560     2M / 787M  INFO    General                 (file_limit.hpp            :  32)   Open file limit set to 50000
  0:02:27.569     2M / 787M  INFO    General                 (kmer_splitter.hpp         :  93)   Memory available for splitting buffers: 7.81249 Gb
  0:02:27.573     2M / 787M  INFO    General                 (kmer_splitter.hpp         : 101)   Using cell size of 209715
  0:03:05.896    21G / 23G   INFO    General                 (kmer_splitters.hpp        : 125)   Processed 24646015 reads
  0:03:34.148    21G / 23G   INFO    General                 (kmer_splitters.hpp        : 125)   Processed 49120882 reads
  0:04:03.470    21G / 23G   INFO    General                 (kmer_splitters.hpp        : 125)   Processed 74505970 reads
  0:04:31.744    21G / 24G   INFO    General                 (kmer_splitters.hpp        : 125)   Processed 99143687 reads
  0:04:53.063    21G / 24G   INFO    General                 (kmer_splitters.hpp        : 125)   Processed 115742634 reads
  0:05:02.349    21G / 24G   INFO    General                 (kmer_splitters.hpp        : 125)   Processed 120331312 reads
  0:05:09.960    21G / 24G   INFO    General                 (kmer_splitters.hpp        : 125)   Processed 123365148 reads
  0:05:12.992    21G / 24G   INFO    General                 (kmer_splitters.hpp        : 125)   Processed 124469710 reads
  0:05:14.062    21G / 24G   INFO    General                 (kmer_splitters.hpp        : 125)   Processed 124683275 reads
  0:05:15.068    21G / 24G   INFO    General                 (kmer_splitters.hpp        : 125)   Processed 124871041 reads
  0:05:16.361    21G / 24G   INFO    General                 (kmer_splitters.hpp        : 125)   Processed 125067977 reads
  0:05:17.294    21G / 24G   INFO    General                 (kmer_splitters.hpp        : 125)   Processed 125237608 reads
  0:05:17.973     2M / 24G   INFO    General                 (kmer_splitters.hpp        : 131)   Used 125323078 reads
  0:05:18.069     2M / 24G   INFO    General                 (kmer_index_builder.hpp    : 249)   Starting k-mer counting.
  0:05:37.011     2M / 24G   INFO    General                 (kmer_index_builder.hpp    : 260)   K-mer counting done. There are 1025693278 kmers in total.
  0:05:37.018     2M / 24G   INFO    General                 (stage.cpp                 : 117)   PROCEDURE == Extension index construction (id: construction:extension_index_construction)
  0:05:37.082     2M / 24G   INFO   K-mer Index Building     (kmer_index_builder.hpp    : 438)   Building kmer index
  0:05:37.086     2M / 24G   INFO    General                 (kmer_index_builder.hpp    : 243)   Splitting kmer instances into 320 files using 32 threads. This might take a while.
  0:05:37.091     2M / 24G   INFO    General                 (file_limit.hpp            :  32)   Open file limit set to 50000
  0:05:37.099     2M / 24G   INFO    General                 (kmer_splitter.hpp         :  93)   Memory available for splitting buffers: 7.81249 Gb
  0:05:37.101     2M / 24G   INFO    General                 (kmer_splitter.hpp         : 101)   Using cell size of 209715
  0:05:46.580    21G / 24G   INFO    General                 (kmer_splitters.hpp        : 194)   Processed 6953547 kmers
  0:05:47.273    21G / 24G   INFO    General                 (kmer_splitters.hpp        : 194)   Processed 14343289 kmers
  0:05:48.014    21G / 24G   INFO    General                 (kmer_splitters.hpp        : 194)   Processed 22658735 kmers
  0:05:48.821    21G / 24G   INFO    General                 (kmer_splitters.hpp        : 194)   Processed 32314014 kmers
  0:05:49.987    21G / 24G   INFO    General                 (kmer_splitters.hpp        : 194)   Processed 47667186 kmers
  0:05:54.417    21G / 24G   INFO    General                 (kmer_splitters.hpp        : 194)   Processed 109254969 kmers
  0:05:55.062    21G / 24G   INFO    General                 (kmer_splitters.hpp        : 194)   Processed 116608815 kmers
  0:05:55.772    21G / 24G   INFO    General                 (kmer_splitters.hpp        : 194)   Processed 124880425 kmers
  0:05:56.511    21G / 24G   INFO    General                 (kmer_splitters.hpp        : 194)   Processed 134432545 kmers
  0:05:57.584    21G / 24G   INFO    General                 (kmer_splitters.hpp        : 194)   Processed 148778460 kmers
  0:06:02.853    21G / 24G   INFO    General                 (kmer_splitters.hpp        : 194)   Processed 211870587 kmers
  0:06:03.682    21G / 24G   INFO    General                 (kmer_splitters.hpp        : 194)   Processed 219223365 kmers
  0:06:04.499    21G / 24G   INFO    General                 (kmer_splitters.hpp        : 194)   Processed 227492853 kmers
  0:06:05.242    21G / 24G   INFO    General                 (kmer_splitters.hpp        : 194)   Processed 237045354 kmers
  0:06:06.350    21G / 24G   INFO    General                 (kmer_splitters.hpp        : 194)   Processed 251376256 kmers
  0:06:10.944    21G / 24G   INFO    General                 (kmer_splitters.hpp        : 194)   Processed 314478742 kmers
  0:06:11.577    21G / 24G   INFO    General                 (kmer_splitters.hpp        : 194)   Processed 321833774 kmers
  0:06:12.305    21G / 24G   INFO    General                 (kmer_splitters.hpp        : 194)   Processed 330104216 kmers
  0:06:13.274    21G / 24G   INFO    General                 (kmer_splitters.hpp        : 194)   Processed 339660770 kmers
  0:06:29.552    21G / 24G   INFO    General                 (kmer_splitters.hpp        : 194)   Processed 544864376 kmers
  0:07:09.417    21G / 25G   INFO    General                 (kmer_splitters.hpp        : 199)   Used 1025702078 kmers.
  0:07:09.436     3M / 25G   INFO    General                 (kmer_index_builder.hpp    : 249)   Starting k-mer counting.
  0:07:28.662     3M / 25G   INFO    General                 (kmer_index_builder.hpp    : 260)   K-mer counting done. There are 996808845 kmers in total.
  0:07:28.669     3M / 25G   INFO   K-mer Index Building     (kmer_index_builder.hpp    : 395)   Building perfect hash indices
  0:07:48.635   715M / 25G   INFO   K-mer Index Building     (kmer_index_builder.hpp    : 431)   Index built. Total 996808845 kmers, 720196392 bytes occupied (5.78002 bits per kmer).
  0:07:48.646   715M / 25G   INFO    General                 (kmer_index_builder.hpp    : 169)   Merging final buckets.
  0:08:59.936  1667M / 25G   INFO   DeBruijnExtensionIndexBu (kmer_extension_index_build: 100)   Building k-mer extensions from k+1-mers
  0:09:50.991  1667M / 25G   INFO   DeBruijnExtensionIndexBu (kmer_extension_index_build: 105)   Building k-mer extensions from k+1-mers finished.
  0:09:51.039  1667M / 25G   INFO    General                 (stage.cpp                 : 117)   PROCEDURE == Early tip clipping (id: construction:early_tip_clipper)
  0:09:51.041  1667M / 25G   INFO    General                 (construction.cpp          : 301)   Early tip clipper length bound set as (RL - K)
  0:09:51.045  1667M / 25G   INFO   Early tip clipping       (early_simplification.hpp  :  47)   Early tip clipping
  0:10:34.352  2226M / 25G   INFO   Early tip clipping       (early_simplification.hpp  :  82)   #tipped junctions: 5268780
  0:10:34.630  2226M / 25G   INFO   Early tip clipping       (early_simplification.hpp  :  93)   Clipped tips: 5317060
  0:10:34.968  1667M / 25G   INFO   Early tip clipping       (early_simplification.hpp  :  49)   134010655 22-mers were removed by early tip clipper
  0:10:34.971  1667M / 25G   INFO    General                 (stage.cpp                 : 117)   PROCEDURE == Condensing graph (id: construction:graph_condensing)
  0:10:34.986  1667M / 25G   INFO   UnbranchingPathExtractor (debruijn_graph_constructor: 354)   Extracting unbranching paths
  0:11:28.456  4155M / 25G   INFO   UnbranchingPathExtractor (debruijn_graph_constructor: 373)   Extracting unbranching paths finished. 70974989 sequences extracted
  0:11:52.586  4155M / 25G   INFO   UnbranchingPathExtractor (debruijn_graph_constructor: 309)   Collecting perfect loops
  0:12:05.757  4171M / 25G   INFO   UnbranchingPathExtractor (debruijn_graph_constructor: 342)   Collecting perfect loops finished. 4497 loops collected
  0:12:10.671  4155M / 25G   INFO    General                 (debruijn_graph_constructor: 487)   Total 141958972 edges to create
  0:12:10.686  9617M / 25G   INFO    General                 (debruijn_graph_constructor: 489)   Collecting link records
  0:15:55.780    12G / 25G   INFO    General                 (debruijn_graph_constructor: 491)   Ordering link records
  0:15:57.205    12G / 25G   INFO    General                 (debruijn_graph_constructor: 493)   Sorting done
  0:15:58.365    13G / 25G   INFO    General                 (debruijn_graph_constructor: 503)   Total 42095053 vertices to create
  0:15:58.375    16G / 25G   INFO    General                 (debruijn_graph_constructor: 506)   Connecting the graph
  0:18:39.158    13G / 25G   INFO    General                 (stage.cpp                 : 117)   PROCEDURE == Filling coverage indices (PHM) (id: construction:coverage_filling_phm)
  0:18:39.162    13G / 25G   INFO   K-mer Index Building     (kmer_index_builder.hpp    : 395)   Building perfect hash indices
  0:18:57.003    13G / 25G   INFO   K-mer Index Building     (kmer_index_builder.hpp    : 431)   Index built. Total 1025693278 kmers, 741061248 bytes occupied (5.77998 bits per kmer).
  0:18:58.804    17G / 25G   INFO    General                 (coverage_hash_map_builder.:  47)   Collecting k-mer coverage information from reads, this takes a while.
  0:20:38.928    17G / 25G   INFO    General                 (construction.cpp          : 430)   Filling coverage and flanking coverage from PHM
  0:20:48.434    17G / 25G   INFO    General                 (coverage_filling.hpp      :  82)   Processed 32000000 edges
  0:20:56.642    17G / 25G   INFO    General                 (coverage_filling.hpp      :  82)   Processed 64000000 edges
  0:21:04.722    17G / 25G   INFO    General                 (coverage_filling.hpp      :  82)   Processed 96000000 edges
  0:21:12.714    17G / 25G   INFO    General                 (coverage_filling.hpp      :  82)   Processed 128000000 edges
  0:21:16.192    17G / 25G   INFO    General                 (coverage_filling.hpp      :  82)   Processed 141950967 edges
  0:21:22.218    11G / 25G   INFO   StageManager             (stage.cpp                 : 185)   STAGE == EC Threshold Finding (id: ec_threshold_finder)
  0:21:22.385    11G / 25G   INFO    General                 (kmer_coverage_model.cpp   : 181)   Kmer coverage valley at: 181
  0:21:22.390    11G / 25G   INFO    General                 (kmer_coverage_model.cpp   : 201)   K-mer histogram maximum: 183
  0:21:22.393    11G / 25G   INFO    General                 (kmer_coverage_model.cpp   : 237)   Estimated median coverage: 184. Coverage mad: 2.9652
  0:21:22.400    11G / 25G   INFO    General                 (kmer_coverage_model.cpp   : 259)   Fitting coverage model
  0:21:22.736    11G / 25G   INFO    General                 (kmer_coverage_model.cpp   : 295)   ... iteration 2
  0:21:23.562    11G / 25G   INFO    General                 (kmer_coverage_model.cpp   : 295)   ... iteration 4
  0:21:25.607    11G / 25G   INFO    General                 (kmer_coverage_model.cpp   : 295)   ... iteration 8
  0:21:30.343    11G / 25G   INFO    General                 (kmer_coverage_model.cpp   : 295)   ... iteration 16
  0:21:38.095    11G / 25G   INFO    General                 (kmer_coverage_model.cpp   : 295)   ... iteration 32
  0:21:49.634    11G / 25G   INFO    General                 (kmer_coverage_model.cpp   : 295)   ... iteration 64
  0:21:51.843    11G / 25G   INFO    General                 (kmer_coverage_model.cpp   : 309)   Fitted mean coverage: 416.079. Fitted coverage std. dev: 170.223
  0:21:51.849    11G / 25G   INFO    General                 (kmer_coverage_model.cpp   : 334)   Probability of erroneous kmer at valley: 0.958723
  0:21:51.852    11G / 25G   WARN    General                 (kmer_coverage_model.cpp   : 366)   Failed to determine erroneous kmer threshold. Threshold set to: 181
  0:21:51.856    11G / 25G   INFO    General                 (kmer_coverage_model.cpp   : 375)   Estimated genome size (ignoring repeats): 1979434
  0:21:51.860    11G / 25G   INFO    General                 (genomic_info_filler.cpp   :  57)   Failed to estimate mean coverage
  0:21:51.865    11G / 25G   INFO    General                 (genomic_info_filler.cpp   :  70)   EC coverage threshold value was calculated as 181
  0:21:51.869    11G / 25G   INFO    General                 (genomic_info_filler.cpp   :  71)   Trusted kmer low bound: 0
  0:21:51.873    11G / 25G   INFO   StageManager             (stage.cpp                 : 185)   STAGE == Raw Simplification (id: raw_simplification)
  0:21:51.882    11G / 25G   INFO    General                 (simplification.cpp        : 127)   PROCEDURE == Initial cleaning
  0:21:51.889    11G / 25G   INFO    General                 (simplification.cpp        :  66)   Most init cleaning disabled since detected mean 0 was less than activation coverage 10
  0:21:51.891    11G / 25G   INFO   Simplification           (parallel_processing.hpp   : 167)   Running Self conjugate edge remover
  0:21:53.878    11G / 25G   INFO   Simplification           (parallel_processing.hpp   : 170)   Self conjugate edge remover triggered 0 times
  0:21:53.882    11G / 25G   INFO   StageManager             (stage.cpp                 : 185)   STAGE == Simplification (id: simplification)
  0:21:53.887    11G / 25G   INFO    General                 (simplification.cpp        : 368)   Graph simplification started
  0:21:53.891    11G / 25G   INFO    General                 (graph_simplification.hpp  : 634)   Creating parallel br instance
  0:21:53.895    11G / 25G   INFO    General                 (simplification.cpp        : 373)   PROCEDURE == Simplification cycle, iteration 1
  0:21:53.899    11G / 25G   INFO   Simplification           (parallel_processing.hpp   : 167)   Running Tip clipper
  0:22:00.443    11G / 25G   INFO   Simplification           (parallel_processing.hpp   : 170)   Tip clipper triggered 379298 times
  0:22:00.481    11G / 25G   INFO   Simplification           (parallel_processing.hpp   : 167)   Running Bulge remover
  0:34:05.100    12G / 25G   INFO   Simplification           (parallel_processing.hpp   : 170)   Bulge remover triggered 2156246 times
  0:34:05.177    12G / 25G   INFO   Simplification           (parallel_processing.hpp   : 167)   Running Low coverage edge remover
  0:40:25.075    12G / 25G   INFO   Simplification           (parallel_processing.hpp   : 170)   Low coverage edge remover triggered 26051811 times
  0:40:25.293    12G / 25G   INFO    General                 (simplification.cpp        : 373)   PROCEDURE == Simplification cycle, iteration 2
  0:40:25.299    12G / 25G   INFO   Simplification           (parallel_processing.hpp   : 167)   Running Tip clipper
  0:40:31.567    12G / 25G   INFO   Simplification           (parallel_processing.hpp   : 170)   Tip clipper triggered 213386 times
  0:40:31.606    12G / 25G   INFO   Simplification           (parallel_processing.hpp   : 167)   Running Bulge remover
  0:41:38.125    11G / 25G   INFO   Simplification           (parallel_processing.hpp   : 170)   Bulge remover triggered 272763 times
  0:41:38.305    11G / 25G   INFO   Simplification           (parallel_processing.hpp   : 167)   Running Low coverage edge remover
  0:41:51.469    11G / 25G   INFO   Simplification           (parallel_processing.hpp   : 170)   Low coverage edge remover triggered 772733 times
  0:41:51.576    11G / 25G   INFO    General                 (simplification.cpp        : 373)   PROCEDURE == Simplification cycle, iteration 3
  0:41:51.578    11G / 25G   INFO   Simplification           (parallel_processing.hpp   : 167)   Running Tip clipper
  0:41:52.654    11G / 25G   INFO   Simplification           (parallel_processing.hpp   : 170)   Tip clipper triggered 1590 times
  0:41:52.655    11G / 25G   INFO   Simplification           (parallel_processing.hpp   : 167)   Running Bulge remover
  0:42:10.929    11G / 25G   INFO   Simplification           (parallel_processing.hpp   : 170)   Bulge remover triggered 87569 times
  0:42:10.954    11G / 25G   INFO   Simplification           (parallel_processing.hpp   : 167)   Running Low coverage edge remover
  0:42:13.601    11G / 25G   INFO   Simplification           (parallel_processing.hpp   : 170)   Low coverage edge remover triggered 180857 times
  0:42:13.632    11G / 25G   INFO    General                 (simplification.cpp        : 373)   PROCEDURE == Simplification cycle, iteration 4
  0:42:13.638    11G / 25G   INFO   Simplification           (parallel_processing.hpp   : 167)   Running Tip clipper
  0:42:14.086    11G / 25G   INFO   Simplification           (parallel_processing.hpp   : 170)   Tip clipper triggered 215 times
  0:42:14.091    11G / 25G   INFO   Simplification           (parallel_processing.hpp   : 167)   Running Bulge remover
  0:42:19.596    11G / 25G   INFO   Simplification           (parallel_processing.hpp   : 170)   Bulge remover triggered 29779 times
  0:42:19.608    11G / 25G   INFO   Simplification           (parallel_processing.hpp   : 167)   Running Low coverage edge remover
  0:42:20.724    11G / 25G   INFO   Simplification           (parallel_processing.hpp   : 170)   Low coverage edge remover triggered 78586 times
  0:42:20.741    11G / 25G   INFO    General                 (simplification.cpp        : 373)   PROCEDURE == Simplification cycle, iteration 5
  0:42:20.742    11G / 25G   INFO   Simplification           (parallel_processing.hpp   : 167)   Running Tip clipper
  0:42:20.888    11G / 25G   INFO   Simplification           (parallel_processing.hpp   : 170)   Tip clipper triggered 94 times
  0:42:20.889    11G / 25G   INFO   Simplification           (parallel_processing.hpp   : 167)   Running Bulge remover
  0:42:23.257    11G / 25G   INFO   Simplification           (parallel_processing.hpp   : 170)   Bulge remover triggered 13878 times
  0:42:23.260    11G / 25G   INFO   Simplification           (parallel_processing.hpp   : 167)   Running Low coverage edge remover
  0:42:23.937    11G / 25G   INFO   Simplification           (parallel_processing.hpp   : 170)   Low coverage edge remover triggered 42860 times
  0:42:23.949    11G / 25G   INFO    General                 (simplification.cpp        : 373)   PROCEDURE == Simplification cycle, iteration 6
  0:42:23.949    11G / 25G   INFO   Simplification           (parallel_processing.hpp   : 167)   Running Tip clipper
  0:42:24.027    11G / 25G   INFO   Simplification           (parallel_processing.hpp   : 170)   Tip clipper triggered 44 times
  0:42:24.028    11G / 25G   INFO   Simplification           (parallel_processing.hpp   : 167)   Running Bulge remover
  0:42:25.171    11G / 25G   INFO   Simplification           (parallel_processing.hpp   : 170)   Bulge remover triggered 7431 times
  0:42:25.175    11G / 25G   INFO   Simplification           (parallel_processing.hpp   : 167)   Running Low coverage edge remover
  0:42:25.634    11G / 25G   INFO   Simplification           (parallel_processing.hpp   : 170)   Low coverage edge remover triggered 26716 times
  0:42:25.641    11G / 25G   INFO    General                 (simplification.cpp        : 373)   PROCEDURE == Simplification cycle, iteration 7
  0:42:25.645    11G / 25G   INFO   Simplification           (parallel_processing.hpp   : 167)   Running Tip clipper
  0:42:25.702    11G / 25G   INFO   Simplification           (parallel_processing.hpp   : 170)   Tip clipper triggered 44 times
  0:42:25.705    11G / 25G   INFO   Simplification           (parallel_processing.hpp   : 167)   Running Bulge remover
  0:42:26.468    11G / 25G   INFO   Simplification           (parallel_processing.hpp   : 170)   Bulge remover triggered 4409 times
  0:42:26.471    11G / 25G   INFO   Simplification           (parallel_processing.hpp   : 167)   Running Low coverage edge remover
  0:42:26.749    11G / 25G   INFO   Simplification           (parallel_processing.hpp   : 170)   Low coverage edge remover triggered 18400 times
  0:42:26.756    11G / 25G   INFO    General                 (simplification.cpp        : 373)   PROCEDURE == Simplification cycle, iteration 8
  0:42:26.760    11G / 25G   INFO   Simplification           (parallel_processing.hpp   : 167)   Running Tip clipper
  0:42:26.794    11G / 25G   INFO   Simplification           (parallel_processing.hpp   : 170)   Tip clipper triggered 19 times
  0:42:26.797    11G / 25G   INFO   Simplification           (parallel_processing.hpp   : 167)   Running Bulge remover
  0:42:27.436    11G / 25G   INFO   Simplification           (parallel_processing.hpp   : 170)   Bulge remover triggered 2847 times
  0:42:27.439    11G / 25G   INFO   Simplification           (parallel_processing.hpp   : 167)   Running Low coverage edge remover
  0:42:27.633    11G / 25G   INFO   Simplification           (parallel_processing.hpp   : 170)   Low coverage edge remover triggered 13289 times
  0:42:27.637    11G / 25G   INFO    General                 (simplification.cpp        : 373)   PROCEDURE == Simplification cycle, iteration 9
  0:42:27.642    11G / 25G   INFO   Simplification           (parallel_processing.hpp   : 167)   Running Tip clipper
  0:42:27.668    11G / 25G   INFO   Simplification           (parallel_processing.hpp   : 170)   Tip clipper triggered 24 times
  0:42:27.670    11G / 25G   INFO   Simplification           (parallel_processing.hpp   : 167)   Running Bulge remover
  0:42:28.130    11G / 25G   INFO   Simplification           (parallel_processing.hpp   : 170)   Bulge remover triggered 1965 times
  0:42:28.133    11G / 25G   INFO   Simplification           (parallel_processing.hpp   : 167)   Running Low coverage edge remover
  0:42:28.298    11G / 25G   INFO   Simplification           (parallel_processing.hpp   : 170)   Low coverage edge remover triggered 10249 times
  0:42:28.302    11G / 25G   INFO    General                 (simplification.cpp        : 373)   PROCEDURE == Simplification cycle, iteration 10
  0:42:28.302    11G / 25G   INFO   Simplification           (parallel_processing.hpp   : 167)   Running Tip clipper
  0:42:28.319    11G / 25G   INFO   Simplification           (parallel_processing.hpp   : 170)   Tip clipper triggered 7 times
  0:42:28.319    11G / 25G   INFO   Simplification           (parallel_processing.hpp   : 167)   Running Bulge remover
  0:42:28.717    11G / 25G   INFO   Simplification           (parallel_processing.hpp   : 170)   Bulge remover triggered 1410 times
  0:42:28.718    11G / 25G   INFO   Simplification           (parallel_processing.hpp   : 167)   Running Low coverage edge remover
  0:42:28.832    11G / 25G   INFO   Simplification           (parallel_processing.hpp   : 170)   Low coverage edge remover triggered 7934 times
  0:42:28.835    11G / 25G   INFO    General                 (simplification.cpp        : 373)   PROCEDURE == Simplification cycle, iteration 11
  0:42:28.835    11G / 25G   INFO   Simplification           (parallel_processing.hpp   : 167)   Running Tip clipper
  0:42:29.159    11G / 25G   INFO   Simplification           (parallel_processing.hpp   : 170)   Tip clipper triggered 763 times
  0:42:29.161    11G / 25G   INFO   Simplification           (parallel_processing.hpp   : 167)   Running Bulge remover
  0:42:29.817    11G / 25G   INFO   Simplification           (parallel_processing.hpp   : 170)   Bulge remover triggered 1200 times
  0:42:29.818    11G / 25G   INFO   Simplification           (parallel_processing.hpp   : 167)   Running Low coverage edge remover
  0:42:30.102  9494M / 25G   INFO   Simplification           (parallel_processing.hpp   : 170)   Low coverage edge remover triggered 5 times
  0:42:30.103  9494M / 25G   INFO    General                 (simplification.cpp        : 373)   PROCEDURE == Simplification cycle, iteration 12
  0:42:30.103  9494M / 25G   INFO   Simplification           (parallel_processing.hpp   : 167)   Running Tip clipper
  0:42:30.109  9494M / 25G   INFO   Simplification           (parallel_processing.hpp   : 170)   Tip clipper triggered 0 times
  0:42:30.110  9494M / 25G   INFO   Simplification           (parallel_processing.hpp   : 167)   Running Bulge remover
  0:42:30.110  9494M / 25G   INFO   Simplification           (parallel_processing.hpp   : 170)   Bulge remover triggered 0 times
  0:42:30.111  9494M / 25G   INFO   Simplification           (parallel_processing.hpp   : 167)   Running Low coverage edge remover
  0:42:30.111  9494M / 25G   INFO   Simplification           (parallel_processing.hpp   : 170)   Low coverage edge remover triggered 0 times
  0:42:30.876  9484M / 25G   INFO   StageManager             (stage.cpp                 : 185)   STAGE == Simplification Cleanup (id: simplification_cleanup)
  0:42:30.879  9484M / 25G   INFO    General                 (simplification.cpp        : 176)   PROCEDURE == Post simplification
  0:42:30.883  9484M / 25G   INFO    General                 (graph_simplification.hpp  : 448)   Disconnection of relatively low covered edges disabled
  0:42:30.887  9484M / 25G   INFO    General                 (graph_simplification.hpp  : 485)   Complex tip clipping disabled
  0:42:30.892  9484M / 25G   INFO    General                 (graph_simplification.hpp  : 634)   Creating parallel br instance
  0:42:30.896  9484M / 25G   INFO   Simplification           (parallel_processing.hpp   : 167)   Running Tip clipper
  0:42:31.217  9484M / 25G   INFO   Simplification           (parallel_processing.hpp   : 170)   Tip clipper triggered 0 times
  0:42:31.221  9484M / 25G   INFO   Simplification           (parallel_processing.hpp   : 167)   Running Bulge remover
  0:42:31.650  9486M / 25G   INFO   Simplification           (parallel_processing.hpp   : 170)   Bulge remover triggered 0 times
  0:42:31.651  9486M / 25G   INFO   Simplification           (parallel_processing.hpp   : 167)   Running Tip clipper
  0:42:31.941  9486M / 25G   INFO   Simplification           (parallel_processing.hpp   : 170)   Tip clipper triggered 0 times
  0:42:31.945  9486M / 25G   INFO   Simplification           (parallel_processing.hpp   : 167)   Running Bulge remover
  0:42:32.373  9486M / 25G   INFO   Simplification           (parallel_processing.hpp   : 170)   Bulge remover triggered 0 times
  0:42:32.373  9486M / 25G   INFO    General                 (simplification.cpp        : 327)   Disrupting self-conjugate edges
  0:42:34.374  9487M / 25G   INFO   Simplification           (parallel_processing.hpp   : 167)   Running Removing isolated edges
  0:42:36.451  9457M / 25G   INFO   Simplification           (parallel_processing.hpp   : 170)   Removing isolated edges triggered 821573 times
  0:42:36.460  9447M / 25G   INFO    General                 (simplification.cpp        : 491)   Counting average coverage
  0:42:36.934  9447M / 25G   INFO    General                 (simplification.cpp        : 497)   Average coverage = 20.505
  0:42:36.936  9447M / 25G   WARN    General                 (simplification.cpp        : 500)   The determined erroneous connection coverage threshold may be determined improperly
  0:42:36.942  9447M / 25G   INFO   StageManager             (stage.cpp                 : 185)   STAGE == Contig Output (id: contig_output)
  0:42:36.951  9447M / 25G   INFO    General                 (read_converter.cpp        : 102)   Outputting contigs to /home/e1garcia/shotgun_PIRE/REUs/2022_REU/Allison/corythoichthys_haematopterus/SPAdes_Cha-CPnd-B_decontam_R1R2_noIsolate/K21/simplified_contigs
  0:42:36.984  9449M / 25G   INFO    General                 (binary_converter.cpp      :  96)   16384 reads processed
  0:42:37.003  9449M / 25G   INFO    General                 (binary_converter.cpp      :  96)   32768 reads processed
  0:42:37.040  9449M / 25G   INFO    General                 (binary_converter.cpp      :  96)   65536 reads processed
  0:42:37.104  9449M / 25G   INFO    General                 (binary_converter.cpp      :  96)   131072 reads processed
  0:42:37.200  9449M / 25G   INFO    General                 (binary_converter.cpp      :  96)   262144 reads processed
  0:42:37.385  9449M / 25G   INFO    General                 (binary_converter.cpp      :  96)   524288 reads processed
  0:42:37.701  9449M / 25G   INFO    General                 (binary_converter.cpp      : 111)   982921 reads written
  0:42:38.449  9447M / 25G   INFO    General                 (pipeline.cpp              : 287)   SPAdes finished
  0:42:39.569     1M / 25G   INFO    General                 (main.cpp                  : 136)   Assembling time: 0 hours 42 minutes 39 seconds

===== K21 finished. 


===== K33 started. 


== Running: /opt/conda/bin/spades-core /home/e1garcia/shotgun_PIRE/REUs/2022_REU/Allison/corythoichthys_haematopterus/SPAdes_Cha-CPnd-B_decontam_R1R2_noIsolate/K33/configs/config.info

  0:00:00.000     1M / 12M   INFO    General                 (main.cpp                  :  99)   Loaded config from /home/e1garcia/shotgun_PIRE/REUs/2022_REU/Allison/corythoichthys_haematopterus/SPAdes_Cha-CPnd-B_decontam_R1R2_noIsolate/K33/configs/config.info
  0:00:00.037     1M / 12M   INFO    General                 (memory_limit.cpp          :  48)   Memory limit set to 750 Gb
  0:00:00.045     1M / 12M   INFO    General                 (main.cpp                  : 107)   Starting SPAdes, built from N/A, git revision N/A
  0:00:00.051     1M / 12M   INFO    General                 (main.cpp                  : 108)   Maximum k-mer length: 128
  0:00:00.056     1M / 12M   INFO    General                 (main.cpp                  : 109)   Assembling dataset (/home/e1garcia/shotgun_PIRE/REUs/2022_REU/Allison/corythoichthys_haematopterus/SPAdes_Cha-CPnd-B_decontam_R1R2_noIsolate/dataset.info) with K=33
  0:00:00.058     1M / 12M   INFO    General                 (main.cpp                  : 110)   Maximum # of threads to use (adjusted due to OMP capabilities): 32
  0:00:00.064     1M / 12M   INFO    General                 (pipeline.cpp              : 212)   SPAdes started
  0:00:00.073     1M / 12M   INFO    General                 (pipeline.cpp              : 225)   Starting from stage: read_conversion
  0:00:00.075     1M / 12M   INFO    General                 (pipeline.cpp              : 231)   Two-step repeat resolution disabled
  0:00:00.079     1M / 12M   INFO   GraphCore                (graph_core.hpp            : 672)   Graph created, vertex min_id: 3, edge min_id: 3
  0:00:00.083     1M / 12M   INFO   GraphCore                (graph_core.hpp            : 673)   Vertex size: 48, edge size: 40
  0:00:00.088     1M / 12M   INFO    General                 (edge_index.hpp            : 113)   Size of edge index entries: 12/8
  0:00:00.092     1M / 12M   INFO   StageManager             (stage.cpp                 : 185)   STAGE == Binary Read Conversion (id: read_conversion)
  0:00:00.102     1M / 16M   INFO    General                 (read_converter.cpp        :  53)   Binary reads detected
  0:00:00.109     1M / 16M   INFO   StageManager             (stage.cpp                 : 185)   STAGE == de Bruijn graph construction (id: construction)
  0:00:00.113     1M / 16M   INFO    General                 (construction.cpp          : 118)   Contigs from previous K will be used: /home/e1garcia/shotgun_PIRE/REUs/2022_REU/Allison/corythoichthys_haematopterus/SPAdes_Cha-CPnd-B_decontam_R1R2_noIsolate/K21/simplified_contigs
  0:00:00.196     2M / 16M   INFO    General                 (construction.cpp          : 153)   Max read length 150
  0:00:00.200     2M / 16M   INFO    General                 (construction.cpp          : 159)   Average read length 149.823
  0:00:00.202     2M / 16M   INFO    General                 (stage.cpp                 : 117)   PROCEDURE == k+1-mer counting (id: construction:kpomer_counting)
  0:00:00.206     2M / 16M   INFO    General                 (kmer_index_builder.hpp    : 243)   Splitting kmer instances into 320 files using 32 threads. This might take a while.
  0:00:00.213     2M / 16M   INFO    General                 (file_limit.hpp            :  32)   Open file limit set to 50000
  0:00:00.219     2M / 16M   INFO    General                 (kmer_splitter.hpp         :  93)   Memory available for splitting buffers: 7.81249 Gb
  0:00:00.224     2M / 16M   INFO    General                 (kmer_splitter.hpp         : 101)   Using cell size of 104857
  0:00:29.425    21G / 24G   INFO    General                 (kmer_splitters.hpp        : 125)   Processed 14532301 reads
  0:00:46.713    21G / 24G   INFO    General                 (kmer_splitters.hpp        : 125)   Processed 27112543 reads
  0:01:05.927    21G / 24G   INFO    General                 (kmer_splitters.hpp        : 125)   Processed 40905436 reads
  0:01:24.446    21G / 24G   INFO    General                 (kmer_splitters.hpp        : 125)   Processed 54234723 reads
  0:01:44.374    21G / 24G   INFO    General                 (kmer_splitters.hpp        : 125)   Processed 68150054 reads
  0:02:03.608    21G / 24G   INFO    General                 (kmer_splitters.hpp        : 125)   Processed 82035931 reads
  0:02:22.467    21G / 24G   INFO    General                 (kmer_splitters.hpp        : 125)   Processed 95577698 reads
  0:02:42.546    21G / 24G   INFO    General                 (kmer_splitters.hpp        : 125)   Processed 110016942 reads
  0:02:55.271    21G / 24G   INFO    General                 (kmer_splitters.hpp        : 125)   Processed 117829350 reads
  0:03:01.698    21G / 24G   INFO    General                 (kmer_splitters.hpp        : 125)   Processed 121021770 reads
  0:03:06.370    21G / 24G   INFO    General                 (kmer_splitters.hpp        : 125)   Processed 122843088 reads
  0:03:11.495    21G / 24G   INFO    General                 (kmer_splitters.hpp        : 125)   Processed 124637348 reads
  0:03:28.668     3M / 24G   INFO    General                 (kmer_splitters.hpp        : 131)   Used 127288920 reads
  0:03:28.748     3M / 24G   INFO    General                 (kmer_index_builder.hpp    : 249)   Starting k-mer counting.
  0:04:30.007     3M / 24G   INFO    General                 (kmer_index_builder.hpp    : 260)   K-mer counting done. There are 1289263793 kmers in total.
  0:04:30.017     2M / 24G   INFO    General                 (stage.cpp                 : 117)   PROCEDURE == Extension index construction (id: construction:extension_index_construction)
  0:04:30.086     2M / 24G   INFO   K-mer Index Building     (kmer_index_builder.hpp    : 438)   Building kmer index
  0:04:30.090     2M / 24G   INFO    General                 (kmer_index_builder.hpp    : 243)   Splitting kmer instances into 320 files using 32 threads. This might take a while.
  0:04:30.095     2M / 24G   INFO    General                 (file_limit.hpp            :  32)   Open file limit set to 50000
  0:04:30.101     2M / 24G   INFO    General                 (kmer_splitter.hpp         :  93)   Memory available for splitting buffers: 7.81248 Gb
  0:04:30.106     2M / 24G   INFO    General                 (kmer_splitter.hpp         : 101)   Using cell size of 104857
  0:04:39.786    21G / 24G   INFO    General                 (kmer_splitters.hpp        : 194)   Processed 6735474 kmers
  0:04:40.940    21G / 24G   INFO    General                 (kmer_splitters.hpp        : 194)   Processed 14258594 kmers
  0:04:41.828    21G / 24G   INFO    General                 (kmer_splitters.hpp        : 194)   Processed 22490805 kmers
  0:04:42.772    21G / 24G   INFO    General                 (kmer_splitters.hpp        : 194)   Processed 31054600 kmers
  0:04:43.645    21G / 24G   INFO    General                 (kmer_splitters.hpp        : 194)   Processed 39328371 kmers
  0:04:44.540    21G / 24G   INFO    General                 (kmer_splitters.hpp        : 194)   Processed 48439145 kmers
  0:04:45.596    21G / 24G   INFO    General                 (kmer_splitters.hpp        : 194)   Processed 59012164 kmers
  0:04:46.582    21G / 24G   INFO    General                 (kmer_splitters.hpp        : 194)   Processed 69430903 kmers
  0:04:47.629    21G / 24G   INFO    General                 (kmer_splitters.hpp        : 194)   Processed 80621430 kmers
  0:04:48.667    21G / 24G   INFO    General                 (kmer_splitters.hpp        : 194)   Processed 91895378 kmers
  0:04:49.769    21G / 24G   INFO    General                 (kmer_splitters.hpp        : 194)   Processed 103176618 kmers
  0:04:50.908    21G / 24G   INFO    General                 (kmer_splitters.hpp        : 194)   Processed 115872905 kmers
  0:04:52.484    21G / 24G   INFO    General                 (kmer_splitters.hpp        : 194)   Processed 130763950 kmers
  0:04:53.499    21G / 24G   INFO    General                 (kmer_splitters.hpp        : 194)   Processed 137912226 kmers
  0:04:54.470    21G / 24G   INFO    General                 (kmer_splitters.hpp        : 194)   Processed 145587274 kmers
  0:04:55.369    21G / 24G   INFO    General                 (kmer_splitters.hpp        : 194)   Processed 153998063 kmers
  0:04:56.226    21G / 24G   INFO    General                 (kmer_splitters.hpp        : 194)   Processed 162473439 kmers
  0:04:57.092    21G / 25G   INFO    General                 (kmer_splitters.hpp        : 194)   Processed 170869436 kmers
  0:05:06.690    21G / 26G   INFO    General                 (kmer_splitters.hpp        : 194)   Processed 269974389 kmers
  0:05:36.870    21G / 27G   INFO    General                 (kmer_splitters.hpp        : 194)   Processed 541019943 kmers
  0:06:41.476    21G / 29G   INFO    General                 (kmer_splitters.hpp        : 194)   Processed 1078739158 kmers
  0:07:06.443    21G / 31G   INFO    General                 (kmer_splitters.hpp        : 199)   Used 1289286022 kmers.
  0:07:06.462     3M / 31G   INFO    General                 (kmer_index_builder.hpp    : 249)   Starting k-mer counting.
