
[warning] samtools mpileup option `u` is functional, but deprecated. Please switch to using bcftools mpileup in future.
[E::hts_open_format] Failed to open file "/home/e1garcia/shotgun_PIRE/REUs/2022_REU/Allison/halichoeres_miniatus_PSMC/data/mkBAM/Hmi_denovoSSL_20k_PSMC/Hmi_denovoSSL_20k_merged.bam" : No such file or directory
[mpileup] failed to open /home/e1garcia/shotgun_PIRE/REUs/2022_REU/Allison/halichoeres_miniatus_PSMC/data/mkBAM/Hmi_denovoSSL_20k_PSMC/Hmi_denovoSSL_20k_merged.bam: No such file or directory
Note: none of --samples-file, --ploidy or --ploidy-file given, assuming all sites are diploid
Failed to read from standard input: unknown file type
Use of uninitialized value $l in numeric lt (<) at /opt/intel64/bin/vcfutils.pl line 566.
Use of uninitialized value $l in numeric lt (<) at /opt/intel64/bin/vcfutils.pl line 566.
mv: cannot stat 'denovoSSL_20k_mpileup-860552.out': No such file or directory
mv: cannot stat 'denovoSSL_20k_mpileup-860553.out': No such file or directory
mv: cannot stat 'denovoSSL_20k_mpileup-860554.out': No such file or directory
mv: cannot stat 'denovoSSL_20k_mpileup-860555.out': No such file or directory
mv: cannot stat 'denovoSSL_20k_mpileup-860556.out': No such file or directory
mv: cannot stat 'denovoSSL_20k_mpileup-860557.out': No such file or directory
mv: cannot stat 'denovoSSL_20k_mpileup-860558.out': No such file or directory
mv: cannot stat 'denovoSSL_20k_mpileup-860559.out': No such file or directory
mv: cannot stat 'denovoSSL_20k_mpileup-860560.out': No such file or directory
mv: cannot stat 'denovoSSL_20k_mpileup-860561.out': No such file or directory
mv: cannot stat 'denovoSSL_20k_mpileup-860562.out': No such file or directory
mv: cannot stat 'denovoSSL_20k_mpileup-860563.out': No such file or directory
mv: cannot stat 'denovoSSL_20k_mpileup-860564.out': No such file or directory
mv: cannot stat 'denovoSSL_20k_mpileup-860565.out': No such file or directory
mv: cannot stat 'denovoSSL_20k_mpileup-860566.out': No such file or directory
mv: cannot stat 'denovoSSL_20k_mpileup-860567.out': No such file or directory
mv: cannot stat 'denovoSSL_20k_mpileup-860568.out': No such file or directory
mv: 'denovoSSL_20k_mpileup-860569.out' and '/home/e1garcia/shotgun_PIRE/REUs/2022_REU/Allison/halichoeres_miniatus_PSMC/data/mkBAM/Hmi_denovoSSL_20k_PSMC/denovoSSL_20k_PSMC/joblog/denovoSSL_20k_mpileup-860569.out' are the same file
mv: 'denovoSSL_20k_mpileup-860570.out' and '/home/e1garcia/shotgun_PIRE/REUs/2022_REU/Allison/halichoeres_miniatus_PSMC/data/mkBAM/Hmi_denovoSSL_20k_PSMC/denovoSSL_20k_PSMC/joblog/denovoSSL_20k_mpileup-860570.out' are the same file
mv: cannot stat 'denovoSSL_20k_mpileup-860571.out': No such file or directory
mv: cannot stat 'denovoSSL_20k_mpileup-860572.out': No such file or directory
mv: cannot stat 'denovoSSL_20k_mpileup-860573.out': No such file or directory
mv: cannot stat 'denovoSSL_20k_mpileup-860574.out': No such file or directory
mv: 'denovoSSL_20k_mpileup-860575.out' and '/home/e1garcia/shotgun_PIRE/REUs/2022_REU/Allison/halichoeres_miniatus_PSMC/data/mkBAM/Hmi_denovoSSL_20k_PSMC/denovoSSL_20k_PSMC/joblog/denovoSSL_20k_mpileup-860575.out' are the same file
mv: 'denovoSSL_20k_mpileup-860576.out' and '/home/e1garcia/shotgun_PIRE/REUs/2022_REU/Allison/halichoeres_miniatus_PSMC/data/mkBAM/Hmi_denovoSSL_20k_PSMC/denovoSSL_20k_PSMC/joblog/denovoSSL_20k_mpileup-860576.out' are the same file
mv: 'denovoSSL_20k_mpileup-860577.out' and '/home/e1garcia/shotgun_PIRE/REUs/2022_REU/Allison/halichoeres_miniatus_PSMC/data/mkBAM/Hmi_denovoSSL_20k_PSMC/denovoSSL_20k_PSMC/joblog/denovoSSL_20k_mpileup-860577.out' are the same file
mv: cannot stat 'denovoSSL_20k_mpileup-860578.out': No such file or directory
mv: cannot stat 'denovoSSL_20k_mpileup-860579.out': No such file or directory
mv: cannot stat 'denovoSSL_20k_mpileup-860580.out': No such file or directory
