
[warning] samtools mpileup option `u` is functional, but deprecated. Please switch to using bcftools mpileup in future.
[E::hts_open_format] Failed to open file "/home/e1garcia/shotgun_PIRE/REUs/2022_REU/Allison/halichoeres_miniatus_PSMC/data/mkBAM/Hmi_denovoSSL_20k_PSMC/Hmi_denovoSSL_20k_merged.bam" : No such file or directory
[mpileup] failed to open /home/e1garcia/shotgun_PIRE/REUs/2022_REU/Allison/halichoeres_miniatus_PSMC/data/mkBAM/Hmi_denovoSSL_20k_PSMC/Hmi_denovoSSL_20k_merged.bam: No such file or directory
Note: none of --samples-file, --ploidy or --ploidy-file given, assuming all sites are diploid
Failed to read from standard input: unknown file type
Use of uninitialized value $l in numeric lt (<) at /opt/intel64/bin/vcfutils.pl line 566.
Use of uninitialized value $l in numeric lt (<) at /opt/intel64/bin/vcfutils.pl line 566.
mv: cannot stat 'denovoSSL_20k_mpileup-852914.out': No such file or directory
mv: cannot stat 'denovoSSL_20k_mpileup-852915.out': No such file or directory
mv: cannot stat 'denovoSSL_20k_mpileup-852916.out': No such file or directory
mv: cannot stat 'denovoSSL_20k_mpileup-852917.out': No such file or directory
mv: cannot stat 'denovoSSL_20k_mpileup-852918.out': No such file or directory
mv: cannot stat 'denovoSSL_20k_mpileup-852919.out': No such file or directory
mv: cannot stat 'denovoSSL_20k_mpileup-852920.out': No such file or directory
mv: cannot stat 'denovoSSL_20k_mpileup-852921.out': No such file or directory
mv: cannot stat 'denovoSSL_20k_mpileup-852922.out': No such file or directory
mv: cannot stat 'denovoSSL_20k_mpileup-852923.out': No such file or directory
mv: cannot stat 'denovoSSL_20k_mpileup-852924.out': No such file or directory
mv: cannot stat 'denovoSSL_20k_mpileup-852925.out': No such file or directory
mv: cannot stat 'denovoSSL_20k_mpileup-852926.out': No such file or directory
mv: cannot stat 'denovoSSL_20k_mpileup-852927.out': No such file or directory
mv: cannot stat 'denovoSSL_20k_mpileup-852928.out': No such file or directory
mv: cannot stat 'denovoSSL_20k_mpileup-852929.out': No such file or directory
mv: cannot stat 'denovoSSL_20k_mpileup-852930.out': No such file or directory
mv: cannot stat 'denovoSSL_20k_mpileup-852931.out': No such file or directory
mv: cannot stat 'denovoSSL_20k_mpileup-852932.out': No such file or directory
mv: cannot stat 'denovoSSL_20k_mpileup-852933.out': No such file or directory
mv: cannot stat 'denovoSSL_20k_mpileup-852934.out': No such file or directory
mv: cannot stat 'denovoSSL_20k_mpileup-852935.out': No such file or directory
mv: cannot stat 'denovoSSL_20k_mpileup-852936.out': No such file or directory
mv: cannot stat 'denovoSSL_20k_mpileup-852937.out': No such file or directory
mv: cannot stat 'denovoSSL_20k_mpileup-852938.out': No such file or directory
mv: cannot stat 'denovoSSL_20k_mpileup-852939.out': No such file or directory
mv: cannot stat 'denovoSSL_20k_mpileup-852940.out': No such file or directory
mv: cannot stat 'denovoSSL_20k_mpileup-852941.out': No such file or directory
mv: cannot stat 'denovoSSL_20k_mpileup-852942.out': No such file or directory
mv: cannot stat 'denovoSSL_20k_mpileup-852943.out': No such file or directory
mv: cannot stat 'denovoSSL_20k_mpileup-852944.out': No such file or directory
mv: 'denovoSSL_20k_mpileup-852945.out' and '/home/e1garcia/shotgun_PIRE/REUs/2022_REU/Allison/halichoeres_miniatus_PSMC/data/mkBAM/Hmi_denovoSSL_20k_PSMC/denovoSSL_20k_PSMC/joblog/denovoSSL_20k_mpileup-852945.out' are the same file
mv: cannot stat 'denovoSSL_20k_mpileup-852946.out': No such file or directory
mv: 'denovoSSL_20k_mpileup-852947.out' and '/home/e1garcia/shotgun_PIRE/REUs/2022_REU/Allison/halichoeres_miniatus_PSMC/data/mkBAM/Hmi_denovoSSL_20k_PSMC/denovoSSL_20k_PSMC/joblog/denovoSSL_20k_mpileup-852947.out' are the same file
