
[warning] samtools mpileup option `u` is functional, but deprecated. Please switch to using bcftools mpileup in future.
[mpileup] 2 samples in 1 input files
Note: none of --samples-file, --ploidy or --ploidy-file given, assuming all sites are diploid
mv: cannot stat 'denovoSSL_20k_mpileup-1051714.out': No such file or directory
mv: cannot stat 'denovoSSL_20k_mpileup-1051715.out': No such file or directory
mv: cannot stat 'denovoSSL_20k_mpileup-1051716.out': No such file or directory
mv: cannot stat 'denovoSSL_20k_mpileup-1051717.out': No such file or directory
mv: cannot stat 'denovoSSL_20k_mpileup-1051718.out': No such file or directory
mv: cannot stat 'denovoSSL_20k_mpileup-1051719.out': No such file or directory
mv: cannot stat 'denovoSSL_20k_mpileup-1051720.out': No such file or directory
mv: cannot stat 'denovoSSL_20k_mpileup-1051721.out': No such file or directory
mv: cannot stat 'denovoSSL_20k_mpileup-1051722.out': No such file or directory
mv: cannot stat 'denovoSSL_20k_mpileup-1051723.out': No such file or directory
mv: cannot stat 'denovoSSL_20k_mpileup-1051724.out': No such file or directory
mv: cannot stat 'denovoSSL_20k_mpileup-1051725.out': No such file or directory
mv: cannot stat 'denovoSSL_20k_mpileup-1051726.out': No such file or directory
mv: cannot stat 'denovoSSL_20k_mpileup-1051727.out': No such file or directory
mv: cannot stat 'denovoSSL_20k_mpileup-1051728.out': No such file or directory
mv: cannot stat 'denovoSSL_20k_mpileup-1051729.out': No such file or directory
mv: cannot stat 'denovoSSL_20k_mpileup-1051730.out': No such file or directory
mv: 'denovoSSL_20k_mpileup-1051731.out' and '/home/e1garcia/shotgun_PIRE/REUs/2022_REU/Allison/halichoeres_miniatus_PSMC/data/mkBAM/Hmi_denovoSSL_20k_PSMC/denovoSSL_20k_PSMC/joblog/denovoSSL_20k_mpileup-1051731.out' are the same file
mv: 'denovoSSL_20k_mpileup-1051732.out' and '/home/e1garcia/shotgun_PIRE/REUs/2022_REU/Allison/halichoeres_miniatus_PSMC/data/mkBAM/Hmi_denovoSSL_20k_PSMC/denovoSSL_20k_PSMC/joblog/denovoSSL_20k_mpileup-1051732.out' are the same file
mv: cannot stat 'denovoSSL_20k_mpileup-1051733.out': No such file or directory
mv: cannot stat 'denovoSSL_20k_mpileup-1051734.out': No such file or directory
mv: cannot stat 'denovoSSL_20k_mpileup-1051735.out': No such file or directory
