
[warning] samtools mpileup option `u` is functional, but deprecated. Please switch to using bcftools mpileup in future.
[E::hts_open_format] Failed to open file "/home/e1garcia/shotgun_PIRE/REUs/2022_REU/Allison/halichoeres_miniatus_PSMC/data/mkBAM/Hmi_denovoSSL_20k_PSMC/Hmi_denovoSSL_20k_merged.bam" : No such file or directory
[mpileup] failed to open /home/e1garcia/shotgun_PIRE/REUs/2022_REU/Allison/halichoeres_miniatus_PSMC/data/mkBAM/Hmi_denovoSSL_20k_PSMC/Hmi_denovoSSL_20k_merged.bam: No such file or directory
Note: none of --samples-file, --ploidy or --ploidy-file given, assuming all sites are diploid
Failed to read from standard input: unknown file type
Use of uninitialized value $l in numeric lt (<) at /opt/intel64/bin/vcfutils.pl line 566.
Use of uninitialized value $l in numeric lt (<) at /opt/intel64/bin/vcfutils.pl line 566.
mv: 'denovoSSL_20k_mpileup-859277.out' and '/home/e1garcia/shotgun_PIRE/REUs/2022_REU/Allison/halichoeres_miniatus_PSMC/data/mkBAM/Hmi_denovoSSL_20k_PSMC/denovoSSL_20k_PSMC/joblog/denovoSSL_20k_mpileup-859277.out' are the same file
mv: 'denovoSSL_20k_mpileup-859278.out' and '/home/e1garcia/shotgun_PIRE/REUs/2022_REU/Allison/halichoeres_miniatus_PSMC/data/mkBAM/Hmi_denovoSSL_20k_PSMC/denovoSSL_20k_PSMC/joblog/denovoSSL_20k_mpileup-859278.out' are the same file
mv: 'denovoSSL_20k_mpileup-859279.out' and '/home/e1garcia/shotgun_PIRE/REUs/2022_REU/Allison/halichoeres_miniatus_PSMC/data/mkBAM/Hmi_denovoSSL_20k_PSMC/denovoSSL_20k_PSMC/joblog/denovoSSL_20k_mpileup-859279.out' are the same file
mv: 'denovoSSL_20k_mpileup-859280.out' and '/home/e1garcia/shotgun_PIRE/REUs/2022_REU/Allison/halichoeres_miniatus_PSMC/data/mkBAM/Hmi_denovoSSL_20k_PSMC/denovoSSL_20k_PSMC/joblog/denovoSSL_20k_mpileup-859280.out' are the same file
mv: 'denovoSSL_20k_mpileup-859281.out' and '/home/e1garcia/shotgun_PIRE/REUs/2022_REU/Allison/halichoeres_miniatus_PSMC/data/mkBAM/Hmi_denovoSSL_20k_PSMC/denovoSSL_20k_PSMC/joblog/denovoSSL_20k_mpileup-859281.out' are the same file
mv: 'denovoSSL_20k_mpileup-859282.out' and '/home/e1garcia/shotgun_PIRE/REUs/2022_REU/Allison/halichoeres_miniatus_PSMC/data/mkBAM/Hmi_denovoSSL_20k_PSMC/denovoSSL_20k_PSMC/joblog/denovoSSL_20k_mpileup-859282.out' are the same file
mv: 'denovoSSL_20k_mpileup-859283.out' and '/home/e1garcia/shotgun_PIRE/REUs/2022_REU/Allison/halichoeres_miniatus_PSMC/data/mkBAM/Hmi_denovoSSL_20k_PSMC/denovoSSL_20k_PSMC/joblog/denovoSSL_20k_mpileup-859283.out' are the same file
mv: 'denovoSSL_20k_mpileup-859284.out' and '/home/e1garcia/shotgun_PIRE/REUs/2022_REU/Allison/halichoeres_miniatus_PSMC/data/mkBAM/Hmi_denovoSSL_20k_PSMC/denovoSSL_20k_PSMC/joblog/denovoSSL_20k_mpileup-859284.out' are the same file
mv: 'denovoSSL_20k_mpileup-859285.out' and '/home/e1garcia/shotgun_PIRE/REUs/2022_REU/Allison/halichoeres_miniatus_PSMC/data/mkBAM/Hmi_denovoSSL_20k_PSMC/denovoSSL_20k_PSMC/joblog/denovoSSL_20k_mpileup-859285.out' are the same file
mv: 'denovoSSL_20k_mpileup-859286.out' and '/home/e1garcia/shotgun_PIRE/REUs/2022_REU/Allison/halichoeres_miniatus_PSMC/data/mkBAM/Hmi_denovoSSL_20k_PSMC/denovoSSL_20k_PSMC/joblog/denovoSSL_20k_mpileup-859286.out' are the same file
mv: 'denovoSSL_20k_mpileup-859287.out' and '/home/e1garcia/shotgun_PIRE/REUs/2022_REU/Allison/halichoeres_miniatus_PSMC/data/mkBAM/Hmi_denovoSSL_20k_PSMC/denovoSSL_20k_PSMC/joblog/denovoSSL_20k_mpileup-859287.out' are the same file
mv: 'denovoSSL_20k_mpileup-859288.out' and '/home/e1garcia/shotgun_PIRE/REUs/2022_REU/Allison/halichoeres_miniatus_PSMC/data/mkBAM/Hmi_denovoSSL_20k_PSMC/denovoSSL_20k_PSMC/joblog/denovoSSL_20k_mpileup-859288.out' are the same file
mv: 'denovoSSL_20k_mpileup-859289.out' and '/home/e1garcia/shotgun_PIRE/REUs/2022_REU/Allison/halichoeres_miniatus_PSMC/data/mkBAM/Hmi_denovoSSL_20k_PSMC/denovoSSL_20k_PSMC/joblog/denovoSSL_20k_mpileup-859289.out' are the same file
mv: 'denovoSSL_20k_mpileup-859290.out' and '/home/e1garcia/shotgun_PIRE/REUs/2022_REU/Allison/halichoeres_miniatus_PSMC/data/mkBAM/Hmi_denovoSSL_20k_PSMC/denovoSSL_20k_PSMC/joblog/denovoSSL_20k_mpileup-859290.out' are the same file
mv: cannot move 'denovoSSL_20k_mpileup-859291.out' to '/home/e1garcia/shotgun_PIRE/REUs/2022_REU/Allison/halichoeres_miniatus_PSMC/data/mkBAM/Hmi_denovoSSL_20k_PSMC/denovoSSL_20k_PSMC/joblog/denovoSSL_20k_mpileup-859291.out': No such file or directory
mv: cannot move 'denovoSSL_20k_mpileup-859292.out' to '/home/e1garcia/shotgun_PIRE/REUs/2022_REU/Allison/halichoeres_miniatus_PSMC/data/mkBAM/Hmi_denovoSSL_20k_PSMC/denovoSSL_20k_PSMC/joblog/denovoSSL_20k_mpileup-859292.out': No such file or directory
