
[warning] samtools mpileup option `u` is functional, but deprecated. Please switch to using bcftools mpileup in future.
[E::hts_open_format] Failed to open file "/home/e1garcia/shotgun_PIRE/REUs/2022_REU/Allison/halichoeres_miniatus_PSMC/data/mkBAM/Hmi_denovoSSL_20k_PSMC/Hmi_denovoSSL_20k_merged.bam" : No such file or directory
[mpileup] failed to open /home/e1garcia/shotgun_PIRE/REUs/2022_REU/Allison/halichoeres_miniatus_PSMC/data/mkBAM/Hmi_denovoSSL_20k_PSMC/Hmi_denovoSSL_20k_merged.bam: No such file or directory
Note: none of --samples-file, --ploidy or --ploidy-file given, assuming all sites are diploid
Failed to read from standard input: unknown file type
Use of uninitialized value $l in numeric lt (<) at /opt/intel64/bin/vcfutils.pl line 566.
Use of uninitialized value $l in numeric lt (<) at /opt/intel64/bin/vcfutils.pl line 566.
mv: 'denovoSSL_20k_mpileup-859412.out' and '/home/e1garcia/shotgun_PIRE/REUs/2022_REU/Allison/halichoeres_miniatus_PSMC/data/mkBAM/Hmi_denovoSSL_20k_PSMC/denovoSSL_20k_PSMC/joblog/denovoSSL_20k_mpileup-859412.out' are the same file
mv: 'denovoSSL_20k_mpileup-859413.out' and '/home/e1garcia/shotgun_PIRE/REUs/2022_REU/Allison/halichoeres_miniatus_PSMC/data/mkBAM/Hmi_denovoSSL_20k_PSMC/denovoSSL_20k_PSMC/joblog/denovoSSL_20k_mpileup-859413.out' are the same file
mv: 'denovoSSL_20k_mpileup-859414.out' and '/home/e1garcia/shotgun_PIRE/REUs/2022_REU/Allison/halichoeres_miniatus_PSMC/data/mkBAM/Hmi_denovoSSL_20k_PSMC/denovoSSL_20k_PSMC/joblog/denovoSSL_20k_mpileup-859414.out' are the same file
mv: 'denovoSSL_20k_mpileup-859415.out' and '/home/e1garcia/shotgun_PIRE/REUs/2022_REU/Allison/halichoeres_miniatus_PSMC/data/mkBAM/Hmi_denovoSSL_20k_PSMC/denovoSSL_20k_PSMC/joblog/denovoSSL_20k_mpileup-859415.out' are the same file
mv: 'denovoSSL_20k_mpileup-859416.out' and '/home/e1garcia/shotgun_PIRE/REUs/2022_REU/Allison/halichoeres_miniatus_PSMC/data/mkBAM/Hmi_denovoSSL_20k_PSMC/denovoSSL_20k_PSMC/joblog/denovoSSL_20k_mpileup-859416.out' are the same file
mv: 'denovoSSL_20k_mpileup-859417.out' and '/home/e1garcia/shotgun_PIRE/REUs/2022_REU/Allison/halichoeres_miniatus_PSMC/data/mkBAM/Hmi_denovoSSL_20k_PSMC/denovoSSL_20k_PSMC/joblog/denovoSSL_20k_mpileup-859417.out' are the same file
mv: 'denovoSSL_20k_mpileup-859418.out' and '/home/e1garcia/shotgun_PIRE/REUs/2022_REU/Allison/halichoeres_miniatus_PSMC/data/mkBAM/Hmi_denovoSSL_20k_PSMC/denovoSSL_20k_PSMC/joblog/denovoSSL_20k_mpileup-859418.out' are the same file
mv: 'denovoSSL_20k_mpileup-859419.out' and '/home/e1garcia/shotgun_PIRE/REUs/2022_REU/Allison/halichoeres_miniatus_PSMC/data/mkBAM/Hmi_denovoSSL_20k_PSMC/denovoSSL_20k_PSMC/joblog/denovoSSL_20k_mpileup-859419.out' are the same file
mv: 'denovoSSL_20k_mpileup-859420.out' and '/home/e1garcia/shotgun_PIRE/REUs/2022_REU/Allison/halichoeres_miniatus_PSMC/data/mkBAM/Hmi_denovoSSL_20k_PSMC/denovoSSL_20k_PSMC/joblog/denovoSSL_20k_mpileup-859420.out' are the same file
mv: 'denovoSSL_20k_mpileup-859421.out' and '/home/e1garcia/shotgun_PIRE/REUs/2022_REU/Allison/halichoeres_miniatus_PSMC/data/mkBAM/Hmi_denovoSSL_20k_PSMC/denovoSSL_20k_PSMC/joblog/denovoSSL_20k_mpileup-859421.out' are the same file
mv: 'denovoSSL_20k_mpileup-859422.out' and '/home/e1garcia/shotgun_PIRE/REUs/2022_REU/Allison/halichoeres_miniatus_PSMC/data/mkBAM/Hmi_denovoSSL_20k_PSMC/denovoSSL_20k_PSMC/joblog/denovoSSL_20k_mpileup-859422.out' are the same file
mv: 'denovoSSL_20k_mpileup-859423.out' and '/home/e1garcia/shotgun_PIRE/REUs/2022_REU/Allison/halichoeres_miniatus_PSMC/data/mkBAM/Hmi_denovoSSL_20k_PSMC/denovoSSL_20k_PSMC/joblog/denovoSSL_20k_mpileup-859423.out' are the same file
mv: 'denovoSSL_20k_mpileup-859424.out' and '/home/e1garcia/shotgun_PIRE/REUs/2022_REU/Allison/halichoeres_miniatus_PSMC/data/mkBAM/Hmi_denovoSSL_20k_PSMC/denovoSSL_20k_PSMC/joblog/denovoSSL_20k_mpileup-859424.out' are the same file
mv: 'denovoSSL_20k_mpileup-859425.out' and '/home/e1garcia/shotgun_PIRE/REUs/2022_REU/Allison/halichoeres_miniatus_PSMC/data/mkBAM/Hmi_denovoSSL_20k_PSMC/denovoSSL_20k_PSMC/joblog/denovoSSL_20k_mpileup-859425.out' are the same file
mv: 'denovoSSL_20k_mpileup-859426.out' and '/home/e1garcia/shotgun_PIRE/REUs/2022_REU/Allison/halichoeres_miniatus_PSMC/data/mkBAM/Hmi_denovoSSL_20k_PSMC/denovoSSL_20k_PSMC/joblog/denovoSSL_20k_mpileup-859426.out' are the same file
mv: 'denovoSSL_20k_mpileup-859427.out' and '/home/e1garcia/shotgun_PIRE/REUs/2022_REU/Allison/halichoeres_miniatus_PSMC/data/mkBAM/Hmi_denovoSSL_20k_PSMC/denovoSSL_20k_PSMC/joblog/denovoSSL_20k_mpileup-859427.out' are the same file
