
[warning] samtools mpileup option `u` is functional, but deprecated. Please switch to using bcftools mpileup in future.
[E::hts_open_format] Failed to open file "/home/e1garcia/shotgun_PIRE/REUs/2022_REU/Allison/halichoeres_miniatus_PSMC/data/mkBAM/Hmi_denovoSSL_20k_PSMC/Hmi_denovoSSL_20k_merged.bam" : No such file or directory
[mpileup] failed to open /home/e1garcia/shotgun_PIRE/REUs/2022_REU/Allison/halichoeres_miniatus_PSMC/data/mkBAM/Hmi_denovoSSL_20k_PSMC/Hmi_denovoSSL_20k_merged.bam: No such file or directory
Note: none of --samples-file, --ploidy or --ploidy-file given, assuming all sites are diploid
Failed to read from standard input: unknown file type
Use of uninitialized value $l in numeric lt (<) at /opt/intel64/bin/vcfutils.pl line 566.
Use of uninitialized value $l in numeric lt (<) at /opt/intel64/bin/vcfutils.pl line 566.
mv: cannot move 'denovoSSL_20k_mpileup-858517.out' to '/home/e1garcia/shotgun_PIRE/REUs/2022_REU/Allison/halichoeres_miniatus_PSMC/data/mkBAM/Hmi_denovoSSL_20k_PSMC/denovoSSL_20k_PSMC/joblog/denovoSSL_20k_mpileup-858517.out': No such file or directory
mv: 'denovoSSL_20k_mpileup-858518.out' and '/home/e1garcia/shotgun_PIRE/REUs/2022_REU/Allison/halichoeres_miniatus_PSMC/data/mkBAM/Hmi_denovoSSL_20k_PSMC/denovoSSL_20k_PSMC/joblog/denovoSSL_20k_mpileup-858518.out' are the same file
mv: cannot stat 'denovoSSL_20k_mpileup-858520.out': No such file or directory
mv: cannot stat 'denovoSSL_20k_mpileup-858521.out': No such file or directory
mv: cannot stat 'denovoSSL_20k_mpileup-858523.out': No such file or directory
mv: cannot stat 'denovoSSL_20k_mpileup-858524.out': No such file or directory
mv: cannot stat 'denovoSSL_20k_mpileup-858525.out': No such file or directory
mv: cannot stat 'denovoSSL_20k_mpileup-858526.out': No such file or directory
mv: cannot stat 'denovoSSL_20k_mpileup-858527.out': No such file or directory
mv: cannot stat 'denovoSSL_20k_mpileup-858528.out': No such file or directory
mv: cannot stat 'denovoSSL_20k_mpileup-858529.out': No such file or directory
mv: cannot stat 'denovoSSL_20k_mpileup-858530.out': No such file or directory
mv: cannot stat 'denovoSSL_20k_mpileup-858531.out': No such file or directory
