
[warning] samtools mpileup option `u` is functional, but deprecated. Please switch to using bcftools mpileup in future.
[E::hts_open_format] Failed to open file "/home/e1garcia/shotgun_PIRE/REUs/2022_REU/Allison/halichoeres_miniatus_PSMC/data/mkBAM/Hmi_denovoSSL_20k_PSMC/Hmi_denovoSSL_20k_merged.bam" : No such file or directory
[mpileup] failed to open /home/e1garcia/shotgun_PIRE/REUs/2022_REU/Allison/halichoeres_miniatus_PSMC/data/mkBAM/Hmi_denovoSSL_20k_PSMC/Hmi_denovoSSL_20k_merged.bam: No such file or directory
Note: none of --samples-file, --ploidy or --ploidy-file given, assuming all sites are diploid
Failed to read from standard input: unknown file type
Use of uninitialized value $l in numeric lt (<) at /opt/intel64/bin/vcfutils.pl line 566.
Use of uninitialized value $l in numeric lt (<) at /opt/intel64/bin/vcfutils.pl line 566.
mv: cannot stat 'denovoSSL_20k_mpileup-859909.out': No such file or directory
mv: cannot stat 'denovoSSL_20k_mpileup-859910.out': No such file or directory
mv: cannot stat 'denovoSSL_20k_mpileup-859911.out': No such file or directory
mv: cannot stat 'denovoSSL_20k_mpileup-859912.out': No such file or directory
mv: cannot stat 'denovoSSL_20k_mpileup-859913.out': No such file or directory
mv: cannot stat 'denovoSSL_20k_mpileup-859914.out': No such file or directory
mv: cannot stat 'denovoSSL_20k_mpileup-859915.out': No such file or directory
mv: cannot stat 'denovoSSL_20k_mpileup-859916.out': No such file or directory
mv: cannot stat 'denovoSSL_20k_mpileup-859917.out': No such file or directory
mv: cannot stat 'denovoSSL_20k_mpileup-859918.out': No such file or directory
mv: cannot stat 'denovoSSL_20k_mpileup-859919.out': No such file or directory
mv: cannot stat 'denovoSSL_20k_mpileup-859920.out': No such file or directory
mv: cannot stat 'denovoSSL_20k_mpileup-859921.out': No such file or directory
mv: cannot stat 'denovoSSL_20k_mpileup-859922.out': No such file or directory
