
[warning] samtools mpileup option `u` is functional, but deprecated. Please switch to using bcftools mpileup in future.
[E::hts_open_format] Failed to open file "/home/e1garcia/shotgun_PIRE/REUs/2022_REU/Allison/halichoeres_miniatus_PSMC/data/mkBAM/Hmi_denovoSSL_20k_PSMC/Hmi_denovoSSL_20k_merged.bam" : No such file or directory
[mpileup] failed to open /home/e1garcia/shotgun_PIRE/REUs/2022_REU/Allison/halichoeres_miniatus_PSMC/data/mkBAM/Hmi_denovoSSL_20k_PSMC/Hmi_denovoSSL_20k_merged.bam: No such file or directory
Note: none of --samples-file, --ploidy or --ploidy-file given, assuming all sites are diploid
Failed to read from standard input: unknown file type
Use of uninitialized value $l in numeric lt (<) at /opt/intel64/bin/vcfutils.pl line 566.
Use of uninitialized value $l in numeric lt (<) at /opt/intel64/bin/vcfutils.pl line 566.
mv: cannot stat 'denovoSSL_20k_mpileup-859614.out': No such file or directory
mv: cannot stat 'denovoSSL_20k_mpileup-859615.out': No such file or directory
mv: cannot stat 'denovoSSL_20k_mpileup-859616.out': No such file or directory
mv: cannot stat 'denovoSSL_20k_mpileup-859617.out': No such file or directory
mv: cannot stat 'denovoSSL_20k_mpileup-859618.out': No such file or directory
mv: cannot stat 'denovoSSL_20k_mpileup-859619.out': No such file or directory
mv: cannot stat 'denovoSSL_20k_mpileup-859620.out': No such file or directory
mv: cannot stat 'denovoSSL_20k_mpileup-859621.out': No such file or directory
mv: cannot stat 'denovoSSL_20k_mpileup-859622.out': No such file or directory
mv: cannot stat 'denovoSSL_20k_mpileup-859623.out': No such file or directory
mv: cannot stat 'denovoSSL_20k_mpileup-859624.out': No such file or directory
mv: cannot stat 'denovoSSL_20k_mpileup-859625.out': No such file or directory
mv: cannot stat 'denovoSSL_20k_mpileup-859626.out': No such file or directory
mv: cannot stat 'denovoSSL_20k_mpileup-859627.out': No such file or directory
mv: cannot stat 'denovoSSL_20k_mpileup-859628.out': No such file or directory
mv: cannot stat 'denovoSSL_20k_mpileup-859629.out': No such file or directory
mv: cannot stat 'denovoSSL_20k_mpileup-859630.out': No such file or directory
mv: 'denovoSSL_20k_mpileup-859631.out' and '/home/e1garcia/shotgun_PIRE/REUs/2022_REU/Allison/halichoeres_miniatus_PSMC/data/mkBAM/Hmi_denovoSSL_20k_PSMC/denovoSSL_20k_PSMC/joblog/denovoSSL_20k_mpileup-859631.out' are the same file
mv: cannot stat 'denovoSSL_20k_mpileup-859632.out': No such file or directory
mv: cannot stat 'denovoSSL_20k_mpileup-859633.out': No such file or directory
mv: 'denovoSSL_20k_mpileup-859634.out' and '/home/e1garcia/shotgun_PIRE/REUs/2022_REU/Allison/halichoeres_miniatus_PSMC/data/mkBAM/Hmi_denovoSSL_20k_PSMC/denovoSSL_20k_PSMC/joblog/denovoSSL_20k_mpileup-859634.out' are the same file
mv: 'denovoSSL_20k_mpileup-859635.out' and '/home/e1garcia/shotgun_PIRE/REUs/2022_REU/Allison/halichoeres_miniatus_PSMC/data/mkBAM/Hmi_denovoSSL_20k_PSMC/denovoSSL_20k_PSMC/joblog/denovoSSL_20k_mpileup-859635.out' are the same file
mv: cannot stat 'denovoSSL_20k_mpileup-859636.out': No such file or directory
