
[warning] samtools mpileup option `u` is functional, but deprecated. Please switch to using bcftools mpileup in future.
[E::hts_open_format] Failed to open file "/home/e1garcia/shotgun_PIRE/REUs/2022_REU/Allison/halichoeres_miniatus_PSMC/data/mkBAM/Hmi_denovoSSL_20k_PSMC/Hmi_denovoSSL_20k_merged.bam" : No such file or directory
[mpileup] failed to open /home/e1garcia/shotgun_PIRE/REUs/2022_REU/Allison/halichoeres_miniatus_PSMC/data/mkBAM/Hmi_denovoSSL_20k_PSMC/Hmi_denovoSSL_20k_merged.bam: No such file or directory
Note: none of --samples-file, --ploidy or --ploidy-file given, assuming all sites are diploid
Failed to read from standard input: unknown file type
Use of uninitialized value $l in numeric lt (<) at /opt/intel64/bin/vcfutils.pl line 566.
Use of uninitialized value $l in numeric lt (<) at /opt/intel64/bin/vcfutils.pl line 566.
mv: cannot stat 'denovoSSL_20k_mpileup-859661.out': No such file or directory
mv: cannot stat 'denovoSSL_20k_mpileup-859662.out': No such file or directory
mv: cannot stat 'denovoSSL_20k_mpileup-859663.out': No such file or directory
mv: cannot stat 'denovoSSL_20k_mpileup-859664.out': No such file or directory
mv: cannot stat 'denovoSSL_20k_mpileup-859665.out': No such file or directory
mv: cannot stat 'denovoSSL_20k_mpileup-859666.out': No such file or directory
mv: cannot stat 'denovoSSL_20k_mpileup-859667.out': No such file or directory
mv: cannot stat 'denovoSSL_20k_mpileup-859668.out': No such file or directory
mv: cannot stat 'denovoSSL_20k_mpileup-859669.out': No such file or directory
mv: cannot stat 'denovoSSL_20k_mpileup-859670.out': No such file or directory
mv: 'denovoSSL_20k_mpileup-859671.out' and '/home/e1garcia/shotgun_PIRE/REUs/2022_REU/Allison/halichoeres_miniatus_PSMC/data/mkBAM/Hmi_denovoSSL_20k_PSMC/denovoSSL_20k_PSMC/joblog/denovoSSL_20k_mpileup-859671.out' are the same file
mv: 'denovoSSL_20k_mpileup-859672.out' and '/home/e1garcia/shotgun_PIRE/REUs/2022_REU/Allison/halichoeres_miniatus_PSMC/data/mkBAM/Hmi_denovoSSL_20k_PSMC/denovoSSL_20k_PSMC/joblog/denovoSSL_20k_mpileup-859672.out' are the same file
mv: cannot stat 'denovoSSL_20k_mpileup-859673.out': No such file or directory
mv: 'denovoSSL_20k_mpileup-859674.out' and '/home/e1garcia/shotgun_PIRE/REUs/2022_REU/Allison/halichoeres_miniatus_PSMC/data/mkBAM/Hmi_denovoSSL_20k_PSMC/denovoSSL_20k_PSMC/joblog/denovoSSL_20k_mpileup-859674.out' are the same file
mv: 'denovoSSL_20k_mpileup-859675.out' and '/home/e1garcia/shotgun_PIRE/REUs/2022_REU/Allison/halichoeres_miniatus_PSMC/data/mkBAM/Hmi_denovoSSL_20k_PSMC/denovoSSL_20k_PSMC/joblog/denovoSSL_20k_mpileup-859675.out' are the same file
mv: 'denovoSSL_20k_mpileup-859676.out' and '/home/e1garcia/shotgun_PIRE/REUs/2022_REU/Allison/halichoeres_miniatus_PSMC/data/mkBAM/Hmi_denovoSSL_20k_PSMC/denovoSSL_20k_PSMC/joblog/denovoSSL_20k_mpileup-859676.out' are the same file
mv: 'denovoSSL_20k_mpileup-859677.out' and '/home/e1garcia/shotgun_PIRE/REUs/2022_REU/Allison/halichoeres_miniatus_PSMC/data/mkBAM/Hmi_denovoSSL_20k_PSMC/denovoSSL_20k_PSMC/joblog/denovoSSL_20k_mpileup-859677.out' are the same file
mv: 'denovoSSL_20k_mpileup-859678.out' and '/home/e1garcia/shotgun_PIRE/REUs/2022_REU/Allison/halichoeres_miniatus_PSMC/data/mkBAM/Hmi_denovoSSL_20k_PSMC/denovoSSL_20k_PSMC/joblog/denovoSSL_20k_mpileup-859678.out' are the same file
mv: 'denovoSSL_20k_mpileup-859679.out' and '/home/e1garcia/shotgun_PIRE/REUs/2022_REU/Allison/halichoeres_miniatus_PSMC/data/mkBAM/Hmi_denovoSSL_20k_PSMC/denovoSSL_20k_PSMC/joblog/denovoSSL_20k_mpileup-859679.out' are the same file
mv: cannot stat 'denovoSSL_20k_mpileup-859680.out': No such file or directory
mv: 'denovoSSL_20k_mpileup-859681.out' and '/home/e1garcia/shotgun_PIRE/REUs/2022_REU/Allison/halichoeres_miniatus_PSMC/data/mkBAM/Hmi_denovoSSL_20k_PSMC/denovoSSL_20k_PSMC/joblog/denovoSSL_20k_mpileup-859681.out' are the same file
