
[warning] samtools mpileup option `u` is functional, but deprecated. Please switch to using bcftools mpileup in future.
[E::hts_open_format] Failed to open file "/home/e1garcia/shotgun_PIRE/REUs/2022_REU/Allison/halichoeres_miniatus_PSMC/data/mkBAM/Hmi_denovoSSL_20k_PSMC/Hmi_denovoSSL_20k_merged.bam" : No such file or directory
[mpileup] failed to open /home/e1garcia/shotgun_PIRE/REUs/2022_REU/Allison/halichoeres_miniatus_PSMC/data/mkBAM/Hmi_denovoSSL_20k_PSMC/Hmi_denovoSSL_20k_merged.bam: No such file or directory
Note: none of --samples-file, --ploidy or --ploidy-file given, assuming all sites are diploid
Failed to read from standard input: unknown file type
Use of uninitialized value $l in numeric lt (<) at /opt/intel64/bin/vcfutils.pl line 566.
Use of uninitialized value $l in numeric lt (<) at /opt/intel64/bin/vcfutils.pl line 566.
mv: cannot stat 'denovoSSL_20k_mpileup-858896.out': No such file or directory
mv: cannot stat 'denovoSSL_20k_mpileup-858897.out': No such file or directory
mv: cannot stat 'denovoSSL_20k_mpileup-858898.out': No such file or directory
mv: cannot stat 'denovoSSL_20k_mpileup-858899.out': No such file or directory
mv: cannot stat 'denovoSSL_20k_mpileup-858900.out': No such file or directory
mv: cannot stat 'denovoSSL_20k_mpileup-858901.out': No such file or directory
mv: cannot stat 'denovoSSL_20k_mpileup-858902.out': No such file or directory
mv: cannot stat 'denovoSSL_20k_mpileup-858903.out': No such file or directory
mv: cannot stat 'denovoSSL_20k_mpileup-858904.out': No such file or directory
mv: 'denovoSSL_20k_mpileup-858905.out' and '/home/e1garcia/shotgun_PIRE/REUs/2022_REU/Allison/halichoeres_miniatus_PSMC/data/mkBAM/Hmi_denovoSSL_20k_PSMC/denovoSSL_20k_PSMC/joblog/denovoSSL_20k_mpileup-858905.out' are the same file
mv: 'denovoSSL_20k_mpileup-858906.out' and '/home/e1garcia/shotgun_PIRE/REUs/2022_REU/Allison/halichoeres_miniatus_PSMC/data/mkBAM/Hmi_denovoSSL_20k_PSMC/denovoSSL_20k_PSMC/joblog/denovoSSL_20k_mpileup-858906.out' are the same file
mv: cannot stat 'denovoSSL_20k_mpileup-858907.out': No such file or directory
mv: cannot stat 'denovoSSL_20k_mpileup-858908.out': No such file or directory
mv: 'denovoSSL_20k_mpileup-858909.out' and '/home/e1garcia/shotgun_PIRE/REUs/2022_REU/Allison/halichoeres_miniatus_PSMC/data/mkBAM/Hmi_denovoSSL_20k_PSMC/denovoSSL_20k_PSMC/joblog/denovoSSL_20k_mpileup-858909.out' are the same file
mv: 'denovoSSL_20k_mpileup-858910.out' and '/home/e1garcia/shotgun_PIRE/REUs/2022_REU/Allison/halichoeres_miniatus_PSMC/data/mkBAM/Hmi_denovoSSL_20k_PSMC/denovoSSL_20k_PSMC/joblog/denovoSSL_20k_mpileup-858910.out' are the same file
mv: 'denovoSSL_20k_mpileup-858911.out' and '/home/e1garcia/shotgun_PIRE/REUs/2022_REU/Allison/halichoeres_miniatus_PSMC/data/mkBAM/Hmi_denovoSSL_20k_PSMC/denovoSSL_20k_PSMC/joblog/denovoSSL_20k_mpileup-858911.out' are the same file
mv: 'denovoSSL_20k_mpileup-858912.out' and '/home/e1garcia/shotgun_PIRE/REUs/2022_REU/Allison/halichoeres_miniatus_PSMC/data/mkBAM/Hmi_denovoSSL_20k_PSMC/denovoSSL_20k_PSMC/joblog/denovoSSL_20k_mpileup-858912.out' are the same file
mv: cannot stat 'denovoSSL_20k_mpileup-858913.out': No such file or directory
mv: cannot stat 'denovoSSL_20k_mpileup-858914.out': No such file or directory
mv: 'denovoSSL_20k_mpileup-858915.out' and '/home/e1garcia/shotgun_PIRE/REUs/2022_REU/Allison/halichoeres_miniatus_PSMC/data/mkBAM/Hmi_denovoSSL_20k_PSMC/denovoSSL_20k_PSMC/joblog/denovoSSL_20k_mpileup-858915.out' are the same file
mv: cannot stat 'denovoSSL_20k_mpileup-858916.out': No such file or directory
mv: 'denovoSSL_20k_mpileup-858917.out' and '/home/e1garcia/shotgun_PIRE/REUs/2022_REU/Allison/halichoeres_miniatus_PSMC/data/mkBAM/Hmi_denovoSSL_20k_PSMC/denovoSSL_20k_PSMC/joblog/denovoSSL_20k_mpileup-858917.out' are the same file
