
[warning] samtools mpileup option `u` is functional, but deprecated. Please switch to using bcftools mpileup in future.
[E::hts_open_format] Failed to open file "/home/e1garcia/shotgun_PIRE/REUs/2022_REU/Allison/halichoeres_miniatus_PSMC/data/mkBAM/Hmi_denovoSSL_20k_PSMC/Hmi_denovoSSL_20k_merged.bam" : No such file or directory
[mpileup] failed to open /home/e1garcia/shotgun_PIRE/REUs/2022_REU/Allison/halichoeres_miniatus_PSMC/data/mkBAM/Hmi_denovoSSL_20k_PSMC/Hmi_denovoSSL_20k_merged.bam: No such file or directory
Note: none of --samples-file, --ploidy or --ploidy-file given, assuming all sites are diploid
Failed to read from standard input: unknown file type
Use of uninitialized value $l in numeric lt (<) at /opt/intel64/bin/vcfutils.pl line 566.
Use of uninitialized value $l in numeric lt (<) at /opt/intel64/bin/vcfutils.pl line 566.
mv: 'denovoSSL_20k_mpileup-859024.out' and '/home/e1garcia/shotgun_PIRE/REUs/2022_REU/Allison/halichoeres_miniatus_PSMC/data/mkBAM/Hmi_denovoSSL_20k_PSMC/denovoSSL_20k_PSMC/joblog/denovoSSL_20k_mpileup-859024.out' are the same file
mv: 'denovoSSL_20k_mpileup-859025.out' and '/home/e1garcia/shotgun_PIRE/REUs/2022_REU/Allison/halichoeres_miniatus_PSMC/data/mkBAM/Hmi_denovoSSL_20k_PSMC/denovoSSL_20k_PSMC/joblog/denovoSSL_20k_mpileup-859025.out' are the same file
mv: 'denovoSSL_20k_mpileup-859026.out' and '/home/e1garcia/shotgun_PIRE/REUs/2022_REU/Allison/halichoeres_miniatus_PSMC/data/mkBAM/Hmi_denovoSSL_20k_PSMC/denovoSSL_20k_PSMC/joblog/denovoSSL_20k_mpileup-859026.out' are the same file
mv: 'denovoSSL_20k_mpileup-859027.out' and '/home/e1garcia/shotgun_PIRE/REUs/2022_REU/Allison/halichoeres_miniatus_PSMC/data/mkBAM/Hmi_denovoSSL_20k_PSMC/denovoSSL_20k_PSMC/joblog/denovoSSL_20k_mpileup-859027.out' are the same file
mv: 'denovoSSL_20k_mpileup-859028.out' and '/home/e1garcia/shotgun_PIRE/REUs/2022_REU/Allison/halichoeres_miniatus_PSMC/data/mkBAM/Hmi_denovoSSL_20k_PSMC/denovoSSL_20k_PSMC/joblog/denovoSSL_20k_mpileup-859028.out' are the same file
mv: 'denovoSSL_20k_mpileup-859029.out' and '/home/e1garcia/shotgun_PIRE/REUs/2022_REU/Allison/halichoeres_miniatus_PSMC/data/mkBAM/Hmi_denovoSSL_20k_PSMC/denovoSSL_20k_PSMC/joblog/denovoSSL_20k_mpileup-859029.out' are the same file
mv: 'denovoSSL_20k_mpileup-859030.out' and '/home/e1garcia/shotgun_PIRE/REUs/2022_REU/Allison/halichoeres_miniatus_PSMC/data/mkBAM/Hmi_denovoSSL_20k_PSMC/denovoSSL_20k_PSMC/joblog/denovoSSL_20k_mpileup-859030.out' are the same file
mv: 'denovoSSL_20k_mpileup-859031.out' and '/home/e1garcia/shotgun_PIRE/REUs/2022_REU/Allison/halichoeres_miniatus_PSMC/data/mkBAM/Hmi_denovoSSL_20k_PSMC/denovoSSL_20k_PSMC/joblog/denovoSSL_20k_mpileup-859031.out' are the same file
mv: 'denovoSSL_20k_mpileup-859032.out' and '/home/e1garcia/shotgun_PIRE/REUs/2022_REU/Allison/halichoeres_miniatus_PSMC/data/mkBAM/Hmi_denovoSSL_20k_PSMC/denovoSSL_20k_PSMC/joblog/denovoSSL_20k_mpileup-859032.out' are the same file
mv: 'denovoSSL_20k_mpileup-859033.out' and '/home/e1garcia/shotgun_PIRE/REUs/2022_REU/Allison/halichoeres_miniatus_PSMC/data/mkBAM/Hmi_denovoSSL_20k_PSMC/denovoSSL_20k_PSMC/joblog/denovoSSL_20k_mpileup-859033.out' are the same file
mv: 'denovoSSL_20k_mpileup-859034.out' and '/home/e1garcia/shotgun_PIRE/REUs/2022_REU/Allison/halichoeres_miniatus_PSMC/data/mkBAM/Hmi_denovoSSL_20k_PSMC/denovoSSL_20k_PSMC/joblog/denovoSSL_20k_mpileup-859034.out' are the same file
mv: 'denovoSSL_20k_mpileup-859035.out' and '/home/e1garcia/shotgun_PIRE/REUs/2022_REU/Allison/halichoeres_miniatus_PSMC/data/mkBAM/Hmi_denovoSSL_20k_PSMC/denovoSSL_20k_PSMC/joblog/denovoSSL_20k_mpileup-859035.out' are the same file
mv: 'denovoSSL_20k_mpileup-859036.out' and '/home/e1garcia/shotgun_PIRE/REUs/2022_REU/Allison/halichoeres_miniatus_PSMC/data/mkBAM/Hmi_denovoSSL_20k_PSMC/denovoSSL_20k_PSMC/joblog/denovoSSL_20k_mpileup-859036.out' are the same file
mv: 'denovoSSL_20k_mpileup-859037.out' and '/home/e1garcia/shotgun_PIRE/REUs/2022_REU/Allison/halichoeres_miniatus_PSMC/data/mkBAM/Hmi_denovoSSL_20k_PSMC/denovoSSL_20k_PSMC/joblog/denovoSSL_20k_mpileup-859037.out' are the same file
mv: cannot move 'denovoSSL_20k_mpileup-859038.out' to '/home/e1garcia/shotgun_PIRE/REUs/2022_REU/Allison/halichoeres_miniatus_PSMC/data/mkBAM/Hmi_denovoSSL_20k_PSMC/denovoSSL_20k_PSMC/joblog/denovoSSL_20k_mpileup-859038.out': No such file or directory
mv: cannot move 'denovoSSL_20k_mpileup-859039.out' to '/home/e1garcia/shotgun_PIRE/REUs/2022_REU/Allison/halichoeres_miniatus_PSMC/data/mkBAM/Hmi_denovoSSL_20k_PSMC/denovoSSL_20k_PSMC/joblog/denovoSSL_20k_mpileup-859039.out': No such file or directory
mv: cannot move 'denovoSSL_20k_mpileup-859040.out' to '/home/e1garcia/shotgun_PIRE/REUs/2022_REU/Allison/halichoeres_miniatus_PSMC/data/mkBAM/Hmi_denovoSSL_20k_PSMC/denovoSSL_20k_PSMC/joblog/denovoSSL_20k_mpileup-859040.out': No such file or directory
mv: cannot move 'denovoSSL_20k_mpileup-859041.out' to '/home/e1garcia/shotgun_PIRE/REUs/2022_REU/Allison/halichoeres_miniatus_PSMC/data/mkBAM/Hmi_denovoSSL_20k_PSMC/denovoSSL_20k_PSMC/joblog/denovoSSL_20k_mpileup-859041.out': No such file or directory
mv: cannot move 'denovoSSL_20k_mpileup-859042.out' to '/home/e1garcia/shotgun_PIRE/REUs/2022_REU/Allison/halichoeres_miniatus_PSMC/data/mkBAM/Hmi_denovoSSL_20k_PSMC/denovoSSL_20k_PSMC/joblog/denovoSSL_20k_mpileup-859042.out': No such file or directory
mv: cannot move 'denovoSSL_20k_mpileup-859043.out' to '/home/e1garcia/shotgun_PIRE/REUs/2022_REU/Allison/halichoeres_miniatus_PSMC/data/mkBAM/Hmi_denovoSSL_20k_PSMC/denovoSSL_20k_PSMC/joblog/denovoSSL_20k_mpileup-859043.out': No such file or directory
mv: cannot move 'denovoSSL_20k_mpileup-859044.out' to '/home/e1garcia/shotgun_PIRE/REUs/2022_REU/Allison/halichoeres_miniatus_PSMC/data/mkBAM/Hmi_denovoSSL_20k_PSMC/denovoSSL_20k_PSMC/joblog/denovoSSL_20k_mpileup-859044.out': No such file or directory
mv: cannot move 'denovoSSL_20k_mpileup-859047.out' to '/home/e1garcia/shotgun_PIRE/REUs/2022_REU/Allison/halichoeres_miniatus_PSMC/data/mkBAM/Hmi_denovoSSL_20k_PSMC/denovoSSL_20k_PSMC/joblog/denovoSSL_20k_mpileup-859047.out': No such file or directory
mv: cannot move 'denovoSSL_20k_mpileup-859048.out' to '/home/e1garcia/shotgun_PIRE/REUs/2022_REU/Allison/halichoeres_miniatus_PSMC/data/mkBAM/Hmi_denovoSSL_20k_PSMC/denovoSSL_20k_PSMC/joblog/denovoSSL_20k_mpileup-859048.out': No such file or directory
mv: cannot move 'denovoSSL_20k_mpileup-859049.out' to '/home/e1garcia/shotgun_PIRE/REUs/2022_REU/Allison/halichoeres_miniatus_PSMC/data/mkBAM/Hmi_denovoSSL_20k_PSMC/denovoSSL_20k_PSMC/joblog/denovoSSL_20k_mpileup-859049.out': No such file or directory
mv: cannot move 'denovoSSL_20k_mpileup-859050.out' to '/home/e1garcia/shotgun_PIRE/REUs/2022_REU/Allison/halichoeres_miniatus_PSMC/data/mkBAM/Hmi_denovoSSL_20k_PSMC/denovoSSL_20k_PSMC/joblog/denovoSSL_20k_mpileup-859050.out': No such file or directory
mv: cannot move 'denovoSSL_20k_mpileup-859051.out' to '/home/e1garcia/shotgun_PIRE/REUs/2022_REU/Allison/halichoeres_miniatus_PSMC/data/mkBAM/Hmi_denovoSSL_20k_PSMC/denovoSSL_20k_PSMC/joblog/denovoSSL_20k_mpileup-859051.out': No such file or directory
mv: cannot move 'denovoSSL_20k_mpileup-859052.out' to '/home/e1garcia/shotgun_PIRE/REUs/2022_REU/Allison/halichoeres_miniatus_PSMC/data/mkBAM/Hmi_denovoSSL_20k_PSMC/denovoSSL_20k_PSMC/joblog/denovoSSL_20k_mpileup-859052.out': No such file or directory
