
[warning] samtools mpileup option `u` is functional, but deprecated. Please switch to using bcftools mpileup in future.
[E::hts_open_format] Failed to open file "/home/e1garcia/shotgun_PIRE/REUs/2022_REU/Allison/halichoeres_miniatus_PSMC/data/mkBAM/Hmi_denovoSSL_20k_PSMC/Hmi_denovoSSL_20k_merged.bam" : No such file or directory
[mpileup] failed to open /home/e1garcia/shotgun_PIRE/REUs/2022_REU/Allison/halichoeres_miniatus_PSMC/data/mkBAM/Hmi_denovoSSL_20k_PSMC/Hmi_denovoSSL_20k_merged.bam: No such file or directory
Note: none of --samples-file, --ploidy or --ploidy-file given, assuming all sites are diploid
Failed to read from standard input: unknown file type
Use of uninitialized value $l in numeric lt (<) at /opt/intel64/bin/vcfutils.pl line 566.
Use of uninitialized value $l in numeric lt (<) at /opt/intel64/bin/vcfutils.pl line 566.
mv: cannot stat 'denovoSSL_20k_mpileup-858495.out': No such file or directory
mv: cannot stat 'denovoSSL_20k_mpileup-858496.out': No such file or directory
mv: cannot stat 'denovoSSL_20k_mpileup-858497.out': No such file or directory
mv: cannot stat 'denovoSSL_20k_mpileup-858498.out': No such file or directory
mv: cannot stat 'denovoSSL_20k_mpileup-858499.out': No such file or directory
mv: cannot stat 'denovoSSL_20k_mpileup-858500.out': No such file or directory
mv: cannot stat 'denovoSSL_20k_mpileup-858501.out': No such file or directory
mv: cannot stat 'denovoSSL_20k_mpileup-858502.out': No such file or directory
mv: cannot stat 'denovoSSL_20k_mpileup-858503.out': No such file or directory
mv: cannot stat 'denovoSSL_20k_mpileup-858504.out': No such file or directory
mv: cannot stat 'denovoSSL_20k_mpileup-858505.out': No such file or directory
mv: cannot stat 'denovoSSL_20k_mpileup-858506.out': No such file or directory
mv: cannot stat 'denovoSSL_20k_mpileup-858507.out': No such file or directory
mv: cannot stat 'denovoSSL_20k_mpileup-858508.out': No such file or directory
mv: cannot stat 'denovoSSL_20k_mpileup-858509.out': No such file or directory
mv: cannot stat 'denovoSSL_20k_mpileup-858510.out': No such file or directory
mv: cannot stat 'denovoSSL_20k_mpileup-858511.out': No such file or directory
mv: cannot stat 'denovoSSL_20k_mpileup-858512.out': No such file or directory
mv: 'denovoSSL_20k_mpileup-858513.out' and '/home/e1garcia/shotgun_PIRE/REUs/2022_REU/Allison/halichoeres_miniatus_PSMC/data/mkBAM/Hmi_denovoSSL_20k_PSMC/denovoSSL_20k_PSMC/joblog/denovoSSL_20k_mpileup-858513.out' are the same file
mv: 'denovoSSL_20k_mpileup-858514.out' and '/home/e1garcia/shotgun_PIRE/REUs/2022_REU/Allison/halichoeres_miniatus_PSMC/data/mkBAM/Hmi_denovoSSL_20k_PSMC/denovoSSL_20k_PSMC/joblog/denovoSSL_20k_mpileup-858514.out' are the same file
mv: cannot stat 'denovoSSL_20k_mpileup-858515.out': No such file or directory
mv: cannot stat 'denovoSSL_20k_mpileup-858516.out': No such file or directory
