
[warning] samtools mpileup option `u` is functional, but deprecated. Please switch to using bcftools mpileup in future.
[E::hts_open_format] Failed to open file "/home/e1garcia/shotgun_PIRE/REUs/2022_REU/Allison/halichoeres_miniatus_PSMC/data/mkBAM/Hmi_denovoSSL_20k_PSMC/Hmi_denovoSSL_20k_merged.bam" : No such file or directory
[mpileup] failed to open /home/e1garcia/shotgun_PIRE/REUs/2022_REU/Allison/halichoeres_miniatus_PSMC/data/mkBAM/Hmi_denovoSSL_20k_PSMC/Hmi_denovoSSL_20k_merged.bam: No such file or directory
Note: none of --samples-file, --ploidy or --ploidy-file given, assuming all sites are diploid
Failed to read from standard input: unknown file type
Use of uninitialized value $l in numeric lt (<) at /opt/intel64/bin/vcfutils.pl line 566.
Use of uninitialized value $l in numeric lt (<) at /opt/intel64/bin/vcfutils.pl line 566.
mv: cannot move 'denovoSSL_20k_mpileup-860762.out' to '/home/e1garcia/shotgun_PIRE/REUs/2022_REU/Allison/halichoeres_miniatus_PSMC/data/mkBAM/Hmi_denovoSSL_20k_PSMC/denovoSSL_20k_PSMC/joblog/denovoSSL_20k_mpileup-860762.out': No such file or directory
mv: 'denovoSSL_20k_mpileup-860764.out' and '/home/e1garcia/shotgun_PIRE/REUs/2022_REU/Allison/halichoeres_miniatus_PSMC/data/mkBAM/Hmi_denovoSSL_20k_PSMC/denovoSSL_20k_PSMC/joblog/denovoSSL_20k_mpileup-860764.out' are the same file
mv: 'denovoSSL_20k_mpileup-860765.out' and '/home/e1garcia/shotgun_PIRE/REUs/2022_REU/Allison/halichoeres_miniatus_PSMC/data/mkBAM/Hmi_denovoSSL_20k_PSMC/denovoSSL_20k_PSMC/joblog/denovoSSL_20k_mpileup-860765.out' are the same file
mv: cannot move 'denovoSSL_20k_mpileup-860766.out' to '/home/e1garcia/shotgun_PIRE/REUs/2022_REU/Allison/halichoeres_miniatus_PSMC/data/mkBAM/Hmi_denovoSSL_20k_PSMC/denovoSSL_20k_PSMC/joblog/denovoSSL_20k_mpileup-860766.out': No such file or directory
mv: cannot move 'denovoSSL_20k_mpileup-860767.out' to '/home/e1garcia/shotgun_PIRE/REUs/2022_REU/Allison/halichoeres_miniatus_PSMC/data/mkBAM/Hmi_denovoSSL_20k_PSMC/denovoSSL_20k_PSMC/joblog/denovoSSL_20k_mpileup-860767.out': No such file or directory
mv: 'denovoSSL_20k_mpileup-860769.out' and '/home/e1garcia/shotgun_PIRE/REUs/2022_REU/Allison/halichoeres_miniatus_PSMC/data/mkBAM/Hmi_denovoSSL_20k_PSMC/denovoSSL_20k_PSMC/joblog/denovoSSL_20k_mpileup-860769.out' are the same file
mv: 'denovoSSL_20k_mpileup-860770.out' and '/home/e1garcia/shotgun_PIRE/REUs/2022_REU/Allison/halichoeres_miniatus_PSMC/data/mkBAM/Hmi_denovoSSL_20k_PSMC/denovoSSL_20k_PSMC/joblog/denovoSSL_20k_mpileup-860770.out' are the same file
mv: 'denovoSSL_20k_mpileup-860771.out' and '/home/e1garcia/shotgun_PIRE/REUs/2022_REU/Allison/halichoeres_miniatus_PSMC/data/mkBAM/Hmi_denovoSSL_20k_PSMC/denovoSSL_20k_PSMC/joblog/denovoSSL_20k_mpileup-860771.out' are the same file
mv: cannot move 'denovoSSL_20k_mpileup-860772.out' to '/home/e1garcia/shotgun_PIRE/REUs/2022_REU/Allison/halichoeres_miniatus_PSMC/data/mkBAM/Hmi_denovoSSL_20k_PSMC/denovoSSL_20k_PSMC/joblog/denovoSSL_20k_mpileup-860772.out': No such file or directory
mv: cannot move 'denovoSSL_20k_mpileup-860773.out' to '/home/e1garcia/shotgun_PIRE/REUs/2022_REU/Allison/halichoeres_miniatus_PSMC/data/mkBAM/Hmi_denovoSSL_20k_PSMC/denovoSSL_20k_PSMC/joblog/denovoSSL_20k_mpileup-860773.out': No such file or directory
mv: 'denovoSSL_20k_mpileup-860775.out' and '/home/e1garcia/shotgun_PIRE/REUs/2022_REU/Allison/halichoeres_miniatus_PSMC/data/mkBAM/Hmi_denovoSSL_20k_PSMC/denovoSSL_20k_PSMC/joblog/denovoSSL_20k_mpileup-860775.out' are the same file
mv: 'denovoSSL_20k_mpileup-860776.out' and '/home/e1garcia/shotgun_PIRE/REUs/2022_REU/Allison/halichoeres_miniatus_PSMC/data/mkBAM/Hmi_denovoSSL_20k_PSMC/denovoSSL_20k_PSMC/joblog/denovoSSL_20k_mpileup-860776.out' are the same file
mv: cannot move 'denovoSSL_20k_mpileup-860777.out' to '/home/e1garcia/shotgun_PIRE/REUs/2022_REU/Allison/halichoeres_miniatus_PSMC/data/mkBAM/Hmi_denovoSSL_20k_PSMC/denovoSSL_20k_PSMC/joblog/denovoSSL_20k_mpileup-860777.out': No such file or directory
