
[warning] samtools mpileup option `u` is functional, but deprecated. Please switch to using bcftools mpileup in future.
[E::hts_open_format] Failed to open file "/home/e1garcia/shotgun_PIRE/REUs/2022_REU/Allison/halichoeres_miniatus_PSMC/data/mkBAM/Hmi_denovoSSL_20k_PSMC/Hmi_denovoSSL_20k_merged.bam" : No such file or directory
[mpileup] failed to open /home/e1garcia/shotgun_PIRE/REUs/2022_REU/Allison/halichoeres_miniatus_PSMC/data/mkBAM/Hmi_denovoSSL_20k_PSMC/Hmi_denovoSSL_20k_merged.bam: No such file or directory
Note: none of --samples-file, --ploidy or --ploidy-file given, assuming all sites are diploid
Failed to read from standard input: unknown file type
Use of uninitialized value $l in numeric lt (<) at /opt/intel64/bin/vcfutils.pl line 566.
Use of uninitialized value $l in numeric lt (<) at /opt/intel64/bin/vcfutils.pl line 566.
mv: 'denovoSSL_20k_mpileup-860645.out' and '/home/e1garcia/shotgun_PIRE/REUs/2022_REU/Allison/halichoeres_miniatus_PSMC/data/mkBAM/Hmi_denovoSSL_20k_PSMC/denovoSSL_20k_PSMC/joblog/denovoSSL_20k_mpileup-860645.out' are the same file
mv: 'denovoSSL_20k_mpileup-860646.out' and '/home/e1garcia/shotgun_PIRE/REUs/2022_REU/Allison/halichoeres_miniatus_PSMC/data/mkBAM/Hmi_denovoSSL_20k_PSMC/denovoSSL_20k_PSMC/joblog/denovoSSL_20k_mpileup-860646.out' are the same file
mv: 'denovoSSL_20k_mpileup-860647.out' and '/home/e1garcia/shotgun_PIRE/REUs/2022_REU/Allison/halichoeres_miniatus_PSMC/data/mkBAM/Hmi_denovoSSL_20k_PSMC/denovoSSL_20k_PSMC/joblog/denovoSSL_20k_mpileup-860647.out' are the same file
mv: 'denovoSSL_20k_mpileup-860648.out' and '/home/e1garcia/shotgun_PIRE/REUs/2022_REU/Allison/halichoeres_miniatus_PSMC/data/mkBAM/Hmi_denovoSSL_20k_PSMC/denovoSSL_20k_PSMC/joblog/denovoSSL_20k_mpileup-860648.out' are the same file
mv: 'denovoSSL_20k_mpileup-860649.out' and '/home/e1garcia/shotgun_PIRE/REUs/2022_REU/Allison/halichoeres_miniatus_PSMC/data/mkBAM/Hmi_denovoSSL_20k_PSMC/denovoSSL_20k_PSMC/joblog/denovoSSL_20k_mpileup-860649.out' are the same file
mv: 'denovoSSL_20k_mpileup-860650.out' and '/home/e1garcia/shotgun_PIRE/REUs/2022_REU/Allison/halichoeres_miniatus_PSMC/data/mkBAM/Hmi_denovoSSL_20k_PSMC/denovoSSL_20k_PSMC/joblog/denovoSSL_20k_mpileup-860650.out' are the same file
mv: cannot move 'denovoSSL_20k_mpileup-860651.out' to '/home/e1garcia/shotgun_PIRE/REUs/2022_REU/Allison/halichoeres_miniatus_PSMC/data/mkBAM/Hmi_denovoSSL_20k_PSMC/denovoSSL_20k_PSMC/joblog/denovoSSL_20k_mpileup-860651.out': No such file or directory
mv: 'denovoSSL_20k_mpileup-860653.out' and '/home/e1garcia/shotgun_PIRE/REUs/2022_REU/Allison/halichoeres_miniatus_PSMC/data/mkBAM/Hmi_denovoSSL_20k_PSMC/denovoSSL_20k_PSMC/joblog/denovoSSL_20k_mpileup-860653.out' are the same file
mv: cannot move 'denovoSSL_20k_mpileup-860654.out' to '/home/e1garcia/shotgun_PIRE/REUs/2022_REU/Allison/halichoeres_miniatus_PSMC/data/mkBAM/Hmi_denovoSSL_20k_PSMC/denovoSSL_20k_PSMC/joblog/denovoSSL_20k_mpileup-860654.out': No such file or directory
mv: cannot move 'denovoSSL_20k_mpileup-860655.out' to '/home/e1garcia/shotgun_PIRE/REUs/2022_REU/Allison/halichoeres_miniatus_PSMC/data/mkBAM/Hmi_denovoSSL_20k_PSMC/denovoSSL_20k_PSMC/joblog/denovoSSL_20k_mpileup-860655.out': No such file or directory
mv: cannot move 'denovoSSL_20k_mpileup-860656.out' to '/home/e1garcia/shotgun_PIRE/REUs/2022_REU/Allison/halichoeres_miniatus_PSMC/data/mkBAM/Hmi_denovoSSL_20k_PSMC/denovoSSL_20k_PSMC/joblog/denovoSSL_20k_mpileup-860656.out': No such file or directory
mv: cannot move 'denovoSSL_20k_mpileup-860657.out' to '/home/e1garcia/shotgun_PIRE/REUs/2022_REU/Allison/halichoeres_miniatus_PSMC/data/mkBAM/Hmi_denovoSSL_20k_PSMC/denovoSSL_20k_PSMC/joblog/denovoSSL_20k_mpileup-860657.out': No such file or directory
mv: cannot move 'denovoSSL_20k_mpileup-860658.out' to '/home/e1garcia/shotgun_PIRE/REUs/2022_REU/Allison/halichoeres_miniatus_PSMC/data/mkBAM/Hmi_denovoSSL_20k_PSMC/denovoSSL_20k_PSMC/joblog/denovoSSL_20k_mpileup-860658.out': No such file or directory
mv: 'denovoSSL_20k_mpileup-860660.out' and '/home/e1garcia/shotgun_PIRE/REUs/2022_REU/Allison/halichoeres_miniatus_PSMC/data/mkBAM/Hmi_denovoSSL_20k_PSMC/denovoSSL_20k_PSMC/joblog/denovoSSL_20k_mpileup-860660.out' are the same file
mv: 'denovoSSL_20k_mpileup-860661.out' and '/home/e1garcia/shotgun_PIRE/REUs/2022_REU/Allison/halichoeres_miniatus_PSMC/data/mkBAM/Hmi_denovoSSL_20k_PSMC/denovoSSL_20k_PSMC/joblog/denovoSSL_20k_mpileup-860661.out' are the same file
mv: 'denovoSSL_20k_mpileup-860662.out' and '/home/e1garcia/shotgun_PIRE/REUs/2022_REU/Allison/halichoeres_miniatus_PSMC/data/mkBAM/Hmi_denovoSSL_20k_PSMC/denovoSSL_20k_PSMC/joblog/denovoSSL_20k_mpileup-860662.out' are the same file
mv: 'denovoSSL_20k_mpileup-860663.out' and '/home/e1garcia/shotgun_PIRE/REUs/2022_REU/Allison/halichoeres_miniatus_PSMC/data/mkBAM/Hmi_denovoSSL_20k_PSMC/denovoSSL_20k_PSMC/joblog/denovoSSL_20k_mpileup-860663.out' are the same file
mv: 'denovoSSL_20k_mpileup-860664.out' and '/home/e1garcia/shotgun_PIRE/REUs/2022_REU/Allison/halichoeres_miniatus_PSMC/data/mkBAM/Hmi_denovoSSL_20k_PSMC/denovoSSL_20k_PSMC/joblog/denovoSSL_20k_mpileup-860664.out' are the same file
