
[warning] samtools mpileup option `u` is functional, but deprecated. Please switch to using bcftools mpileup in future.
[E::hts_open_format] Failed to open file "/home/e1garcia/shotgun_PIRE/REUs/2022_REU/Allison/halichoeres_miniatus_PSMC/data/mkBAM/Hmi_denovoSSL_20k_PSMC/Hmi_denovoSSL_20k_merged.bam" : No such file or directory
[mpileup] failed to open /home/e1garcia/shotgun_PIRE/REUs/2022_REU/Allison/halichoeres_miniatus_PSMC/data/mkBAM/Hmi_denovoSSL_20k_PSMC/Hmi_denovoSSL_20k_merged.bam: No such file or directory
Note: none of --samples-file, --ploidy or --ploidy-file given, assuming all sites are diploid
Failed to read from standard input: unknown file type
Use of uninitialized value $l in numeric lt (<) at /opt/intel64/bin/vcfutils.pl line 566.
Use of uninitialized value $l in numeric lt (<) at /opt/intel64/bin/vcfutils.pl line 566.
mv: cannot stat 'denovoSSL_20k_mpileup-859954.out': No such file or directory
mv: cannot stat 'denovoSSL_20k_mpileup-859955.out': No such file or directory
mv: cannot stat 'denovoSSL_20k_mpileup-859956.out': No such file or directory
mv: cannot stat 'denovoSSL_20k_mpileup-859957.out': No such file or directory
mv: cannot stat 'denovoSSL_20k_mpileup-859958.out': No such file or directory
mv: cannot stat 'denovoSSL_20k_mpileup-859959.out': No such file or directory
mv: cannot stat 'denovoSSL_20k_mpileup-859960.out': No such file or directory
mv: cannot stat 'denovoSSL_20k_mpileup-859961.out': No such file or directory
mv: cannot stat 'denovoSSL_20k_mpileup-859962.out': No such file or directory
mv: cannot stat 'denovoSSL_20k_mpileup-859963.out': No such file or directory
mv: cannot stat 'denovoSSL_20k_mpileup-859964.out': No such file or directory
mv: 'denovoSSL_20k_mpileup-859965.out' and '/home/e1garcia/shotgun_PIRE/REUs/2022_REU/Allison/halichoeres_miniatus_PSMC/data/mkBAM/Hmi_denovoSSL_20k_PSMC/denovoSSL_20k_PSMC/joblog/denovoSSL_20k_mpileup-859965.out' are the same file
mv: 'denovoSSL_20k_mpileup-859966.out' and '/home/e1garcia/shotgun_PIRE/REUs/2022_REU/Allison/halichoeres_miniatus_PSMC/data/mkBAM/Hmi_denovoSSL_20k_PSMC/denovoSSL_20k_PSMC/joblog/denovoSSL_20k_mpileup-859966.out' are the same file
mv: 'denovoSSL_20k_mpileup-859967.out' and '/home/e1garcia/shotgun_PIRE/REUs/2022_REU/Allison/halichoeres_miniatus_PSMC/data/mkBAM/Hmi_denovoSSL_20k_PSMC/denovoSSL_20k_PSMC/joblog/denovoSSL_20k_mpileup-859967.out' are the same file
