[2022-07-11 05:43:29,699] multiqc                                            [DEBUG  ]  No MultiQC config found: /opt/conda/lib/python3.7/site-packages/multiqc_config.yaml
[2022-07-11 05:43:29,700] multiqc                                            [DEBUG  ]  No MultiQC config found: /home/cjabl001/.multiqc_config.yaml
[2022-07-11 05:43:29,701] multiqc                                            [DEBUG  ]  No MultiQC config found: multiqc_config.yaml
[2022-07-11 05:43:29,701] multiqc                                            [DEBUG  ]  Command used: /opt/conda/bin/multiqc fq_fp1 -n fq_fp1/1st_fastp_report
[2022-07-11 05:43:30,226] multiqc                                            [WARNING]  MultiQC Version v1.12 now available!
[2022-07-11 05:43:30,226] multiqc                                            [INFO   ]  This is MultiQC v1.9
[2022-07-11 05:43:30,226] multiqc                                            [DEBUG  ]  Command     : /opt/conda/bin/multiqc fq_fp1 -n fq_fp1/1st_fastp_report
[2022-07-11 05:43:30,227] multiqc                                            [DEBUG  ]  Working dir : /home/e1garcia/shotgun_PIRE/REUs/2022_REU/chandy_jablonski/encrasicholina_pseudoheteroloba
[2022-07-11 05:43:30,227] multiqc                                            [INFO   ]  Template    : default
[2022-07-11 05:43:30,227] multiqc                                            [DEBUG  ]  Running Python 3.7.7 (default, Jun 26 2020, 05:10:03)  [GCC 7.3.0]
[2022-07-11 05:43:30,227] multiqc                                            [INFO   ]  Searching   : /home/e1garcia/shotgun_PIRE/REUs/2022_REU/chandy_jablonski/encrasicholina_pseudoheteroloba/fq_fp1
[2022-07-11 05:43:30,228] multiqc                                            [DEBUG  ]  Analysing modules: custom_content, conpair, peddy, somalier, methylQA, mosdepth, phantompeakqualtools, qualimap, preseq, quast, qorts, rna_seqc, rockhopper, rsem, rseqc, busco, goleft_indexcov, disambiguate, supernova, deeptools, sargasso, verifybamid, mirtrace, happy, mirtop, homer, macs2, theta2, snpeff, gatk, htseq, bcftools, featureCounts, fgbio, dragen, dedup, damageprofiler, biobambam2, mtnucratio, picard, prokka, samblaster, samtools, sexdeterrmine, bamtools, jellyfish, vcftools, longranger, stacks, varscan2, bbmap, bismark, biscuit, hicexplorer, hicup, hicpro, salmon, kallisto, slamdunk, star, hisat2, tophat, bowtie2, bowtie1, snpsplit, kat, leehom, adapterRemoval, clipandmerge, cutadapt, flexbar, kaiju, kraken, malt, trimmomatic, sickle, skewer, sortmerna, biobloomtools, fastq_screen, afterqc, fastp, fastqc, pycoqc, minionqc, multivcfanalyzer, clusterflow, bcl2fastq, interop, ivar, flash, seqyclean
[2022-07-11 05:43:30,228] multiqc                                            [DEBUG  ]  Using temporary directory for creating report: /tmp/tmpztb8i8mp
[2022-07-11 05:43:30,451] multiqc                                            [DEBUG  ]  Ignoring file as matched an ignore pattern: Eps-CBai_043_Ex1-1B_L4_r1.fq.gz
[2022-07-11 05:43:30,451] multiqc                                            [DEBUG  ]  Ignoring file as matched an ignore pattern: Eps-CBai_043_Ex1-2H_L4_fastp.html
[2022-07-11 05:43:30,451] multiqc                                            [DEBUG  ]  Ignoring file as matched an ignore pattern: Eps-CBai_043_Ex1-2A_L4_fastp.html
[2022-07-11 05:43:30,459] multiqc                                            [DEBUG  ]  Ignoring file as matched an ignore pattern: Eps-CBai_043_Ex1-1B_L4_r2.fq.gz
[2022-07-11 05:43:30,460] multiqc                                            [DEBUG  ]  Ignoring file as matched an ignore pattern: Eps-CBai_043_Ex1-2A_L4_r2.fq.gz
[2022-07-11 05:43:30,460] multiqc                                            [DEBUG  ]  Ignoring file as matched an ignore pattern: Eps-CBai_043_Ex1-1B_L4_fastp.html
[2022-07-11 05:43:30,460] multiqc                                            [DEBUG  ]  Ignoring file as matched an ignore pattern: Eps-CBai_043_Ex1-2A_L4_r1.fq.gz
[2022-07-11 05:43:30,460] multiqc                                            [DEBUG  ]  Ignoring file as matched an ignore pattern: Eps-CBai_043_Ex1-2H_L4_r2.fq.gz
[2022-07-11 05:43:30,460] multiqc                                            [DEBUG  ]  Ignoring file as matched an ignore pattern: Eps-CBai_043_Ex1-2H_L4_r1.fq.gz
[2022-07-11 05:43:30,460] multiqc                                            [DEBUG  ]  Ignoring file as matched an ignore pattern: Eps-CBai_043_Ex1-2H_L4_fail.fq.gz
[2022-07-11 05:43:30,461] multiqc                                            [DEBUG  ]  Ignoring file as matched an ignore pattern: Eps-CBai_043_Ex1-2A_L4_fail.fq.gz
[2022-07-11 05:43:30,461] multiqc                                            [DEBUG  ]  Ignoring file as matched an ignore pattern: Eps-CBai_043_Ex1-2H_L4_unprd.fq.gz
[2022-07-11 05:43:30,461] multiqc                                            [DEBUG  ]  Ignoring file as matched an ignore pattern: Eps-CBai_043_Ex1-1B_L4_unprd.fq.gz
[2022-07-11 05:43:30,461] multiqc                                            [DEBUG  ]  Ignoring file as matched an ignore pattern: Eps-CBai_043_Ex1-1B_L4_fail.fq.gz
[2022-07-11 05:43:30,461] multiqc                                            [DEBUG  ]  Ignoring file as matched an ignore pattern: Eps-CBai_043_Ex1-2A_L4_unprd.fq.gz
[2022-07-11 05:43:31,077] multiqc.plots.bargraph                             [DEBUG  ]  Using matplotlib version 3.1.2
[2022-07-11 05:43:31,078] multiqc.plots.linegraph                            [DEBUG  ]  Using matplotlib version 3.1.2
[2022-07-11 05:43:31,079] multiqc                                            [DEBUG  ]  No samples found: custom_content
[2022-07-11 05:43:31,084] multiqc                                            [DEBUG  ]  No samples found: conpair
[2022-07-11 05:43:31,089] multiqc                                            [DEBUG  ]  No samples found: peddy
[2022-07-11 05:43:31,093] multiqc                                            [DEBUG  ]  No samples found: somalier
[2022-07-11 05:43:31,097] multiqc                                            [DEBUG  ]  No samples found: methylQA
[2022-07-11 05:43:31,104] multiqc                                            [DEBUG  ]  No samples found: mosdepth
[2022-07-11 05:43:31,108] multiqc                                            [DEBUG  ]  No samples found: phantompeakqualtools
[2022-07-11 05:43:31,111] multiqc                                            [DEBUG  ]  No samples found: qualimap
[2022-07-11 05:43:31,116] multiqc                                            [DEBUG  ]  No samples found: preseq
[2022-07-11 05:43:31,120] multiqc                                            [DEBUG  ]  No samples found: quast
[2022-07-11 05:43:31,124] multiqc                                            [DEBUG  ]  No samples found: qorts
[2022-07-11 05:43:31,127] multiqc                                            [DEBUG  ]  No samples found: rna_seqc
[2022-07-11 05:43:31,131] multiqc                                            [DEBUG  ]  No samples found: rockhopper
[2022-07-11 05:43:31,135] multiqc                                            [DEBUG  ]  No samples found: rsem
[2022-07-11 05:43:31,140] multiqc                                            [DEBUG  ]  No samples found: rseqc
[2022-07-11 05:43:31,144] multiqc                                            [DEBUG  ]  No samples found: busco
[2022-07-11 05:43:31,148] multiqc                                            [DEBUG  ]  No samples found: goleft_indexcov
[2022-07-11 05:43:31,153] multiqc                                            [DEBUG  ]  No samples found: disambiguate
[2022-07-11 05:43:31,158] multiqc                                            [DEBUG  ]  No samples found: supernova
[2022-07-11 05:43:31,165] multiqc                                            [DEBUG  ]  No samples found: deeptools
[2022-07-11 05:43:31,169] multiqc                                            [DEBUG  ]  No samples found: sargasso
[2022-07-11 05:43:31,173] multiqc                                            [DEBUG  ]  No samples found: verifybamid
[2022-07-11 05:43:31,177] multiqc                                            [DEBUG  ]  No samples found: mirtrace
[2022-07-11 05:43:31,182] multiqc                                            [DEBUG  ]  No samples found: happy
[2022-07-11 05:43:31,187] multiqc                                            [DEBUG  ]  No samples found: mirtop
[2022-07-11 05:43:31,192] multiqc                                            [DEBUG  ]  No samples found: homer
[2022-07-11 05:43:31,195] multiqc                                            [DEBUG  ]  No samples found: macs2
[2022-07-11 05:43:31,199] multiqc                                            [DEBUG  ]  No samples found: theta2
[2022-07-11 05:43:31,203] multiqc                                            [DEBUG  ]  No samples found: snpeff
[2022-07-11 05:43:31,208] multiqc                                            [DEBUG  ]  No samples found: gatk
[2022-07-11 05:43:31,212] multiqc                                            [DEBUG  ]  No samples found: htseq
[2022-07-11 05:43:31,217] multiqc                                            [DEBUG  ]  No samples found: bcftools
[2022-07-11 05:43:31,221] multiqc                                            [DEBUG  ]  No samples found: featureCounts
[2022-07-11 05:43:31,225] multiqc                                            [DEBUG  ]  No samples found: fgbio
[2022-07-11 05:43:31,232] multiqc                                            [DEBUG  ]  No samples found: dragen
[2022-07-11 05:43:31,236] multiqc                                            [DEBUG  ]  No samples found: dedup
[2022-07-11 05:43:31,239] multiqc                                            [DEBUG  ]  No samples found: damageprofiler
[2022-07-11 05:43:31,250] multiqc                                            [DEBUG  ]  No samples found: biobambam2
[2022-07-11 05:43:31,254] multiqc                                            [DEBUG  ]  No samples found: mtnucratio
[2022-07-11 05:43:31,257] multiqc                                            [DEBUG  ]  No samples found: picard
[2022-07-11 05:43:31,261] multiqc                                            [DEBUG  ]  No samples found: prokka
[2022-07-11 05:43:31,265] multiqc                                            [DEBUG  ]  No samples found: samblaster
[2022-07-11 05:43:31,269] multiqc                                            [DEBUG  ]  No samples found: samtools
[2022-07-11 05:43:31,273] multiqc                                            [DEBUG  ]  No samples found: sexdeterrmine
[2022-07-11 05:43:31,278] multiqc                                            [DEBUG  ]  No samples found: bamtools
[2022-07-11 05:43:31,282] multiqc                                            [DEBUG  ]  No samples found: jellyfish
[2022-07-11 05:43:31,287] multiqc                                            [DEBUG  ]  No samples found: vcftools
[2022-07-11 05:43:31,291] multiqc                                            [DEBUG  ]  No samples found: longranger
[2022-07-11 05:43:31,296] multiqc                                            [DEBUG  ]  No samples found: stacks
[2022-07-11 05:43:31,300] multiqc                                            [DEBUG  ]  No samples found: varscan2
[2022-07-11 05:43:31,306] multiqc                                            [DEBUG  ]  No samples found: bbmap
[2022-07-11 05:43:31,311] multiqc                                            [DEBUG  ]  No samples found: bismark
[2022-07-11 05:43:31,315] multiqc                                            [DEBUG  ]  No samples found: biscuit
[2022-07-11 05:43:31,319] multiqc                                            [DEBUG  ]  No samples found: hicexplorer
[2022-07-11 05:43:31,323] multiqc                                            [DEBUG  ]  No samples found: hicup
[2022-07-11 05:43:31,327] multiqc                                            [DEBUG  ]  No samples found: hicpro
[2022-07-11 05:43:31,331] multiqc                                            [DEBUG  ]  No samples found: salmon
[2022-07-11 05:43:31,335] multiqc                                            [DEBUG  ]  No samples found: kallisto
[2022-07-11 05:43:31,339] multiqc                                            [DEBUG  ]  No samples found: slamdunk
[2022-07-11 05:43:31,343] multiqc                                            [DEBUG  ]  No samples found: star
[2022-07-11 05:43:31,346] multiqc                                            [DEBUG  ]  No samples found: hisat2
[2022-07-11 05:43:31,351] multiqc                                            [DEBUG  ]  No samples found: tophat
[2022-07-11 05:43:31,355] multiqc                                            [DEBUG  ]  No samples found: bowtie2
[2022-07-11 05:43:31,358] multiqc                                            [DEBUG  ]  No samples found: bowtie1
[2022-07-11 05:43:31,362] multiqc                                            [DEBUG  ]  No samples found: snpsplit
[2022-07-11 05:43:31,366] multiqc                                            [DEBUG  ]  No samples found: kat
[2022-07-11 05:43:31,369] multiqc                                            [DEBUG  ]  No samples found: leehom
[2022-07-11 05:43:31,373] multiqc                                            [DEBUG  ]  No samples found: adapterRemoval
[2022-07-11 05:43:31,377] multiqc                                            [DEBUG  ]  No samples found: clipandmerge
[2022-07-11 05:43:31,382] multiqc                                            [DEBUG  ]  No samples found: cutadapt
[2022-07-11 05:43:31,386] multiqc                                            [DEBUG  ]  No samples found: flexbar
[2022-07-11 05:43:31,391] multiqc                                            [DEBUG  ]  No samples found: kaiju
[2022-07-11 05:43:31,395] multiqc                                            [DEBUG  ]  No samples found: kraken
[2022-07-11 05:43:31,399] multiqc                                            [DEBUG  ]  No samples found: malt
[2022-07-11 05:43:31,403] multiqc                                            [DEBUG  ]  No samples found: trimmomatic
[2022-07-11 05:43:31,407] multiqc                                            [DEBUG  ]  No samples found: sickle
[2022-07-11 05:43:31,410] multiqc                                            [DEBUG  ]  No samples found: skewer
[2022-07-11 05:43:31,414] multiqc                                            [DEBUG  ]  No samples found: sortmerna
[2022-07-11 05:43:31,418] multiqc                                            [DEBUG  ]  No samples found: biobloomtools
[2022-07-11 05:43:31,422] multiqc                                            [DEBUG  ]  No samples found: fastq_screen
[2022-07-11 05:43:31,427] multiqc                                            [DEBUG  ]  No samples found: afterqc
[2022-07-11 05:43:31,446] multiqc.modules.fastp.fastp                        [INFO   ]  Found 3 reports
[2022-07-11 05:43:31,472] multiqc                                            [DEBUG  ]  No samples found: fastqc
[2022-07-11 05:43:31,476] multiqc                                            [DEBUG  ]  No samples found: pycoqc
[2022-07-11 05:43:31,480] multiqc                                            [DEBUG  ]  No samples found: minionqc
[2022-07-11 05:43:31,484] multiqc                                            [DEBUG  ]  No samples found: multivcfanalyzer
[2022-07-11 05:43:31,489] multiqc                                            [DEBUG  ]  No samples found: clusterflow
[2022-07-11 05:43:31,493] multiqc                                            [DEBUG  ]  No samples found: bcl2fastq
[2022-07-11 05:43:31,498] multiqc                                            [DEBUG  ]  No samples found: interop
[2022-07-11 05:43:31,501] multiqc                                            [DEBUG  ]  No samples found: ivar
[2022-07-11 05:43:31,505] multiqc                                            [DEBUG  ]  No samples found: flash
[2022-07-11 05:43:31,509] multiqc                                            [DEBUG  ]  No samples found: seqyclean
[2022-07-11 05:43:31,516] multiqc                                            [INFO   ]  Compressing plot data
[2022-07-11 05:43:31,821] multiqc                                            [INFO   ]  Report      : fq_fp1/1st_fastp_report.html
[2022-07-11 05:43:31,821] multiqc                                            [INFO   ]  Data        : fq_fp1/1st_fastp_report_data
[2022-07-11 05:43:31,821] multiqc                                            [DEBUG  ]  Moving data file from '/tmp/tmpztb8i8mp/multiqc_data' to '/home/e1garcia/shotgun_PIRE/REUs/2022_REU/chandy_jablonski/encrasicholina_pseudoheteroloba/fq_fp1/1st_fastp_report_data'
[2022-07-11 05:43:32,075] multiqc                                            [INFO   ]  MultiQC complete
