
[warning] samtools mpileup option `u` is functional, but deprecated. Please switch to using bcftools mpileup in future.
[mpileup] 3 samples in 1 input files
Note: none of --samples-file, --ploidy or --ploidy-file given, assuming all sites are diploid
mv: 'denovoSSL_20k_mpileup-1075431.out' and '/home/e1garcia/shotgun_PIRE/REUs/2022_REU/erykamolino/ostorhinchus_chrysopomus_PSMC/data/mkBAM/Och_denovoSSL_20k_PSMC/denovoSSL_20k_PSMC/joblog/denovoSSL_20k_mpileup-1075431.out' are the same file
mv: 'denovoSSL_20k_mpileup-1075432.out' and '/home/e1garcia/shotgun_PIRE/REUs/2022_REU/erykamolino/ostorhinchus_chrysopomus_PSMC/data/mkBAM/Och_denovoSSL_20k_PSMC/denovoSSL_20k_PSMC/joblog/denovoSSL_20k_mpileup-1075432.out' are the same file
mv: 'denovoSSL_20k_mpileup-1075433.out' and '/home/e1garcia/shotgun_PIRE/REUs/2022_REU/erykamolino/ostorhinchus_chrysopomus_PSMC/data/mkBAM/Och_denovoSSL_20k_PSMC/denovoSSL_20k_PSMC/joblog/denovoSSL_20k_mpileup-1075433.out' are the same file
mv: 'denovoSSL_20k_mpileup-1075434.out' and '/home/e1garcia/shotgun_PIRE/REUs/2022_REU/erykamolino/ostorhinchus_chrysopomus_PSMC/data/mkBAM/Och_denovoSSL_20k_PSMC/denovoSSL_20k_PSMC/joblog/denovoSSL_20k_mpileup-1075434.out' are the same file
mv: cannot move 'denovoSSL_20k_mpileup-1075435.out' to '/home/e1garcia/shotgun_PIRE/REUs/2022_REU/erykamolino/ostorhinchus_chrysopomus_PSMC/data/mkBAM/Och_denovoSSL_20k_PSMC/denovoSSL_20k_PSMC/joblog/denovoSSL_20k_mpileup-1075435.out': No such file or directory
mv: cannot stat 'denovoSSL_20k_mpileup-1075438.out': No such file or directory
mv: cannot move 'denovoSSL_20k_mpileup-1075439.out' to '/home/e1garcia/shotgun_PIRE/REUs/2022_REU/erykamolino/ostorhinchus_chrysopomus_PSMC/data/mkBAM/Och_denovoSSL_20k_PSMC/denovoSSL_20k_PSMC/joblog/denovoSSL_20k_mpileup-1075439.out': No such file or directory
mv: 'denovoSSL_20k_mpileup-1075440.out' and '/home/e1garcia/shotgun_PIRE/REUs/2022_REU/erykamolino/ostorhinchus_chrysopomus_PSMC/data/mkBAM/Och_denovoSSL_20k_PSMC/denovoSSL_20k_PSMC/joblog/denovoSSL_20k_mpileup-1075440.out' are the same file
mv: 'denovoSSL_20k_mpileup-1075441.out' and '/home/e1garcia/shotgun_PIRE/REUs/2022_REU/erykamolino/ostorhinchus_chrysopomus_PSMC/data/mkBAM/Och_denovoSSL_20k_PSMC/denovoSSL_20k_PSMC/joblog/denovoSSL_20k_mpileup-1075441.out' are the same file
mv: 'denovoSSL_20k_mpileup-1075442.out' and '/home/e1garcia/shotgun_PIRE/REUs/2022_REU/erykamolino/ostorhinchus_chrysopomus_PSMC/data/mkBAM/Och_denovoSSL_20k_PSMC/denovoSSL_20k_PSMC/joblog/denovoSSL_20k_mpileup-1075442.out' are the same file
mv: cannot stat 'denovoSSL_20k_mpileup-1075443.out': No such file or directory
mv: 'denovoSSL_20k_mpileup-1075444.out' and '/home/e1garcia/shotgun_PIRE/REUs/2022_REU/erykamolino/ostorhinchus_chrysopomus_PSMC/data/mkBAM/Och_denovoSSL_20k_PSMC/denovoSSL_20k_PSMC/joblog/denovoSSL_20k_mpileup-1075444.out' are the same file
mv: 'denovoSSL_20k_mpileup-1075445.out' and '/home/e1garcia/shotgun_PIRE/REUs/2022_REU/erykamolino/ostorhinchus_chrysopomus_PSMC/data/mkBAM/Och_denovoSSL_20k_PSMC/denovoSSL_20k_PSMC/joblog/denovoSSL_20k_mpileup-1075445.out' are the same file
mv: 'denovoSSL_20k_mpileup-1075446.out' and '/home/e1garcia/shotgun_PIRE/REUs/2022_REU/erykamolino/ostorhinchus_chrysopomus_PSMC/data/mkBAM/Och_denovoSSL_20k_PSMC/denovoSSL_20k_PSMC/joblog/denovoSSL_20k_mpileup-1075446.out' are the same file
mv: 'denovoSSL_20k_mpileup-1075447.out' and '/home/e1garcia/shotgun_PIRE/REUs/2022_REU/erykamolino/ostorhinchus_chrysopomus_PSMC/data/mkBAM/Och_denovoSSL_20k_PSMC/denovoSSL_20k_PSMC/joblog/denovoSSL_20k_mpileup-1075447.out' are the same file
mv: cannot stat 'denovoSSL_20k_mpileup-1075448.out': No such file or directory
mv: 'denovoSSL_20k_mpileup-1075449.out' and '/home/e1garcia/shotgun_PIRE/REUs/2022_REU/erykamolino/ostorhinchus_chrysopomus_PSMC/data/mkBAM/Och_denovoSSL_20k_PSMC/denovoSSL_20k_PSMC/joblog/denovoSSL_20k_mpileup-1075449.out' are the same file
