
[warning] samtools mpileup option `u` is functional, but deprecated. Please switch to using bcftools mpileup in future.
[mpileup] 3 samples in 1 input files
Note: none of --samples-file, --ploidy or --ploidy-file given, assuming all sites are diploid
mv: 'denovoSSL_20k_mpileup-1073678.out' and '/home/e1garcia/shotgun_PIRE/REUs/2022_REU/erykamolino/ostorhinchus_chrysopomus_PSMC/data/mkBAM/Och_denovoSSL_20k_PSMC/denovoSSL_20k_PSMC/joblog/denovoSSL_20k_mpileup-1073678.out' are the same file
mv: 'denovoSSL_20k_mpileup-1073679.out' and '/home/e1garcia/shotgun_PIRE/REUs/2022_REU/erykamolino/ostorhinchus_chrysopomus_PSMC/data/mkBAM/Och_denovoSSL_20k_PSMC/denovoSSL_20k_PSMC/joblog/denovoSSL_20k_mpileup-1073679.out' are the same file
mv: 'denovoSSL_20k_mpileup-1073680.out' and '/home/e1garcia/shotgun_PIRE/REUs/2022_REU/erykamolino/ostorhinchus_chrysopomus_PSMC/data/mkBAM/Och_denovoSSL_20k_PSMC/denovoSSL_20k_PSMC/joblog/denovoSSL_20k_mpileup-1073680.out' are the same file
mv: 'denovoSSL_20k_mpileup-1073681.out' and '/home/e1garcia/shotgun_PIRE/REUs/2022_REU/erykamolino/ostorhinchus_chrysopomus_PSMC/data/mkBAM/Och_denovoSSL_20k_PSMC/denovoSSL_20k_PSMC/joblog/denovoSSL_20k_mpileup-1073681.out' are the same file
mv: 'denovoSSL_20k_mpileup-1073682.out' and '/home/e1garcia/shotgun_PIRE/REUs/2022_REU/erykamolino/ostorhinchus_chrysopomus_PSMC/data/mkBAM/Och_denovoSSL_20k_PSMC/denovoSSL_20k_PSMC/joblog/denovoSSL_20k_mpileup-1073682.out' are the same file
mv: 'denovoSSL_20k_mpileup-1073683.out' and '/home/e1garcia/shotgun_PIRE/REUs/2022_REU/erykamolino/ostorhinchus_chrysopomus_PSMC/data/mkBAM/Och_denovoSSL_20k_PSMC/denovoSSL_20k_PSMC/joblog/denovoSSL_20k_mpileup-1073683.out' are the same file
mv: cannot move 'denovoSSL_20k_mpileup-1073684.out' to '/home/e1garcia/shotgun_PIRE/REUs/2022_REU/erykamolino/ostorhinchus_chrysopomus_PSMC/data/mkBAM/Och_denovoSSL_20k_PSMC/denovoSSL_20k_PSMC/joblog/denovoSSL_20k_mpileup-1073684.out': No such file or directory
mv: 'denovoSSL_20k_mpileup-1073686.out' and '/home/e1garcia/shotgun_PIRE/REUs/2022_REU/erykamolino/ostorhinchus_chrysopomus_PSMC/data/mkBAM/Och_denovoSSL_20k_PSMC/denovoSSL_20k_PSMC/joblog/denovoSSL_20k_mpileup-1073686.out' are the same file
mv: 'denovoSSL_20k_mpileup-1073687.out' and '/home/e1garcia/shotgun_PIRE/REUs/2022_REU/erykamolino/ostorhinchus_chrysopomus_PSMC/data/mkBAM/Och_denovoSSL_20k_PSMC/denovoSSL_20k_PSMC/joblog/denovoSSL_20k_mpileup-1073687.out' are the same file
mv: cannot move 'denovoSSL_20k_mpileup-1073688.out' to '/home/e1garcia/shotgun_PIRE/REUs/2022_REU/erykamolino/ostorhinchus_chrysopomus_PSMC/data/mkBAM/Och_denovoSSL_20k_PSMC/denovoSSL_20k_PSMC/joblog/denovoSSL_20k_mpileup-1073688.out': No such file or directory
mv: cannot move 'denovoSSL_20k_mpileup-1073689.out' to '/home/e1garcia/shotgun_PIRE/REUs/2022_REU/erykamolino/ostorhinchus_chrysopomus_PSMC/data/mkBAM/Och_denovoSSL_20k_PSMC/denovoSSL_20k_PSMC/joblog/denovoSSL_20k_mpileup-1073689.out': No such file or directory
mv: cannot move 'denovoSSL_20k_mpileup-1073690.out' to '/home/e1garcia/shotgun_PIRE/REUs/2022_REU/erykamolino/ostorhinchus_chrysopomus_PSMC/data/mkBAM/Och_denovoSSL_20k_PSMC/denovoSSL_20k_PSMC/joblog/denovoSSL_20k_mpileup-1073690.out': No such file or directory
mv: cannot move 'denovoSSL_20k_mpileup-1073691.out' to '/home/e1garcia/shotgun_PIRE/REUs/2022_REU/erykamolino/ostorhinchus_chrysopomus_PSMC/data/mkBAM/Och_denovoSSL_20k_PSMC/denovoSSL_20k_PSMC/joblog/denovoSSL_20k_mpileup-1073691.out': No such file or directory
mv: cannot move 'denovoSSL_20k_mpileup-1073692.out' to '/home/e1garcia/shotgun_PIRE/REUs/2022_REU/erykamolino/ostorhinchus_chrysopomus_PSMC/data/mkBAM/Och_denovoSSL_20k_PSMC/denovoSSL_20k_PSMC/joblog/denovoSSL_20k_mpileup-1073692.out': No such file or directory
mv: cannot move 'denovoSSL_20k_mpileup-1073693.out' to '/home/e1garcia/shotgun_PIRE/REUs/2022_REU/erykamolino/ostorhinchus_chrysopomus_PSMC/data/mkBAM/Och_denovoSSL_20k_PSMC/denovoSSL_20k_PSMC/joblog/denovoSSL_20k_mpileup-1073693.out': No such file or directory
mv: cannot move 'denovoSSL_20k_mpileup-1073694.out' to '/home/e1garcia/shotgun_PIRE/REUs/2022_REU/erykamolino/ostorhinchus_chrysopomus_PSMC/data/mkBAM/Och_denovoSSL_20k_PSMC/denovoSSL_20k_PSMC/joblog/denovoSSL_20k_mpileup-1073694.out': No such file or directory
mv: cannot move 'denovoSSL_20k_mpileup-1073695.out' to '/home/e1garcia/shotgun_PIRE/REUs/2022_REU/erykamolino/ostorhinchus_chrysopomus_PSMC/data/mkBAM/Och_denovoSSL_20k_PSMC/denovoSSL_20k_PSMC/joblog/denovoSSL_20k_mpileup-1073695.out': No such file or directory
mv: cannot move 'denovoSSL_20k_mpileup-1073696.out' to '/home/e1garcia/shotgun_PIRE/REUs/2022_REU/erykamolino/ostorhinchus_chrysopomus_PSMC/data/mkBAM/Och_denovoSSL_20k_PSMC/denovoSSL_20k_PSMC/joblog/denovoSSL_20k_mpileup-1073696.out': No such file or directory
mv: cannot move 'denovoSSL_20k_mpileup-1073697.out' to '/home/e1garcia/shotgun_PIRE/REUs/2022_REU/erykamolino/ostorhinchus_chrysopomus_PSMC/data/mkBAM/Och_denovoSSL_20k_PSMC/denovoSSL_20k_PSMC/joblog/denovoSSL_20k_mpileup-1073697.out': No such file or directory
mv: cannot move 'denovoSSL_20k_mpileup-1073698.out' to '/home/e1garcia/shotgun_PIRE/REUs/2022_REU/erykamolino/ostorhinchus_chrysopomus_PSMC/data/mkBAM/Och_denovoSSL_20k_PSMC/denovoSSL_20k_PSMC/joblog/denovoSSL_20k_mpileup-1073698.out': No such file or directory
mv: cannot move 'denovoSSL_20k_mpileup-1073699.out' to '/home/e1garcia/shotgun_PIRE/REUs/2022_REU/erykamolino/ostorhinchus_chrysopomus_PSMC/data/mkBAM/Och_denovoSSL_20k_PSMC/denovoSSL_20k_PSMC/joblog/denovoSSL_20k_mpileup-1073699.out': No such file or directory
mv: cannot move 'denovoSSL_20k_mpileup-1073700.out' to '/home/e1garcia/shotgun_PIRE/REUs/2022_REU/erykamolino/ostorhinchus_chrysopomus_PSMC/data/mkBAM/Och_denovoSSL_20k_PSMC/denovoSSL_20k_PSMC/joblog/denovoSSL_20k_mpileup-1073700.out': No such file or directory
mv: cannot move 'denovoSSL_20k_mpileup-1073701.out' to '/home/e1garcia/shotgun_PIRE/REUs/2022_REU/erykamolino/ostorhinchus_chrysopomus_PSMC/data/mkBAM/Och_denovoSSL_20k_PSMC/denovoSSL_20k_PSMC/joblog/denovoSSL_20k_mpileup-1073701.out': No such file or directory
