
[warning] samtools mpileup option `u` is functional, but deprecated. Please switch to using bcftools mpileup in future.
Note: none of --samples-file, --ploidy or --ploidy-file given, assuming all sites are diploid
[mpileup] 3 samples in 1 input files
mv: 'denovoSSL_20k_mpileup-1072751.out' and '/home/e1garcia/shotgun_PIRE/REUs/2022_REU/erykamolino/ostorhinchus_chrysopomus_PSMC/data/mkBAM/Och_denovoSSL_20k_PSMC/denovoSSL_20k_PSMC/joblog/denovoSSL_20k_mpileup-1072751.out' are the same file
mv: 'denovoSSL_20k_mpileup-1072752.out' and '/home/e1garcia/shotgun_PIRE/REUs/2022_REU/erykamolino/ostorhinchus_chrysopomus_PSMC/data/mkBAM/Och_denovoSSL_20k_PSMC/denovoSSL_20k_PSMC/joblog/denovoSSL_20k_mpileup-1072752.out' are the same file
mv: 'denovoSSL_20k_mpileup-1072753.out' and '/home/e1garcia/shotgun_PIRE/REUs/2022_REU/erykamolino/ostorhinchus_chrysopomus_PSMC/data/mkBAM/Och_denovoSSL_20k_PSMC/denovoSSL_20k_PSMC/joblog/denovoSSL_20k_mpileup-1072753.out' are the same file
mv: 'denovoSSL_20k_mpileup-1072754.out' and '/home/e1garcia/shotgun_PIRE/REUs/2022_REU/erykamolino/ostorhinchus_chrysopomus_PSMC/data/mkBAM/Och_denovoSSL_20k_PSMC/denovoSSL_20k_PSMC/joblog/denovoSSL_20k_mpileup-1072754.out' are the same file
mv: 'denovoSSL_20k_mpileup-1072755.out' and '/home/e1garcia/shotgun_PIRE/REUs/2022_REU/erykamolino/ostorhinchus_chrysopomus_PSMC/data/mkBAM/Och_denovoSSL_20k_PSMC/denovoSSL_20k_PSMC/joblog/denovoSSL_20k_mpileup-1072755.out' are the same file
mv: 'denovoSSL_20k_mpileup-1072756.out' and '/home/e1garcia/shotgun_PIRE/REUs/2022_REU/erykamolino/ostorhinchus_chrysopomus_PSMC/data/mkBAM/Och_denovoSSL_20k_PSMC/denovoSSL_20k_PSMC/joblog/denovoSSL_20k_mpileup-1072756.out' are the same file
mv: 'denovoSSL_20k_mpileup-1072758.out' and '/home/e1garcia/shotgun_PIRE/REUs/2022_REU/erykamolino/ostorhinchus_chrysopomus_PSMC/data/mkBAM/Och_denovoSSL_20k_PSMC/denovoSSL_20k_PSMC/joblog/denovoSSL_20k_mpileup-1072758.out' are the same file
mv: 'denovoSSL_20k_mpileup-1072759.out' and '/home/e1garcia/shotgun_PIRE/REUs/2022_REU/erykamolino/ostorhinchus_chrysopomus_PSMC/data/mkBAM/Och_denovoSSL_20k_PSMC/denovoSSL_20k_PSMC/joblog/denovoSSL_20k_mpileup-1072759.out' are the same file
mv: 'denovoSSL_20k_mpileup-1072760.out' and '/home/e1garcia/shotgun_PIRE/REUs/2022_REU/erykamolino/ostorhinchus_chrysopomus_PSMC/data/mkBAM/Och_denovoSSL_20k_PSMC/denovoSSL_20k_PSMC/joblog/denovoSSL_20k_mpileup-1072760.out' are the same file
mv: 'denovoSSL_20k_mpileup-1072761.out' and '/home/e1garcia/shotgun_PIRE/REUs/2022_REU/erykamolino/ostorhinchus_chrysopomus_PSMC/data/mkBAM/Och_denovoSSL_20k_PSMC/denovoSSL_20k_PSMC/joblog/denovoSSL_20k_mpileup-1072761.out' are the same file
mv: 'denovoSSL_20k_mpileup-1072762.out' and '/home/e1garcia/shotgun_PIRE/REUs/2022_REU/erykamolino/ostorhinchus_chrysopomus_PSMC/data/mkBAM/Och_denovoSSL_20k_PSMC/denovoSSL_20k_PSMC/joblog/denovoSSL_20k_mpileup-1072762.out' are the same file
mv: cannot stat 'denovoSSL_20k_mpileup-1072763.out': No such file or directory
mv: cannot stat 'denovoSSL_20k_mpileup-1072764.out': No such file or directory
mv: cannot stat 'denovoSSL_20k_mpileup-1072765.out': No such file or directory
mv: cannot stat 'denovoSSL_20k_mpileup-1072766.out': No such file or directory
mv: 'denovoSSL_20k_mpileup-1072767.out' and '/home/e1garcia/shotgun_PIRE/REUs/2022_REU/erykamolino/ostorhinchus_chrysopomus_PSMC/data/mkBAM/Och_denovoSSL_20k_PSMC/denovoSSL_20k_PSMC/joblog/denovoSSL_20k_mpileup-1072767.out' are the same file
mv: cannot stat 'denovoSSL_20k_mpileup-1072768.out': No such file or directory
mv: cannot stat 'denovoSSL_20k_mpileup-1072769.out': No such file or directory
