
[warning] samtools mpileup option `u` is functional, but deprecated. Please switch to using bcftools mpileup in future.
[mpileup] 3 samples in 1 input files
Note: none of --samples-file, --ploidy or --ploidy-file given, assuming all sites are diploid
mv: cannot stat 'denovoSSL_20k_mpileup-1073453.out': No such file or directory
mv: cannot stat 'denovoSSL_20k_mpileup-1073454.out': No such file or directory
mv: cannot stat 'denovoSSL_20k_mpileup-1073455.out': No such file or directory
mv: cannot stat 'denovoSSL_20k_mpileup-1073456.out': No such file or directory
mv: cannot stat 'denovoSSL_20k_mpileup-1073457.out': No such file or directory
mv: cannot stat 'denovoSSL_20k_mpileup-1073458.out': No such file or directory
mv: cannot stat 'denovoSSL_20k_mpileup-1073459.out': No such file or directory
mv: cannot stat 'denovoSSL_20k_mpileup-1073460.out': No such file or directory
mv: cannot stat 'denovoSSL_20k_mpileup-1073461.out': No such file or directory
mv: cannot stat 'denovoSSL_20k_mpileup-1073462.out': No such file or directory
mv: 'denovoSSL_20k_mpileup-1073463.out' and '/home/e1garcia/shotgun_PIRE/REUs/2022_REU/erykamolino/ostorhinchus_chrysopomus_PSMC/data/mkBAM/Och_denovoSSL_20k_PSMC/denovoSSL_20k_PSMC/joblog/denovoSSL_20k_mpileup-1073463.out' are the same file
mv: cannot stat 'denovoSSL_20k_mpileup-1073464.out': No such file or directory
mv: 'denovoSSL_20k_mpileup-1073465.out' and '/home/e1garcia/shotgun_PIRE/REUs/2022_REU/erykamolino/ostorhinchus_chrysopomus_PSMC/data/mkBAM/Och_denovoSSL_20k_PSMC/denovoSSL_20k_PSMC/joblog/denovoSSL_20k_mpileup-1073465.out' are the same file
mv: 'denovoSSL_20k_mpileup-1073466.out' and '/home/e1garcia/shotgun_PIRE/REUs/2022_REU/erykamolino/ostorhinchus_chrysopomus_PSMC/data/mkBAM/Och_denovoSSL_20k_PSMC/denovoSSL_20k_PSMC/joblog/denovoSSL_20k_mpileup-1073466.out' are the same file
mv: 'denovoSSL_20k_mpileup-1073467.out' and '/home/e1garcia/shotgun_PIRE/REUs/2022_REU/erykamolino/ostorhinchus_chrysopomus_PSMC/data/mkBAM/Och_denovoSSL_20k_PSMC/denovoSSL_20k_PSMC/joblog/denovoSSL_20k_mpileup-1073467.out' are the same file
mv: cannot stat 'denovoSSL_20k_mpileup-1073468.out': No such file or directory
mv: 'denovoSSL_20k_mpileup-1073469.out' and '/home/e1garcia/shotgun_PIRE/REUs/2022_REU/erykamolino/ostorhinchus_chrysopomus_PSMC/data/mkBAM/Och_denovoSSL_20k_PSMC/denovoSSL_20k_PSMC/joblog/denovoSSL_20k_mpileup-1073469.out' are the same file
