[M::bwa_idx_load_from_disk] read 0 ALT contigs
[M::process] read 2965718 sequences (400000000 bp)...
[M::mem_pestat] # candidate unique pairs for (FF, FR, RF, RR): (572, 778338, 290, 555)
[M::mem_pestat] analyzing insert size distribution for orientation FF...
[M::mem_pestat] (25, 50, 75) percentile: (195, 265, 322)
[M::mem_pestat] low and high boundaries for computing mean and std.dev: (1, 576)
[M::mem_pestat] mean and std.dev: (252.11, 93.17)
[M::mem_pestat] low and high boundaries for proper pairs: (1, 703)
[M::mem_pestat] analyzing insert size distribution for orientation FR...
[M::mem_pestat] (25, 50, 75) percentile: (338, 375, 411)
[M::mem_pestat] low and high boundaries for computing mean and std.dev: (192, 557)
[M::mem_pestat] mean and std.dev: (373.38, 52.61)
[M::mem_pestat] low and high boundaries for proper pairs: (119, 630)
[M::mem_pestat] analyzing insert size distribution for orientation RF...
[M::mem_pestat] (25, 50, 75) percentile: (223, 722, 2407)
[M::mem_pestat] low and high boundaries for computing mean and std.dev: (1, 6775)
[M::mem_pestat] mean and std.dev: (1249.14, 1525.51)
[M::mem_pestat] low and high boundaries for proper pairs: (1, 8959)
[M::mem_pestat] analyzing insert size distribution for orientation RR...
[M::mem_pestat] (25, 50, 75) percentile: (177, 243, 315)
[M::mem_pestat] low and high boundaries for computing mean and std.dev: (1, 591)
[M::mem_pestat] mean and std.dev: (241.62, 99.94)
[M::mem_pestat] low and high boundaries for proper pairs: (1, 729)
[M::mem_pestat] skip orientation FF
[M::mem_pestat] skip orientation RF
[M::mem_pestat] skip orientation RR
[M::mem_process_seqs] Processed 2965718 reads in 2027.771 CPU sec, 557.516 real sec
[M::process] read 2965672 sequences (400000098 bp)...
[M::process] read 2965690 sequences (400000216 bp)...
[M::mem_pestat] # candidate unique pairs for (FF, FR, RF, RR): (1751, 779830, 996, 570)
[M::mem_pestat] analyzing insert size distribution for orientation FF...
[M::mem_pestat] (25, 50, 75) percentile: (232, 535, 614)
[M::mem_pestat] low and high boundaries for computing mean and std.dev: (1, 1378)
[M::mem_pestat] mean and std.dev: (419.94, 224.80)
[M::mem_pestat] low and high boundaries for proper pairs: (1, 1760)
[M::mem_pestat] analyzing insert size distribution for orientation FR...
[M::mem_pestat] (25, 50, 75) percentile: (338, 375, 412)
[M::mem_pestat] low and high boundaries for computing mean and std.dev: (190, 560)
[M::mem_pestat] mean and std.dev: (373.31, 53.06)
[M::mem_pestat] low and high boundaries for proper pairs: (116, 634)
[M::mem_pestat] analyzing insert size distribution for orientation RF...
[M::mem_pestat] (25, 50, 75) percentile: (320, 365, 417)
[M::mem_pestat] low and high boundaries for computing mean and std.dev: (126, 611)
[M::mem_pestat] mean and std.dev: (361.67, 72.88)
[M::mem_pestat] low and high boundaries for proper pairs: (29, 708)
[M::mem_pestat] analyzing insert size distribution for orientation RR...
[M::mem_pestat] (25, 50, 75) percentile: (160, 238, 305)
[M::mem_pestat] low and high boundaries for computing mean and std.dev: (1, 595)
[M::mem_pestat] mean and std.dev: (233.81, 104.69)
[M::mem_pestat] low and high boundaries for proper pairs: (1, 740)
[M::mem_pestat] skip orientation FF
[M::mem_pestat] skip orientation RF
[M::mem_pestat] skip orientation RR
[M::mem_process_seqs] Processed 2965672 reads in 1361.456 CPU sec, 343.565 real sec
[M::process] read 2965768 sequences (400000051 bp)...
[M::mem_pestat] # candidate unique pairs for (FF, FR, RF, RR): (622, 776110, 298, 566)
[M::mem_pestat] analyzing insert size distribution for orientation FF...
[M::mem_pestat] (25, 50, 75) percentile: (170, 251, 313)
[M::mem_pestat] low and high boundaries for computing mean and std.dev: (1, 599)
[M::mem_pestat] mean and std.dev: (240.28, 99.25)
[M::mem_pestat] low and high boundaries for proper pairs: (1, 742)
[M::mem_pestat] analyzing insert size distribution for orientation FR...
[M::mem_pestat] (25, 50, 75) percentile: (338, 376, 412)
[M::mem_pestat] low and high boundaries for computing mean and std.dev: (190, 560)
[M::mem_pestat] mean and std.dev: (373.44, 53.00)
[M::mem_pestat] low and high boundaries for proper pairs: (116, 634)
[M::mem_pestat] analyzing insert size distribution for orientation RF...
[M::mem_pestat] (25, 50, 75) percentile: (243, 762, 5829)
[M::mem_pestat] low and high boundaries for computing mean and std.dev: (1, 17001)
[M::mem_pestat] mean and std.dev: (2550.45, 2828.51)
[M::mem_pestat] low and high boundaries for proper pairs: (1, 22587)
[M::mem_pestat] analyzing insert size distribution for orientation RR...
[M::mem_pestat] (25, 50, 75) percentile: (189, 256, 321)
[M::mem_pestat] low and high boundaries for computing mean and std.dev: (1, 585)
[M::mem_pestat] mean and std.dev: (245.59, 91.96)
[M::mem_pestat] low and high boundaries for proper pairs: (1, 717)
[M::mem_pestat] skip orientation FF
[M::mem_pestat] skip orientation RF
[M::mem_pestat] skip orientation RR
