[2022-07-12 07:14:53,510] multiqc                                            [DEBUG  ]  No MultiQC config found: /opt/conda/lib/python3.7/site-packages/multiqc_config.yaml
[2022-07-12 07:14:53,511] multiqc                                            [DEBUG  ]  No MultiQC config found: /home/emoli004/.multiqc_config.yaml
[2022-07-12 07:14:53,512] multiqc                                            [DEBUG  ]  No MultiQC config found: multiqc_config.yaml
[2022-07-12 07:14:53,512] multiqc                                            [DEBUG  ]  Command used: /opt/conda/bin/multiqc fq_fp1_clmp_fp2_fqscrn -n fq_fp1_clmp_fp2_fqscrn/fqscrn_mqc
[2022-07-12 07:14:54,149] multiqc                                            [WARNING]  MultiQC Version v1.12 now available!
[2022-07-12 07:14:54,149] multiqc                                            [INFO   ]  This is MultiQC v1.9
[2022-07-12 07:14:54,149] multiqc                                            [DEBUG  ]  Command     : /opt/conda/bin/multiqc fq_fp1_clmp_fp2_fqscrn -n fq_fp1_clmp_fp2_fqscrn/fqscrn_mqc
[2022-07-12 07:14:54,149] multiqc                                            [DEBUG  ]  Working dir : /home/e1garcia/shotgun_PIRE/REUs/2022_REU/erykamolino/ostorhinchus_chrysopomus
[2022-07-12 07:14:54,149] multiqc                                            [INFO   ]  Template    : default
[2022-07-12 07:14:54,149] multiqc                                            [DEBUG  ]  Running Python 3.7.7 (default, Jun 26 2020, 05:10:03)  [GCC 7.3.0]
[2022-07-12 07:14:54,150] multiqc                                            [INFO   ]  Searching   : /home/e1garcia/shotgun_PIRE/REUs/2022_REU/erykamolino/ostorhinchus_chrysopomus/fq_fp1_clmp_fp2_fqscrn
[2022-07-12 07:14:54,151] multiqc                                            [DEBUG  ]  Analysing modules: custom_content, conpair, peddy, somalier, methylQA, mosdepth, phantompeakqualtools, qualimap, preseq, quast, qorts, rna_seqc, rockhopper, rsem, rseqc, busco, goleft_indexcov, disambiguate, supernova, deeptools, sargasso, verifybamid, mirtrace, happy, mirtop, homer, macs2, theta2, snpeff, gatk, htseq, bcftools, featureCounts, fgbio, dragen, dedup, damageprofiler, biobambam2, mtnucratio, picard, prokka, samblaster, samtools, sexdeterrmine, bamtools, jellyfish, vcftools, longranger, stacks, varscan2, bbmap, bismark, biscuit, hicexplorer, hicup, hicpro, salmon, kallisto, slamdunk, star, hisat2, tophat, bowtie2, bowtie1, snpsplit, kat, leehom, adapterRemoval, clipandmerge, cutadapt, flexbar, kaiju, kraken, malt, trimmomatic, sickle, skewer, sortmerna, biobloomtools, fastq_screen, afterqc, fastp, fastqc, pycoqc, minionqc, multivcfanalyzer, clusterflow, bcl2fastq, interop, ivar, flash, seqyclean
[2022-07-12 07:14:54,151] multiqc                                            [DEBUG  ]  Using temporary directory for creating report: /tmp/tmpv7icmonm
[2022-07-12 07:14:54,454] multiqc                                            [DEBUG  ]  Ignoring file as matched an ignore pattern: Och_CTum_001_Ex1-3B_L4_clmp.fp2_r1.fq.gz_temp_subset.fastq
[2022-07-12 07:14:54,489] multiqc                                            [DEBUG  ]  Ignoring file as matched an ignore pattern: Och_CTum_001_Ex1-1D_L4_clmp.fp2_r2.tagged.fastq.gz
[2022-07-12 07:14:54,489] multiqc                                            [DEBUG  ]  Ignoring file as matched an ignore pattern: Och_CTum_001_Ex1-2C_L4_clmp.fp2_r2.fq.gz_temp_subset.fastq
[2022-07-12 07:14:54,491] multiqc                                            [DEBUG  ]  Ignoring file as matched an ignore pattern: Och_CTum_001_Ex1-1D_L4_clmp.fp2_r2.fq.gz_temp_subset.fastq
[2022-07-12 07:14:54,491] multiqc                                            [DEBUG  ]  Ignoring file as matched an ignore pattern: Och_CTum_001_Ex1-1D_L4_clmp.fp2_r1.tagged.fastq.gz
[2022-07-12 07:14:54,491] multiqc                                            [DEBUG  ]  Ignoring file as matched an ignore pattern: Och_CTum_001_Ex1-1D_L4_clmp.fp2_r1.fq.gz_temp_subset.fastq
[2022-07-12 07:14:54,493] multiqc                                            [DEBUG  ]  Ignoring file as matched an ignore pattern: Och_CTum_001_Ex1-2C_L4_clmp.fp2_r1.fq.gz_temp_subset.fastq
[2022-07-12 07:14:55,298] multiqc.plots.bargraph                             [DEBUG  ]  Using matplotlib version 3.1.2
[2022-07-12 07:14:55,300] multiqc.plots.linegraph                            [DEBUG  ]  Using matplotlib version 3.1.2
[2022-07-12 07:14:55,301] multiqc                                            [DEBUG  ]  No samples found: custom_content
[2022-07-12 07:14:55,306] multiqc                                            [DEBUG  ]  No samples found: conpair
[2022-07-12 07:14:55,311] multiqc                                            [DEBUG  ]  No samples found: peddy
[2022-07-12 07:14:55,316] multiqc                                            [DEBUG  ]  No samples found: somalier
[2022-07-12 07:14:55,321] multiqc                                            [DEBUG  ]  No samples found: methylQA
[2022-07-12 07:14:55,328] multiqc                                            [DEBUG  ]  No samples found: mosdepth
[2022-07-12 07:14:55,332] multiqc                                            [DEBUG  ]  No samples found: phantompeakqualtools
[2022-07-12 07:14:55,335] multiqc                                            [DEBUG  ]  No samples found: qualimap
[2022-07-12 07:14:55,340] multiqc                                            [DEBUG  ]  No samples found: preseq
[2022-07-12 07:14:55,344] multiqc                                            [DEBUG  ]  No samples found: quast
[2022-07-12 07:14:55,348] multiqc                                            [DEBUG  ]  No samples found: qorts
[2022-07-12 07:14:55,352] multiqc                                            [DEBUG  ]  No samples found: rna_seqc
[2022-07-12 07:14:55,356] multiqc                                            [DEBUG  ]  No samples found: rockhopper
[2022-07-12 07:14:55,359] multiqc                                            [DEBUG  ]  No samples found: rsem
[2022-07-12 07:14:55,364] multiqc                                            [DEBUG  ]  No samples found: rseqc
[2022-07-12 07:14:55,368] multiqc                                            [DEBUG  ]  No samples found: busco
[2022-07-12 07:14:55,373] multiqc                                            [DEBUG  ]  No samples found: goleft_indexcov
[2022-07-12 07:14:55,378] multiqc                                            [DEBUG  ]  No samples found: disambiguate
[2022-07-12 07:14:55,382] multiqc                                            [DEBUG  ]  No samples found: supernova
[2022-07-12 07:14:55,389] multiqc                                            [DEBUG  ]  No samples found: deeptools
[2022-07-12 07:14:55,394] multiqc                                            [DEBUG  ]  No samples found: sargasso
[2022-07-12 07:14:55,398] multiqc                                            [DEBUG  ]  No samples found: verifybamid
[2022-07-12 07:14:55,402] multiqc                                            [DEBUG  ]  No samples found: mirtrace
[2022-07-12 07:14:55,407] multiqc                                            [DEBUG  ]  No samples found: happy
[2022-07-12 07:14:55,412] multiqc                                            [DEBUG  ]  No samples found: mirtop
[2022-07-12 07:14:55,416] multiqc                                            [DEBUG  ]  No samples found: homer
[2022-07-12 07:14:55,419] multiqc                                            [DEBUG  ]  No samples found: macs2
[2022-07-12 07:14:55,424] multiqc                                            [DEBUG  ]  No samples found: theta2
[2022-07-12 07:14:55,428] multiqc                                            [DEBUG  ]  No samples found: snpeff
[2022-07-12 07:14:55,433] multiqc                                            [DEBUG  ]  No samples found: gatk
[2022-07-12 07:14:55,437] multiqc                                            [DEBUG  ]  No samples found: htseq
[2022-07-12 07:14:55,441] multiqc                                            [DEBUG  ]  No samples found: bcftools
[2022-07-12 07:14:55,446] multiqc                                            [DEBUG  ]  No samples found: featureCounts
[2022-07-12 07:14:55,450] multiqc                                            [DEBUG  ]  No samples found: fgbio
[2022-07-12 07:14:55,457] multiqc                                            [DEBUG  ]  No samples found: dragen
[2022-07-12 07:14:55,461] multiqc                                            [DEBUG  ]  No samples found: dedup
[2022-07-12 07:14:55,464] multiqc                                            [DEBUG  ]  No samples found: damageprofiler
[2022-07-12 07:14:55,475] multiqc                                            [DEBUG  ]  No samples found: biobambam2
[2022-07-12 07:14:55,479] multiqc                                            [DEBUG  ]  No samples found: mtnucratio
[2022-07-12 07:14:55,482] multiqc                                            [DEBUG  ]  No samples found: picard
[2022-07-12 07:14:55,486] multiqc                                            [DEBUG  ]  No samples found: prokka
[2022-07-12 07:14:55,490] multiqc                                            [DEBUG  ]  No samples found: samblaster
[2022-07-12 07:14:55,494] multiqc                                            [DEBUG  ]  No samples found: samtools
[2022-07-12 07:14:55,498] multiqc                                            [DEBUG  ]  No samples found: sexdeterrmine
[2022-07-12 07:14:55,503] multiqc                                            [DEBUG  ]  No samples found: bamtools
[2022-07-12 07:14:55,507] multiqc                                            [DEBUG  ]  No samples found: jellyfish
[2022-07-12 07:14:55,512] multiqc                                            [DEBUG  ]  No samples found: vcftools
[2022-07-12 07:14:55,516] multiqc                                            [DEBUG  ]  No samples found: longranger
[2022-07-12 07:14:55,521] multiqc                                            [DEBUG  ]  No samples found: stacks
[2022-07-12 07:14:55,525] multiqc                                            [DEBUG  ]  No samples found: varscan2
[2022-07-12 07:14:55,532] multiqc                                            [DEBUG  ]  No samples found: bbmap
[2022-07-12 07:14:55,536] multiqc                                            [DEBUG  ]  No samples found: bismark
[2022-07-12 07:14:55,541] multiqc                                            [DEBUG  ]  No samples found: biscuit
[2022-07-12 07:14:55,545] multiqc                                            [DEBUG  ]  No samples found: hicexplorer
[2022-07-12 07:14:55,549] multiqc                                            [DEBUG  ]  No samples found: hicup
[2022-07-12 07:14:55,552] multiqc                                            [DEBUG  ]  No samples found: hicpro
[2022-07-12 07:14:55,556] multiqc                                            [DEBUG  ]  No samples found: salmon
[2022-07-12 07:14:55,560] multiqc                                            [DEBUG  ]  No samples found: kallisto
[2022-07-12 07:14:55,564] multiqc                                            [DEBUG  ]  No samples found: slamdunk
[2022-07-12 07:14:55,568] multiqc                                            [DEBUG  ]  No samples found: star
[2022-07-12 07:14:55,572] multiqc                                            [DEBUG  ]  No samples found: hisat2
[2022-07-12 07:14:55,576] multiqc                                            [DEBUG  ]  No samples found: tophat
[2022-07-12 07:14:55,580] multiqc                                            [DEBUG  ]  No samples found: bowtie2
[2022-07-12 07:14:55,584] multiqc                                            [DEBUG  ]  No samples found: bowtie1
[2022-07-12 07:14:55,588] multiqc                                            [DEBUG  ]  No samples found: snpsplit
[2022-07-12 07:14:55,592] multiqc                                            [DEBUG  ]  No samples found: kat
[2022-07-12 07:14:55,595] multiqc                                            [DEBUG  ]  No samples found: leehom
[2022-07-12 07:14:55,599] multiqc                                            [DEBUG  ]  No samples found: adapterRemoval
[2022-07-12 07:14:55,603] multiqc                                            [DEBUG  ]  No samples found: clipandmerge
[2022-07-12 07:14:55,608] multiqc                                            [DEBUG  ]  No samples found: cutadapt
[2022-07-12 07:14:55,612] multiqc                                            [DEBUG  ]  No samples found: flexbar
[2022-07-12 07:14:55,617] multiqc                                            [DEBUG  ]  No samples found: kaiju
[2022-07-12 07:14:55,620] multiqc                                            [DEBUG  ]  No samples found: kraken
[2022-07-12 07:14:55,624] multiqc                                            [DEBUG  ]  No samples found: malt
[2022-07-12 07:14:55,628] multiqc                                            [DEBUG  ]  No samples found: trimmomatic
[2022-07-12 07:14:55,632] multiqc                                            [DEBUG  ]  No samples found: sickle
[2022-07-12 07:14:55,635] multiqc                                            [DEBUG  ]  No samples found: skewer
[2022-07-12 07:14:55,639] multiqc                                            [DEBUG  ]  No samples found: sortmerna
[2022-07-12 07:14:55,643] multiqc                                            [DEBUG  ]  No samples found: biobloomtools
[2022-07-12 07:14:55,657] multiqc.modules.fastq_screen.fastq_screen          [INFO   ]  Found 2 reports
[2022-07-12 07:14:55,669] multiqc                                            [DEBUG  ]  No samples found: afterqc
[2022-07-12 07:14:55,677] multiqc                                            [DEBUG  ]  No samples found: fastp
[2022-07-12 07:14:55,687] multiqc                                            [DEBUG  ]  No samples found: fastqc
[2022-07-12 07:14:55,695] multiqc                                            [DEBUG  ]  No samples found: pycoqc
[2022-07-12 07:14:55,702] multiqc                                            [DEBUG  ]  No samples found: minionqc
[2022-07-12 07:14:55,710] multiqc                                            [DEBUG  ]  No samples found: multivcfanalyzer
[2022-07-12 07:14:55,717] multiqc                                            [DEBUG  ]  No samples found: clusterflow
[2022-07-12 07:14:55,724] multiqc                                            [DEBUG  ]  No samples found: bcl2fastq
[2022-07-12 07:14:55,730] multiqc                                            [DEBUG  ]  No samples found: interop
[2022-07-12 07:14:55,735] multiqc                                            [DEBUG  ]  No samples found: ivar
[2022-07-12 07:14:55,740] multiqc                                            [DEBUG  ]  No samples found: flash
[2022-07-12 07:14:55,746] multiqc                                            [DEBUG  ]  No samples found: seqyclean
[2022-07-12 07:14:55,746] multiqc                                            [INFO   ]  Compressing plot data
[2022-07-12 07:14:55,748] multiqc                                            [INFO   ]  Report      : fq_fp1_clmp_fp2_fqscrn/fqscrn_mqc.html
[2022-07-12 07:14:55,748] multiqc                                            [INFO   ]  Data        : fq_fp1_clmp_fp2_fqscrn/fqscrn_mqc_data
[2022-07-12 07:14:55,748] multiqc                                            [DEBUG  ]  Moving data file from '/tmp/tmpv7icmonm/multiqc_data' to '/home/e1garcia/shotgun_PIRE/REUs/2022_REU/erykamolino/ostorhinchus_chrysopomus/fq_fp1_clmp_fp2_fqscrn/fqscrn_mqc_data'
[2022-07-12 07:14:55,970] multiqc                                            [INFO   ]  MultiQC complete
