[2022-07-11 23:43:38,719] multiqc                                            [DEBUG  ]  No MultiQC config found: /opt/conda/lib/python3.7/site-packages/multiqc_config.yaml
[2022-07-11 23:43:38,720] multiqc                                            [DEBUG  ]  No MultiQC config found: /home/r3clark/.multiqc_config.yaml
[2022-07-11 23:43:38,720] multiqc                                            [DEBUG  ]  No MultiQC config found: multiqc_config.yaml
[2022-07-11 23:43:38,720] multiqc                                            [DEBUG  ]  Command used: /opt/conda/bin/multiqc fq_fp1_clmp_fp2 -n fq_fp1_clmp_fp2/2nd_fastp_report
[2022-07-11 23:43:39,305] multiqc                                            [WARNING]  MultiQC Version v1.12 now available!
[2022-07-11 23:43:39,305] multiqc                                            [INFO   ]  This is MultiQC v1.9
[2022-07-11 23:43:39,305] multiqc                                            [DEBUG  ]  Command     : /opt/conda/bin/multiqc fq_fp1_clmp_fp2 -n fq_fp1_clmp_fp2/2nd_fastp_report
[2022-07-11 23:43:39,305] multiqc                                            [DEBUG  ]  Working dir : /home/e1garcia/shotgun_PIRE/REUs/2022_REU/marial_malabag/encrasicholina_pseudoheteroloba
[2022-07-11 23:43:39,305] multiqc                                            [INFO   ]  Template    : default
[2022-07-11 23:43:39,305] multiqc                                            [DEBUG  ]  Running Python 3.7.7 (default, Jun 26 2020, 05:10:03)  [GCC 7.3.0]
[2022-07-11 23:43:39,306] multiqc                                            [INFO   ]  Searching   : /home/e1garcia/shotgun_PIRE/REUs/2022_REU/marial_malabag/encrasicholina_pseudoheteroloba/fq_fp1_clmp_fp2
[2022-07-11 23:43:39,307] multiqc                                            [DEBUG  ]  Analysing modules: custom_content, conpair, peddy, somalier, methylQA, mosdepth, phantompeakqualtools, qualimap, preseq, quast, qorts, rna_seqc, rockhopper, rsem, rseqc, busco, goleft_indexcov, disambiguate, supernova, deeptools, sargasso, verifybamid, mirtrace, happy, mirtop, homer, macs2, theta2, snpeff, gatk, htseq, bcftools, featureCounts, fgbio, dragen, dedup, damageprofiler, biobambam2, mtnucratio, picard, prokka, samblaster, samtools, sexdeterrmine, bamtools, jellyfish, vcftools, longranger, stacks, varscan2, bbmap, bismark, biscuit, hicexplorer, hicup, hicpro, salmon, kallisto, slamdunk, star, hisat2, tophat, bowtie2, bowtie1, snpsplit, kat, leehom, adapterRemoval, clipandmerge, cutadapt, flexbar, kaiju, kraken, malt, trimmomatic, sickle, skewer, sortmerna, biobloomtools, fastq_screen, afterqc, fastp, fastqc, pycoqc, minionqc, multivcfanalyzer, clusterflow, bcl2fastq, interop, ivar, flash, seqyclean
[2022-07-11 23:43:39,307] multiqc                                            [DEBUG  ]  Using temporary directory for creating report: /tmp/tmpv__zad4b
[2022-07-11 23:43:39,553] multiqc                                            [DEBUG  ]  Ignoring file as matched an ignore pattern: Eps-CBai_043_Ex1-2H_L4_clmp.r1r2_fastp.html
[2022-07-11 23:43:39,554] multiqc                                            [DEBUG  ]  Ignoring file as matched an ignore pattern: Eps-CBai_043_Ex1-1B_L4_clmp.r1r2_fastp.html
[2022-07-11 23:43:39,554] multiqc                                            [DEBUG  ]  Ignoring file as matched an ignore pattern: Eps-CBai_043_Ex1-1B_L4_clmp.fp2_r1.fq.gz
[2022-07-11 23:43:39,554] multiqc                                            [DEBUG  ]  Ignoring file as matched an ignore pattern: Eps-CBai_043_Ex1-1B_L4_clmp.fp2_r2.fq.gz
[2022-07-11 23:43:39,554] multiqc                                            [DEBUG  ]  Ignoring file as matched an ignore pattern: Eps-CBai_043_Ex1-2H_L4_clmp.fp2_r2.fq.gz
[2022-07-11 23:43:39,563] multiqc                                            [DEBUG  ]  Ignoring file as matched an ignore pattern: Eps-CBai_043_Ex1-2A_L4_clmp.fp2_r1.fq.gz
[2022-07-11 23:43:39,565] multiqc                                            [DEBUG  ]  Ignoring file as matched an ignore pattern: Eps-CBai_043_Ex1-2A_L4_clmp.r1r2_fastp.html
[2022-07-11 23:43:39,565] multiqc                                            [DEBUG  ]  Ignoring file as matched an ignore pattern: Eps-CBai_043_Ex1-2A_L4_clmp.fp2_r2.fq.gz
[2022-07-11 23:43:39,565] multiqc                                            [DEBUG  ]  Ignoring file as matched an ignore pattern: Eps-CBai_043_Ex1-2H_L4_clmp.fp2_r1.fq.gz
[2022-07-11 23:43:39,565] multiqc                                            [DEBUG  ]  Ignoring file as matched an ignore pattern: Eps-CBai_043_Ex1-2H_L4_clmp.fp2_fail.fq.gz
[2022-07-11 23:43:39,565] multiqc                                            [DEBUG  ]  Ignoring file as matched an ignore pattern: Eps-CBai_043_Ex1-2A_L4_clmp.fp2_unprd.fq.gz
[2022-07-11 23:43:39,565] multiqc                                            [DEBUG  ]  Ignoring file as matched an ignore pattern: Eps-CBai_043_Ex1-2A_L4_clmp.fp2_fail.fq.gz
[2022-07-11 23:43:39,566] multiqc                                            [DEBUG  ]  Ignoring file as matched an ignore pattern: Eps-CBai_043_Ex1-1B_L4_clmp.fp2_fail.fq.gz
[2022-07-11 23:43:39,566] multiqc                                            [DEBUG  ]  Ignoring file as matched an ignore pattern: Eps-CBai_043_Ex1-2H_L4_clmp.fp2_unprd.fq.gz
[2022-07-11 23:43:39,566] multiqc                                            [DEBUG  ]  Ignoring file as matched an ignore pattern: Eps-CBai_043_Ex1-1B_L4_clmp.fp2_unprd.fq.gz
[2022-07-11 23:43:40,237] multiqc.plots.bargraph                             [DEBUG  ]  Using matplotlib version 3.1.2
[2022-07-11 23:43:40,238] multiqc.plots.linegraph                            [DEBUG  ]  Using matplotlib version 3.1.2
[2022-07-11 23:43:40,239] multiqc                                            [DEBUG  ]  No samples found: custom_content
[2022-07-11 23:43:40,244] multiqc                                            [DEBUG  ]  No samples found: conpair
[2022-07-11 23:43:40,249] multiqc                                            [DEBUG  ]  No samples found: peddy
[2022-07-11 23:43:40,254] multiqc                                            [DEBUG  ]  No samples found: somalier
[2022-07-11 23:43:40,259] multiqc                                            [DEBUG  ]  No samples found: methylQA
[2022-07-11 23:43:40,266] multiqc                                            [DEBUG  ]  No samples found: mosdepth
[2022-07-11 23:43:40,270] multiqc                                            [DEBUG  ]  No samples found: phantompeakqualtools
[2022-07-11 23:43:40,273] multiqc                                            [DEBUG  ]  No samples found: qualimap
[2022-07-11 23:43:40,277] multiqc                                            [DEBUG  ]  No samples found: preseq
[2022-07-11 23:43:40,281] multiqc                                            [DEBUG  ]  No samples found: quast
[2022-07-11 23:43:40,285] multiqc                                            [DEBUG  ]  No samples found: qorts
[2022-07-11 23:43:40,289] multiqc                                            [DEBUG  ]  No samples found: rna_seqc
[2022-07-11 23:43:40,293] multiqc                                            [DEBUG  ]  No samples found: rockhopper
[2022-07-11 23:43:40,296] multiqc                                            [DEBUG  ]  No samples found: rsem
[2022-07-11 23:43:40,301] multiqc                                            [DEBUG  ]  No samples found: rseqc
[2022-07-11 23:43:40,305] multiqc                                            [DEBUG  ]  No samples found: busco
[2022-07-11 23:43:40,310] multiqc                                            [DEBUG  ]  No samples found: goleft_indexcov
[2022-07-11 23:43:40,315] multiqc                                            [DEBUG  ]  No samples found: disambiguate
[2022-07-11 23:43:40,319] multiqc                                            [DEBUG  ]  No samples found: supernova
[2022-07-11 23:43:40,326] multiqc                                            [DEBUG  ]  No samples found: deeptools
[2022-07-11 23:43:40,331] multiqc                                            [DEBUG  ]  No samples found: sargasso
[2022-07-11 23:43:40,335] multiqc                                            [DEBUG  ]  No samples found: verifybamid
[2022-07-11 23:43:40,339] multiqc                                            [DEBUG  ]  No samples found: mirtrace
[2022-07-11 23:43:40,344] multiqc                                            [DEBUG  ]  No samples found: happy
[2022-07-11 23:43:40,349] multiqc                                            [DEBUG  ]  No samples found: mirtop
[2022-07-11 23:43:40,353] multiqc                                            [DEBUG  ]  No samples found: homer
[2022-07-11 23:43:40,357] multiqc                                            [DEBUG  ]  No samples found: macs2
[2022-07-11 23:43:40,361] multiqc                                            [DEBUG  ]  No samples found: theta2
[2022-07-11 23:43:40,365] multiqc                                            [DEBUG  ]  No samples found: snpeff
[2022-07-11 23:43:40,370] multiqc                                            [DEBUG  ]  No samples found: gatk
[2022-07-11 23:43:40,374] multiqc                                            [DEBUG  ]  No samples found: htseq
[2022-07-11 23:43:40,379] multiqc                                            [DEBUG  ]  No samples found: bcftools
[2022-07-11 23:43:40,383] multiqc                                            [DEBUG  ]  No samples found: featureCounts
[2022-07-11 23:43:40,387] multiqc                                            [DEBUG  ]  No samples found: fgbio
[2022-07-11 23:43:40,394] multiqc                                            [DEBUG  ]  No samples found: dragen
[2022-07-11 23:43:40,398] multiqc                                            [DEBUG  ]  No samples found: dedup
[2022-07-11 23:43:40,402] multiqc                                            [DEBUG  ]  No samples found: damageprofiler
[2022-07-11 23:43:40,413] multiqc                                            [DEBUG  ]  No samples found: biobambam2
[2022-07-11 23:43:40,417] multiqc                                            [DEBUG  ]  No samples found: mtnucratio
[2022-07-11 23:43:40,419] multiqc                                            [DEBUG  ]  No samples found: picard
[2022-07-11 23:43:40,423] multiqc                                            [DEBUG  ]  No samples found: prokka
[2022-07-11 23:43:40,428] multiqc                                            [DEBUG  ]  No samples found: samblaster
[2022-07-11 23:43:40,432] multiqc                                            [DEBUG  ]  No samples found: samtools
[2022-07-11 23:43:40,436] multiqc                                            [DEBUG  ]  No samples found: sexdeterrmine
[2022-07-11 23:43:40,440] multiqc                                            [DEBUG  ]  No samples found: bamtools
[2022-07-11 23:43:40,445] multiqc                                            [DEBUG  ]  No samples found: jellyfish
[2022-07-11 23:43:40,449] multiqc                                            [DEBUG  ]  No samples found: vcftools
[2022-07-11 23:43:40,454] multiqc                                            [DEBUG  ]  No samples found: longranger
[2022-07-11 23:43:40,459] multiqc                                            [DEBUG  ]  No samples found: stacks
[2022-07-11 23:43:40,463] multiqc                                            [DEBUG  ]  No samples found: varscan2
[2022-07-11 23:43:40,469] multiqc                                            [DEBUG  ]  No samples found: bbmap
[2022-07-11 23:43:40,474] multiqc                                            [DEBUG  ]  No samples found: bismark
[2022-07-11 23:43:40,478] multiqc                                            [DEBUG  ]  No samples found: biscuit
[2022-07-11 23:43:40,482] multiqc                                            [DEBUG  ]  No samples found: hicexplorer
[2022-07-11 23:43:40,486] multiqc                                            [DEBUG  ]  No samples found: hicup
[2022-07-11 23:43:40,490] multiqc                                            [DEBUG  ]  No samples found: hicpro
[2022-07-11 23:43:40,494] multiqc                                            [DEBUG  ]  No samples found: salmon
[2022-07-11 23:43:40,498] multiqc                                            [DEBUG  ]  No samples found: kallisto
[2022-07-11 23:43:40,502] multiqc                                            [DEBUG  ]  No samples found: slamdunk
[2022-07-11 23:43:40,506] multiqc                                            [DEBUG  ]  No samples found: star
[2022-07-11 23:43:40,510] multiqc                                            [DEBUG  ]  No samples found: hisat2
[2022-07-11 23:43:40,514] multiqc                                            [DEBUG  ]  No samples found: tophat
[2022-07-11 23:43:40,518] multiqc                                            [DEBUG  ]  No samples found: bowtie2
[2022-07-11 23:43:40,521] multiqc                                            [DEBUG  ]  No samples found: bowtie1
[2022-07-11 23:43:40,525] multiqc                                            [DEBUG  ]  No samples found: snpsplit
[2022-07-11 23:43:40,529] multiqc                                            [DEBUG  ]  No samples found: kat
[2022-07-11 23:43:40,533] multiqc                                            [DEBUG  ]  No samples found: leehom
[2022-07-11 23:43:40,537] multiqc                                            [DEBUG  ]  No samples found: adapterRemoval
[2022-07-11 23:43:40,541] multiqc                                            [DEBUG  ]  No samples found: clipandmerge
[2022-07-11 23:43:40,546] multiqc                                            [DEBUG  ]  No samples found: cutadapt
[2022-07-11 23:43:40,550] multiqc                                            [DEBUG  ]  No samples found: flexbar
[2022-07-11 23:43:40,555] multiqc                                            [DEBUG  ]  No samples found: kaiju
[2022-07-11 23:43:40,558] multiqc                                            [DEBUG  ]  No samples found: kraken
[2022-07-11 23:43:40,562] multiqc                                            [DEBUG  ]  No samples found: malt
[2022-07-11 23:43:40,566] multiqc                                            [DEBUG  ]  No samples found: trimmomatic
[2022-07-11 23:43:40,570] multiqc                                            [DEBUG  ]  No samples found: sickle
[2022-07-11 23:43:40,573] multiqc                                            [DEBUG  ]  No samples found: skewer
[2022-07-11 23:43:40,577] multiqc                                            [DEBUG  ]  No samples found: sortmerna
[2022-07-11 23:43:40,581] multiqc                                            [DEBUG  ]  No samples found: biobloomtools
[2022-07-11 23:43:40,586] multiqc                                            [DEBUG  ]  No samples found: fastq_screen
[2022-07-11 23:43:40,590] multiqc                                            [DEBUG  ]  No samples found: afterqc
[2022-07-11 23:43:40,609] multiqc.modules.fastp.fastp                        [INFO   ]  Found 3 reports
[2022-07-11 23:43:40,634] multiqc                                            [DEBUG  ]  No samples found: fastqc
[2022-07-11 23:43:40,638] multiqc                                            [DEBUG  ]  No samples found: pycoqc
[2022-07-11 23:43:40,642] multiqc                                            [DEBUG  ]  No samples found: minionqc
[2022-07-11 23:43:40,647] multiqc                                            [DEBUG  ]  No samples found: multivcfanalyzer
[2022-07-11 23:43:40,652] multiqc                                            [DEBUG  ]  No samples found: clusterflow
[2022-07-11 23:43:40,656] multiqc                                            [DEBUG  ]  No samples found: bcl2fastq
[2022-07-11 23:43:40,660] multiqc                                            [DEBUG  ]  No samples found: interop
[2022-07-11 23:43:40,663] multiqc                                            [DEBUG  ]  No samples found: ivar
[2022-07-11 23:43:40,667] multiqc                                            [DEBUG  ]  No samples found: flash
[2022-07-11 23:43:40,671] multiqc                                            [DEBUG  ]  No samples found: seqyclean
[2022-07-11 23:43:40,678] multiqc                                            [INFO   ]  Compressing plot data
[2022-07-11 23:43:40,969] multiqc                                            [INFO   ]  Report      : fq_fp1_clmp_fp2/2nd_fastp_report.html
[2022-07-11 23:43:40,969] multiqc                                            [INFO   ]  Data        : fq_fp1_clmp_fp2/2nd_fastp_report_data
[2022-07-11 23:43:40,969] multiqc                                            [DEBUG  ]  Moving data file from '/tmp/tmpv__zad4b/multiqc_data' to '/home/e1garcia/shotgun_PIRE/REUs/2022_REU/marial_malabag/encrasicholina_pseudoheteroloba/fq_fp1_clmp_fp2/2nd_fastp_report_data'
[2022-07-11 23:43:41,212] multiqc                                            [INFO   ]  MultiQC complete
