[M::bwa_idx_load_from_disk] read 0 ALT contigs
[M::process] read 2669804 sequences (400000204 bp)...
[M::mem_pestat] # candidate unique pairs for (FF, FR, RF, RR): (75, 531579, 743, 103)
[M::mem_pestat] analyzing insert size distribution for orientation FF...
[M::mem_pestat] (25, 50, 75) percentile: (204, 268, 345)
[M::mem_pestat] low and high boundaries for computing mean and std.dev: (1, 627)
[M::mem_pestat] mean and std.dev: (246.85, 83.00)
[M::mem_pestat] low and high boundaries for proper pairs: (1, 768)
[M::mem_pestat] analyzing insert size distribution for orientation FR...
[M::mem_pestat] (25, 50, 75) percentile: (345, 387, 429)
[M::mem_pestat] low and high boundaries for computing mean and std.dev: (177, 597)
[M::mem_pestat] mean and std.dev: (382.61, 63.46)
[M::mem_pestat] low and high boundaries for proper pairs: (93, 681)
[M::mem_pestat] analyzing insert size distribution for orientation RF...
[M::mem_pestat] (25, 50, 75) percentile: (67, 120, 278)
[M::mem_pestat] low and high boundaries for computing mean and std.dev: (1, 700)
[M::mem_pestat] mean and std.dev: (153.82, 131.42)
[M::mem_pestat] low and high boundaries for proper pairs: (1, 911)
[M::mem_pestat] analyzing insert size distribution for orientation RR...
[M::mem_pestat] (25, 50, 75) percentile: (212, 300, 348)
[M::mem_pestat] low and high boundaries for computing mean and std.dev: (1, 620)
[M::mem_pestat] mean and std.dev: (261.34, 86.73)
[M::mem_pestat] low and high boundaries for proper pairs: (1, 756)
[M::mem_pestat] skip orientation FF
[M::mem_pestat] skip orientation RF
[M::mem_pestat] skip orientation RR
[M::mem_process_seqs] Processed 2669804 reads in 2851.918 CPU sec, 823.924 real sec
[M::process] read 2669908 sequences (400000029 bp)...
[M::process] read 2669800 sequences (400000094 bp)...
[M::mem_pestat] # candidate unique pairs for (FF, FR, RF, RR): (116, 545722, 1944, 116)
[M::mem_pestat] analyzing insert size distribution for orientation FF...
[M::mem_pestat] (25, 50, 75) percentile: (242, 283, 328)
[M::mem_pestat] low and high boundaries for computing mean and std.dev: (70, 500)
[M::mem_pestat] mean and std.dev: (266.29, 76.16)
[M::mem_pestat] low and high boundaries for proper pairs: (1, 586)
[M::mem_pestat] analyzing insert size distribution for orientation FR...
[M::mem_pestat] (25, 50, 75) percentile: (341, 385, 428)
[M::mem_pestat] low and high boundaries for computing mean and std.dev: (167, 602)
[M::mem_pestat] mean and std.dev: (379.84, 68.02)
[M::mem_pestat] low and high boundaries for proper pairs: (80, 689)
[M::mem_pestat] analyzing insert size distribution for orientation RF...
[M::mem_pestat] (25, 50, 75) percentile: (56, 87, 104)
[M::mem_pestat] low and high boundaries for computing mean and std.dev: (1, 200)
[M::mem_pestat] mean and std.dev: (75.53, 36.49)
[M::mem_pestat] low and high boundaries for proper pairs: (1, 248)
[M::mem_pestat] analyzing insert size distribution for orientation RR...
[M::mem_pestat] (25, 50, 75) percentile: (231, 292, 341)
[M::mem_pestat] low and high boundaries for computing mean and std.dev: (11, 561)
[M::mem_pestat] mean and std.dev: (270.59, 90.87)
[M::mem_pestat] low and high boundaries for proper pairs: (1, 671)
[M::mem_pestat] skip orientation FF
[M::mem_pestat] skip orientation RF
[M::mem_pestat] skip orientation RR
[M::mem_process_seqs] Processed 2669908 reads in 1592.340 CPU sec, 401.977 real sec
[M::process] read 2669830 sequences (400000039 bp)...
[M::mem_pestat] # candidate unique pairs for (FF, FR, RF, RR): (126, 515389, 923, 120)
[M::mem_pestat] analyzing insert size distribution for orientation FF...
[M::mem_pestat] (25, 50, 75) percentile: (212, 325, 899)
[M::mem_pestat] low and high boundaries for computing mean and std.dev: (1, 2273)
[M::mem_pestat] mean and std.dev: (363.87, 308.74)
[M::mem_pestat] low and high boundaries for proper pairs: (1, 2960)
[M::mem_pestat] analyzing insert size distribution for orientation FR...
[M::mem_pestat] (25, 50, 75) percentile: (347, 388, 429)
[M::mem_pestat] low and high boundaries for computing mean and std.dev: (183, 593)
[M::mem_pestat] mean and std.dev: (384.21, 61.20)
[M::mem_pestat] low and high boundaries for proper pairs: (101, 675)
[M::mem_pestat] analyzing insert size distribution for orientation RF...
[M::mem_pestat] (25, 50, 75) percentile: (51, 93, 244)
[M::mem_pestat] low and high boundaries for computing mean and std.dev: (1, 630)
[M::mem_pestat] mean and std.dev: (115.90, 109.10)
[M::mem_pestat] low and high boundaries for proper pairs: (1, 823)
[M::mem_pestat] analyzing insert size distribution for orientation RR...
[M::mem_pestat] (25, 50, 75) percentile: (204, 300, 521)
[M::mem_pestat] low and high boundaries for computing mean and std.dev: (1, 1155)
[M::mem_pestat] mean and std.dev: (316.50, 220.20)
[M::mem_pestat] low and high boundaries for proper pairs: (1, 1472)
[M::mem_pestat] skip orientation FF
[M::mem_pestat] skip orientation RF
[M::mem_pestat] skip orientation RR
[M::mem_process_seqs] Processed 2669800 reads in 1635.821 CPU sec, 422.304 real sec
[M::process] read 2669788 sequences (400000083 bp)...
[M::mem_pestat] # candidate unique pairs for (FF, FR, RF, RR): (111, 540142, 613, 129)
[M::mem_pestat] analyzing insert size distribution for orientation FF...
[M::mem_pestat] (25, 50, 75) percentile: (219, 287, 342)
[M::mem_pestat] low and high boundaries for computing mean and std.dev: (1, 588)
[M::mem_pestat] mean and std.dev: (265.03, 82.04)
[M::mem_pestat] low and high boundaries for proper pairs: (1, 711)
[M::mem_pestat] analyzing insert size distribution for orientation FR...
[M::mem_pestat] (25, 50, 75) percentile: (347, 389, 430)
[M::mem_pestat] low and high boundaries for computing mean and std.dev: (181, 596)
[M::mem_pestat] mean and std.dev: (383.91, 62.23)
[M::mem_pestat] low and high boundaries for proper pairs: (98, 679)
[M::mem_pestat] analyzing insert size distribution for orientation RF...
[M::mem_pestat] (25, 50, 75) percentile: (71, 120, 456)
[M::mem_pestat] low and high boundaries for computing mean and std.dev: (1, 1226)
[M::mem_pestat] mean and std.dev: (190.71, 217.57)
[M::mem_pestat] low and high boundaries for proper pairs: (1, 1611)
[M::mem_pestat] analyzing insert size distribution for orientation RR...
[M::mem_pestat] (25, 50, 75) percentile: (238, 299, 370)
[M::mem_pestat] low and high boundaries for computing mean and std.dev: (1, 634)
[M::mem_pestat] mean and std.dev: (266.27, 92.31)
[M::mem_pestat] low and high boundaries for proper pairs: (1, 766)
[M::mem_pestat] skip orientation FF
[M::mem_pestat] skip orientation RF
[M::mem_pestat] skip orientation RR
[M::mem_process_seqs] Processed 2669830 reads in 1636.739 CPU sec, 419.253 real sec
[M::process] read 2669816 sequences (400000237 bp)...
[M::mem_pestat] # candidate unique pairs for (FF, FR, RF, RR): (134, 539298, 607, 98)
[M::mem_pestat] analyzing insert size distribution for orientation FF...
[M::mem_pestat] (25, 50, 75) percentile: (197, 302, 359)
[M::mem_pestat] low and high boundaries for computing mean and std.dev: (1, 683)
[M::mem_pestat] mean and std.dev: (262.00, 97.36)
[M::mem_pestat] low and high boundaries for proper pairs: (1, 845)
[M::mem_pestat] analyzing insert size distribution for orientation FR...
[M::mem_pestat] (25, 50, 75) percentile: (347, 388, 430)
[M::mem_pestat] low and high boundaries for computing mean and std.dev: (181, 596)
[M::mem_pestat] mean and std.dev: (383.13, 61.70)
[M::mem_pestat] low and high boundaries for proper pairs: (98, 679)
[M::mem_pestat] analyzing insert size distribution for orientation RF...
[M::mem_pestat] (25, 50, 75) percentile: (67, 106, 1255)
[M::mem_pestat] low and high boundaries for computing mean and std.dev: (1, 3631)
[M::mem_pestat] mean and std.dev: (472.68, 678.64)
[M::mem_pestat] low and high boundaries for proper pairs: (1, 4819)
[M::mem_pestat] analyzing insert size distribution for orientation RR...
[M::mem_pestat] (25, 50, 75) percentile: (220, 283, 357)
[M::mem_pestat] low and high boundaries for computing mean and std.dev: (1, 631)
[M::mem_pestat] mean and std.dev: (269.34, 100.65)
[M::mem_pestat] low and high boundaries for proper pairs: (1, 768)
[M::mem_pestat] skip orientation FF
[M::mem_pestat] skip orientation RF
[M::mem_pestat] skip orientation RR
[M::mem_process_seqs] Processed 2669788 reads in 1619.468 CPU sec, 415.682 real sec
[M::process] read 2669928 sequences (400000270 bp)...
[M::mem_pestat] # candidate unique pairs for (FF, FR, RF, RR): (140, 510457, 389, 99)
[M::mem_pestat] analyzing insert size distribution for orientation FF...
[M::mem_pestat] (25, 50, 75) percentile: (229, 296, 400)
[M::mem_pestat] low and high boundaries for computing mean and std.dev: (1, 742)
[M::mem_pestat] mean and std.dev: (285.83, 93.58)
[M::mem_pestat] low and high boundaries for proper pairs: (1, 913)
[M::mem_pestat] analyzing insert size distribution for orientation FR...
[M::mem_pestat] (25, 50, 75) percentile: (347, 388, 429)
[M::mem_pestat] low and high boundaries for computing mean and std.dev: (183, 593)
[M::mem_pestat] mean and std.dev: (383.73, 61.66)
[M::mem_pestat] low and high boundaries for proper pairs: (101, 675)
[M::mem_pestat] analyzing insert size distribution for orientation RF...
[M::mem_pestat] (25, 50, 75) percentile: (54, 100, 220)
[M::mem_pestat] low and high boundaries for computing mean and std.dev: (1, 552)
[M::mem_pestat] mean and std.dev: (118.76, 108.06)
[M::mem_pestat] low and high boundaries for proper pairs: (1, 718)
[M::mem_pestat] analyzing insert size distribution for orientation RR...
[M::mem_pestat] (25, 50, 75) percentile: (188, 283, 351)
[M::mem_pestat] low and high boundaries for computing mean and std.dev: (1, 677)
[M::mem_pestat] mean and std.dev: (257.90, 86.01)
[M::mem_pestat] low and high boundaries for proper pairs: (1, 840)
[M::mem_pestat] skip orientation FF
[M::mem_pestat] skip orientation RF
[M::mem_pestat] skip orientation RR
[M::mem_process_seqs] Processed 2669816 reads in 1609.576 CPU sec, 412.432 real sec
[M::process] read 2669884 sequences (400000026 bp)...
[M::mem_pestat] # candidate unique pairs for (FF, FR, RF, RR): (120, 550447, 2500, 106)
[M::mem_pestat] analyzing insert size distribution for orientation FF...
[M::mem_pestat] (25, 50, 75) percentile: (210, 278, 390)
[M::mem_pestat] low and high boundaries for computing mean and std.dev: (1, 750)
[M::mem_pestat] mean and std.dev: (262.62, 97.45)
[M::mem_pestat] low and high boundaries for proper pairs: (1, 930)
[M::mem_pestat] analyzing insert size distribution for orientation FR...
[M::mem_pestat] (25, 50, 75) percentile: (340, 385, 429)
[M::mem_pestat] low and high boundaries for computing mean and std.dev: (162, 607)
[M::mem_pestat] mean and std.dev: (379.37, 67.52)
[M::mem_pestat] low and high boundaries for proper pairs: (73, 696)
[M::mem_pestat] analyzing insert size distribution for orientation RF...
[M::mem_pestat] (25, 50, 75) percentile: (45, 86, 106)
[M::mem_pestat] low and high boundaries for computing mean and std.dev: (1, 228)
[M::mem_pestat] mean and std.dev: (75.12, 40.77)
[M::mem_pestat] low and high boundaries for proper pairs: (1, 289)
[M::mem_pestat] analyzing insert size distribution for orientation RR...
[M::mem_pestat] (25, 50, 75) percentile: (207, 269, 342)
[M::mem_pestat] low and high boundaries for computing mean and std.dev: (1, 612)
[M::mem_pestat] mean and std.dev: (255.33, 90.29)
[M::mem_pestat] low and high boundaries for proper pairs: (1, 747)
[M::mem_pestat] skip orientation FF
[M::mem_pestat] skip orientation RF
[M::mem_pestat] skip orientation RR
[M::mem_process_seqs] Processed 2669928 reads in 1596.320 CPU sec, 410.987 real sec
[M::process] read 2669744 sequences (400000079 bp)...
[M::mem_pestat] # candidate unique pairs for (FF, FR, RF, RR): (130, 524391, 870, 106)
[M::mem_pestat] analyzing insert size distribution for orientation FF...
[M::mem_pestat] (25, 50, 75) percentile: (194, 259, 341)
[M::mem_pestat] low and high boundaries for computing mean and std.dev: (1, 635)
[M::mem_pestat] mean and std.dev: (254.59, 106.40)
[M::mem_pestat] low and high boundaries for proper pairs: (1, 782)
[M::mem_pestat] analyzing insert size distribution for orientation FR...
[M::mem_pestat] (25, 50, 75) percentile: (346, 387, 429)
[M::mem_pestat] low and high boundaries for computing mean and std.dev: (180, 595)
[M::mem_pestat] mean and std.dev: (383.09, 61.97)
[M::mem_pestat] low and high boundaries for proper pairs: (97, 678)
[M::mem_pestat] analyzing insert size distribution for orientation RF...
[M::mem_pestat] (25, 50, 75) percentile: (61, 110, 199)
[M::mem_pestat] low and high boundaries for computing mean and std.dev: (1, 475)
[M::mem_pestat] mean and std.dev: (135.90, 121.29)
[M::mem_pestat] low and high boundaries for proper pairs: (1, 621)
[M::mem_pestat] analyzing insert size distribution for orientation RR...
[M::mem_pestat] (25, 50, 75) percentile: (184, 270, 421)
[M::mem_pestat] low and high boundaries for computing mean and std.dev: (1, 895)
[M::mem_pestat] mean and std.dev: (286.15, 148.95)
[M::mem_pestat] low and high boundaries for proper pairs: (1, 1132)
[M::mem_pestat] skip orientation FF
[M::mem_pestat] skip orientation RF
[M::mem_pestat] skip orientation RR
[M::mem_process_seqs] Processed 2669884 reads in 1620.240 CPU sec, 414.970 real sec
[M::process] read 2669954 sequences (400000100 bp)...
[M::mem_pestat] # candidate unique pairs for (FF, FR, RF, RR): (109, 541083, 666, 108)
[M::mem_pestat] analyzing insert size distribution for orientation FF...
[M::mem_pestat] (25, 50, 75) percentile: (214, 288, 332)
[M::mem_pestat] low and high boundaries for computing mean and std.dev: (1, 568)
[M::mem_pestat] mean and std.dev: (259.58, 84.03)
[M::mem_pestat] low and high boundaries for proper pairs: (1, 686)
[M::mem_pestat] analyzing insert size distribution for orientation FR...
[M::mem_pestat] (25, 50, 75) percentile: (348, 388, 429)
[M::mem_pestat] low and high boundaries for computing mean and std.dev: (186, 591)
[M::mem_pestat] mean and std.dev: (384.20, 60.69)
[M::mem_pestat] low and high boundaries for proper pairs: (105, 672)
[M::mem_pestat] analyzing insert size distribution for orientation RF...
[M::mem_pestat] (25, 50, 75) percentile: (47, 92, 231)
[M::mem_pestat] low and high boundaries for computing mean and std.dev: (1, 599)
[M::mem_pestat] mean and std.dev: (128.90, 124.81)
[M::mem_pestat] low and high boundaries for proper pairs: (1, 783)
[M::mem_pestat] analyzing insert size distribution for orientation RR...
[M::mem_pestat] (25, 50, 75) percentile: (208, 278, 342)
[M::mem_pestat] low and high boundaries for computing mean and std.dev: (1, 610)
[M::mem_pestat] mean and std.dev: (246.22, 93.67)
[M::mem_pestat] low and high boundaries for proper pairs: (1, 744)
[M::mem_pestat] skip orientation FF
[M::mem_pestat] skip orientation RF
[M::mem_pestat] skip orientation RR
[M::mem_process_seqs] Processed 2669744 reads in 1541.139 CPU sec, 394.605 real sec
[M::process] read 2669826 sequences (400000244 bp)...
[M::mem_pestat] # candidate unique pairs for (FF, FR, RF, RR): (101, 534743, 687, 89)
[M::mem_pestat] analyzing insert size distribution for orientation FF...
[M::mem_pestat] (25, 50, 75) percentile: (201, 244, 304)
[M::mem_pestat] low and high boundaries for computing mean and std.dev: (1, 510)
[M::mem_pestat] mean and std.dev: (237.27, 74.88)
[M::mem_pestat] low and high boundaries for proper pairs: (1, 613)
[M::mem_pestat] analyzing insert size distribution for orientation FR...
[M::mem_pestat] (25, 50, 75) percentile: (342, 385, 429)
[M::mem_pestat] low and high boundaries for computing mean and std.dev: (168, 603)
[M::mem_pestat] mean and std.dev: (379.58, 67.40)
[M::mem_pestat] low and high boundaries for proper pairs: (81, 690)
[M::mem_pestat] analyzing insert size distribution for orientation RF...
[M::mem_pestat] (25, 50, 75) percentile: (17, 76, 120)
[M::mem_pestat] low and high boundaries for computing mean and std.dev: (1, 326)
[M::mem_pestat] mean and std.dev: (75.22, 78.15)
[M::mem_pestat] low and high boundaries for proper pairs: (1, 429)
[M::mem_pestat] analyzing insert size distribution for orientation RR...
[M::mem_pestat] (25, 50, 75) percentile: (235, 273, 479)
[M::mem_pestat] low and high boundaries for computing mean and std.dev: (1, 967)
[M::mem_pestat] mean and std.dev: (274.77, 93.85)
[M::mem_pestat] low and high boundaries for proper pairs: (1, 1211)
[M::mem_pestat] skip orientation FF
[M::mem_pestat] skip orientation RF
[M::mem_pestat] skip orientation RR
[M::mem_process_seqs] Processed 2669954 reads in 1562.289 CPU sec, 400.413 real sec
[M::process] read 2669856 sequences (400000118 bp)...
[M::mem_pestat] # candidate unique pairs for (FF, FR, RF, RR): (104, 530638, 1197, 106)
[M::mem_pestat] analyzing insert size distribution for orientation FF...
[M::mem_pestat] (25, 50, 75) percentile: (168, 241, 308)
[M::mem_pestat] low and high boundaries for computing mean and std.dev: (1, 588)
[M::mem_pestat] mean and std.dev: (235.38, 87.66)
[M::mem_pestat] low and high boundaries for proper pairs: (1, 728)
[M::mem_pestat] analyzing insert size distribution for orientation FR...
[M::mem_pestat] (25, 50, 75) percentile: (347, 388, 429)
[M::mem_pestat] low and high boundaries for computing mean and std.dev: (183, 593)
[M::mem_pestat] mean and std.dev: (384.05, 61.20)
[M::mem_pestat] low and high boundaries for proper pairs: (101, 675)
[M::mem_pestat] analyzing insert size distribution for orientation RF...
[M::mem_pestat] (25, 50, 75) percentile: (58, 90, 118)
[M::mem_pestat] low and high boundaries for computing mean and std.dev: (1, 238)
[M::mem_pestat] mean and std.dev: (79.93, 39.90)
[M::mem_pestat] low and high boundaries for proper pairs: (1, 298)
[M::mem_pestat] analyzing insert size distribution for orientation RR...
[M::mem_pestat] (25, 50, 75) percentile: (226, 299, 364)
[M::mem_pestat] low and high boundaries for computing mean and std.dev: (1, 640)
[M::mem_pestat] mean and std.dev: (266.40, 107.40)
[M::mem_pestat] low and high boundaries for proper pairs: (1, 778)
[M::mem_pestat] skip orientation FF
[M::mem_pestat] skip orientation RF
[M::mem_pestat] skip orientation RR
[M::mem_process_seqs] Processed 2669826 reads in 1682.459 CPU sec, 433.779 real sec
[M::process] read 2669818 sequences (400000210 bp)...
[M::mem_pestat] # candidate unique pairs for (FF, FR, RF, RR): (105, 495834, 1086, 107)
[M::mem_pestat] analyzing insert size distribution for orientation FF...
[M::mem_pestat] (25, 50, 75) percentile: (160, 241, 329)
[M::mem_pestat] low and high boundaries for computing mean and std.dev: (1, 667)
[M::mem_pestat] mean and std.dev: (242.30, 84.31)
[M::mem_pestat] low and high boundaries for proper pairs: (1, 836)
[M::mem_pestat] analyzing insert size distribution for orientation FR...
[M::mem_pestat] (25, 50, 75) percentile: (348, 388, 429)
[M::mem_pestat] low and high boundaries for computing mean and std.dev: (186, 591)
[M::mem_pestat] mean and std.dev: (384.57, 60.63)
[M::mem_pestat] low and high boundaries for proper pairs: (105, 672)
[M::mem_pestat] analyzing insert size distribution for orientation RF...
[M::mem_pestat] (25, 50, 75) percentile: (78, 103, 130)
[M::mem_pestat] low and high boundaries for computing mean and std.dev: (1, 234)
[M::mem_pestat] mean and std.dev: (88.98, 40.01)
[M::mem_pestat] low and high boundaries for proper pairs: (1, 286)
[M::mem_pestat] analyzing insert size distribution for orientation RR...
[M::mem_pestat] (25, 50, 75) percentile: (185, 257, 313)
[M::mem_pestat] low and high boundaries for computing mean and std.dev: (1, 569)
[M::mem_pestat] mean and std.dev: (231.88, 95.66)
[M::mem_pestat] low and high boundaries for proper pairs: (1, 697)
[M::mem_pestat] skip orientation FF
[M::mem_pestat] skip orientation RF
[M::mem_pestat] skip orientation RR
[M::mem_process_seqs] Processed 2669856 reads in 1742.707 CPU sec, 448.068 real sec
[M::process] read 2669772 sequences (400000159 bp)...
[M::mem_pestat] # candidate unique pairs for (FF, FR, RF, RR): (111, 536428, 641, 91)
[M::mem_pestat] analyzing insert size distribution for orientation FF...
[M::mem_pestat] (25, 50, 75) percentile: (224, 269, 323)
[M::mem_pestat] low and high boundaries for computing mean and std.dev: (26, 521)
[M::mem_pestat] mean and std.dev: (243.46, 65.57)
[M::mem_pestat] low and high boundaries for proper pairs: (1, 620)
[M::mem_pestat] analyzing insert size distribution for orientation FR...
[M::mem_pestat] (25, 50, 75) percentile: (347, 388, 429)
[M::mem_pestat] low and high boundaries for computing mean and std.dev: (183, 593)
[M::mem_pestat] mean and std.dev: (383.64, 61.36)
[M::mem_pestat] low and high boundaries for proper pairs: (101, 675)
[M::mem_pestat] analyzing insert size distribution for orientation RF...
[M::mem_pestat] (25, 50, 75) percentile: (57, 115, 274)
[M::mem_pestat] low and high boundaries for computing mean and std.dev: (1, 708)
[M::mem_pestat] mean and std.dev: (138.50, 119.26)
[M::mem_pestat] low and high boundaries for proper pairs: (1, 925)
[M::mem_pestat] analyzing insert size distribution for orientation RR...
[M::mem_pestat] (25, 50, 75) percentile: (191, 281, 340)
[M::mem_pestat] low and high boundaries for computing mean and std.dev: (1, 638)
[M::mem_pestat] mean and std.dev: (249.96, 96.65)
[M::mem_pestat] low and high boundaries for proper pairs: (1, 787)
[M::mem_pestat] skip orientation FF
[M::mem_pestat] skip orientation RF
[M::mem_pestat] skip orientation RR
[M::mem_process_seqs] Processed 2669818 reads in 1643.560 CPU sec, 420.916 real sec
[M::process] read 2669776 sequences (400000051 bp)...
[M::mem_pestat] # candidate unique pairs for (FF, FR, RF, RR): (99, 548893, 1017, 459)
[M::mem_pestat] analyzing insert size distribution for orientation FF...
[M::mem_pestat] (25, 50, 75) percentile: (227, 264, 333)
[M::mem_pestat] low and high boundaries for computing mean and std.dev: (15, 545)
[M::mem_pestat] mean and std.dev: (254.02, 69.64)
[M::mem_pestat] low and high boundaries for proper pairs: (1, 651)
[M::mem_pestat] analyzing insert size distribution for orientation FR...
[M::mem_pestat] (25, 50, 75) percentile: (348, 389, 430)
[M::mem_pestat] low and high boundaries for computing mean and std.dev: (184, 594)
[M::mem_pestat] mean and std.dev: (384.46, 60.86)
[M::mem_pestat] low and high boundaries for proper pairs: (102, 676)
[M::mem_pestat] analyzing insert size distribution for orientation RF...
[M::mem_pestat] (25, 50, 75) percentile: (45, 74, 116)
[M::mem_pestat] low and high boundaries for computing mean and std.dev: (1, 258)
[M::mem_pestat] mean and std.dev: (73.47, 45.88)
[M::mem_pestat] low and high boundaries for proper pairs: (1, 329)
[M::mem_pestat] analyzing insert size distribution for orientation RR...
[M::mem_pestat] (25, 50, 75) percentile: (1343, 1345, 1345)
[M::mem_pestat] low and high boundaries for computing mean and std.dev: (1339, 1349)
[M::mem_pestat] mean and std.dev: (1344.65, 0.79)
[M::mem_pestat] low and high boundaries for proper pairs: (1337, 1351)
[M::mem_pestat] skip orientation FF
[M::mem_pestat] skip orientation RF
[M::mem_pestat] skip orientation RR
[M::mem_process_seqs] Processed 2669772 reads in 1549.898 CPU sec, 397.685 real sec
[M::process] read 2669758 sequences (400000083 bp)...
[M::mem_pestat] # candidate unique pairs for (FF, FR, RF, RR): (730, 529027, 303, 118)
[M::mem_pestat] analyzing insert size distribution for orientation FF...
[M::mem_pestat] (25, 50, 75) percentile: (1343, 1345, 1345)
[M::mem_pestat] low and high boundaries for computing mean and std.dev: (1339, 1349)
[M::mem_pestat] mean and std.dev: (1344.77, 0.65)
[M::mem_pestat] low and high boundaries for proper pairs: (1337, 1351)
[M::mem_pestat] analyzing insert size distribution for orientation FR...
[M::mem_pestat] (25, 50, 75) percentile: (348, 389, 430)
[M::mem_pestat] low and high boundaries for computing mean and std.dev: (184, 594)
[M::mem_pestat] mean and std.dev: (384.92, 60.84)
[M::mem_pestat] low and high boundaries for proper pairs: (102, 676)
[M::mem_pestat] analyzing insert size distribution for orientation RF...
[M::mem_pestat] (25, 50, 75) percentile: (59, 109, 323)
[M::mem_pestat] low and high boundaries for computing mean and std.dev: (1, 851)
[M::mem_pestat] mean and std.dev: (136.54, 138.98)
[M::mem_pestat] low and high boundaries for proper pairs: (1, 1115)
[M::mem_pestat] analyzing insert size distribution for orientation RR...
[M::mem_pestat] (25, 50, 75) percentile: (240, 317, 409)
[M::mem_pestat] low and high boundaries for computing mean and std.dev: (1, 747)
[M::mem_pestat] mean and std.dev: (296.93, 114.97)
[M::mem_pestat] low and high boundaries for proper pairs: (1, 916)
[M::mem_pestat] skip orientation FF
[M::mem_pestat] skip orientation RF
[M::mem_pestat] skip orientation RR
[M::mem_process_seqs] Processed 2669776 reads in 1542.224 CPU sec, 395.083 real sec
[M::process] read 2669784 sequences (400000160 bp)...
[M::mem_pestat] # candidate unique pairs for (FF, FR, RF, RR): (124, 519761, 934, 129)
[M::mem_pestat] analyzing insert size distribution for orientation FF...
[M::mem_pestat] (25, 50, 75) percentile: (220, 268, 324)
[M::mem_pestat] low and high boundaries for computing mean and std.dev: (12, 532)
[M::mem_pestat] mean and std.dev: (262.23, 71.87)
[M::mem_pestat] low and high boundaries for proper pairs: (1, 636)
[M::mem_pestat] analyzing insert size distribution for orientation FR...
[M::mem_pestat] (25, 50, 75) percentile: (347, 388, 429)
[M::mem_pestat] low and high boundaries for computing mean and std.dev: (183, 593)
[M::mem_pestat] mean and std.dev: (384.24, 61.64)
[M::mem_pestat] low and high boundaries for proper pairs: (101, 675)
[M::mem_pestat] analyzing insert size distribution for orientation RF...
[M::mem_pestat] (25, 50, 75) percentile: (74, 122, 323)
[M::mem_pestat] low and high boundaries for computing mean and std.dev: (1, 821)
[M::mem_pestat] mean and std.dev: (167.80, 127.41)
[M::mem_pestat] low and high boundaries for proper pairs: (1, 1070)
[M::mem_pestat] analyzing insert size distribution for orientation RR...
[M::mem_pestat] (25, 50, 75) percentile: (211, 272, 336)
[M::mem_pestat] low and high boundaries for computing mean and std.dev: (1, 586)
[M::mem_pestat] mean and std.dev: (259.36, 108.01)
[M::mem_pestat] low and high boundaries for proper pairs: (1, 711)
[M::mem_pestat] skip orientation FF
[M::mem_pestat] skip orientation RF
[M::mem_pestat] skip orientation RR
[M::mem_process_seqs] Processed 2669758 reads in 1554.720 CPU sec, 398.528 real sec
[M::process] read 2669738 sequences (400000283 bp)...
[M::mem_pestat] # candidate unique pairs for (FF, FR, RF, RR): (129, 546161, 597, 116)
[M::mem_pestat] analyzing insert size distribution for orientation FF...
[M::mem_pestat] (25, 50, 75) percentile: (185, 244, 330)
[M::mem_pestat] low and high boundaries for computing mean and std.dev: (1, 620)
[M::mem_pestat] mean and std.dev: (238.43, 92.98)
[M::mem_pestat] low and high boundaries for proper pairs: (1, 765)
[M::mem_pestat] analyzing insert size distribution for orientation FR...
[M::mem_pestat] (25, 50, 75) percentile: (348, 388, 430)
[M::mem_pestat] low and high boundaries for computing mean and std.dev: (184, 594)
[M::mem_pestat] mean and std.dev: (384.40, 61.16)
[M::mem_pestat] low and high boundaries for proper pairs: (102, 676)
[M::mem_pestat] analyzing insert size distribution for orientation RF...
[M::mem_pestat] (25, 50, 75) percentile: (31, 86, 155)
[M::mem_pestat] low and high boundaries for computing mean and std.dev: (1, 403)
[M::mem_pestat] mean and std.dev: (83.13, 83.61)
[M::mem_pestat] low and high boundaries for proper pairs: (1, 527)
[M::mem_pestat] analyzing insert size distribution for orientation RR...
[M::mem_pestat] (25, 50, 75) percentile: (187, 293, 350)
[M::mem_pestat] low and high boundaries for computing mean and std.dev: (1, 676)
[M::mem_pestat] mean and std.dev: (254.09, 86.78)
[M::mem_pestat] low and high boundaries for proper pairs: (1, 839)
[M::mem_pestat] skip orientation FF
[M::mem_pestat] skip orientation RF
[M::mem_pestat] skip orientation RR
[M::mem_process_seqs] Processed 2669784 reads in 1594.325 CPU sec, 408.356 real sec
[M::process] read 2669720 sequences (400000101 bp)...
[M::mem_pestat] # candidate unique pairs for (FF, FR, RF, RR): (140, 532110, 334, 94)
[M::mem_pestat] analyzing insert size distribution for orientation FF...
[M::mem_pestat] (25, 50, 75) percentile: (234, 262, 360)
[M::mem_pestat] low and high boundaries for computing mean and std.dev: (1, 612)
[M::mem_pestat] mean and std.dev: (256.54, 90.73)
[M::mem_pestat] low and high boundaries for proper pairs: (1, 738)
[M::mem_pestat] analyzing insert size distribution for orientation FR...
[M::mem_pestat] (25, 50, 75) percentile: (347, 388, 429)
[M::mem_pestat] low and high boundaries for computing mean and std.dev: (183, 593)
[M::mem_pestat] mean and std.dev: (383.77, 61.39)
[M::mem_pestat] low and high boundaries for proper pairs: (101, 675)
[M::mem_pestat] analyzing insert size distribution for orientation RF...
[M::mem_pestat] (25, 50, 75) percentile: (33, 82, 189)
[M::mem_pestat] low and high boundaries for computing mean and std.dev: (1, 501)
[M::mem_pestat] mean and std.dev: (109.36, 120.68)
[M::mem_pestat] low and high boundaries for proper pairs: (1, 657)
[M::mem_pestat] analyzing insert size distribution for orientation RR...
[M::mem_pestat] (25, 50, 75) percentile: (236, 296, 410)
[M::mem_pestat] low and high boundaries for computing mean and std.dev: (1, 758)
[M::mem_pestat] mean and std.dev: (290.80, 105.99)
[M::mem_pestat] low and high boundaries for proper pairs: (1, 932)
[M::mem_pestat] skip orientation FF
[M::mem_pestat] skip orientation RF
[M::mem_pestat] skip orientation RR
[M::mem_process_seqs] Processed 2669738 reads in 1531.852 CPU sec, 392.954 real sec
[M::process] read 2670096 sequences (400000008 bp)...
[M::mem_pestat] # candidate unique pairs for (FF, FR, RF, RR): (116, 544794, 474, 117)
[M::mem_pestat] analyzing insert size distribution for orientation FF...
[M::mem_pestat] (25, 50, 75) percentile: (179, 251, 324)
[M::mem_pestat] low and high boundaries for computing mean and std.dev: (1, 614)
[M::mem_pestat] mean and std.dev: (241.15, 90.10)
[M::mem_pestat] low and high boundaries for proper pairs: (1, 759)
[M::mem_pestat] analyzing insert size distribution for orientation FR...
[M::mem_pestat] (25, 50, 75) percentile: (346, 388, 429)
[M::mem_pestat] low and high boundaries for computing mean and std.dev: (180, 595)
[M::mem_pestat] mean and std.dev: (383.60, 62.10)
[M::mem_pestat] low and high boundaries for proper pairs: (97, 678)
[M::mem_pestat] analyzing insert size distribution for orientation RF...
[M::mem_pestat] (25, 50, 75) percentile: (40, 90, 235)
[M::mem_pestat] low and high boundaries for computing mean and std.dev: (1, 625)
[M::mem_pestat] mean and std.dev: (99.92, 108.04)
[M::mem_pestat] low and high boundaries for proper pairs: (1, 820)
[M::mem_pestat] analyzing insert size distribution for orientation RR...
[M::mem_pestat] (25, 50, 75) percentile: (195, 284, 346)
[M::mem_pestat] low and high boundaries for computing mean and std.dev: (1, 648)
[M::mem_pestat] mean and std.dev: (269.12, 86.98)
[M::mem_pestat] low and high boundaries for proper pairs: (1, 799)
[M::mem_pestat] skip orientation FF
[M::mem_pestat] skip orientation RF
[M::mem_pestat] skip orientation RR
[M::mem_process_seqs] Processed 2669720 reads in 1552.709 CPU sec, 397.921 real sec
[M::process] read 2669730 sequences (400000297 bp)...
[M::mem_pestat] # candidate unique pairs for (FF, FR, RF, RR): (484, 522331, 1149, 226)
[M::mem_pestat] analyzing insert size distribution for orientation FF...
[M::mem_pestat] (25, 50, 75) percentile: (1343, 1345, 1345)
[M::mem_pestat] low and high boundaries for computing mean and std.dev: (1339, 1349)
[M::mem_pestat] mean and std.dev: (1344.89, 0.68)
[M::mem_pestat] low and high boundaries for proper pairs: (1337, 1351)
[M::mem_pestat] analyzing insert size distribution for orientation FR...
[M::mem_pestat] (25, 50, 75) percentile: (339, 383, 427)
[M::mem_pestat] low and high boundaries for computing mean and std.dev: (163, 603)
[M::mem_pestat] mean and std.dev: (378.29, 68.85)
[M::mem_pestat] low and high boundaries for proper pairs: (75, 691)
[M::mem_pestat] analyzing insert size distribution for orientation RF...
[M::mem_pestat] (25, 50, 75) percentile: (22, 60, 105)
[M::mem_pestat] low and high boundaries for computing mean and std.dev: (1, 271)
[M::mem_pestat] mean and std.dev: (63.30, 55.88)
[M::mem_pestat] low and high boundaries for proper pairs: (1, 354)
[M::mem_pestat] analyzing insert size distribution for orientation RR...
[M::mem_pestat] (25, 50, 75) percentile: (267, 1345, 1345)
[M::mem_pestat] low and high boundaries for computing mean and std.dev: (1, 3501)
[M::mem_pestat] mean and std.dev: (938.62, 568.12)
[M::mem_pestat] low and high boundaries for proper pairs: (1, 4579)
[M::mem_pestat] skip orientation FF
[M::mem_pestat] skip orientation RF
[M::mem_pestat] skip orientation RR
[M::mem_process_seqs] Processed 2670096 reads in 1692.031 CPU sec, 434.267 real sec
[M::process] read 2669772 sequences (400000264 bp)...
[M::mem_pestat] # candidate unique pairs for (FF, FR, RF, RR): (132, 530125, 917, 124)
[M::mem_pestat] analyzing insert size distribution for orientation FF...
[M::mem_pestat] (25, 50, 75) percentile: (229, 269, 349)
[M::mem_pestat] low and high boundaries for computing mean and std.dev: (1, 589)
[M::mem_pestat] mean and std.dev: (251.20, 84.21)
[M::mem_pestat] low and high boundaries for proper pairs: (1, 709)
[M::mem_pestat] analyzing insert size distribution for orientation FR...
[M::mem_pestat] (25, 50, 75) percentile: (348, 388, 429)
[M::mem_pestat] low and high boundaries for computing mean and std.dev: (186, 591)
[M::mem_pestat] mean and std.dev: (384.50, 60.71)
[M::mem_pestat] low and high boundaries for proper pairs: (105, 672)
[M::mem_pestat] analyzing insert size distribution for orientation RF...
[M::mem_pestat] (25, 50, 75) percentile: (57, 123, 308)
[M::mem_pestat] low and high boundaries for computing mean and std.dev: (1, 810)
[M::mem_pestat] mean and std.dev: (154.00, 132.28)
[M::mem_pestat] low and high boundaries for proper pairs: (1, 1061)
[M::mem_pestat] analyzing insert size distribution for orientation RR...
[M::mem_pestat] (25, 50, 75) percentile: (197, 269, 295)
[M::mem_pestat] low and high boundaries for computing mean and std.dev: (1, 491)
[M::mem_pestat] mean and std.dev: (239.12, 69.16)
[M::mem_pestat] low and high boundaries for proper pairs: (1, 589)
[M::mem_pestat] skip orientation FF
[M::mem_pestat] skip orientation RF
[M::mem_pestat] skip orientation RR
[M::mem_process_seqs] Processed 2669730 reads in 1553.987 CPU sec, 398.429 real sec
[M::process] read 2669790 sequences (400000228 bp)...
[M::mem_pestat] # candidate unique pairs for (FF, FR, RF, RR): (108, 542681, 450, 103)
[M::mem_pestat] analyzing insert size distribution for orientation FF...
[M::mem_pestat] (25, 50, 75) percentile: (227, 286, 329)
[M::mem_pestat] low and high boundaries for computing mean and std.dev: (23, 533)
[M::mem_pestat] mean and std.dev: (272.71, 74.22)
[M::mem_pestat] low and high boundaries for proper pairs: (1, 635)
[M::mem_pestat] analyzing insert size distribution for orientation FR...
[M::mem_pestat] (25, 50, 75) percentile: (348, 388, 429)
[M::mem_pestat] low and high boundaries for computing mean and std.dev: (186, 591)
[M::mem_pestat] mean and std.dev: (384.52, 60.43)
[M::mem_pestat] low and high boundaries for proper pairs: (105, 672)
[M::mem_pestat] analyzing insert size distribution for orientation RF...
[M::mem_pestat] (25, 50, 75) percentile: (75, 119, 285)
[M::mem_pestat] low and high boundaries for computing mean and std.dev: (1, 705)
[M::mem_pestat] mean and std.dev: (146.10, 122.42)
[M::mem_pestat] low and high boundaries for proper pairs: (1, 915)
[M::mem_pestat] analyzing insert size distribution for orientation RR...
[M::mem_pestat] (25, 50, 75) percentile: (216, 268, 333)
[M::mem_pestat] low and high boundaries for computing mean and std.dev: (1, 567)
[M::mem_pestat] mean and std.dev: (265.52, 90.78)
[M::mem_pestat] low and high boundaries for proper pairs: (1, 684)
[M::mem_pestat] skip orientation FF
[M::mem_pestat] skip orientation RF
[M::mem_pestat] skip orientation RR
[M::mem_process_seqs] Processed 2669772 reads in 1547.217 CPU sec, 396.717 real sec
[M::process] read 2669798 sequences (400000103 bp)...
[M::mem_pestat] # candidate unique pairs for (FF, FR, RF, RR): (98, 538106, 547, 187)
[M::mem_pestat] analyzing insert size distribution for orientation FF...
[M::mem_pestat] (25, 50, 75) percentile: (149, 238, 282)
[M::mem_pestat] low and high boundaries for computing mean and std.dev: (1, 548)
[M::mem_pestat] mean and std.dev: (220.33, 89.68)
[M::mem_pestat] low and high boundaries for proper pairs: (1, 681)
[M::mem_pestat] analyzing insert size distribution for orientation FR...
[M::mem_pestat] (25, 50, 75) percentile: (346, 387, 429)
[M::mem_pestat] low and high boundaries for computing mean and std.dev: (180, 595)
[M::mem_pestat] mean and std.dev: (382.59, 62.14)
[M::mem_pestat] low and high boundaries for proper pairs: (97, 678)
[M::mem_pestat] analyzing insert size distribution for orientation RF...
[M::mem_pestat] (25, 50, 75) percentile: (84, 125, 403)
[M::mem_pestat] low and high boundaries for computing mean and std.dev: (1, 1041)
[M::mem_pestat] mean and std.dev: (162.79, 156.12)
[M::mem_pestat] low and high boundaries for proper pairs: (1, 1360)
[M::mem_pestat] analyzing insert size distribution for orientation RR...
[M::mem_pestat] (25, 50, 75) percentile: (214, 260, 365)
[M::mem_pestat] low and high boundaries for computing mean and std.dev: (1, 667)
[M::mem_pestat] mean and std.dev: (244.41, 87.83)
[M::mem_pestat] low and high boundaries for proper pairs: (1, 818)
[M::mem_pestat] skip orientation FF
[M::mem_pestat] skip orientation RF
[M::mem_pestat] skip orientation RR
[M::mem_process_seqs] Processed 2669790 reads in 1556.370 CPU sec, 398.684 real sec
[M::process] read 2669906 sequences (400000175 bp)...
[M::mem_pestat] # candidate unique pairs for (FF, FR, RF, RR): (124, 542940, 615, 347)
[M::mem_pestat] analyzing insert size distribution for orientation FF...
[M::mem_pestat] (25, 50, 75) percentile: (207, 277, 364)
[M::mem_pestat] low and high boundaries for computing mean and std.dev: (1, 678)
[M::mem_pestat] mean and std.dev: (273.00, 104.87)
[M::mem_pestat] low and high boundaries for proper pairs: (1, 835)
[M::mem_pestat] analyzing insert size distribution for orientation FR...
[M::mem_pestat] (25, 50, 75) percentile: (347, 388, 430)
[M::mem_pestat] low and high boundaries for computing mean and std.dev: (181, 596)
[M::mem_pestat] mean and std.dev: (384.03, 61.72)
[M::mem_pestat] low and high boundaries for proper pairs: (98, 679)
[M::mem_pestat] analyzing insert size distribution for orientation RF...
[M::mem_pestat] (25, 50, 75) percentile: (82, 139, 403)
[M::mem_pestat] low and high boundaries for computing mean and std.dev: (1, 1045)
[M::mem_pestat] mean and std.dev: (179.09, 150.51)
[M::mem_pestat] low and high boundaries for proper pairs: (1, 1366)
[M::mem_pestat] analyzing insert size distribution for orientation RR...
[M::mem_pestat] (25, 50, 75) percentile: (309, 1345, 1345)
[M::mem_pestat] low and high boundaries for computing mean and std.dev: (1, 3417)
[M::mem_pestat] mean and std.dev: (995.60, 516.68)
[M::mem_pestat] low and high boundaries for proper pairs: (1, 4453)
[M::mem_pestat] skip orientation FF
[M::mem_pestat] skip orientation RF
[M::mem_pestat] skip orientation RR
[M::mem_process_seqs] Processed 2669798 reads in 1549.953 CPU sec, 397.078 real sec
[M::process] read 2669786 sequences (400000170 bp)...
[M::mem_pestat] # candidate unique pairs for (FF, FR, RF, RR): (95, 507833, 502, 128)
[M::mem_pestat] analyzing insert size distribution for orientation FF...
[M::mem_pestat] (25, 50, 75) percentile: (196, 278, 362)
[M::mem_pestat] low and high boundaries for computing mean and std.dev: (1, 694)
[M::mem_pestat] mean and std.dev: (261.92, 129.47)
[M::mem_pestat] low and high boundaries for proper pairs: (1, 860)
[M::mem_pestat] analyzing insert size distribution for orientation FR...
[M::mem_pestat] (25, 50, 75) percentile: (347, 388, 430)
[M::mem_pestat] low and high boundaries for computing mean and std.dev: (181, 596)
[M::mem_pestat] mean and std.dev: (383.66, 62.16)
[M::mem_pestat] low and high boundaries for proper pairs: (98, 679)
[M::mem_pestat] analyzing insert size distribution for orientation RF...
[M::mem_pestat] (25, 50, 75) percentile: (49, 104, 310)
[M::mem_pestat] low and high boundaries for computing mean and std.dev: (1, 832)
[M::mem_pestat] mean and std.dev: (159.92, 147.38)
[M::mem_pestat] low and high boundaries for proper pairs: (1, 1093)
[M::mem_pestat] analyzing insert size distribution for orientation RR...
[M::mem_pestat] (25, 50, 75) percentile: (232, 293, 341)
[M::mem_pestat] low and high boundaries for computing mean and std.dev: (14, 559)
[M::mem_pestat] mean and std.dev: (265.77, 79.12)
[M::mem_pestat] low and high boundaries for proper pairs: (1, 668)
[M::mem_pestat] skip orientation FF
[M::mem_pestat] skip orientation RF
[M::mem_pestat] skip orientation RR
[M::mem_process_seqs] Processed 2669906 reads in 1670.912 CPU sec, 427.597 real sec
[M::process] read 2669796 sequences (400000271 bp)...
[M::mem_pestat] # candidate unique pairs for (FF, FR, RF, RR): (105, 537572, 1220, 113)
[M::mem_pestat] analyzing insert size distribution for orientation FF...
[M::mem_pestat] (25, 50, 75) percentile: (209, 257, 340)
[M::mem_pestat] low and high boundaries for computing mean and std.dev: (1, 602)
[M::mem_pestat] mean and std.dev: (255.25, 101.81)
[M::mem_pestat] low and high boundaries for proper pairs: (1, 733)
[M::mem_pestat] analyzing insert size distribution for orientation FR...
[M::mem_pestat] (25, 50, 75) percentile: (346, 387, 429)
[M::mem_pestat] low and high boundaries for computing mean and std.dev: (180, 595)
[M::mem_pestat] mean and std.dev: (383.51, 62.09)
[M::mem_pestat] low and high boundaries for proper pairs: (97, 678)
[M::mem_pestat] analyzing insert size distribution for orientation RF...
[M::mem_pestat] (25, 50, 75) percentile: (14, 33, 61)
[M::mem_pestat] low and high boundaries for computing mean and std.dev: (1, 155)
[M::mem_pestat] mean and std.dev: (36.31, 31.29)
[M::mem_pestat] low and high boundaries for proper pairs: (1, 202)
[M::mem_pestat] analyzing insert size distribution for orientation RR...
[M::mem_pestat] (25, 50, 75) percentile: (178, 267, 339)
[M::mem_pestat] low and high boundaries for computing mean and std.dev: (1, 661)
[M::mem_pestat] mean and std.dev: (241.60, 91.85)
[M::mem_pestat] low and high boundaries for proper pairs: (1, 822)
[M::mem_pestat] skip orientation FF
[M::mem_pestat] skip orientation RF
[M::mem_pestat] skip orientation RR
[M::mem_process_seqs] Processed 2669786 reads in 1579.566 CPU sec, 404.999 real sec
[M::process] read 2669762 sequences (400000051 bp)...
[M::mem_pestat] # candidate unique pairs for (FF, FR, RF, RR): (105, 532781, 660, 96)
[M::mem_pestat] analyzing insert size distribution for orientation FF...
[M::mem_pestat] (25, 50, 75) percentile: (217, 283, 329)
[M::mem_pestat] low and high boundaries for computing mean and std.dev: (1, 553)
[M::mem_pestat] mean and std.dev: (252.03, 90.86)
[M::mem_pestat] low and high boundaries for proper pairs: (1, 665)
[M::mem_pestat] analyzing insert size distribution for orientation FR...
[M::mem_pestat] (25, 50, 75) percentile: (347, 389, 431)
[M::mem_pestat] low and high boundaries for computing mean and std.dev: (179, 599)
[M::mem_pestat] mean and std.dev: (383.73, 62.99)
[M::mem_pestat] low and high boundaries for proper pairs: (95, 683)
[M::mem_pestat] analyzing insert size distribution for orientation RF...
[M::mem_pestat] (25, 50, 75) percentile: (71, 131, 323)
[M::mem_pestat] low and high boundaries for computing mean and std.dev: (1, 827)
[M::mem_pestat] mean and std.dev: (148.62, 128.37)
[M::mem_pestat] low and high boundaries for proper pairs: (1, 1079)
[M::mem_pestat] analyzing insert size distribution for orientation RR...
[M::mem_pestat] (25, 50, 75) percentile: (203, 272, 322)
[M::mem_pestat] low and high boundaries for computing mean and std.dev: (1, 560)
[M::mem_pestat] mean and std.dev: (241.55, 78.52)
[M::mem_pestat] low and high boundaries for proper pairs: (1, 679)
[M::mem_pestat] skip orientation FF
[M::mem_pestat] skip orientation RF
[M::mem_pestat] skip orientation RR
[M::mem_process_seqs] Processed 2669796 reads in 1575.250 CPU sec, 403.796 real sec
[M::process] read 2669838 sequences (400000041 bp)...
[M::mem_pestat] # candidate unique pairs for (FF, FR, RF, RR): (105, 520120, 512, 82)
[M::mem_pestat] analyzing insert size distribution for orientation FF...
[M::mem_pestat] (25, 50, 75) percentile: (193, 269, 343)
[M::mem_pestat] low and high boundaries for computing mean and std.dev: (1, 643)
[M::mem_pestat] mean and std.dev: (244.45, 101.46)
[M::mem_pestat] low and high boundaries for proper pairs: (1, 793)
[M::mem_pestat] analyzing insert size distribution for orientation FR...
[M::mem_pestat] (25, 50, 75) percentile: (347, 388, 429)
[M::mem_pestat] low and high boundaries for computing mean and std.dev: (183, 593)
[M::mem_pestat] mean and std.dev: (383.62, 61.39)
[M::mem_pestat] low and high boundaries for proper pairs: (101, 675)
[M::mem_pestat] analyzing insert size distribution for orientation RF...
[M::mem_pestat] (25, 50, 75) percentile: (62, 111, 267)
[M::mem_pestat] low and high boundaries for computing mean and std.dev: (1, 677)
[M::mem_pestat] mean and std.dev: (140.10, 116.65)
[M::mem_pestat] low and high boundaries for proper pairs: (1, 882)
[M::mem_pestat] analyzing insert size distribution for orientation RR...
[M::mem_pestat] (25, 50, 75) percentile: (196, 287, 349)
[M::mem_pestat] low and high boundaries for computing mean and std.dev: (1, 655)
[M::mem_pestat] mean and std.dev: (247.84, 86.21)
[M::mem_pestat] low and high boundaries for proper pairs: (1, 808)
[M::mem_pestat] skip orientation FF
[M::mem_pestat] skip orientation RF
[M::mem_pestat] skip orientation RR
[M::mem_process_seqs] Processed 2669762 reads in 1664.712 CPU sec, 426.065 real sec
[M::process] read 2669772 sequences (400000265 bp)...
[M::mem_pestat] # candidate unique pairs for (FF, FR, RF, RR): (112, 539357, 1827, 110)
[M::mem_pestat] analyzing insert size distribution for orientation FF...
[M::mem_pestat] (25, 50, 75) percentile: (216, 256, 345)
[M::mem_pestat] low and high boundaries for computing mean and std.dev: (1, 603)
[M::mem_pestat] mean and std.dev: (271.19, 92.48)
[M::mem_pestat] low and high boundaries for proper pairs: (1, 732)
[M::mem_pestat] analyzing insert size distribution for orientation FR...
[M::mem_pestat] (25, 50, 75) percentile: (345, 387, 430)
[M::mem_pestat] low and high boundaries for computing mean and std.dev: (175, 600)
[M::mem_pestat] mean and std.dev: (381.98, 63.75)
[M::mem_pestat] low and high boundaries for proper pairs: (90, 685)
[M::mem_pestat] analyzing insert size distribution for orientation RF...
[M::mem_pestat] (25, 50, 75) percentile: (25, 71, 110)
[M::mem_pestat] low and high boundaries for computing mean and std.dev: (1, 280)
[M::mem_pestat] mean and std.dev: (59.72, 45.56)
[M::mem_pestat] low and high boundaries for proper pairs: (1, 365)
[M::mem_pestat] analyzing insert size distribution for orientation RR...
[M::mem_pestat] (25, 50, 75) percentile: (219, 282, 357)
[M::mem_pestat] low and high boundaries for computing mean and std.dev: (1, 633)
[M::mem_pestat] mean and std.dev: (255.16, 79.43)
[M::mem_pestat] low and high boundaries for proper pairs: (1, 771)
[M::mem_pestat] skip orientation FF
[M::mem_pestat] skip orientation RF
[M::mem_pestat] skip orientation RR
[M::mem_process_seqs] Processed 2669838 reads in 1604.579 CPU sec, 411.359 real sec
[M::process] read 2669766 sequences (400000293 bp)...
[M::mem_pestat] # candidate unique pairs for (FF, FR, RF, RR): (122, 527486, 534, 104)
[M::mem_pestat] analyzing insert size distribution for orientation FF...
[M::mem_pestat] (25, 50, 75) percentile: (220, 270, 342)
[M::mem_pestat] low and high boundaries for computing mean and std.dev: (1, 586)
[M::mem_pestat] mean and std.dev: (262.10, 76.79)
[M::mem_pestat] low and high boundaries for proper pairs: (1, 708)
[M::mem_pestat] analyzing insert size distribution for orientation FR...
[M::mem_pestat] (25, 50, 75) percentile: (347, 388, 429)
[M::mem_pestat] low and high boundaries for computing mean and std.dev: (183, 593)
[M::mem_pestat] mean and std.dev: (384.05, 61.61)
[M::mem_pestat] low and high boundaries for proper pairs: (101, 675)
[M::mem_pestat] analyzing insert size distribution for orientation RF...
[M::mem_pestat] (25, 50, 75) percentile: (37, 84, 136)
[M::mem_pestat] low and high boundaries for computing mean and std.dev: (1, 334)
[M::mem_pestat] mean and std.dev: (86.33, 69.33)
[M::mem_pestat] low and high boundaries for proper pairs: (1, 433)
[M::mem_pestat] analyzing insert size distribution for orientation RR...
[M::mem_pestat] (25, 50, 75) percentile: (184, 283, 337)
[M::mem_pestat] low and high boundaries for computing mean and std.dev: (1, 643)
[M::mem_pestat] mean and std.dev: (240.88, 89.39)
[M::mem_pestat] low and high boundaries for proper pairs: (1, 796)
[M::mem_pestat] skip orientation FF
[M::mem_pestat] skip orientation RF
[M::mem_pestat] skip orientation RR
[M::mem_process_seqs] Processed 2669772 reads in 1580.858 CPU sec, 405.148 real sec
[M::process] read 2669798 sequences (400000258 bp)...
[M::mem_pestat] # candidate unique pairs for (FF, FR, RF, RR): (103, 550180, 718, 104)
[M::mem_pestat] analyzing insert size distribution for orientation FF...
[M::mem_pestat] (25, 50, 75) percentile: (220, 284, 337)
[M::mem_pestat] low and high boundaries for computing mean and std.dev: (1, 571)
[M::mem_pestat] mean and std.dev: (271.27, 83.33)
[M::mem_pestat] low and high boundaries for proper pairs: (1, 688)
[M::mem_pestat] analyzing insert size distribution for orientation FR...
[M::mem_pestat] (25, 50, 75) percentile: (347, 388, 429)
[M::mem_pestat] low and high boundaries for computing mean and std.dev: (183, 593)
[M::mem_pestat] mean and std.dev: (383.75, 61.35)
[M::mem_pestat] low and high boundaries for proper pairs: (101, 675)
[M::mem_pestat] analyzing insert size distribution for orientation RF...
[M::mem_pestat] (25, 50, 75) percentile: (32, 84, 190)
[M::mem_pestat] low and high boundaries for computing mean and std.dev: (1, 506)
[M::mem_pestat] mean and std.dev: (99.23, 97.08)
[M::mem_pestat] low and high boundaries for proper pairs: (1, 664)
[M::mem_pestat] analyzing insert size distribution for orientation RR...
[M::mem_pestat] (25, 50, 75) percentile: (168, 265, 331)
[M::mem_pestat] low and high boundaries for computing mean and std.dev: (1, 657)
[M::mem_pestat] mean and std.dev: (238.62, 103.93)
[M::mem_pestat] low and high boundaries for proper pairs: (1, 820)
[M::mem_pestat] skip orientation FF
[M::mem_pestat] skip orientation RF
[M::mem_pestat] skip orientation RR
[M::mem_process_seqs] Processed 2669766 reads in 1612.488 CPU sec, 413.243 real sec
[M::process] read 2669834 sequences (400000117 bp)...
[M::mem_pestat] # candidate unique pairs for (FF, FR, RF, RR): (110, 527106, 570, 134)
[M::mem_pestat] analyzing insert size distribution for orientation FF...
[M::mem_pestat] (25, 50, 75) percentile: (197, 251, 363)
[M::mem_pestat] low and high boundaries for computing mean and std.dev: (1, 695)
[M::mem_pestat] mean and std.dev: (245.25, 88.37)
[M::mem_pestat] low and high boundaries for proper pairs: (1, 861)
[M::mem_pestat] analyzing insert size distribution for orientation FR...
[M::mem_pestat] (25, 50, 75) percentile: (348, 389, 430)
[M::mem_pestat] low and high boundaries for computing mean and std.dev: (184, 594)
[M::mem_pestat] mean and std.dev: (384.90, 61.11)
[M::mem_pestat] low and high boundaries for proper pairs: (102, 676)
[M::mem_pestat] analyzing insert size distribution for orientation RF...
[M::mem_pestat] (25, 50, 75) percentile: (80, 141, 359)
[M::mem_pestat] low and high boundaries for computing mean and std.dev: (1, 917)
[M::mem_pestat] mean and std.dev: (162.71, 140.54)
[M::mem_pestat] low and high boundaries for proper pairs: (1, 1196)
[M::mem_pestat] analyzing insert size distribution for orientation RR...
[M::mem_pestat] (25, 50, 75) percentile: (240, 308, 1007)
[M::mem_pestat] low and high boundaries for computing mean and std.dev: (1, 2541)
[M::mem_pestat] mean and std.dev: (367.90, 306.94)
[M::mem_pestat] low and high boundaries for proper pairs: (1, 3308)
[M::mem_pestat] skip orientation FF
[M::mem_pestat] skip orientation RF
[M::mem_pestat] skip orientation RR
[M::mem_process_seqs] Processed 2669798 reads in 1600.214 CPU sec, 410.109 real sec
[M::process] read 2409418 sequences (360974579 bp)...
[M::mem_pestat] # candidate unique pairs for (FF, FR, RF, RR): (88, 527873, 349, 124)
[M::mem_pestat] analyzing insert size distribution for orientation FF...
[M::mem_pestat] (25, 50, 75) percentile: (230, 274, 370)
[M::mem_pestat] low and high boundaries for computing mean and std.dev: (1, 650)
[M::mem_pestat] mean and std.dev: (254.85, 106.83)
[M::mem_pestat] low and high boundaries for proper pairs: (1, 790)
[M::mem_pestat] analyzing insert size distribution for orientation FR...
[M::mem_pestat] (25, 50, 75) percentile: (347, 387, 429)
[M::mem_pestat] low and high boundaries for computing mean and std.dev: (183, 593)
[M::mem_pestat] mean and std.dev: (383.59, 61.16)
[M::mem_pestat] low and high boundaries for proper pairs: (101, 675)
[M::mem_pestat] analyzing insert size distribution for orientation RF...
[M::mem_pestat] (25, 50, 75) percentile: (62, 116, 301)
[M::mem_pestat] low and high boundaries for computing mean and std.dev: (1, 779)
[M::mem_pestat] mean and std.dev: (150.36, 131.26)
[M::mem_pestat] low and high boundaries for proper pairs: (1, 1018)
[M::mem_pestat] analyzing insert size distribution for orientation RR...
[M::mem_pestat] (25, 50, 75) percentile: (209, 280, 349)
[M::mem_pestat] low and high boundaries for computing mean and std.dev: (1, 629)
[M::mem_pestat] mean and std.dev: (259.14, 95.12)
[M::mem_pestat] low and high boundaries for proper pairs: (1, 769)
[M::mem_pestat] skip orientation FF
[M::mem_pestat] skip orientation RF
[M::mem_pestat] skip orientation RR
[M::mem_process_seqs] Processed 2669834 reads in 1630.462 CPU sec, 417.711 real sec
[M::mem_pestat] # candidate unique pairs for (FF, FR, RF, RR): (133, 496265, 2786, 107)
[M::mem_pestat] analyzing insert size distribution for orientation FF...
[M::mem_pestat] (25, 50, 75) percentile: (207, 274, 430)
[M::mem_pestat] low and high boundaries for computing mean and std.dev: (1, 876)
[M::mem_pestat] mean and std.dev: (269.70, 110.62)
[M::mem_pestat] low and high boundaries for proper pairs: (1, 1099)
[M::mem_pestat] analyzing insert size distribution for orientation FR...
[M::mem_pestat] (25, 50, 75) percentile: (337, 383, 429)
[M::mem_pestat] low and high boundaries for computing mean and std.dev: (153, 613)
[M::mem_pestat] mean and std.dev: (377.99, 73.06)
[M::mem_pestat] low and high boundaries for proper pairs: (61, 705)
[M::mem_pestat] analyzing insert size distribution for orientation RF...
[M::mem_pestat] (25, 50, 75) percentile: (35, 83, 100)
[M::mem_pestat] low and high boundaries for computing mean and std.dev: (1, 230)
[M::mem_pestat] mean and std.dev: (69.71, 39.89)
[M::mem_pestat] low and high boundaries for proper pairs: (1, 295)
[M::mem_pestat] analyzing insert size distribution for orientation RR...
[M::mem_pestat] (25, 50, 75) percentile: (180, 240, 296)
[M::mem_pestat] low and high boundaries for computing mean and std.dev: (1, 528)
[M::mem_pestat] mean and std.dev: (210.78, 91.84)
[M::mem_pestat] low and high boundaries for proper pairs: (1, 644)
[M::mem_pestat] skip orientation FF
[M::mem_pestat] skip orientation RF
[M::mem_pestat] skip orientation RR
[M::mem_process_seqs] Processed 2409418 reads in 1383.159 CPU sec, 355.115 real sec
[main] Version: 0.7.17-r1188
[main] CMD: bwa mem -L 5 -t 40 -a -M -T 30 -A 1 -B 4 -O 6 -R @RG\tID:TzC0402F_CKDL210013395-1a-AK7758-GD07_HF33GDSX2_L4_clmp.fp2_repr\tSM:TzC0402F_CKDL210013395-1a-AK7758-GD07_HF33GDSX2_L4_clmp.fp2_repr\tPL:Illumina reference.denovoSSL.Tzo20k.fasta TzC0402F_CKDL210013395-1a-AK7758-GD07_HF33GDSX2_L4_clmp.fp2_repr.R1.fq.gz TzC0402F_CKDL210013395-1a-AK7758-GD07_HF33GDSX2_L4_clmp.fp2_repr.R2.fq.gz
[main] Real time: 14348.218 sec; CPU: 55489.060 sec
