[2022-06-14 10:43:04,055] multiqc                                            [DEBUG  ]  No MultiQC config found: /opt/conda/lib/python3.7/site-packages/multiqc_config.yaml
[2022-06-14 10:43:04,056] multiqc                                            [DEBUG  ]  No MultiQC config found: /home/r3clark/.multiqc_config.yaml
[2022-06-14 10:43:04,056] multiqc                                            [DEBUG  ]  No MultiQC config found: multiqc_config.yaml
[2022-06-14 10:43:04,056] multiqc                                            [DEBUG  ]  Command used: /opt/conda/bin/multiqc /home/e1garcia/shotgun_PIRE/REUs/2022_REU/workshop/salarias_fasciatus/shotgun_raw_fq/ -n /home/e1garcia/shotgun_PIRE/REUs/2022_REU/workshop/salarias_fasciatus/shotgun_raw_fq//fastqc_report
[2022-06-14 10:43:04,767] multiqc                                            [WARNING]  MultiQC Version v1.12 now available!
[2022-06-14 10:43:04,767] multiqc                                            [INFO   ]  This is MultiQC v1.9
[2022-06-14 10:43:04,767] multiqc                                            [DEBUG  ]  Command     : /opt/conda/bin/multiqc /home/e1garcia/shotgun_PIRE/REUs/2022_REU/workshop/salarias_fasciatus/shotgun_raw_fq/ -n /home/e1garcia/shotgun_PIRE/REUs/2022_REU/workshop/salarias_fasciatus/shotgun_raw_fq//fastqc_report
[2022-06-14 10:43:04,768] multiqc                                            [DEBUG  ]  Working dir : /home/e1garcia/shotgun_PIRE/REUs/2022_REU/workshop/salarias_fasciatus
[2022-06-14 10:43:04,768] multiqc                                            [INFO   ]  Template    : default
[2022-06-14 10:43:04,768] multiqc                                            [DEBUG  ]  Running Python 3.7.7 (default, Jun 26 2020, 05:10:03)  [GCC 7.3.0]
[2022-06-14 10:43:04,768] multiqc                                            [INFO   ]  Searching   : /home/e1garcia/shotgun_PIRE/REUs/2022_REU/workshop/salarias_fasciatus/shotgun_raw_fq
[2022-06-14 10:43:04,769] multiqc                                            [DEBUG  ]  Analysing modules: custom_content, conpair, peddy, somalier, methylQA, mosdepth, phantompeakqualtools, qualimap, preseq, quast, qorts, rna_seqc, rockhopper, rsem, rseqc, busco, goleft_indexcov, disambiguate, supernova, deeptools, sargasso, verifybamid, mirtrace, happy, mirtop, homer, macs2, theta2, snpeff, gatk, htseq, bcftools, featureCounts, fgbio, dragen, dedup, damageprofiler, biobambam2, mtnucratio, picard, prokka, samblaster, samtools, sexdeterrmine, bamtools, jellyfish, vcftools, longranger, stacks, varscan2, bbmap, bismark, biscuit, hicexplorer, hicup, hicpro, salmon, kallisto, slamdunk, star, hisat2, tophat, bowtie2, bowtie1, snpsplit, kat, leehom, adapterRemoval, clipandmerge, cutadapt, flexbar, kaiju, kraken, malt, trimmomatic, sickle, skewer, sortmerna, biobloomtools, fastq_screen, afterqc, fastp, fastqc, pycoqc, minionqc, multivcfanalyzer, clusterflow, bcl2fastq, interop, ivar, flash, seqyclean
[2022-06-14 10:43:04,769] multiqc                                            [DEBUG  ]  Using temporary directory for creating report: /tmp/tmpishee126
[2022-06-14 10:43:05,100] multiqc                                            [DEBUG  ]  File ignored by hicexplorer because it exceeded search pattern filesize limit: Sfa-CBas_028-Ex1-1G_L4_2_fastqc.html
[2022-06-14 10:43:05,108] multiqc                                            [DEBUG  ]  File ignored by longranger/invocation because it exceeded search pattern filesize limit: Sfa-CBas_028-Ex1-1G_L4_2_fastqc.html
[2022-06-14 10:43:05,195] multiqc                                            [DEBUG  ]  Ignoring file as matched an ignore pattern: Sfa-CBas_028-Ex1-2A_L4_1.fq.gz
[2022-06-14 10:43:05,215] multiqc                                            [DEBUG  ]  File ignored by hicexplorer because it exceeded search pattern filesize limit: Sfa-CBas_028-Ex1-2A_L4_2_fastqc.html
[2022-06-14 10:43:05,224] multiqc                                            [DEBUG  ]  File ignored by longranger/invocation because it exceeded search pattern filesize limit: Sfa-CBas_028-Ex1-2A_L4_2_fastqc.html
[2022-06-14 10:43:05,348] multiqc                                            [DEBUG  ]  Ignoring file as matched an ignore pattern: Sfa-CBas_028-Ex1-2A_L4_2.fq.gz
[2022-06-14 10:43:05,348] multiqc                                            [DEBUG  ]  Ignoring file as matched an ignore pattern: Sfa-CBas_028-Ex1-1G_L4_2.fq.gz
[2022-06-14 10:43:05,387] multiqc                                            [DEBUG  ]  Ignoring file as matched an ignore pattern: Sfa-CBas_028-Ex1-1H_L4_2.fq.gz
[2022-06-14 10:43:05,387] multiqc                                            [DEBUG  ]  Ignoring file as matched an ignore pattern: Sfa-CBas_028-Ex1-1H_L4_1.fq.gz
[2022-06-14 10:43:05,387] multiqc                                            [DEBUG  ]  Ignoring file as matched an ignore pattern: Sfa-CBas_028-Ex1-1G_L4_1.fq.gz
[2022-06-14 10:43:05,407] multiqc                                            [DEBUG  ]  File ignored by hicexplorer because it exceeded search pattern filesize limit: Sfa-CBas_028-Ex1-1H_L4_2_fastqc.html
[2022-06-14 10:43:05,415] multiqc                                            [DEBUG  ]  File ignored by longranger/invocation because it exceeded search pattern filesize limit: Sfa-CBas_028-Ex1-1H_L4_2_fastqc.html
[2022-06-14 10:43:05,522] multiqc                                            [DEBUG  ]  File ignored by hicexplorer because it exceeded search pattern filesize limit: Sfa-CBas_028-Ex1-2A_L4_1_fastqc.html
[2022-06-14 10:43:05,531] multiqc                                            [DEBUG  ]  File ignored by longranger/invocation because it exceeded search pattern filesize limit: Sfa-CBas_028-Ex1-2A_L4_1_fastqc.html
[2022-06-14 10:43:05,640] multiqc                                            [DEBUG  ]  File ignored by hicexplorer because it exceeded search pattern filesize limit: Sfa-CBas_028-Ex1-1H_L4_1_fastqc.html
[2022-06-14 10:43:05,648] multiqc                                            [DEBUG  ]  File ignored by longranger/invocation because it exceeded search pattern filesize limit: Sfa-CBas_028-Ex1-1H_L4_1_fastqc.html
[2022-06-14 10:43:05,757] multiqc                                            [DEBUG  ]  File ignored by hicexplorer because it exceeded search pattern filesize limit: Sfa-CBas_028-Ex1-1G_L4_1_fastqc.html
[2022-06-14 10:43:05,765] multiqc                                            [DEBUG  ]  File ignored by longranger/invocation because it exceeded search pattern filesize limit: Sfa-CBas_028-Ex1-1G_L4_1_fastqc.html
[2022-06-14 10:43:06,599] multiqc.plots.bargraph                             [DEBUG  ]  Using matplotlib version 3.1.2
[2022-06-14 10:43:06,601] multiqc.plots.linegraph                            [DEBUG  ]  Using matplotlib version 3.1.2
[2022-06-14 10:43:06,602] multiqc                                            [DEBUG  ]  No samples found: custom_content
[2022-06-14 10:43:06,607] multiqc                                            [DEBUG  ]  No samples found: conpair
[2022-06-14 10:43:06,612] multiqc                                            [DEBUG  ]  No samples found: peddy
[2022-06-14 10:43:06,616] multiqc                                            [DEBUG  ]  No samples found: somalier
[2022-06-14 10:43:06,620] multiqc                                            [DEBUG  ]  No samples found: methylQA
[2022-06-14 10:43:06,627] multiqc                                            [DEBUG  ]  No samples found: mosdepth
[2022-06-14 10:43:06,631] multiqc                                            [DEBUG  ]  No samples found: phantompeakqualtools
[2022-06-14 10:43:06,634] multiqc                                            [DEBUG  ]  No samples found: qualimap
[2022-06-14 10:43:06,639] multiqc                                            [DEBUG  ]  No samples found: preseq
[2022-06-14 10:43:06,643] multiqc                                            [DEBUG  ]  No samples found: quast
[2022-06-14 10:43:06,647] multiqc                                            [DEBUG  ]  No samples found: qorts
[2022-06-14 10:43:06,650] multiqc                                            [DEBUG  ]  No samples found: rna_seqc
[2022-06-14 10:43:06,654] multiqc                                            [DEBUG  ]  No samples found: rockhopper
[2022-06-14 10:43:06,657] multiqc                                            [DEBUG  ]  No samples found: rsem
[2022-06-14 10:43:06,662] multiqc                                            [DEBUG  ]  No samples found: rseqc
[2022-06-14 10:43:06,667] multiqc                                            [DEBUG  ]  No samples found: busco
[2022-06-14 10:43:06,671] multiqc                                            [DEBUG  ]  No samples found: goleft_indexcov
[2022-06-14 10:43:06,676] multiqc                                            [DEBUG  ]  No samples found: disambiguate
[2022-06-14 10:43:06,680] multiqc                                            [DEBUG  ]  No samples found: supernova
[2022-06-14 10:43:06,687] multiqc                                            [DEBUG  ]  No samples found: deeptools
[2022-06-14 10:43:06,691] multiqc                                            [DEBUG  ]  No samples found: sargasso
[2022-06-14 10:43:06,695] multiqc                                            [DEBUG  ]  No samples found: verifybamid
[2022-06-14 10:43:06,699] multiqc                                            [DEBUG  ]  No samples found: mirtrace
[2022-06-14 10:43:06,704] multiqc                                            [DEBUG  ]  No samples found: happy
[2022-06-14 10:43:06,709] multiqc                                            [DEBUG  ]  No samples found: mirtop
[2022-06-14 10:43:06,713] multiqc                                            [DEBUG  ]  No samples found: homer
[2022-06-14 10:43:06,717] multiqc                                            [DEBUG  ]  No samples found: macs2
[2022-06-14 10:43:06,721] multiqc                                            [DEBUG  ]  No samples found: theta2
[2022-06-14 10:43:06,725] multiqc                                            [DEBUG  ]  No samples found: snpeff
[2022-06-14 10:43:06,730] multiqc                                            [DEBUG  ]  No samples found: gatk
[2022-06-14 10:43:06,734] multiqc                                            [DEBUG  ]  No samples found: htseq
[2022-06-14 10:43:06,738] multiqc                                            [DEBUG  ]  No samples found: bcftools
[2022-06-14 10:43:06,742] multiqc                                            [DEBUG  ]  No samples found: featureCounts
[2022-06-14 10:43:06,746] multiqc                                            [DEBUG  ]  No samples found: fgbio
[2022-06-14 10:43:06,753] multiqc                                            [DEBUG  ]  No samples found: dragen
[2022-06-14 10:43:06,757] multiqc                                            [DEBUG  ]  No samples found: dedup
[2022-06-14 10:43:06,760] multiqc                                            [DEBUG  ]  No samples found: damageprofiler
[2022-06-14 10:43:06,771] multiqc                                            [DEBUG  ]  No samples found: biobambam2
[2022-06-14 10:43:06,775] multiqc                                            [DEBUG  ]  No samples found: mtnucratio
[2022-06-14 10:43:06,778] multiqc                                            [DEBUG  ]  No samples found: picard
[2022-06-14 10:43:06,781] multiqc                                            [DEBUG  ]  No samples found: prokka
[2022-06-14 10:43:06,786] multiqc                                            [DEBUG  ]  No samples found: samblaster
[2022-06-14 10:43:06,790] multiqc                                            [DEBUG  ]  No samples found: samtools
[2022-06-14 10:43:06,794] multiqc                                            [DEBUG  ]  No samples found: sexdeterrmine
[2022-06-14 10:43:06,798] multiqc                                            [DEBUG  ]  No samples found: bamtools
[2022-06-14 10:43:06,802] multiqc                                            [DEBUG  ]  No samples found: jellyfish
[2022-06-14 10:43:06,807] multiqc                                            [DEBUG  ]  No samples found: vcftools
[2022-06-14 10:43:06,811] multiqc                                            [DEBUG  ]  No samples found: longranger
[2022-06-14 10:43:06,816] multiqc                                            [DEBUG  ]  No samples found: stacks
[2022-06-14 10:43:06,820] multiqc                                            [DEBUG  ]  No samples found: varscan2
[2022-06-14 10:43:06,826] multiqc                                            [DEBUG  ]  No samples found: bbmap
[2022-06-14 10:43:06,831] multiqc                                            [DEBUG  ]  No samples found: bismark
[2022-06-14 10:43:06,835] multiqc                                            [DEBUG  ]  No samples found: biscuit
[2022-06-14 10:43:06,839] multiqc                                            [DEBUG  ]  No samples found: hicexplorer
[2022-06-14 10:43:06,843] multiqc                                            [DEBUG  ]  No samples found: hicup
[2022-06-14 10:43:06,846] multiqc                                            [DEBUG  ]  No samples found: hicpro
[2022-06-14 10:43:06,850] multiqc                                            [DEBUG  ]  No samples found: salmon
[2022-06-14 10:43:06,854] multiqc                                            [DEBUG  ]  No samples found: kallisto
[2022-06-14 10:43:06,858] multiqc                                            [DEBUG  ]  No samples found: slamdunk
[2022-06-14 10:43:06,862] multiqc                                            [DEBUG  ]  No samples found: star
[2022-06-14 10:43:06,866] multiqc                                            [DEBUG  ]  No samples found: hisat2
[2022-06-14 10:43:06,869] multiqc                                            [DEBUG  ]  No samples found: tophat
[2022-06-14 10:43:06,873] multiqc                                            [DEBUG  ]  No samples found: bowtie2
[2022-06-14 10:43:06,877] multiqc                                            [DEBUG  ]  No samples found: bowtie1
[2022-06-14 10:43:06,881] multiqc                                            [DEBUG  ]  No samples found: snpsplit
[2022-06-14 10:43:06,885] multiqc                                            [DEBUG  ]  No samples found: kat
[2022-06-14 10:43:06,888] multiqc                                            [DEBUG  ]  No samples found: leehom
[2022-06-14 10:43:06,892] multiqc                                            [DEBUG  ]  No samples found: adapterRemoval
[2022-06-14 10:43:06,896] multiqc                                            [DEBUG  ]  No samples found: clipandmerge
[2022-06-14 10:43:06,900] multiqc                                            [DEBUG  ]  No samples found: cutadapt
[2022-06-14 10:43:06,905] multiqc                                            [DEBUG  ]  No samples found: flexbar
[2022-06-14 10:43:06,909] multiqc                                            [DEBUG  ]  No samples found: kaiju
[2022-06-14 10:43:06,912] multiqc                                            [DEBUG  ]  No samples found: kraken
[2022-06-14 10:43:06,916] multiqc                                            [DEBUG  ]  No samples found: malt
[2022-06-14 10:43:06,920] multiqc                                            [DEBUG  ]  No samples found: trimmomatic
[2022-06-14 10:43:06,924] multiqc                                            [DEBUG  ]  No samples found: sickle
[2022-06-14 10:43:06,927] multiqc                                            [DEBUG  ]  No samples found: skewer
[2022-06-14 10:43:06,931] multiqc                                            [DEBUG  ]  No samples found: sortmerna
[2022-06-14 10:43:06,935] multiqc                                            [DEBUG  ]  No samples found: biobloomtools
[2022-06-14 10:43:06,939] multiqc                                            [DEBUG  ]  No samples found: fastq_screen
[2022-06-14 10:43:06,944] multiqc                                            [DEBUG  ]  No samples found: afterqc
[2022-06-14 10:43:06,948] multiqc                                            [DEBUG  ]  No samples found: fastp
[2022-06-14 10:43:07,876] multiqc.modules.fastqc.fastqc                      [INFO   ]  Found 6 reports
[2022-06-14 10:43:08,067] multiqc                                            [DEBUG  ]  No samples found: pycoqc
[2022-06-14 10:43:08,071] multiqc                                            [DEBUG  ]  No samples found: minionqc
[2022-06-14 10:43:08,076] multiqc                                            [DEBUG  ]  No samples found: multivcfanalyzer
[2022-06-14 10:43:08,081] multiqc                                            [DEBUG  ]  No samples found: clusterflow
[2022-06-14 10:43:08,085] multiqc                                            [DEBUG  ]  No samples found: bcl2fastq
[2022-06-14 10:43:08,089] multiqc                                            [DEBUG  ]  No samples found: interop
[2022-06-14 10:43:08,092] multiqc                                            [DEBUG  ]  No samples found: ivar
[2022-06-14 10:43:08,096] multiqc                                            [DEBUG  ]  No samples found: flash
[2022-06-14 10:43:08,100] multiqc                                            [DEBUG  ]  No samples found: seqyclean
[2022-06-14 10:43:08,109] multiqc                                            [INFO   ]  Compressing plot data
[2022-06-14 10:43:08,242] multiqc                                            [INFO   ]  Report      : shotgun_raw_fq/fastqc_report.html
[2022-06-14 10:43:08,242] multiqc                                            [INFO   ]  Data        : shotgun_raw_fq/fastqc_report_data
[2022-06-14 10:43:08,242] multiqc                                            [DEBUG  ]  Moving data file from '/tmp/tmpishee126/multiqc_data' to '/home/e1garcia/shotgun_PIRE/REUs/2022_REU/workshop/salarias_fasciatus/shotgun_raw_fq//fastqc_report_data'
[2022-06-14 10:43:08,474] multiqc                                            [INFO   ]  MultiQC complete
