[2022-07-11 23:41:18,922] multiqc                                            [DEBUG  ]  No MultiQC config found: /opt/conda/lib/python3.7/site-packages/multiqc_config.yaml
[2022-07-11 23:41:18,923] multiqc                                            [DEBUG  ]  No MultiQC config found: /home/cjabl001/.multiqc_config.yaml
[2022-07-11 23:41:18,923] multiqc                                            [DEBUG  ]  No MultiQC config found: multiqc_config.yaml
[2022-07-11 23:41:18,924] multiqc                                            [DEBUG  ]  Command used: /opt/conda/bin/multiqc fq_fp1_clmp_fp2 -n fq_fp1_clmp_fp2/2nd_fastp_report
[2022-07-11 23:41:19,502] multiqc                                            [WARNING]  MultiQC Version v1.12 now available!
[2022-07-11 23:41:19,503] multiqc                                            [INFO   ]  This is MultiQC v1.9
[2022-07-11 23:41:19,503] multiqc                                            [DEBUG  ]  Command     : /opt/conda/bin/multiqc fq_fp1_clmp_fp2 -n fq_fp1_clmp_fp2/2nd_fastp_report
[2022-07-11 23:41:19,503] multiqc                                            [DEBUG  ]  Working dir : /home/e1garcia/shotgun_PIRE/REUs/2022_REU/chandy_jablonski/encrasicholina_pseudoheteroloba
[2022-07-11 23:41:19,503] multiqc                                            [INFO   ]  Template    : default
[2022-07-11 23:41:19,503] multiqc                                            [DEBUG  ]  Running Python 3.7.7 (default, Jun 26 2020, 05:10:03)  [GCC 7.3.0]
[2022-07-11 23:41:19,503] multiqc                                            [INFO   ]  Searching   : /home/e1garcia/shotgun_PIRE/REUs/2022_REU/chandy_jablonski/encrasicholina_pseudoheteroloba/fq_fp1_clmp_fp2
[2022-07-11 23:41:19,504] multiqc                                            [DEBUG  ]  Analysing modules: custom_content, conpair, peddy, somalier, methylQA, mosdepth, phantompeakqualtools, qualimap, preseq, quast, qorts, rna_seqc, rockhopper, rsem, rseqc, busco, goleft_indexcov, disambiguate, supernova, deeptools, sargasso, verifybamid, mirtrace, happy, mirtop, homer, macs2, theta2, snpeff, gatk, htseq, bcftools, featureCounts, fgbio, dragen, dedup, damageprofiler, biobambam2, mtnucratio, picard, prokka, samblaster, samtools, sexdeterrmine, bamtools, jellyfish, vcftools, longranger, stacks, varscan2, bbmap, bismark, biscuit, hicexplorer, hicup, hicpro, salmon, kallisto, slamdunk, star, hisat2, tophat, bowtie2, bowtie1, snpsplit, kat, leehom, adapterRemoval, clipandmerge, cutadapt, flexbar, kaiju, kraken, malt, trimmomatic, sickle, skewer, sortmerna, biobloomtools, fastq_screen, afterqc, fastp, fastqc, pycoqc, minionqc, multivcfanalyzer, clusterflow, bcl2fastq, interop, ivar, flash, seqyclean
[2022-07-11 23:41:19,504] multiqc                                            [DEBUG  ]  Using temporary directory for creating report: /tmp/tmpub0ol3uf
[2022-07-11 23:41:19,715] multiqc                                            [DEBUG  ]  Ignoring file as matched an ignore pattern: Eps-CBai_043_Ex1-2H_L4_clmp.r1r2_fastp.html
[2022-07-11 23:41:19,715] multiqc                                            [DEBUG  ]  Ignoring file as matched an ignore pattern: Eps-CBai_043_Ex1-1B_L4_clmp.r1r2_fastp.html
[2022-07-11 23:41:19,716] multiqc                                            [DEBUG  ]  Ignoring file as matched an ignore pattern: Eps-CBai_043_Ex1-1B_L4_clmp.fp2_r1.fq.gz
[2022-07-11 23:41:19,716] multiqc                                            [DEBUG  ]  Ignoring file as matched an ignore pattern: Eps-CBai_043_Ex1-1B_L4_clmp.fp2_r2.fq.gz
[2022-07-11 23:41:19,716] multiqc                                            [DEBUG  ]  Ignoring file as matched an ignore pattern: Eps-CBai_043_Ex1-2H_L4_clmp.fp2_r2.fq.gz
[2022-07-11 23:41:19,723] multiqc                                            [DEBUG  ]  Ignoring file as matched an ignore pattern: Eps-CBai_043_Ex1-2A_L4_clmp.fp2_r1.fq.gz
[2022-07-11 23:41:19,724] multiqc                                            [DEBUG  ]  Ignoring file as matched an ignore pattern: Eps-CBai_043_Ex1-2A_L4_clmp.r1r2_fastp.html
[2022-07-11 23:41:19,724] multiqc                                            [DEBUG  ]  Ignoring file as matched an ignore pattern: Eps-CBai_043_Ex1-2A_L4_clmp.fp2_r2.fq.gz
[2022-07-11 23:41:19,724] multiqc                                            [DEBUG  ]  Ignoring file as matched an ignore pattern: Eps-CBai_043_Ex1-2H_L4_clmp.fp2_r1.fq.gz
[2022-07-11 23:41:19,724] multiqc                                            [DEBUG  ]  Ignoring file as matched an ignore pattern: Eps-CBai_043_Ex1-2H_L4_clmp.fp2_fail.fq.gz
[2022-07-11 23:41:19,724] multiqc                                            [DEBUG  ]  Ignoring file as matched an ignore pattern: Eps-CBai_043_Ex1-2A_L4_clmp.fp2_unprd.fq.gz
[2022-07-11 23:41:19,724] multiqc                                            [DEBUG  ]  Ignoring file as matched an ignore pattern: Eps-CBai_043_Ex1-2A_L4_clmp.fp2_fail.fq.gz
[2022-07-11 23:41:19,724] multiqc                                            [DEBUG  ]  Ignoring file as matched an ignore pattern: Eps-CBai_043_Ex1-1B_L4_clmp.fp2_fail.fq.gz
[2022-07-11 23:41:19,725] multiqc                                            [DEBUG  ]  Ignoring file as matched an ignore pattern: Eps-CBai_043_Ex1-2H_L4_clmp.fp2_unprd.fq.gz
[2022-07-11 23:41:19,725] multiqc                                            [DEBUG  ]  Ignoring file as matched an ignore pattern: Eps-CBai_043_Ex1-1B_L4_clmp.fp2_unprd.fq.gz
[2022-07-11 23:41:20,334] multiqc.plots.bargraph                             [DEBUG  ]  Using matplotlib version 3.1.2
[2022-07-11 23:41:20,335] multiqc.plots.linegraph                            [DEBUG  ]  Using matplotlib version 3.1.2
[2022-07-11 23:41:20,336] multiqc                                            [DEBUG  ]  No samples found: custom_content
[2022-07-11 23:41:20,341] multiqc                                            [DEBUG  ]  No samples found: conpair
[2022-07-11 23:41:20,346] multiqc                                            [DEBUG  ]  No samples found: peddy
[2022-07-11 23:41:20,350] multiqc                                            [DEBUG  ]  No samples found: somalier
[2022-07-11 23:41:20,354] multiqc                                            [DEBUG  ]  No samples found: methylQA
[2022-07-11 23:41:20,361] multiqc                                            [DEBUG  ]  No samples found: mosdepth
[2022-07-11 23:41:20,365] multiqc                                            [DEBUG  ]  No samples found: phantompeakqualtools
[2022-07-11 23:41:20,368] multiqc                                            [DEBUG  ]  No samples found: qualimap
[2022-07-11 23:41:20,372] multiqc                                            [DEBUG  ]  No samples found: preseq
[2022-07-11 23:41:20,376] multiqc                                            [DEBUG  ]  No samples found: quast
[2022-07-11 23:41:20,380] multiqc                                            [DEBUG  ]  No samples found: qorts
[2022-07-11 23:41:20,384] multiqc                                            [DEBUG  ]  No samples found: rna_seqc
[2022-07-11 23:41:20,388] multiqc                                            [DEBUG  ]  No samples found: rockhopper
[2022-07-11 23:41:20,391] multiqc                                            [DEBUG  ]  No samples found: rsem
[2022-07-11 23:41:20,396] multiqc                                            [DEBUG  ]  No samples found: rseqc
[2022-07-11 23:41:20,400] multiqc                                            [DEBUG  ]  No samples found: busco
[2022-07-11 23:41:20,404] multiqc                                            [DEBUG  ]  No samples found: goleft_indexcov
[2022-07-11 23:41:20,409] multiqc                                            [DEBUG  ]  No samples found: disambiguate
[2022-07-11 23:41:20,414] multiqc                                            [DEBUG  ]  No samples found: supernova
[2022-07-11 23:41:20,421] multiqc                                            [DEBUG  ]  No samples found: deeptools
[2022-07-11 23:41:20,425] multiqc                                            [DEBUG  ]  No samples found: sargasso
[2022-07-11 23:41:20,429] multiqc                                            [DEBUG  ]  No samples found: verifybamid
[2022-07-11 23:41:20,433] multiqc                                            [DEBUG  ]  No samples found: mirtrace
[2022-07-11 23:41:20,438] multiqc                                            [DEBUG  ]  No samples found: happy
[2022-07-11 23:41:20,442] multiqc                                            [DEBUG  ]  No samples found: mirtop
[2022-07-11 23:41:20,447] multiqc                                            [DEBUG  ]  No samples found: homer
[2022-07-11 23:41:20,450] multiqc                                            [DEBUG  ]  No samples found: macs2
[2022-07-11 23:41:20,454] multiqc                                            [DEBUG  ]  No samples found: theta2
[2022-07-11 23:41:20,458] multiqc                                            [DEBUG  ]  No samples found: snpeff
[2022-07-11 23:41:20,463] multiqc                                            [DEBUG  ]  No samples found: gatk
[2022-07-11 23:41:20,467] multiqc                                            [DEBUG  ]  No samples found: htseq
[2022-07-11 23:41:20,472] multiqc                                            [DEBUG  ]  No samples found: bcftools
[2022-07-11 23:41:20,476] multiqc                                            [DEBUG  ]  No samples found: featureCounts
[2022-07-11 23:41:20,480] multiqc                                            [DEBUG  ]  No samples found: fgbio
[2022-07-11 23:41:20,487] multiqc                                            [DEBUG  ]  No samples found: dragen
[2022-07-11 23:41:20,491] multiqc                                            [DEBUG  ]  No samples found: dedup
[2022-07-11 23:41:20,494] multiqc                                            [DEBUG  ]  No samples found: damageprofiler
[2022-07-11 23:41:20,505] multiqc                                            [DEBUG  ]  No samples found: biobambam2
[2022-07-11 23:41:20,509] multiqc                                            [DEBUG  ]  No samples found: mtnucratio
[2022-07-11 23:41:20,512] multiqc                                            [DEBUG  ]  No samples found: picard
[2022-07-11 23:41:20,515] multiqc                                            [DEBUG  ]  No samples found: prokka
[2022-07-11 23:41:20,520] multiqc                                            [DEBUG  ]  No samples found: samblaster
[2022-07-11 23:41:20,524] multiqc                                            [DEBUG  ]  No samples found: samtools
[2022-07-11 23:41:20,528] multiqc                                            [DEBUG  ]  No samples found: sexdeterrmine
[2022-07-11 23:41:20,532] multiqc                                            [DEBUG  ]  No samples found: bamtools
[2022-07-11 23:41:20,536] multiqc                                            [DEBUG  ]  No samples found: jellyfish
[2022-07-11 23:41:20,541] multiqc                                            [DEBUG  ]  No samples found: vcftools
[2022-07-11 23:41:20,545] multiqc                                            [DEBUG  ]  No samples found: longranger
[2022-07-11 23:41:20,550] multiqc                                            [DEBUG  ]  No samples found: stacks
[2022-07-11 23:41:20,554] multiqc                                            [DEBUG  ]  No samples found: varscan2
[2022-07-11 23:41:20,561] multiqc                                            [DEBUG  ]  No samples found: bbmap
[2022-07-11 23:41:20,565] multiqc                                            [DEBUG  ]  No samples found: bismark
[2022-07-11 23:41:20,569] multiqc                                            [DEBUG  ]  No samples found: biscuit
[2022-07-11 23:41:20,573] multiqc                                            [DEBUG  ]  No samples found: hicexplorer
[2022-07-11 23:41:20,577] multiqc                                            [DEBUG  ]  No samples found: hicup
[2022-07-11 23:41:20,581] multiqc                                            [DEBUG  ]  No samples found: hicpro
[2022-07-11 23:41:20,585] multiqc                                            [DEBUG  ]  No samples found: salmon
[2022-07-11 23:41:20,589] multiqc                                            [DEBUG  ]  No samples found: kallisto
[2022-07-11 23:41:20,593] multiqc                                            [DEBUG  ]  No samples found: slamdunk
[2022-07-11 23:41:20,596] multiqc                                            [DEBUG  ]  No samples found: star
[2022-07-11 23:41:20,601] multiqc                                            [DEBUG  ]  No samples found: hisat2
[2022-07-11 23:41:20,605] multiqc                                            [DEBUG  ]  No samples found: tophat
[2022-07-11 23:41:20,609] multiqc                                            [DEBUG  ]  No samples found: bowtie2
[2022-07-11 23:41:20,612] multiqc                                            [DEBUG  ]  No samples found: bowtie1
[2022-07-11 23:41:20,616] multiqc                                            [DEBUG  ]  No samples found: snpsplit
[2022-07-11 23:41:20,620] multiqc                                            [DEBUG  ]  No samples found: kat
[2022-07-11 23:41:20,623] multiqc                                            [DEBUG  ]  No samples found: leehom
[2022-07-11 23:41:20,627] multiqc                                            [DEBUG  ]  No samples found: adapterRemoval
[2022-07-11 23:41:20,631] multiqc                                            [DEBUG  ]  No samples found: clipandmerge
[2022-07-11 23:41:20,636] multiqc                                            [DEBUG  ]  No samples found: cutadapt
[2022-07-11 23:41:20,640] multiqc                                            [DEBUG  ]  No samples found: flexbar
[2022-07-11 23:41:20,645] multiqc                                            [DEBUG  ]  No samples found: kaiju
[2022-07-11 23:41:20,648] multiqc                                            [DEBUG  ]  No samples found: kraken
[2022-07-11 23:41:20,652] multiqc                                            [DEBUG  ]  No samples found: malt
[2022-07-11 23:41:20,656] multiqc                                            [DEBUG  ]  No samples found: trimmomatic
[2022-07-11 23:41:20,660] multiqc                                            [DEBUG  ]  No samples found: sickle
[2022-07-11 23:41:20,663] multiqc                                            [DEBUG  ]  No samples found: skewer
[2022-07-11 23:41:20,667] multiqc                                            [DEBUG  ]  No samples found: sortmerna
[2022-07-11 23:41:20,671] multiqc                                            [DEBUG  ]  No samples found: biobloomtools
[2022-07-11 23:41:20,676] multiqc                                            [DEBUG  ]  No samples found: fastq_screen
[2022-07-11 23:41:20,680] multiqc                                            [DEBUG  ]  No samples found: afterqc
[2022-07-11 23:41:20,699] multiqc.modules.fastp.fastp                        [INFO   ]  Found 3 reports
[2022-07-11 23:41:20,724] multiqc                                            [DEBUG  ]  No samples found: fastqc
[2022-07-11 23:41:20,728] multiqc                                            [DEBUG  ]  No samples found: pycoqc
[2022-07-11 23:41:20,732] multiqc                                            [DEBUG  ]  No samples found: minionqc
[2022-07-11 23:41:20,737] multiqc                                            [DEBUG  ]  No samples found: multivcfanalyzer
[2022-07-11 23:41:20,742] multiqc                                            [DEBUG  ]  No samples found: clusterflow
[2022-07-11 23:41:20,746] multiqc                                            [DEBUG  ]  No samples found: bcl2fastq
[2022-07-11 23:41:20,750] multiqc                                            [DEBUG  ]  No samples found: interop
[2022-07-11 23:41:20,753] multiqc                                            [DEBUG  ]  No samples found: ivar
[2022-07-11 23:41:20,757] multiqc                                            [DEBUG  ]  No samples found: flash
[2022-07-11 23:41:20,761] multiqc                                            [DEBUG  ]  No samples found: seqyclean
[2022-07-11 23:41:20,768] multiqc                                            [INFO   ]  Compressing plot data
[2022-07-11 23:41:21,055] multiqc                                            [INFO   ]  Report      : fq_fp1_clmp_fp2/2nd_fastp_report.html
[2022-07-11 23:41:21,055] multiqc                                            [INFO   ]  Data        : fq_fp1_clmp_fp2/2nd_fastp_report_data
[2022-07-11 23:41:21,055] multiqc                                            [DEBUG  ]  Moving data file from '/tmp/tmpub0ol3uf/multiqc_data' to '/home/e1garcia/shotgun_PIRE/REUs/2022_REU/chandy_jablonski/encrasicholina_pseudoheteroloba/fq_fp1_clmp_fp2/2nd_fastp_report_data'
[2022-07-11 23:41:21,299] multiqc                                            [INFO   ]  MultiQC complete
