[2022-07-13 23:34:23,695] multiqc                                            [DEBUG  ]  No MultiQC config found: /opt/conda/lib/python3.7/site-packages/multiqc_config.yaml
[2022-07-13 23:34:23,695] multiqc                                            [DEBUG  ]  No MultiQC config found: /home/r3clark/.multiqc_config.yaml
[2022-07-13 23:34:23,696] multiqc                                            [DEBUG  ]  No MultiQC config found: multiqc_config.yaml
[2022-07-13 23:34:23,696] multiqc                                            [DEBUG  ]  Command used: /opt/conda/bin/multiqc /home/e1garcia/shotgun_PIRE/REUs/2022_REU/marial_malabag/encrasicholina_pseudoheteroloba/fq_fp1_clmp_fp2_fqscrn_repaired -n /home/e1garcia/shotgun_PIRE/REUs/2022_REU/marial_malabag/encrasicholina_pseudoheteroloba/fq_fp1_clmp_fp2_fqscrn_repaired/fastqc_report
[2022-07-13 23:34:24,303] multiqc                                            [WARNING]  MultiQC Version v1.12 now available!
[2022-07-13 23:34:24,303] multiqc                                            [INFO   ]  This is MultiQC v1.9
[2022-07-13 23:34:24,304] multiqc                                            [DEBUG  ]  Command     : /opt/conda/bin/multiqc /home/e1garcia/shotgun_PIRE/REUs/2022_REU/marial_malabag/encrasicholina_pseudoheteroloba/fq_fp1_clmp_fp2_fqscrn_repaired -n /home/e1garcia/shotgun_PIRE/REUs/2022_REU/marial_malabag/encrasicholina_pseudoheteroloba/fq_fp1_clmp_fp2_fqscrn_repaired/fastqc_report
[2022-07-13 23:34:24,304] multiqc                                            [DEBUG  ]  Working dir : /home/e1garcia/shotgun_PIRE/REUs/2022_REU/marial_malabag/encrasicholina_pseudoheteroloba
[2022-07-13 23:34:24,304] multiqc                                            [INFO   ]  Template    : default
[2022-07-13 23:34:24,304] multiqc                                            [DEBUG  ]  Running Python 3.7.7 (default, Jun 26 2020, 05:10:03)  [GCC 7.3.0]
[2022-07-13 23:34:24,304] multiqc                                            [INFO   ]  Searching   : /home/e1garcia/shotgun_PIRE/REUs/2022_REU/marial_malabag/encrasicholina_pseudoheteroloba/fq_fp1_clmp_fp2_fqscrn_repaired
[2022-07-13 23:34:24,305] multiqc                                            [DEBUG  ]  Analysing modules: custom_content, conpair, peddy, somalier, methylQA, mosdepth, phantompeakqualtools, qualimap, preseq, quast, qorts, rna_seqc, rockhopper, rsem, rseqc, busco, goleft_indexcov, disambiguate, supernova, deeptools, sargasso, verifybamid, mirtrace, happy, mirtop, homer, macs2, theta2, snpeff, gatk, htseq, bcftools, featureCounts, fgbio, dragen, dedup, damageprofiler, biobambam2, mtnucratio, picard, prokka, samblaster, samtools, sexdeterrmine, bamtools, jellyfish, vcftools, longranger, stacks, varscan2, bbmap, bismark, biscuit, hicexplorer, hicup, hicpro, salmon, kallisto, slamdunk, star, hisat2, tophat, bowtie2, bowtie1, snpsplit, kat, leehom, adapterRemoval, clipandmerge, cutadapt, flexbar, kaiju, kraken, malt, trimmomatic, sickle, skewer, sortmerna, biobloomtools, fastq_screen, afterqc, fastp, fastqc, pycoqc, minionqc, multivcfanalyzer, clusterflow, bcl2fastq, interop, ivar, flash, seqyclean
[2022-07-13 23:34:24,306] multiqc                                            [DEBUG  ]  Using temporary directory for creating report: /tmp/tmpmvpvc0r8
[2022-07-13 23:34:24,573] multiqc                                            [DEBUG  ]  File ignored by hicexplorer because it exceeded search pattern filesize limit: Eps-CBai_043_Ex1-2H_L4_clmp.fp2_repr.R1_fastqc.html
[2022-07-13 23:34:24,585] multiqc                                            [DEBUG  ]  File ignored by longranger/invocation because it exceeded search pattern filesize limit: Eps-CBai_043_Ex1-2H_L4_clmp.fp2_repr.R1_fastqc.html
[2022-07-13 23:34:24,682] multiqc                                            [DEBUG  ]  Ignoring file as matched an ignore pattern: Eps-CBai_043_Ex1-2A_L4_clmp.fp2_repr.R2.fq.gz
[2022-07-13 23:34:24,685] multiqc                                            [DEBUG  ]  Ignoring file as matched an ignore pattern: Eps-CBai_043_Ex1-1B_L4_clmp.fp2_repr.R1.fq.gz
[2022-07-13 23:34:24,686] multiqc                                            [DEBUG  ]  Ignoring file as matched an ignore pattern: Eps-CBai_043_Ex1-2H_L4_clmp.fp2_repr.R2.fq.gz
[2022-07-13 23:34:24,688] multiqc                                            [DEBUG  ]  Ignoring file as matched an ignore pattern: Eps-CBai_043_Ex1-1B_L4_clmp.fp2_repr.R2.fq.gz
[2022-07-13 23:34:24,688] multiqc                                            [DEBUG  ]  Ignoring file as matched an ignore pattern: Eps-CBai_043_Ex1-2A_L4_clmp.fp2_repr.R1.fq.gz
[2022-07-13 23:34:24,709] multiqc                                            [DEBUG  ]  File ignored by hicexplorer because it exceeded search pattern filesize limit: Eps-CBai_043_Ex1-2A_L4_clmp.fp2_repr.R2_fastqc.html
[2022-07-13 23:34:24,717] multiqc                                            [DEBUG  ]  File ignored by longranger/invocation because it exceeded search pattern filesize limit: Eps-CBai_043_Ex1-2A_L4_clmp.fp2_repr.R2_fastqc.html
[2022-07-13 23:34:24,828] multiqc                                            [DEBUG  ]  File ignored by hicexplorer because it exceeded search pattern filesize limit: Eps-CBai_043_Ex1-1B_L4_clmp.fp2_repr.R2_fastqc.html
[2022-07-13 23:34:24,837] multiqc                                            [DEBUG  ]  File ignored by longranger/invocation because it exceeded search pattern filesize limit: Eps-CBai_043_Ex1-1B_L4_clmp.fp2_repr.R2_fastqc.html
[2022-07-13 23:34:24,948] multiqc                                            [DEBUG  ]  File ignored by hicexplorer because it exceeded search pattern filesize limit: Eps-CBai_043_Ex1-1B_L4_clmp.fp2_repr.R1_fastqc.html
[2022-07-13 23:34:24,957] multiqc                                            [DEBUG  ]  File ignored by longranger/invocation because it exceeded search pattern filesize limit: Eps-CBai_043_Ex1-1B_L4_clmp.fp2_repr.R1_fastqc.html
[2022-07-13 23:34:25,069] multiqc                                            [DEBUG  ]  File ignored by hicexplorer because it exceeded search pattern filesize limit: Eps-CBai_043_Ex1-2A_L4_clmp.fp2_repr.R1_fastqc.html
[2022-07-13 23:34:25,079] multiqc                                            [DEBUG  ]  File ignored by longranger/invocation because it exceeded search pattern filesize limit: Eps-CBai_043_Ex1-2A_L4_clmp.fp2_repr.R1_fastqc.html
[2022-07-13 23:34:25,192] multiqc                                            [DEBUG  ]  File ignored by hicexplorer because it exceeded search pattern filesize limit: Eps-CBai_043_Ex1-2H_L4_clmp.fp2_repr.R2_fastqc.html
[2022-07-13 23:34:25,201] multiqc                                            [DEBUG  ]  File ignored by longranger/invocation because it exceeded search pattern filesize limit: Eps-CBai_043_Ex1-2H_L4_clmp.fp2_repr.R2_fastqc.html
[2022-07-13 23:34:25,296] multiqc                                            [DEBUG  ]  Ignoring file as matched an ignore pattern: Eps-CBai_043_Ex1-2H_L4_clmp.fp2_repr.R1.fq.gz
[2022-07-13 23:34:25,296] multiqc                                            [DEBUG  ]  Ignoring file as matched an ignore pattern: Eps-CBai_043_Ex1-2H_L4_clmp.fp2_repr.orph.fq
[2022-07-13 23:34:25,297] multiqc                                            [DEBUG  ]  Ignoring file as matched an ignore pattern: Eps-CBai_043_Ex1-1B_L4_clmp.fp2_repr.orph.fq
[2022-07-13 23:34:25,297] multiqc                                            [DEBUG  ]  Ignoring file as matched an ignore pattern: Eps-CBai_043_Ex1-2A_L4_clmp.fp2_repr.orph.fq
[2022-07-13 23:34:25,810] multiqc.plots.bargraph                             [DEBUG  ]  Using matplotlib version 3.1.2
[2022-07-13 23:34:25,811] multiqc.plots.linegraph                            [DEBUG  ]  Using matplotlib version 3.1.2
[2022-07-13 23:34:25,812] multiqc                                            [DEBUG  ]  No samples found: custom_content
[2022-07-13 23:34:25,816] multiqc                                            [DEBUG  ]  No samples found: conpair
[2022-07-13 23:34:25,821] multiqc                                            [DEBUG  ]  No samples found: peddy
[2022-07-13 23:34:25,826] multiqc                                            [DEBUG  ]  No samples found: somalier
[2022-07-13 23:34:25,830] multiqc                                            [DEBUG  ]  No samples found: methylQA
[2022-07-13 23:34:25,837] multiqc                                            [DEBUG  ]  No samples found: mosdepth
[2022-07-13 23:34:25,841] multiqc                                            [DEBUG  ]  No samples found: phantompeakqualtools
[2022-07-13 23:34:25,844] multiqc                                            [DEBUG  ]  No samples found: qualimap
[2022-07-13 23:34:25,848] multiqc                                            [DEBUG  ]  No samples found: preseq
[2022-07-13 23:34:25,852] multiqc                                            [DEBUG  ]  No samples found: quast
[2022-07-13 23:34:25,857] multiqc                                            [DEBUG  ]  No samples found: qorts
[2022-07-13 23:34:25,860] multiqc                                            [DEBUG  ]  No samples found: rna_seqc
[2022-07-13 23:34:25,864] multiqc                                            [DEBUG  ]  No samples found: rockhopper
[2022-07-13 23:34:25,867] multiqc                                            [DEBUG  ]  No samples found: rsem
[2022-07-13 23:34:25,872] multiqc                                            [DEBUG  ]  No samples found: rseqc
[2022-07-13 23:34:25,877] multiqc                                            [DEBUG  ]  No samples found: busco
[2022-07-13 23:34:25,881] multiqc                                            [DEBUG  ]  No samples found: goleft_indexcov
[2022-07-13 23:34:25,886] multiqc                                            [DEBUG  ]  No samples found: disambiguate
[2022-07-13 23:34:25,890] multiqc                                            [DEBUG  ]  No samples found: supernova
[2022-07-13 23:34:25,897] multiqc                                            [DEBUG  ]  No samples found: deeptools
[2022-07-13 23:34:25,902] multiqc                                            [DEBUG  ]  No samples found: sargasso
[2022-07-13 23:34:25,906] multiqc                                            [DEBUG  ]  No samples found: verifybamid
[2022-07-13 23:34:25,910] multiqc                                            [DEBUG  ]  No samples found: mirtrace
[2022-07-13 23:34:25,915] multiqc                                            [DEBUG  ]  No samples found: happy
[2022-07-13 23:34:25,919] multiqc                                            [DEBUG  ]  No samples found: mirtop
[2022-07-13 23:34:25,924] multiqc                                            [DEBUG  ]  No samples found: homer
[2022-07-13 23:34:25,927] multiqc                                            [DEBUG  ]  No samples found: macs2
[2022-07-13 23:34:25,931] multiqc                                            [DEBUG  ]  No samples found: theta2
[2022-07-13 23:34:25,936] multiqc                                            [DEBUG  ]  No samples found: snpeff
[2022-07-13 23:34:25,940] multiqc                                            [DEBUG  ]  No samples found: gatk
[2022-07-13 23:34:25,944] multiqc                                            [DEBUG  ]  No samples found: htseq
[2022-07-13 23:34:25,949] multiqc                                            [DEBUG  ]  No samples found: bcftools
[2022-07-13 23:34:25,953] multiqc                                            [DEBUG  ]  No samples found: featureCounts
[2022-07-13 23:34:25,957] multiqc                                            [DEBUG  ]  No samples found: fgbio
[2022-07-13 23:34:25,964] multiqc                                            [DEBUG  ]  No samples found: dragen
[2022-07-13 23:34:25,968] multiqc                                            [DEBUG  ]  No samples found: dedup
[2022-07-13 23:34:25,971] multiqc                                            [DEBUG  ]  No samples found: damageprofiler
[2022-07-13 23:34:25,982] multiqc                                            [DEBUG  ]  No samples found: biobambam2
[2022-07-13 23:34:25,986] multiqc                                            [DEBUG  ]  No samples found: mtnucratio
[2022-07-13 23:34:25,989] multiqc                                            [DEBUG  ]  No samples found: picard
[2022-07-13 23:34:25,993] multiqc                                            [DEBUG  ]  No samples found: prokka
[2022-07-13 23:34:25,997] multiqc                                            [DEBUG  ]  No samples found: samblaster
[2022-07-13 23:34:26,001] multiqc                                            [DEBUG  ]  No samples found: samtools
[2022-07-13 23:34:26,005] multiqc                                            [DEBUG  ]  No samples found: sexdeterrmine
[2022-07-13 23:34:26,010] multiqc                                            [DEBUG  ]  No samples found: bamtools
[2022-07-13 23:34:26,014] multiqc                                            [DEBUG  ]  No samples found: jellyfish
[2022-07-13 23:34:26,019] multiqc                                            [DEBUG  ]  No samples found: vcftools
[2022-07-13 23:34:26,023] multiqc                                            [DEBUG  ]  No samples found: longranger
[2022-07-13 23:34:26,028] multiqc                                            [DEBUG  ]  No samples found: stacks
[2022-07-13 23:34:26,032] multiqc                                            [DEBUG  ]  No samples found: varscan2
[2022-07-13 23:34:26,038] multiqc                                            [DEBUG  ]  No samples found: bbmap
[2022-07-13 23:34:26,043] multiqc                                            [DEBUG  ]  No samples found: bismark
[2022-07-13 23:34:26,047] multiqc                                            [DEBUG  ]  No samples found: biscuit
[2022-07-13 23:34:26,051] multiqc                                            [DEBUG  ]  No samples found: hicexplorer
[2022-07-13 23:34:26,055] multiqc                                            [DEBUG  ]  No samples found: hicup
[2022-07-13 23:34:26,058] multiqc                                            [DEBUG  ]  No samples found: hicpro
[2022-07-13 23:34:26,062] multiqc                                            [DEBUG  ]  No samples found: salmon
[2022-07-13 23:34:26,066] multiqc                                            [DEBUG  ]  No samples found: kallisto
[2022-07-13 23:34:26,070] multiqc                                            [DEBUG  ]  No samples found: slamdunk
[2022-07-13 23:34:26,074] multiqc                                            [DEBUG  ]  No samples found: star
[2022-07-13 23:34:26,078] multiqc                                            [DEBUG  ]  No samples found: hisat2
[2022-07-13 23:34:26,082] multiqc                                            [DEBUG  ]  No samples found: tophat
[2022-07-13 23:34:26,086] multiqc                                            [DEBUG  ]  No samples found: bowtie2
[2022-07-13 23:34:26,089] multiqc                                            [DEBUG  ]  No samples found: bowtie1
[2022-07-13 23:34:26,093] multiqc                                            [DEBUG  ]  No samples found: snpsplit
[2022-07-13 23:34:26,097] multiqc                                            [DEBUG  ]  No samples found: kat
[2022-07-13 23:34:26,100] multiqc                                            [DEBUG  ]  No samples found: leehom
[2022-07-13 23:34:26,105] multiqc                                            [DEBUG  ]  No samples found: adapterRemoval
[2022-07-13 23:34:26,109] multiqc                                            [DEBUG  ]  No samples found: clipandmerge
[2022-07-13 23:34:26,114] multiqc                                            [DEBUG  ]  No samples found: cutadapt
[2022-07-13 23:34:26,118] multiqc                                            [DEBUG  ]  No samples found: flexbar
[2022-07-13 23:34:26,122] multiqc                                            [DEBUG  ]  No samples found: kaiju
[2022-07-13 23:34:26,126] multiqc                                            [DEBUG  ]  No samples found: kraken
[2022-07-13 23:34:26,129] multiqc                                            [DEBUG  ]  No samples found: malt
[2022-07-13 23:34:26,133] multiqc                                            [DEBUG  ]  No samples found: trimmomatic
[2022-07-13 23:34:26,137] multiqc                                            [DEBUG  ]  No samples found: sickle
[2022-07-13 23:34:26,141] multiqc                                            [DEBUG  ]  No samples found: skewer
[2022-07-13 23:34:26,145] multiqc                                            [DEBUG  ]  No samples found: sortmerna
[2022-07-13 23:34:26,149] multiqc                                            [DEBUG  ]  No samples found: biobloomtools
[2022-07-13 23:34:26,153] multiqc                                            [DEBUG  ]  No samples found: fastq_screen
[2022-07-13 23:34:26,157] multiqc                                            [DEBUG  ]  No samples found: afterqc
[2022-07-13 23:34:26,162] multiqc                                            [DEBUG  ]  No samples found: fastp
[2022-07-13 23:34:27,086] multiqc.modules.fastqc.fastqc                      [INFO   ]  Found 6 reports
[2022-07-13 23:34:27,284] multiqc                                            [DEBUG  ]  No samples found: pycoqc
[2022-07-13 23:34:27,288] multiqc                                            [DEBUG  ]  No samples found: minionqc
[2022-07-13 23:34:27,293] multiqc                                            [DEBUG  ]  No samples found: multivcfanalyzer
[2022-07-13 23:34:27,298] multiqc                                            [DEBUG  ]  No samples found: clusterflow
[2022-07-13 23:34:27,302] multiqc                                            [DEBUG  ]  No samples found: bcl2fastq
[2022-07-13 23:34:27,306] multiqc                                            [DEBUG  ]  No samples found: interop
[2022-07-13 23:34:27,309] multiqc                                            [DEBUG  ]  No samples found: ivar
[2022-07-13 23:34:27,313] multiqc                                            [DEBUG  ]  No samples found: flash
[2022-07-13 23:34:27,317] multiqc                                            [DEBUG  ]  No samples found: seqyclean
[2022-07-13 23:34:27,327] multiqc                                            [INFO   ]  Compressing plot data
[2022-07-13 23:34:27,429] multiqc                                            [INFO   ]  Report      : fq_fp1_clmp_fp2_fqscrn_repaired/fastqc_report.html
[2022-07-13 23:34:27,430] multiqc                                            [INFO   ]  Data        : fq_fp1_clmp_fp2_fqscrn_repaired/fastqc_report_data
[2022-07-13 23:34:27,430] multiqc                                            [DEBUG  ]  Moving data file from '/tmp/tmpmvpvc0r8/multiqc_data' to '/home/e1garcia/shotgun_PIRE/REUs/2022_REU/marial_malabag/encrasicholina_pseudoheteroloba/fq_fp1_clmp_fp2_fqscrn_repaired/fastqc_report_data'
[2022-07-13 23:34:27,715] multiqc                                            [INFO   ]  MultiQC complete
