[2022-07-11 05:21:00,406] multiqc                                            [DEBUG  ]  No MultiQC config found: /opt/conda/lib/python3.7/site-packages/multiqc_config.yaml
[2022-07-11 05:21:00,407] multiqc                                            [DEBUG  ]  No MultiQC config found: /home/cjabl001/.multiqc_config.yaml
[2022-07-11 05:21:00,407] multiqc                                            [DEBUG  ]  No MultiQC config found: multiqc_config.yaml
[2022-07-11 05:21:00,407] multiqc                                            [DEBUG  ]  Command used: /opt/conda/bin/multiqc /home/e1garcia/shotgun_PIRE/REUs/2022_REU/chandy_jablonski/encrasicholina_pseudoheteroloba/shotgun_raw_fq -n /home/e1garcia/shotgun_PIRE/REUs/2022_REU/chandy_jablonski/encrasicholina_pseudoheteroloba/shotgun_raw_fq/fastqc_report
[2022-07-11 05:21:01,343] multiqc                                            [WARNING]  MultiQC Version v1.12 now available!
[2022-07-11 05:21:01,344] multiqc                                            [INFO   ]  This is MultiQC v1.9
[2022-07-11 05:21:01,344] multiqc                                            [DEBUG  ]  Command     : /opt/conda/bin/multiqc /home/e1garcia/shotgun_PIRE/REUs/2022_REU/chandy_jablonski/encrasicholina_pseudoheteroloba/shotgun_raw_fq -n /home/e1garcia/shotgun_PIRE/REUs/2022_REU/chandy_jablonski/encrasicholina_pseudoheteroloba/shotgun_raw_fq/fastqc_report
[2022-07-11 05:21:01,344] multiqc                                            [DEBUG  ]  Working dir : /home/e1garcia/shotgun_PIRE/REUs/2022_REU/chandy_jablonski/encrasicholina_pseudoheteroloba/shotgun_raw_fq
[2022-07-11 05:21:01,344] multiqc                                            [INFO   ]  Template    : default
[2022-07-11 05:21:01,345] multiqc                                            [DEBUG  ]  Running Python 3.7.7 (default, Jun 26 2020, 05:10:03)  [GCC 7.3.0]
[2022-07-11 05:21:01,345] multiqc                                            [INFO   ]  Searching   : /home/e1garcia/shotgun_PIRE/REUs/2022_REU/chandy_jablonski/encrasicholina_pseudoheteroloba/shotgun_raw_fq
[2022-07-11 05:21:01,346] multiqc                                            [DEBUG  ]  Analysing modules: custom_content, conpair, peddy, somalier, methylQA, mosdepth, phantompeakqualtools, qualimap, preseq, quast, qorts, rna_seqc, rockhopper, rsem, rseqc, busco, goleft_indexcov, disambiguate, supernova, deeptools, sargasso, verifybamid, mirtrace, happy, mirtop, homer, macs2, theta2, snpeff, gatk, htseq, bcftools, featureCounts, fgbio, dragen, dedup, damageprofiler, biobambam2, mtnucratio, picard, prokka, samblaster, samtools, sexdeterrmine, bamtools, jellyfish, vcftools, longranger, stacks, varscan2, bbmap, bismark, biscuit, hicexplorer, hicup, hicpro, salmon, kallisto, slamdunk, star, hisat2, tophat, bowtie2, bowtie1, snpsplit, kat, leehom, adapterRemoval, clipandmerge, cutadapt, flexbar, kaiju, kraken, malt, trimmomatic, sickle, skewer, sortmerna, biobloomtools, fastq_screen, afterqc, fastp, fastqc, pycoqc, minionqc, multivcfanalyzer, clusterflow, bcl2fastq, interop, ivar, flash, seqyclean
[2022-07-11 05:21:01,346] multiqc                                            [DEBUG  ]  Using temporary directory for creating report: /tmp/tmpxqambn5k
[2022-07-11 05:21:01,564] multiqc                                            [DEBUG  ]  Ignoring file as matched an ignore pattern: Eps-CBai_043_Ex1-2A_L4_2.fq.gz
[2022-07-11 05:21:01,645] multiqc                                            [DEBUG  ]  Ignoring file as matched an ignore pattern: Eps-CBai_043_Ex1-2H_L4_2.fq.gz
[2022-07-11 05:21:01,646] multiqc                                            [DEBUG  ]  Ignoring file as matched an ignore pattern: Eps-CBai_043_Ex1-2A_L4_1.fq.gz
[2022-07-11 05:21:01,668] multiqc                                            [DEBUG  ]  File ignored by hicexplorer because it exceeded search pattern filesize limit: Eps-CBai_043_Ex1-2H_L4_2_fastqc.html
[2022-07-11 05:21:01,678] multiqc                                            [DEBUG  ]  File ignored by longranger/invocation because it exceeded search pattern filesize limit: Eps-CBai_043_Ex1-2H_L4_2_fastqc.html
[2022-07-11 05:21:01,772] multiqc                                            [DEBUG  ]  Ignoring file as matched an ignore pattern: Eps-CBai_043_Ex1-1B_L4_2.fq.gz
[2022-07-11 05:21:01,793] multiqc                                            [DEBUG  ]  File ignored by hicexplorer because it exceeded search pattern filesize limit: Eps-CBai_043_Ex1-1B_L4_1_fastqc.html
[2022-07-11 05:21:01,803] multiqc                                            [DEBUG  ]  File ignored by longranger/invocation because it exceeded search pattern filesize limit: Eps-CBai_043_Ex1-1B_L4_1_fastqc.html
[2022-07-11 05:21:01,930] multiqc                                            [DEBUG  ]  File ignored by hicexplorer because it exceeded search pattern filesize limit: Eps-CBai_043_Ex1-2A_L4_2_fastqc.html
[2022-07-11 05:21:01,944] multiqc                                            [DEBUG  ]  File ignored by longranger/invocation because it exceeded search pattern filesize limit: Eps-CBai_043_Ex1-2A_L4_2_fastqc.html
[2022-07-11 05:21:02,054] multiqc                                            [DEBUG  ]  File ignored by hicexplorer because it exceeded search pattern filesize limit: Eps-CBai_043_Ex1-2A_L4_1_fastqc.html
[2022-07-11 05:21:02,062] multiqc                                            [DEBUG  ]  File ignored by longranger/invocation because it exceeded search pattern filesize limit: Eps-CBai_043_Ex1-2A_L4_1_fastqc.html
[2022-07-11 05:21:02,169] multiqc                                            [DEBUG  ]  File ignored by hicexplorer because it exceeded search pattern filesize limit: Multi_fastqc-761615.out
[2022-07-11 05:21:02,177] multiqc                                            [DEBUG  ]  File ignored by longranger/invocation because it exceeded search pattern filesize limit: Multi_fastqc-761615.out
[2022-07-11 05:21:02,219] multiqc                                            [DEBUG  ]  File ignored by hicexplorer because it exceeded search pattern filesize limit: Eps-CBai_043_Ex1-1B_L4_2_fastqc.html
[2022-07-11 05:21:02,228] multiqc                                            [DEBUG  ]  File ignored by longranger/invocation because it exceeded search pattern filesize limit: Eps-CBai_043_Ex1-1B_L4_2_fastqc.html
[2022-07-11 05:21:02,337] multiqc                                            [DEBUG  ]  File ignored by hicexplorer because it exceeded search pattern filesize limit: Eps-CBai_043_Ex1-2H_L4_1_fastqc.html
[2022-07-11 05:21:02,346] multiqc                                            [DEBUG  ]  File ignored by longranger/invocation because it exceeded search pattern filesize limit: Eps-CBai_043_Ex1-2H_L4_1_fastqc.html
[2022-07-11 05:21:02,436] multiqc                                            [DEBUG  ]  Ignoring file as matched an ignore pattern: Eps-CBai_043_Ex1-2H_L4_1.fq.gz
[2022-07-11 05:21:02,436] multiqc                                            [DEBUG  ]  Ignoring file as matched an ignore pattern: Eps-CBai_043_Ex1-1B_L4_1.fq.gz
[2022-07-11 05:21:03,818] multiqc.plots.bargraph                             [DEBUG  ]  Using matplotlib version 3.1.2
[2022-07-11 05:21:03,820] multiqc.plots.linegraph                            [DEBUG  ]  Using matplotlib version 3.1.2
[2022-07-11 05:21:03,821] multiqc                                            [DEBUG  ]  No samples found: custom_content
[2022-07-11 05:21:03,826] multiqc                                            [DEBUG  ]  No samples found: conpair
[2022-07-11 05:21:03,831] multiqc                                            [DEBUG  ]  No samples found: peddy
[2022-07-11 05:21:03,854] multiqc                                            [DEBUG  ]  No samples found: somalier
[2022-07-11 05:21:03,864] multiqc                                            [DEBUG  ]  No samples found: methylQA
[2022-07-11 05:21:03,892] multiqc                                            [DEBUG  ]  No samples found: mosdepth
[2022-07-11 05:21:03,901] multiqc                                            [DEBUG  ]  No samples found: phantompeakqualtools
[2022-07-11 05:21:03,908] multiqc                                            [DEBUG  ]  No samples found: qualimap
[2022-07-11 05:21:03,917] multiqc                                            [DEBUG  ]  No samples found: preseq
[2022-07-11 05:21:03,924] multiqc                                            [DEBUG  ]  No samples found: quast
[2022-07-11 05:21:03,932] multiqc                                            [DEBUG  ]  No samples found: qorts
[2022-07-11 05:21:03,938] multiqc                                            [DEBUG  ]  No samples found: rna_seqc
[2022-07-11 05:21:03,944] multiqc                                            [DEBUG  ]  No samples found: rockhopper
[2022-07-11 05:21:03,950] multiqc                                            [DEBUG  ]  No samples found: rsem
[2022-07-11 05:21:03,957] multiqc                                            [DEBUG  ]  No samples found: rseqc
[2022-07-11 05:21:03,964] multiqc                                            [DEBUG  ]  No samples found: busco
[2022-07-11 05:21:03,970] multiqc                                            [DEBUG  ]  No samples found: goleft_indexcov
[2022-07-11 05:21:03,976] multiqc                                            [DEBUG  ]  No samples found: disambiguate
[2022-07-11 05:21:03,982] multiqc                                            [DEBUG  ]  No samples found: supernova
[2022-07-11 05:21:03,991] multiqc                                            [DEBUG  ]  No samples found: deeptools
[2022-07-11 05:21:03,996] multiqc                                            [DEBUG  ]  No samples found: sargasso
[2022-07-11 05:21:04,001] multiqc                                            [DEBUG  ]  No samples found: verifybamid
[2022-07-11 05:21:04,006] multiqc                                            [DEBUG  ]  No samples found: mirtrace
[2022-07-11 05:21:04,011] multiqc                                            [DEBUG  ]  No samples found: happy
[2022-07-11 05:21:04,017] multiqc                                            [DEBUG  ]  No samples found: mirtop
[2022-07-11 05:21:04,022] multiqc                                            [DEBUG  ]  No samples found: homer
[2022-07-11 05:21:04,025] multiqc                                            [DEBUG  ]  No samples found: macs2
[2022-07-11 05:21:04,029] multiqc                                            [DEBUG  ]  No samples found: theta2
[2022-07-11 05:21:04,034] multiqc                                            [DEBUG  ]  No samples found: snpeff
[2022-07-11 05:21:04,039] multiqc                                            [DEBUG  ]  No samples found: gatk
[2022-07-11 05:21:04,043] multiqc                                            [DEBUG  ]  No samples found: htseq
[2022-07-11 05:21:04,047] multiqc                                            [DEBUG  ]  No samples found: bcftools
[2022-07-11 05:21:04,052] multiqc                                            [DEBUG  ]  No samples found: featureCounts
[2022-07-11 05:21:04,055] multiqc                                            [DEBUG  ]  No samples found: fgbio
[2022-07-11 05:21:04,063] multiqc                                            [DEBUG  ]  No samples found: dragen
[2022-07-11 05:21:04,066] multiqc                                            [DEBUG  ]  No samples found: dedup
[2022-07-11 05:21:04,070] multiqc                                            [DEBUG  ]  No samples found: damageprofiler
[2022-07-11 05:21:04,081] multiqc                                            [DEBUG  ]  No samples found: biobambam2
[2022-07-11 05:21:04,085] multiqc                                            [DEBUG  ]  No samples found: mtnucratio
[2022-07-11 05:21:04,088] multiqc                                            [DEBUG  ]  No samples found: picard
[2022-07-11 05:21:04,091] multiqc                                            [DEBUG  ]  No samples found: prokka
[2022-07-11 05:21:04,096] multiqc                                            [DEBUG  ]  No samples found: samblaster
[2022-07-11 05:21:04,100] multiqc                                            [DEBUG  ]  No samples found: samtools
[2022-07-11 05:21:04,104] multiqc                                            [DEBUG  ]  No samples found: sexdeterrmine
[2022-07-11 05:21:04,108] multiqc                                            [DEBUG  ]  No samples found: bamtools
[2022-07-11 05:21:04,112] multiqc                                            [DEBUG  ]  No samples found: jellyfish
[2022-07-11 05:21:04,117] multiqc                                            [DEBUG  ]  No samples found: vcftools
[2022-07-11 05:21:04,121] multiqc                                            [DEBUG  ]  No samples found: longranger
[2022-07-11 05:21:04,126] multiqc                                            [DEBUG  ]  No samples found: stacks
[2022-07-11 05:21:04,130] multiqc                                            [DEBUG  ]  No samples found: varscan2
[2022-07-11 05:21:04,137] multiqc                                            [DEBUG  ]  No samples found: bbmap
[2022-07-11 05:21:04,141] multiqc                                            [DEBUG  ]  No samples found: bismark
[2022-07-11 05:21:04,146] multiqc                                            [DEBUG  ]  No samples found: biscuit
[2022-07-11 05:21:04,150] multiqc                                            [DEBUG  ]  No samples found: hicexplorer
[2022-07-11 05:21:04,154] multiqc                                            [DEBUG  ]  No samples found: hicup
[2022-07-11 05:21:04,157] multiqc                                            [DEBUG  ]  No samples found: hicpro
[2022-07-11 05:21:04,161] multiqc                                            [DEBUG  ]  No samples found: salmon
[2022-07-11 05:21:04,165] multiqc                                            [DEBUG  ]  No samples found: kallisto
[2022-07-11 05:21:04,169] multiqc                                            [DEBUG  ]  No samples found: slamdunk
[2022-07-11 05:21:04,173] multiqc                                            [DEBUG  ]  No samples found: star
[2022-07-11 05:21:04,177] multiqc                                            [DEBUG  ]  No samples found: hisat2
[2022-07-11 05:21:04,181] multiqc                                            [DEBUG  ]  No samples found: tophat
[2022-07-11 05:21:04,185] multiqc                                            [DEBUG  ]  No samples found: bowtie2
[2022-07-11 05:21:04,188] multiqc                                            [DEBUG  ]  No samples found: bowtie1
[2022-07-11 05:21:04,192] multiqc                                            [DEBUG  ]  No samples found: snpsplit
[2022-07-11 05:21:04,196] multiqc                                            [DEBUG  ]  No samples found: kat
[2022-07-11 05:21:04,200] multiqc                                            [DEBUG  ]  No samples found: leehom
[2022-07-11 05:21:04,204] multiqc                                            [DEBUG  ]  No samples found: adapterRemoval
[2022-07-11 05:21:04,208] multiqc                                            [DEBUG  ]  No samples found: clipandmerge
[2022-07-11 05:21:04,213] multiqc                                            [DEBUG  ]  No samples found: cutadapt
[2022-07-11 05:21:04,217] multiqc                                            [DEBUG  ]  No samples found: flexbar
[2022-07-11 05:21:04,221] multiqc                                            [DEBUG  ]  No samples found: kaiju
[2022-07-11 05:21:04,225] multiqc                                            [DEBUG  ]  No samples found: kraken
[2022-07-11 05:21:04,229] multiqc                                            [DEBUG  ]  No samples found: malt
[2022-07-11 05:21:04,233] multiqc                                            [DEBUG  ]  No samples found: trimmomatic
[2022-07-11 05:21:04,237] multiqc                                            [DEBUG  ]  No samples found: sickle
[2022-07-11 05:21:04,240] multiqc                                            [DEBUG  ]  No samples found: skewer
[2022-07-11 05:21:04,244] multiqc                                            [DEBUG  ]  No samples found: sortmerna
[2022-07-11 05:21:04,248] multiqc                                            [DEBUG  ]  No samples found: biobloomtools
[2022-07-11 05:21:04,253] multiqc                                            [DEBUG  ]  No samples found: fastq_screen
[2022-07-11 05:21:04,257] multiqc                                            [DEBUG  ]  No samples found: afterqc
[2022-07-11 05:21:04,261] multiqc                                            [DEBUG  ]  No samples found: fastp
[2022-07-11 05:21:05,254] multiqc.modules.fastqc.fastqc                      [INFO   ]  Found 6 reports
[2022-07-11 05:21:05,453] multiqc                                            [DEBUG  ]  No samples found: pycoqc
[2022-07-11 05:21:05,463] multiqc                                            [DEBUG  ]  No samples found: minionqc
[2022-07-11 05:21:05,473] multiqc                                            [DEBUG  ]  No samples found: multivcfanalyzer
[2022-07-11 05:21:05,484] multiqc                                            [DEBUG  ]  No samples found: clusterflow
[2022-07-11 05:21:05,491] multiqc                                            [DEBUG  ]  No samples found: bcl2fastq
[2022-07-11 05:21:05,499] multiqc                                            [DEBUG  ]  No samples found: interop
[2022-07-11 05:21:05,505] multiqc                                            [DEBUG  ]  No samples found: ivar
[2022-07-11 05:21:05,511] multiqc                                            [DEBUG  ]  No samples found: flash
[2022-07-11 05:21:05,518] multiqc                                            [DEBUG  ]  No samples found: seqyclean
[2022-07-11 05:21:05,532] multiqc                                            [INFO   ]  Compressing plot data
[2022-07-11 05:21:05,679] multiqc                                            [INFO   ]  Report      : fastqc_report.html
[2022-07-11 05:21:05,679] multiqc                                            [INFO   ]  Data        : fastqc_report_data
[2022-07-11 05:21:05,679] multiqc                                            [DEBUG  ]  Moving data file from '/tmp/tmpxqambn5k/multiqc_data' to '/home/e1garcia/shotgun_PIRE/REUs/2022_REU/chandy_jablonski/encrasicholina_pseudoheteroloba/shotgun_raw_fq/fastqc_report_data'
[2022-07-11 05:21:05,911] multiqc                                            [INFO   ]  MultiQC complete
