
[warning] samtools mpileup option `u` is functional, but deprecated. Please switch to using bcftools mpileup in future.
[mpileup] 3 samples in 1 input files
Note: none of --samples-file, --ploidy or --ploidy-file given, assuming all sites are diploid
mv: cannot stat 'denovoSSL_20k_mpileup-1025643.out': No such file or directory
mv: cannot move 'denovoSSL_20k_mpileup-1025644.out' to '/home/e1garcia/shotgun_PIRE/REUs/2022_REU/erykamolino/pomacentrus_pavo_PSMC/data/mkBAM/Ppa_denovoSSL_20k_PSMC/denovoSSL_20k_PSMC/joblog/denovoSSL_20k_mpileup-1025644.out': No such file or directory
mv: cannot move 'denovoSSL_20k_mpileup-1025645.out' to '/home/e1garcia/shotgun_PIRE/REUs/2022_REU/erykamolino/pomacentrus_pavo_PSMC/data/mkBAM/Ppa_denovoSSL_20k_PSMC/denovoSSL_20k_PSMC/joblog/denovoSSL_20k_mpileup-1025645.out': No such file or directory
mv: cannot move 'denovoSSL_20k_mpileup-1025646.out' to '/home/e1garcia/shotgun_PIRE/REUs/2022_REU/erykamolino/pomacentrus_pavo_PSMC/data/mkBAM/Ppa_denovoSSL_20k_PSMC/denovoSSL_20k_PSMC/joblog/denovoSSL_20k_mpileup-1025646.out': No such file or directory
mv: 'denovoSSL_20k_mpileup-1025648.out' and '/home/e1garcia/shotgun_PIRE/REUs/2022_REU/erykamolino/pomacentrus_pavo_PSMC/data/mkBAM/Ppa_denovoSSL_20k_PSMC/denovoSSL_20k_PSMC/joblog/denovoSSL_20k_mpileup-1025648.out' are the same file
mv: 'denovoSSL_20k_mpileup-1025650.out' and '/home/e1garcia/shotgun_PIRE/REUs/2022_REU/erykamolino/pomacentrus_pavo_PSMC/data/mkBAM/Ppa_denovoSSL_20k_PSMC/denovoSSL_20k_PSMC/joblog/denovoSSL_20k_mpileup-1025650.out' are the same file
mv: 'denovoSSL_20k_mpileup-1025651.out' and '/home/e1garcia/shotgun_PIRE/REUs/2022_REU/erykamolino/pomacentrus_pavo_PSMC/data/mkBAM/Ppa_denovoSSL_20k_PSMC/denovoSSL_20k_PSMC/joblog/denovoSSL_20k_mpileup-1025651.out' are the same file
mv: 'denovoSSL_20k_mpileup-1025652.out' and '/home/e1garcia/shotgun_PIRE/REUs/2022_REU/erykamolino/pomacentrus_pavo_PSMC/data/mkBAM/Ppa_denovoSSL_20k_PSMC/denovoSSL_20k_PSMC/joblog/denovoSSL_20k_mpileup-1025652.out' are the same file
mv: 'denovoSSL_20k_mpileup-1025653.out' and '/home/e1garcia/shotgun_PIRE/REUs/2022_REU/erykamolino/pomacentrus_pavo_PSMC/data/mkBAM/Ppa_denovoSSL_20k_PSMC/denovoSSL_20k_PSMC/joblog/denovoSSL_20k_mpileup-1025653.out' are the same file
mv: 'denovoSSL_20k_mpileup-1025654.out' and '/home/e1garcia/shotgun_PIRE/REUs/2022_REU/erykamolino/pomacentrus_pavo_PSMC/data/mkBAM/Ppa_denovoSSL_20k_PSMC/denovoSSL_20k_PSMC/joblog/denovoSSL_20k_mpileup-1025654.out' are the same file
mv: 'denovoSSL_20k_mpileup-1025655.out' and '/home/e1garcia/shotgun_PIRE/REUs/2022_REU/erykamolino/pomacentrus_pavo_PSMC/data/mkBAM/Ppa_denovoSSL_20k_PSMC/denovoSSL_20k_PSMC/joblog/denovoSSL_20k_mpileup-1025655.out' are the same file
mv: cannot stat 'denovoSSL_20k_mpileup-1025656.out': No such file or directory
mv: 'denovoSSL_20k_mpileup-1025657.out' and '/home/e1garcia/shotgun_PIRE/REUs/2022_REU/erykamolino/pomacentrus_pavo_PSMC/data/mkBAM/Ppa_denovoSSL_20k_PSMC/denovoSSL_20k_PSMC/joblog/denovoSSL_20k_mpileup-1025657.out' are the same file
mv: 'denovoSSL_20k_mpileup-1025658.out' and '/home/e1garcia/shotgun_PIRE/REUs/2022_REU/erykamolino/pomacentrus_pavo_PSMC/data/mkBAM/Ppa_denovoSSL_20k_PSMC/denovoSSL_20k_PSMC/joblog/denovoSSL_20k_mpileup-1025658.out' are the same file
mv: 'denovoSSL_20k_mpileup-1025659.out' and '/home/e1garcia/shotgun_PIRE/REUs/2022_REU/erykamolino/pomacentrus_pavo_PSMC/data/mkBAM/Ppa_denovoSSL_20k_PSMC/denovoSSL_20k_PSMC/joblog/denovoSSL_20k_mpileup-1025659.out' are the same file
mv: 'denovoSSL_20k_mpileup-1025660.out' and '/home/e1garcia/shotgun_PIRE/REUs/2022_REU/erykamolino/pomacentrus_pavo_PSMC/data/mkBAM/Ppa_denovoSSL_20k_PSMC/denovoSSL_20k_PSMC/joblog/denovoSSL_20k_mpileup-1025660.out' are the same file
mv: cannot stat 'denovoSSL_20k_mpileup-1025663.out': No such file or directory
