
[warning] samtools mpileup option `u` is functional, but deprecated. Please switch to using bcftools mpileup in future.
[mpileup] 3 samples in 1 input files
Note: none of --samples-file, --ploidy or --ploidy-file given, assuming all sites are diploid
mv: cannot stat 'denovoSSL_20k_mpileup-1023672.out': No such file or directory
mv: cannot stat 'denovoSSL_20k_mpileup-1023673.out': No such file or directory
mv: cannot stat 'denovoSSL_20k_mpileup-1023674.out': No such file or directory
mv: cannot stat 'denovoSSL_20k_mpileup-1023675.out': No such file or directory
mv: cannot stat 'denovoSSL_20k_mpileup-1023676.out': No such file or directory
mv: cannot stat 'denovoSSL_20k_mpileup-1023677.out': No such file or directory
mv: cannot stat 'denovoSSL_20k_mpileup-1023678.out': No such file or directory
mv: cannot stat 'denovoSSL_20k_mpileup-1023679.out': No such file or directory
mv: cannot stat 'denovoSSL_20k_mpileup-1023680.out': No such file or directory
mv: cannot stat 'denovoSSL_20k_mpileup-1023681.out': No such file or directory
mv: cannot stat 'denovoSSL_20k_mpileup-1023682.out': No such file or directory
mv: cannot stat 'denovoSSL_20k_mpileup-1023683.out': No such file or directory
mv: cannot stat 'denovoSSL_20k_mpileup-1023684.out': No such file or directory
mv: cannot stat 'denovoSSL_20k_mpileup-1023685.out': No such file or directory
mv: cannot stat 'denovoSSL_20k_mpileup-1023686.out': No such file or directory
mv: 'denovoSSL_20k_mpileup-1023687.out' and '/home/e1garcia/shotgun_PIRE/REUs/2022_REU/erykamolino/pomacentrus_pavo_PSMC/data/mkBAM/Ppa_denovoSSL_20k_PSMC/denovoSSL_20k_PSMC/joblog/denovoSSL_20k_mpileup-1023687.out' are the same file
mv: cannot stat 'denovoSSL_20k_mpileup-1023688.out': No such file or directory
mv: 'denovoSSL_20k_mpileup-1023689.out' and '/home/e1garcia/shotgun_PIRE/REUs/2022_REU/erykamolino/pomacentrus_pavo_PSMC/data/mkBAM/Ppa_denovoSSL_20k_PSMC/denovoSSL_20k_PSMC/joblog/denovoSSL_20k_mpileup-1023689.out' are the same file
mv: cannot stat 'denovoSSL_20k_mpileup-1023690.out': No such file or directory
