
[warning] samtools mpileup option `u` is functional, but deprecated. Please switch to using bcftools mpileup in future.
[mpileup] 3 samples in 1 input files
Note: none of --samples-file, --ploidy or --ploidy-file given, assuming all sites are diploid
mv: cannot move 'denovoSSL_20k_mpileup-1020492.out' to '/home/e1garcia/shotgun_PIRE/REUs/2022_REU/erykamolino/pomacentrus_pavo_PSMC/data/mkBAM/Ppa_denovoSSL_20k_PSMC/denovoSSL_20k_PSMC/joblog/denovoSSL_20k_mpileup-1020492.out': No such file or directory
mv: cannot move 'denovoSSL_20k_mpileup-1020493.out' to '/home/e1garcia/shotgun_PIRE/REUs/2022_REU/erykamolino/pomacentrus_pavo_PSMC/data/mkBAM/Ppa_denovoSSL_20k_PSMC/denovoSSL_20k_PSMC/joblog/denovoSSL_20k_mpileup-1020493.out': No such file or directory
mv: cannot move 'denovoSSL_20k_mpileup-1020494.out' to '/home/e1garcia/shotgun_PIRE/REUs/2022_REU/erykamolino/pomacentrus_pavo_PSMC/data/mkBAM/Ppa_denovoSSL_20k_PSMC/denovoSSL_20k_PSMC/joblog/denovoSSL_20k_mpileup-1020494.out': No such file or directory
mv: cannot move 'denovoSSL_20k_mpileup-1020496.out' to '/home/e1garcia/shotgun_PIRE/REUs/2022_REU/erykamolino/pomacentrus_pavo_PSMC/data/mkBAM/Ppa_denovoSSL_20k_PSMC/denovoSSL_20k_PSMC/joblog/denovoSSL_20k_mpileup-1020496.out': No such file or directory
mv: cannot move 'denovoSSL_20k_mpileup-1020497.out' to '/home/e1garcia/shotgun_PIRE/REUs/2022_REU/erykamolino/pomacentrus_pavo_PSMC/data/mkBAM/Ppa_denovoSSL_20k_PSMC/denovoSSL_20k_PSMC/joblog/denovoSSL_20k_mpileup-1020497.out': No such file or directory
mv: cannot move 'denovoSSL_20k_mpileup-1020498.out' to '/home/e1garcia/shotgun_PIRE/REUs/2022_REU/erykamolino/pomacentrus_pavo_PSMC/data/mkBAM/Ppa_denovoSSL_20k_PSMC/denovoSSL_20k_PSMC/joblog/denovoSSL_20k_mpileup-1020498.out': No such file or directory
mv: cannot move 'denovoSSL_20k_mpileup-1020499.out' to '/home/e1garcia/shotgun_PIRE/REUs/2022_REU/erykamolino/pomacentrus_pavo_PSMC/data/mkBAM/Ppa_denovoSSL_20k_PSMC/denovoSSL_20k_PSMC/joblog/denovoSSL_20k_mpileup-1020499.out': No such file or directory
mv: cannot move 'denovoSSL_20k_mpileup-1020500.out' to '/home/e1garcia/shotgun_PIRE/REUs/2022_REU/erykamolino/pomacentrus_pavo_PSMC/data/mkBAM/Ppa_denovoSSL_20k_PSMC/denovoSSL_20k_PSMC/joblog/denovoSSL_20k_mpileup-1020500.out': No such file or directory
mv: cannot move 'denovoSSL_20k_mpileup-1020501.out' to '/home/e1garcia/shotgun_PIRE/REUs/2022_REU/erykamolino/pomacentrus_pavo_PSMC/data/mkBAM/Ppa_denovoSSL_20k_PSMC/denovoSSL_20k_PSMC/joblog/denovoSSL_20k_mpileup-1020501.out': No such file or directory
mv: cannot move 'denovoSSL_20k_mpileup-1020504.out' to '/home/e1garcia/shotgun_PIRE/REUs/2022_REU/erykamolino/pomacentrus_pavo_PSMC/data/mkBAM/Ppa_denovoSSL_20k_PSMC/denovoSSL_20k_PSMC/joblog/denovoSSL_20k_mpileup-1020504.out': No such file or directory
mv: cannot move 'denovoSSL_20k_mpileup-1020506.out' to '/home/e1garcia/shotgun_PIRE/REUs/2022_REU/erykamolino/pomacentrus_pavo_PSMC/data/mkBAM/Ppa_denovoSSL_20k_PSMC/denovoSSL_20k_PSMC/joblog/denovoSSL_20k_mpileup-1020506.out': No such file or directory
mv: cannot move 'denovoSSL_20k_mpileup-1020508.out' to '/home/e1garcia/shotgun_PIRE/REUs/2022_REU/erykamolino/pomacentrus_pavo_PSMC/data/mkBAM/Ppa_denovoSSL_20k_PSMC/denovoSSL_20k_PSMC/joblog/denovoSSL_20k_mpileup-1020508.out': No such file or directory
mv: cannot move 'denovoSSL_20k_mpileup-1020509.out' to '/home/e1garcia/shotgun_PIRE/REUs/2022_REU/erykamolino/pomacentrus_pavo_PSMC/data/mkBAM/Ppa_denovoSSL_20k_PSMC/denovoSSL_20k_PSMC/joblog/denovoSSL_20k_mpileup-1020509.out': No such file or directory
mv: cannot move 'denovoSSL_20k_mpileup-1020510.out' to '/home/e1garcia/shotgun_PIRE/REUs/2022_REU/erykamolino/pomacentrus_pavo_PSMC/data/mkBAM/Ppa_denovoSSL_20k_PSMC/denovoSSL_20k_PSMC/joblog/denovoSSL_20k_mpileup-1020510.out': No such file or directory
mv: cannot move 'denovoSSL_20k_mpileup-1020511.out' to '/home/e1garcia/shotgun_PIRE/REUs/2022_REU/erykamolino/pomacentrus_pavo_PSMC/data/mkBAM/Ppa_denovoSSL_20k_PSMC/denovoSSL_20k_PSMC/joblog/denovoSSL_20k_mpileup-1020511.out': No such file or directory
mv: 'denovoSSL_20k_mpileup-1020512.out' and '/home/e1garcia/shotgun_PIRE/REUs/2022_REU/erykamolino/pomacentrus_pavo_PSMC/data/mkBAM/Ppa_denovoSSL_20k_PSMC/denovoSSL_20k_PSMC/joblog/denovoSSL_20k_mpileup-1020512.out' are the same file
mv: 'denovoSSL_20k_mpileup-1020513.out' and '/home/e1garcia/shotgun_PIRE/REUs/2022_REU/erykamolino/pomacentrus_pavo_PSMC/data/mkBAM/Ppa_denovoSSL_20k_PSMC/denovoSSL_20k_PSMC/joblog/denovoSSL_20k_mpileup-1020513.out' are the same file
mv: 'denovoSSL_20k_mpileup-1020514.out' and '/home/e1garcia/shotgun_PIRE/REUs/2022_REU/erykamolino/pomacentrus_pavo_PSMC/data/mkBAM/Ppa_denovoSSL_20k_PSMC/denovoSSL_20k_PSMC/joblog/denovoSSL_20k_mpileup-1020514.out' are the same file
mv: 'denovoSSL_20k_mpileup-1020515.out' and '/home/e1garcia/shotgun_PIRE/REUs/2022_REU/erykamolino/pomacentrus_pavo_PSMC/data/mkBAM/Ppa_denovoSSL_20k_PSMC/denovoSSL_20k_PSMC/joblog/denovoSSL_20k_mpileup-1020515.out' are the same file
mv: 'denovoSSL_20k_mpileup-1020516.out' and '/home/e1garcia/shotgun_PIRE/REUs/2022_REU/erykamolino/pomacentrus_pavo_PSMC/data/mkBAM/Ppa_denovoSSL_20k_PSMC/denovoSSL_20k_PSMC/joblog/denovoSSL_20k_mpileup-1020516.out' are the same file
