
[warning] samtools mpileup option `u` is functional, but deprecated. Please switch to using bcftools mpileup in future.
Note: none of --samples-file, --ploidy or --ploidy-file given, assuming all sites are diploid
[mpileup] 3 samples in 1 input files
mv: 'denovoSSL_20k_mpileup-1014842.out' and '/home/e1garcia/shotgun_PIRE/REUs/2022_REU/erykamolino/pomacentrus_pavo_PSMC/data/mkBAM/Ppa_denovoSSL_20k_PSMC/denovoSSL_20k_PSMC/joblog/denovoSSL_20k_mpileup-1014842.out' are the same file
mv: 'denovoSSL_20k_mpileup-1014843.out' and '/home/e1garcia/shotgun_PIRE/REUs/2022_REU/erykamolino/pomacentrus_pavo_PSMC/data/mkBAM/Ppa_denovoSSL_20k_PSMC/denovoSSL_20k_PSMC/joblog/denovoSSL_20k_mpileup-1014843.out' are the same file
mv: 'denovoSSL_20k_mpileup-1014844.out' and '/home/e1garcia/shotgun_PIRE/REUs/2022_REU/erykamolino/pomacentrus_pavo_PSMC/data/mkBAM/Ppa_denovoSSL_20k_PSMC/denovoSSL_20k_PSMC/joblog/denovoSSL_20k_mpileup-1014844.out' are the same file
mv: 'denovoSSL_20k_mpileup-1014845.out' and '/home/e1garcia/shotgun_PIRE/REUs/2022_REU/erykamolino/pomacentrus_pavo_PSMC/data/mkBAM/Ppa_denovoSSL_20k_PSMC/denovoSSL_20k_PSMC/joblog/denovoSSL_20k_mpileup-1014845.out' are the same file
mv: 'denovoSSL_20k_mpileup-1014846.out' and '/home/e1garcia/shotgun_PIRE/REUs/2022_REU/erykamolino/pomacentrus_pavo_PSMC/data/mkBAM/Ppa_denovoSSL_20k_PSMC/denovoSSL_20k_PSMC/joblog/denovoSSL_20k_mpileup-1014846.out' are the same file
mv: 'denovoSSL_20k_mpileup-1014847.out' and '/home/e1garcia/shotgun_PIRE/REUs/2022_REU/erykamolino/pomacentrus_pavo_PSMC/data/mkBAM/Ppa_denovoSSL_20k_PSMC/denovoSSL_20k_PSMC/joblog/denovoSSL_20k_mpileup-1014847.out' are the same file
mv: 'denovoSSL_20k_mpileup-1014848.out' and '/home/e1garcia/shotgun_PIRE/REUs/2022_REU/erykamolino/pomacentrus_pavo_PSMC/data/mkBAM/Ppa_denovoSSL_20k_PSMC/denovoSSL_20k_PSMC/joblog/denovoSSL_20k_mpileup-1014848.out' are the same file
mv: 'denovoSSL_20k_mpileup-1014849.out' and '/home/e1garcia/shotgun_PIRE/REUs/2022_REU/erykamolino/pomacentrus_pavo_PSMC/data/mkBAM/Ppa_denovoSSL_20k_PSMC/denovoSSL_20k_PSMC/joblog/denovoSSL_20k_mpileup-1014849.out' are the same file
mv: 'denovoSSL_20k_mpileup-1014850.out' and '/home/e1garcia/shotgun_PIRE/REUs/2022_REU/erykamolino/pomacentrus_pavo_PSMC/data/mkBAM/Ppa_denovoSSL_20k_PSMC/denovoSSL_20k_PSMC/joblog/denovoSSL_20k_mpileup-1014850.out' are the same file
mv: 'denovoSSL_20k_mpileup-1014851.out' and '/home/e1garcia/shotgun_PIRE/REUs/2022_REU/erykamolino/pomacentrus_pavo_PSMC/data/mkBAM/Ppa_denovoSSL_20k_PSMC/denovoSSL_20k_PSMC/joblog/denovoSSL_20k_mpileup-1014851.out' are the same file
mv: 'denovoSSL_20k_mpileup-1014852.out' and '/home/e1garcia/shotgun_PIRE/REUs/2022_REU/erykamolino/pomacentrus_pavo_PSMC/data/mkBAM/Ppa_denovoSSL_20k_PSMC/denovoSSL_20k_PSMC/joblog/denovoSSL_20k_mpileup-1014852.out' are the same file
mv: 'denovoSSL_20k_mpileup-1014853.out' and '/home/e1garcia/shotgun_PIRE/REUs/2022_REU/erykamolino/pomacentrus_pavo_PSMC/data/mkBAM/Ppa_denovoSSL_20k_PSMC/denovoSSL_20k_PSMC/joblog/denovoSSL_20k_mpileup-1014853.out' are the same file
mv: 'denovoSSL_20k_mpileup-1014854.out' and '/home/e1garcia/shotgun_PIRE/REUs/2022_REU/erykamolino/pomacentrus_pavo_PSMC/data/mkBAM/Ppa_denovoSSL_20k_PSMC/denovoSSL_20k_PSMC/joblog/denovoSSL_20k_mpileup-1014854.out' are the same file
mv: 'denovoSSL_20k_mpileup-1014855.out' and '/home/e1garcia/shotgun_PIRE/REUs/2022_REU/erykamolino/pomacentrus_pavo_PSMC/data/mkBAM/Ppa_denovoSSL_20k_PSMC/denovoSSL_20k_PSMC/joblog/denovoSSL_20k_mpileup-1014855.out' are the same file
mv: cannot move 'denovoSSL_20k_mpileup-1014856.out' to '/home/e1garcia/shotgun_PIRE/REUs/2022_REU/erykamolino/pomacentrus_pavo_PSMC/data/mkBAM/Ppa_denovoSSL_20k_PSMC/denovoSSL_20k_PSMC/joblog/denovoSSL_20k_mpileup-1014856.out': No such file or directory
mv: cannot move 'denovoSSL_20k_mpileup-1014857.out' to '/home/e1garcia/shotgun_PIRE/REUs/2022_REU/erykamolino/pomacentrus_pavo_PSMC/data/mkBAM/Ppa_denovoSSL_20k_PSMC/denovoSSL_20k_PSMC/joblog/denovoSSL_20k_mpileup-1014857.out': No such file or directory
mv: cannot move 'denovoSSL_20k_mpileup-1014858.out' to '/home/e1garcia/shotgun_PIRE/REUs/2022_REU/erykamolino/pomacentrus_pavo_PSMC/data/mkBAM/Ppa_denovoSSL_20k_PSMC/denovoSSL_20k_PSMC/joblog/denovoSSL_20k_mpileup-1014858.out': No such file or directory
mv: 'denovoSSL_20k_mpileup-1014859.out' and '/home/e1garcia/shotgun_PIRE/REUs/2022_REU/erykamolino/pomacentrus_pavo_PSMC/data/mkBAM/Ppa_denovoSSL_20k_PSMC/denovoSSL_20k_PSMC/joblog/denovoSSL_20k_mpileup-1014859.out' are the same file
mv: 'denovoSSL_20k_mpileup-1014860.out' and '/home/e1garcia/shotgun_PIRE/REUs/2022_REU/erykamolino/pomacentrus_pavo_PSMC/data/mkBAM/Ppa_denovoSSL_20k_PSMC/denovoSSL_20k_PSMC/joblog/denovoSSL_20k_mpileup-1014860.out' are the same file
mv: 'denovoSSL_20k_mpileup-1014861.out' and '/home/e1garcia/shotgun_PIRE/REUs/2022_REU/erykamolino/pomacentrus_pavo_PSMC/data/mkBAM/Ppa_denovoSSL_20k_PSMC/denovoSSL_20k_PSMC/joblog/denovoSSL_20k_mpileup-1014861.out' are the same file
mv: 'denovoSSL_20k_mpileup-1014862.out' and '/home/e1garcia/shotgun_PIRE/REUs/2022_REU/erykamolino/pomacentrus_pavo_PSMC/data/mkBAM/Ppa_denovoSSL_20k_PSMC/denovoSSL_20k_PSMC/joblog/denovoSSL_20k_mpileup-1014862.out' are the same file
mv: cannot move 'denovoSSL_20k_mpileup-1014863.out' to '/home/e1garcia/shotgun_PIRE/REUs/2022_REU/erykamolino/pomacentrus_pavo_PSMC/data/mkBAM/Ppa_denovoSSL_20k_PSMC/denovoSSL_20k_PSMC/joblog/denovoSSL_20k_mpileup-1014863.out': No such file or directory
