
[warning] samtools mpileup option `u` is functional, but deprecated. Please switch to using bcftools mpileup in future.
[mpileup] 3 samples in 1 input files
Note: none of --samples-file, --ploidy or --ploidy-file given, assuming all sites are diploid
mv: 'denovoSSL_20k_mpileup-1025154.out' and '/home/e1garcia/shotgun_PIRE/REUs/2022_REU/erykamolino/pomacentrus_pavo_PSMC/data/mkBAM/Ppa_denovoSSL_20k_PSMC/denovoSSL_20k_PSMC/joblog/denovoSSL_20k_mpileup-1025154.out' are the same file
mv: 'denovoSSL_20k_mpileup-1025155.out' and '/home/e1garcia/shotgun_PIRE/REUs/2022_REU/erykamolino/pomacentrus_pavo_PSMC/data/mkBAM/Ppa_denovoSSL_20k_PSMC/denovoSSL_20k_PSMC/joblog/denovoSSL_20k_mpileup-1025155.out' are the same file
mv: 'denovoSSL_20k_mpileup-1025156.out' and '/home/e1garcia/shotgun_PIRE/REUs/2022_REU/erykamolino/pomacentrus_pavo_PSMC/data/mkBAM/Ppa_denovoSSL_20k_PSMC/denovoSSL_20k_PSMC/joblog/denovoSSL_20k_mpileup-1025156.out' are the same file
mv: 'denovoSSL_20k_mpileup-1025157.out' and '/home/e1garcia/shotgun_PIRE/REUs/2022_REU/erykamolino/pomacentrus_pavo_PSMC/data/mkBAM/Ppa_denovoSSL_20k_PSMC/denovoSSL_20k_PSMC/joblog/denovoSSL_20k_mpileup-1025157.out' are the same file
mv: 'denovoSSL_20k_mpileup-1025158.out' and '/home/e1garcia/shotgun_PIRE/REUs/2022_REU/erykamolino/pomacentrus_pavo_PSMC/data/mkBAM/Ppa_denovoSSL_20k_PSMC/denovoSSL_20k_PSMC/joblog/denovoSSL_20k_mpileup-1025158.out' are the same file
mv: 'denovoSSL_20k_mpileup-1025159.out' and '/home/e1garcia/shotgun_PIRE/REUs/2022_REU/erykamolino/pomacentrus_pavo_PSMC/data/mkBAM/Ppa_denovoSSL_20k_PSMC/denovoSSL_20k_PSMC/joblog/denovoSSL_20k_mpileup-1025159.out' are the same file
mv: 'denovoSSL_20k_mpileup-1025160.out' and '/home/e1garcia/shotgun_PIRE/REUs/2022_REU/erykamolino/pomacentrus_pavo_PSMC/data/mkBAM/Ppa_denovoSSL_20k_PSMC/denovoSSL_20k_PSMC/joblog/denovoSSL_20k_mpileup-1025160.out' are the same file
mv: cannot move 'denovoSSL_20k_mpileup-1025161.out' to '/home/e1garcia/shotgun_PIRE/REUs/2022_REU/erykamolino/pomacentrus_pavo_PSMC/data/mkBAM/Ppa_denovoSSL_20k_PSMC/denovoSSL_20k_PSMC/joblog/denovoSSL_20k_mpileup-1025161.out': No such file or directory
mv: cannot move 'denovoSSL_20k_mpileup-1025162.out' to '/home/e1garcia/shotgun_PIRE/REUs/2022_REU/erykamolino/pomacentrus_pavo_PSMC/data/mkBAM/Ppa_denovoSSL_20k_PSMC/denovoSSL_20k_PSMC/joblog/denovoSSL_20k_mpileup-1025162.out': No such file or directory
mv: cannot move 'denovoSSL_20k_mpileup-1025163.out' to '/home/e1garcia/shotgun_PIRE/REUs/2022_REU/erykamolino/pomacentrus_pavo_PSMC/data/mkBAM/Ppa_denovoSSL_20k_PSMC/denovoSSL_20k_PSMC/joblog/denovoSSL_20k_mpileup-1025163.out': No such file or directory
mv: cannot move 'denovoSSL_20k_mpileup-1025164.out' to '/home/e1garcia/shotgun_PIRE/REUs/2022_REU/erykamolino/pomacentrus_pavo_PSMC/data/mkBAM/Ppa_denovoSSL_20k_PSMC/denovoSSL_20k_PSMC/joblog/denovoSSL_20k_mpileup-1025164.out': No such file or directory
mv: cannot move 'denovoSSL_20k_mpileup-1025165.out' to '/home/e1garcia/shotgun_PIRE/REUs/2022_REU/erykamolino/pomacentrus_pavo_PSMC/data/mkBAM/Ppa_denovoSSL_20k_PSMC/denovoSSL_20k_PSMC/joblog/denovoSSL_20k_mpileup-1025165.out': No such file or directory
mv: cannot move 'denovoSSL_20k_mpileup-1025168.out' to '/home/e1garcia/shotgun_PIRE/REUs/2022_REU/erykamolino/pomacentrus_pavo_PSMC/data/mkBAM/Ppa_denovoSSL_20k_PSMC/denovoSSL_20k_PSMC/joblog/denovoSSL_20k_mpileup-1025168.out': No such file or directory
mv: cannot move 'denovoSSL_20k_mpileup-1025170.out' to '/home/e1garcia/shotgun_PIRE/REUs/2022_REU/erykamolino/pomacentrus_pavo_PSMC/data/mkBAM/Ppa_denovoSSL_20k_PSMC/denovoSSL_20k_PSMC/joblog/denovoSSL_20k_mpileup-1025170.out': No such file or directory
mv: cannot move 'denovoSSL_20k_mpileup-1025171.out' to '/home/e1garcia/shotgun_PIRE/REUs/2022_REU/erykamolino/pomacentrus_pavo_PSMC/data/mkBAM/Ppa_denovoSSL_20k_PSMC/denovoSSL_20k_PSMC/joblog/denovoSSL_20k_mpileup-1025171.out': No such file or directory
mv: cannot move 'denovoSSL_20k_mpileup-1025172.out' to '/home/e1garcia/shotgun_PIRE/REUs/2022_REU/erykamolino/pomacentrus_pavo_PSMC/data/mkBAM/Ppa_denovoSSL_20k_PSMC/denovoSSL_20k_PSMC/joblog/denovoSSL_20k_mpileup-1025172.out': No such file or directory
mv: cannot move 'denovoSSL_20k_mpileup-1025173.out' to '/home/e1garcia/shotgun_PIRE/REUs/2022_REU/erykamolino/pomacentrus_pavo_PSMC/data/mkBAM/Ppa_denovoSSL_20k_PSMC/denovoSSL_20k_PSMC/joblog/denovoSSL_20k_mpileup-1025173.out': No such file or directory
mv: cannot move 'denovoSSL_20k_mpileup-1025174.out' to '/home/e1garcia/shotgun_PIRE/REUs/2022_REU/erykamolino/pomacentrus_pavo_PSMC/data/mkBAM/Ppa_denovoSSL_20k_PSMC/denovoSSL_20k_PSMC/joblog/denovoSSL_20k_mpileup-1025174.out': No such file or directory
mv: cannot move 'denovoSSL_20k_mpileup-1025175.out' to '/home/e1garcia/shotgun_PIRE/REUs/2022_REU/erykamolino/pomacentrus_pavo_PSMC/data/mkBAM/Ppa_denovoSSL_20k_PSMC/denovoSSL_20k_PSMC/joblog/denovoSSL_20k_mpileup-1025175.out': No such file or directory
