
[warning] samtools mpileup option `u` is functional, but deprecated. Please switch to using bcftools mpileup in future.
[mpileup] 3 samples in 1 input files
Note: none of --samples-file, --ploidy or --ploidy-file given, assuming all sites are diploid
mv: cannot stat 'denovoSSL_20k_mpileup-1024729.out': No such file or directory
mv: cannot stat 'denovoSSL_20k_mpileup-1024730.out': No such file or directory
mv: cannot stat 'denovoSSL_20k_mpileup-1024731.out': No such file or directory
mv: cannot stat 'denovoSSL_20k_mpileup-1024732.out': No such file or directory
mv: cannot stat 'denovoSSL_20k_mpileup-1024733.out': No such file or directory
mv: cannot stat 'denovoSSL_20k_mpileup-1024734.out': No such file or directory
mv: cannot stat 'denovoSSL_20k_mpileup-1024736.out': No such file or directory
mv: cannot stat 'denovoSSL_20k_mpileup-1024737.out': No such file or directory
mv: cannot stat 'denovoSSL_20k_mpileup-1024738.out': No such file or directory
mv: cannot stat 'denovoSSL_20k_mpileup-1024739.out': No such file or directory
mv: cannot stat 'denovoSSL_20k_mpileup-1024740.out': No such file or directory
mv: cannot stat 'denovoSSL_20k_mpileup-1024741.out': No such file or directory
mv: cannot stat 'denovoSSL_20k_mpileup-1024742.out': No such file or directory
mv: cannot stat 'denovoSSL_20k_mpileup-1024743.out': No such file or directory
mv: cannot stat 'denovoSSL_20k_mpileup-1024744.out': No such file or directory
mv: 'denovoSSL_20k_mpileup-1024746.out' and '/home/e1garcia/shotgun_PIRE/REUs/2022_REU/erykamolino/pomacentrus_pavo_PSMC/data/mkBAM/Ppa_denovoSSL_20k_PSMC/denovoSSL_20k_PSMC/joblog/denovoSSL_20k_mpileup-1024746.out' are the same file
mv: 'denovoSSL_20k_mpileup-1024747.out' and '/home/e1garcia/shotgun_PIRE/REUs/2022_REU/erykamolino/pomacentrus_pavo_PSMC/data/mkBAM/Ppa_denovoSSL_20k_PSMC/denovoSSL_20k_PSMC/joblog/denovoSSL_20k_mpileup-1024747.out' are the same file
mv: cannot stat 'denovoSSL_20k_mpileup-1024748.out': No such file or directory
mv: cannot stat 'denovoSSL_20k_mpileup-1024749.out': No such file or directory
mv: cannot stat 'denovoSSL_20k_mpileup-1024750.out': No such file or directory
mv: 'denovoSSL_20k_mpileup-1024751.out' and '/home/e1garcia/shotgun_PIRE/REUs/2022_REU/erykamolino/pomacentrus_pavo_PSMC/data/mkBAM/Ppa_denovoSSL_20k_PSMC/denovoSSL_20k_PSMC/joblog/denovoSSL_20k_mpileup-1024751.out' are the same file
