
[warning] samtools mpileup option `u` is functional, but deprecated. Please switch to using bcftools mpileup in future.
Note: none of --samples-file, --ploidy or --ploidy-file given, assuming all sites are diploid
[mpileup] 3 samples in 1 input files
mv: cannot stat 'denovoSSL_20k_mpileup-895498.out': No such file or directory
mv: cannot stat 'denovoSSL_20k_mpileup-895499.out': No such file or directory
mv: cannot stat 'denovoSSL_20k_mpileup-895500.out': No such file or directory
mv: cannot stat 'denovoSSL_20k_mpileup-895501.out': No such file or directory
mv: cannot stat 'denovoSSL_20k_mpileup-895502.out': No such file or directory
mv: cannot stat 'denovoSSL_20k_mpileup-895503.out': No such file or directory
mv: cannot stat 'denovoSSL_20k_mpileup-895504.out': No such file or directory
mv: cannot stat 'denovoSSL_20k_mpileup-895505.out': No such file or directory
mv: cannot stat 'denovoSSL_20k_mpileup-895506.out': No such file or directory
mv: cannot stat 'denovoSSL_20k_mpileup-895507.out': No such file or directory
mv: cannot stat 'denovoSSL_20k_mpileup-895508.out': No such file or directory
mv: 'denovoSSL_20k_mpileup-895509.out' and '/home/e1garcia/shotgun_PIRE/REUs/2022_REU/Allison/lethrinus_variegatus_PSMC/data/mkBAM/Lva_denovoSSL_20k_PSMC/denovoSSL_20k_PSMC/joblog/denovoSSL_20k_mpileup-895509.out' are the same file
mv: 'denovoSSL_20k_mpileup-895510.out' and '/home/e1garcia/shotgun_PIRE/REUs/2022_REU/Allison/lethrinus_variegatus_PSMC/data/mkBAM/Lva_denovoSSL_20k_PSMC/denovoSSL_20k_PSMC/joblog/denovoSSL_20k_mpileup-895510.out' are the same file
mv: cannot stat 'denovoSSL_20k_mpileup-895511.out': No such file or directory
mv: cannot stat 'denovoSSL_20k_mpileup-895512.out': No such file or directory
mv: cannot stat 'denovoSSL_20k_mpileup-895513.out': No such file or directory
mv: 'denovoSSL_20k_mpileup-895514.out' and '/home/e1garcia/shotgun_PIRE/REUs/2022_REU/Allison/lethrinus_variegatus_PSMC/data/mkBAM/Lva_denovoSSL_20k_PSMC/denovoSSL_20k_PSMC/joblog/denovoSSL_20k_mpileup-895514.out' are the same file
mv: cannot stat 'denovoSSL_20k_mpileup-895515.out': No such file or directory
mv: cannot stat 'denovoSSL_20k_mpileup-895516.out': No such file or directory
mv: cannot stat 'denovoSSL_20k_mpileup-895517.out': No such file or directory
mv: 'denovoSSL_20k_mpileup-895518.out' and '/home/e1garcia/shotgun_PIRE/REUs/2022_REU/Allison/lethrinus_variegatus_PSMC/data/mkBAM/Lva_denovoSSL_20k_PSMC/denovoSSL_20k_PSMC/joblog/denovoSSL_20k_mpileup-895518.out' are the same file
