
[warning] samtools mpileup option `u` is functional, but deprecated. Please switch to using bcftools mpileup in future.
[mpileup] 3 samples in 1 input files
Note: none of --samples-file, --ploidy or --ploidy-file given, assuming all sites are diploid
mv: 'denovoSSL_20k_mpileup-900447.out' and '/home/e1garcia/shotgun_PIRE/REUs/2022_REU/Allison/lethrinus_variegatus_PSMC/data/mkBAM/Lva_denovoSSL_20k_PSMC/denovoSSL_20k_PSMC/joblog/denovoSSL_20k_mpileup-900447.out' are the same file
mv: 'denovoSSL_20k_mpileup-900449.out' and '/home/e1garcia/shotgun_PIRE/REUs/2022_REU/Allison/lethrinus_variegatus_PSMC/data/mkBAM/Lva_denovoSSL_20k_PSMC/denovoSSL_20k_PSMC/joblog/denovoSSL_20k_mpileup-900449.out' are the same file
mv: 'denovoSSL_20k_mpileup-900450.out' and '/home/e1garcia/shotgun_PIRE/REUs/2022_REU/Allison/lethrinus_variegatus_PSMC/data/mkBAM/Lva_denovoSSL_20k_PSMC/denovoSSL_20k_PSMC/joblog/denovoSSL_20k_mpileup-900450.out' are the same file
mv: cannot move 'denovoSSL_20k_mpileup-900451.out' to '/home/e1garcia/shotgun_PIRE/REUs/2022_REU/Allison/lethrinus_variegatus_PSMC/data/mkBAM/Lva_denovoSSL_20k_PSMC/denovoSSL_20k_PSMC/joblog/denovoSSL_20k_mpileup-900451.out': No such file or directory
mv: 'denovoSSL_20k_mpileup-900454.out' and '/home/e1garcia/shotgun_PIRE/REUs/2022_REU/Allison/lethrinus_variegatus_PSMC/data/mkBAM/Lva_denovoSSL_20k_PSMC/denovoSSL_20k_PSMC/joblog/denovoSSL_20k_mpileup-900454.out' are the same file
mv: cannot move 'denovoSSL_20k_mpileup-900457.out' to '/home/e1garcia/shotgun_PIRE/REUs/2022_REU/Allison/lethrinus_variegatus_PSMC/data/mkBAM/Lva_denovoSSL_20k_PSMC/denovoSSL_20k_PSMC/joblog/denovoSSL_20k_mpileup-900457.out': No such file or directory
mv: cannot move 'denovoSSL_20k_mpileup-900460.out' to '/home/e1garcia/shotgun_PIRE/REUs/2022_REU/Allison/lethrinus_variegatus_PSMC/data/mkBAM/Lva_denovoSSL_20k_PSMC/denovoSSL_20k_PSMC/joblog/denovoSSL_20k_mpileup-900460.out': No such file or directory
mv: cannot move 'denovoSSL_20k_mpileup-900461.out' to '/home/e1garcia/shotgun_PIRE/REUs/2022_REU/Allison/lethrinus_variegatus_PSMC/data/mkBAM/Lva_denovoSSL_20k_PSMC/denovoSSL_20k_PSMC/joblog/denovoSSL_20k_mpileup-900461.out': No such file or directory
mv: cannot move 'denovoSSL_20k_mpileup-900462.out' to '/home/e1garcia/shotgun_PIRE/REUs/2022_REU/Allison/lethrinus_variegatus_PSMC/data/mkBAM/Lva_denovoSSL_20k_PSMC/denovoSSL_20k_PSMC/joblog/denovoSSL_20k_mpileup-900462.out': No such file or directory
mv: cannot move 'denovoSSL_20k_mpileup-900465.out' to '/home/e1garcia/shotgun_PIRE/REUs/2022_REU/Allison/lethrinus_variegatus_PSMC/data/mkBAM/Lva_denovoSSL_20k_PSMC/denovoSSL_20k_PSMC/joblog/denovoSSL_20k_mpileup-900465.out': No such file or directory
mv: cannot move 'denovoSSL_20k_mpileup-900467.out' to '/home/e1garcia/shotgun_PIRE/REUs/2022_REU/Allison/lethrinus_variegatus_PSMC/data/mkBAM/Lva_denovoSSL_20k_PSMC/denovoSSL_20k_PSMC/joblog/denovoSSL_20k_mpileup-900467.out': No such file or directory
mv: cannot move 'denovoSSL_20k_mpileup-900468.out' to '/home/e1garcia/shotgun_PIRE/REUs/2022_REU/Allison/lethrinus_variegatus_PSMC/data/mkBAM/Lva_denovoSSL_20k_PSMC/denovoSSL_20k_PSMC/joblog/denovoSSL_20k_mpileup-900468.out': No such file or directory
mv: cannot move 'denovoSSL_20k_mpileup-900469.out' to '/home/e1garcia/shotgun_PIRE/REUs/2022_REU/Allison/lethrinus_variegatus_PSMC/data/mkBAM/Lva_denovoSSL_20k_PSMC/denovoSSL_20k_PSMC/joblog/denovoSSL_20k_mpileup-900469.out': No such file or directory
mv: cannot move 'denovoSSL_20k_mpileup-900470.out' to '/home/e1garcia/shotgun_PIRE/REUs/2022_REU/Allison/lethrinus_variegatus_PSMC/data/mkBAM/Lva_denovoSSL_20k_PSMC/denovoSSL_20k_PSMC/joblog/denovoSSL_20k_mpileup-900470.out': No such file or directory
mv: cannot move 'denovoSSL_20k_mpileup-900471.out' to '/home/e1garcia/shotgun_PIRE/REUs/2022_REU/Allison/lethrinus_variegatus_PSMC/data/mkBAM/Lva_denovoSSL_20k_PSMC/denovoSSL_20k_PSMC/joblog/denovoSSL_20k_mpileup-900471.out': No such file or directory
mv: cannot move 'denovoSSL_20k_mpileup-900472.out' to '/home/e1garcia/shotgun_PIRE/REUs/2022_REU/Allison/lethrinus_variegatus_PSMC/data/mkBAM/Lva_denovoSSL_20k_PSMC/denovoSSL_20k_PSMC/joblog/denovoSSL_20k_mpileup-900472.out': No such file or directory
mv: cannot move 'denovoSSL_20k_mpileup-900473.out' to '/home/e1garcia/shotgun_PIRE/REUs/2022_REU/Allison/lethrinus_variegatus_PSMC/data/mkBAM/Lva_denovoSSL_20k_PSMC/denovoSSL_20k_PSMC/joblog/denovoSSL_20k_mpileup-900473.out': No such file or directory
