
[warning] samtools mpileup option `u` is functional, but deprecated. Please switch to using bcftools mpileup in future.
[mpileup] 3 samples in 1 input files
Note: none of --samples-file, --ploidy or --ploidy-file given, assuming all sites are diploid
mv: 'denovoSSL_20k_mpileup-898414.out' and '/home/e1garcia/shotgun_PIRE/REUs/2022_REU/Allison/lethrinus_variegatus_PSMC/data/mkBAM/Lva_denovoSSL_20k_PSMC/denovoSSL_20k_PSMC/joblog/denovoSSL_20k_mpileup-898414.out' are the same file
mv: 'denovoSSL_20k_mpileup-898415.out' and '/home/e1garcia/shotgun_PIRE/REUs/2022_REU/Allison/lethrinus_variegatus_PSMC/data/mkBAM/Lva_denovoSSL_20k_PSMC/denovoSSL_20k_PSMC/joblog/denovoSSL_20k_mpileup-898415.out' are the same file
mv: 'denovoSSL_20k_mpileup-898416.out' and '/home/e1garcia/shotgun_PIRE/REUs/2022_REU/Allison/lethrinus_variegatus_PSMC/data/mkBAM/Lva_denovoSSL_20k_PSMC/denovoSSL_20k_PSMC/joblog/denovoSSL_20k_mpileup-898416.out' are the same file
mv: 'denovoSSL_20k_mpileup-898417.out' and '/home/e1garcia/shotgun_PIRE/REUs/2022_REU/Allison/lethrinus_variegatus_PSMC/data/mkBAM/Lva_denovoSSL_20k_PSMC/denovoSSL_20k_PSMC/joblog/denovoSSL_20k_mpileup-898417.out' are the same file
mv: 'denovoSSL_20k_mpileup-898418.out' and '/home/e1garcia/shotgun_PIRE/REUs/2022_REU/Allison/lethrinus_variegatus_PSMC/data/mkBAM/Lva_denovoSSL_20k_PSMC/denovoSSL_20k_PSMC/joblog/denovoSSL_20k_mpileup-898418.out' are the same file
mv: 'denovoSSL_20k_mpileup-898419.out' and '/home/e1garcia/shotgun_PIRE/REUs/2022_REU/Allison/lethrinus_variegatus_PSMC/data/mkBAM/Lva_denovoSSL_20k_PSMC/denovoSSL_20k_PSMC/joblog/denovoSSL_20k_mpileup-898419.out' are the same file
mv: 'denovoSSL_20k_mpileup-898420.out' and '/home/e1garcia/shotgun_PIRE/REUs/2022_REU/Allison/lethrinus_variegatus_PSMC/data/mkBAM/Lva_denovoSSL_20k_PSMC/denovoSSL_20k_PSMC/joblog/denovoSSL_20k_mpileup-898420.out' are the same file
mv: 'denovoSSL_20k_mpileup-898421.out' and '/home/e1garcia/shotgun_PIRE/REUs/2022_REU/Allison/lethrinus_variegatus_PSMC/data/mkBAM/Lva_denovoSSL_20k_PSMC/denovoSSL_20k_PSMC/joblog/denovoSSL_20k_mpileup-898421.out' are the same file
mv: 'denovoSSL_20k_mpileup-898422.out' and '/home/e1garcia/shotgun_PIRE/REUs/2022_REU/Allison/lethrinus_variegatus_PSMC/data/mkBAM/Lva_denovoSSL_20k_PSMC/denovoSSL_20k_PSMC/joblog/denovoSSL_20k_mpileup-898422.out' are the same file
mv: 'denovoSSL_20k_mpileup-898423.out' and '/home/e1garcia/shotgun_PIRE/REUs/2022_REU/Allison/lethrinus_variegatus_PSMC/data/mkBAM/Lva_denovoSSL_20k_PSMC/denovoSSL_20k_PSMC/joblog/denovoSSL_20k_mpileup-898423.out' are the same file
mv: 'denovoSSL_20k_mpileup-898424.out' and '/home/e1garcia/shotgun_PIRE/REUs/2022_REU/Allison/lethrinus_variegatus_PSMC/data/mkBAM/Lva_denovoSSL_20k_PSMC/denovoSSL_20k_PSMC/joblog/denovoSSL_20k_mpileup-898424.out' are the same file
mv: 'denovoSSL_20k_mpileup-898425.out' and '/home/e1garcia/shotgun_PIRE/REUs/2022_REU/Allison/lethrinus_variegatus_PSMC/data/mkBAM/Lva_denovoSSL_20k_PSMC/denovoSSL_20k_PSMC/joblog/denovoSSL_20k_mpileup-898425.out' are the same file
mv: 'denovoSSL_20k_mpileup-898426.out' and '/home/e1garcia/shotgun_PIRE/REUs/2022_REU/Allison/lethrinus_variegatus_PSMC/data/mkBAM/Lva_denovoSSL_20k_PSMC/denovoSSL_20k_PSMC/joblog/denovoSSL_20k_mpileup-898426.out' are the same file
mv: cannot move 'denovoSSL_20k_mpileup-898432.out' to '/home/e1garcia/shotgun_PIRE/REUs/2022_REU/Allison/lethrinus_variegatus_PSMC/data/mkBAM/Lva_denovoSSL_20k_PSMC/denovoSSL_20k_PSMC/joblog/denovoSSL_20k_mpileup-898432.out': No such file or directory
mv: 'denovoSSL_20k_mpileup-898433.out' and '/home/e1garcia/shotgun_PIRE/REUs/2022_REU/Allison/lethrinus_variegatus_PSMC/data/mkBAM/Lva_denovoSSL_20k_PSMC/denovoSSL_20k_PSMC/joblog/denovoSSL_20k_mpileup-898433.out' are the same file
mv: 'denovoSSL_20k_mpileup-898434.out' and '/home/e1garcia/shotgun_PIRE/REUs/2022_REU/Allison/lethrinus_variegatus_PSMC/data/mkBAM/Lva_denovoSSL_20k_PSMC/denovoSSL_20k_PSMC/joblog/denovoSSL_20k_mpileup-898434.out' are the same file
mv: cannot stat 'denovoSSL_20k_mpileup-898435.out': No such file or directory
