
[warning] samtools mpileup option `u` is functional, but deprecated. Please switch to using bcftools mpileup in future.
[mpileup] 3 samples in 1 input files
Note: none of --samples-file, --ploidy or --ploidy-file given, assuming all sites are diploid
mv: cannot stat 'denovoSSL_20k_mpileup-896405.out': No such file or directory
mv: cannot stat 'denovoSSL_20k_mpileup-896406.out': No such file or directory
mv: cannot stat 'denovoSSL_20k_mpileup-896407.out': No such file or directory
mv: cannot stat 'denovoSSL_20k_mpileup-896408.out': No such file or directory
mv: cannot stat 'denovoSSL_20k_mpileup-896409.out': No such file or directory
mv: cannot stat 'denovoSSL_20k_mpileup-896410.out': No such file or directory
mv: cannot stat 'denovoSSL_20k_mpileup-896411.out': No such file or directory
mv: cannot stat 'denovoSSL_20k_mpileup-896412.out': No such file or directory
mv: cannot stat 'denovoSSL_20k_mpileup-896413.out': No such file or directory
mv: 'denovoSSL_20k_mpileup-896414.out' and '/home/e1garcia/shotgun_PIRE/REUs/2022_REU/Allison/lethrinus_variegatus_PSMC/data/mkBAM/Lva_denovoSSL_20k_PSMC/denovoSSL_20k_PSMC/joblog/denovoSSL_20k_mpileup-896414.out' are the same file
mv: 'denovoSSL_20k_mpileup-896415.out' and '/home/e1garcia/shotgun_PIRE/REUs/2022_REU/Allison/lethrinus_variegatus_PSMC/data/mkBAM/Lva_denovoSSL_20k_PSMC/denovoSSL_20k_PSMC/joblog/denovoSSL_20k_mpileup-896415.out' are the same file
mv: cannot stat 'denovoSSL_20k_mpileup-896416.out': No such file or directory
mv: cannot stat 'denovoSSL_20k_mpileup-896417.out': No such file or directory
mv: 'denovoSSL_20k_mpileup-896418.out' and '/home/e1garcia/shotgun_PIRE/REUs/2022_REU/Allison/lethrinus_variegatus_PSMC/data/mkBAM/Lva_denovoSSL_20k_PSMC/denovoSSL_20k_PSMC/joblog/denovoSSL_20k_mpileup-896418.out' are the same file
mv: 'denovoSSL_20k_mpileup-896419.out' and '/home/e1garcia/shotgun_PIRE/REUs/2022_REU/Allison/lethrinus_variegatus_PSMC/data/mkBAM/Lva_denovoSSL_20k_PSMC/denovoSSL_20k_PSMC/joblog/denovoSSL_20k_mpileup-896419.out' are the same file
mv: cannot stat 'denovoSSL_20k_mpileup-896420.out': No such file or directory
mv: 'denovoSSL_20k_mpileup-896421.out' and '/home/e1garcia/shotgun_PIRE/REUs/2022_REU/Allison/lethrinus_variegatus_PSMC/data/mkBAM/Lva_denovoSSL_20k_PSMC/denovoSSL_20k_PSMC/joblog/denovoSSL_20k_mpileup-896421.out' are the same file
