
[warning] samtools mpileup option `u` is functional, but deprecated. Please switch to using bcftools mpileup in future.
Note: none of --samples-file, --ploidy or --ploidy-file given, assuming all sites are diploid
[mpileup] 3 samples in 1 input files
mv: cannot stat 'denovoSSL_20k_mpileup-889862.out': No such file or directory
mv: cannot stat 'denovoSSL_20k_mpileup-889863.out': No such file or directory
mv: cannot stat 'denovoSSL_20k_mpileup-889864.out': No such file or directory
mv: cannot stat 'denovoSSL_20k_mpileup-889865.out': No such file or directory
mv: cannot stat 'denovoSSL_20k_mpileup-889866.out': No such file or directory
mv: cannot stat 'denovoSSL_20k_mpileup-889867.out': No such file or directory
mv: cannot stat 'denovoSSL_20k_mpileup-889868.out': No such file or directory
mv: cannot stat 'denovoSSL_20k_mpileup-889869.out': No such file or directory
mv: cannot stat 'denovoSSL_20k_mpileup-889870.out': No such file or directory
mv: cannot stat 'denovoSSL_20k_mpileup-889871.out': No such file or directory
mv: 'denovoSSL_20k_mpileup-889872.out' and '/home/e1garcia/shotgun_PIRE/REUs/2022_REU/Allison/lethrinus_variegatus_PSMC/data/mkBAM/Lva_denovoSSL_20k_PSMC/denovoSSL_20k_PSMC/joblog/denovoSSL_20k_mpileup-889872.out' are the same file
mv: cannot stat 'denovoSSL_20k_mpileup-889873.out': No such file or directory
mv: cannot stat 'denovoSSL_20k_mpileup-889874.out': No such file or directory
mv: 'denovoSSL_20k_mpileup-889875.out' and '/home/e1garcia/shotgun_PIRE/REUs/2022_REU/Allison/lethrinus_variegatus_PSMC/data/mkBAM/Lva_denovoSSL_20k_PSMC/denovoSSL_20k_PSMC/joblog/denovoSSL_20k_mpileup-889875.out' are the same file
mv: 'denovoSSL_20k_mpileup-889876.out' and '/home/e1garcia/shotgun_PIRE/REUs/2022_REU/Allison/lethrinus_variegatus_PSMC/data/mkBAM/Lva_denovoSSL_20k_PSMC/denovoSSL_20k_PSMC/joblog/denovoSSL_20k_mpileup-889876.out' are the same file
mv: 'denovoSSL_20k_mpileup-889877.out' and '/home/e1garcia/shotgun_PIRE/REUs/2022_REU/Allison/lethrinus_variegatus_PSMC/data/mkBAM/Lva_denovoSSL_20k_PSMC/denovoSSL_20k_PSMC/joblog/denovoSSL_20k_mpileup-889877.out' are the same file
mv: 'denovoSSL_20k_mpileup-889878.out' and '/home/e1garcia/shotgun_PIRE/REUs/2022_REU/Allison/lethrinus_variegatus_PSMC/data/mkBAM/Lva_denovoSSL_20k_PSMC/denovoSSL_20k_PSMC/joblog/denovoSSL_20k_mpileup-889878.out' are the same file
mv: 'denovoSSL_20k_mpileup-889879.out' and '/home/e1garcia/shotgun_PIRE/REUs/2022_REU/Allison/lethrinus_variegatus_PSMC/data/mkBAM/Lva_denovoSSL_20k_PSMC/denovoSSL_20k_PSMC/joblog/denovoSSL_20k_mpileup-889879.out' are the same file
