
[warning] samtools mpileup option `u` is functional, but deprecated. Please switch to using bcftools mpileup in future.
[mpileup] 3 samples in 1 input files
Note: none of --samples-file, --ploidy or --ploidy-file given, assuming all sites are diploid
mv: cannot stat 'denovoSSL_20k_mpileup-892149.out': No such file or directory
mv: cannot stat 'denovoSSL_20k_mpileup-892150.out': No such file or directory
mv: cannot stat 'denovoSSL_20k_mpileup-892151.out': No such file or directory
mv: cannot stat 'denovoSSL_20k_mpileup-892152.out': No such file or directory
mv: cannot stat 'denovoSSL_20k_mpileup-892153.out': No such file or directory
mv: cannot stat 'denovoSSL_20k_mpileup-892154.out': No such file or directory
mv: cannot stat 'denovoSSL_20k_mpileup-892155.out': No such file or directory
mv: cannot stat 'denovoSSL_20k_mpileup-892156.out': No such file or directory
mv: 'denovoSSL_20k_mpileup-892157.out' and '/home/e1garcia/shotgun_PIRE/REUs/2022_REU/Allison/lethrinus_variegatus_PSMC/data/mkBAM/Lva_denovoSSL_20k_PSMC/denovoSSL_20k_PSMC/joblog/denovoSSL_20k_mpileup-892157.out' are the same file
mv: cannot stat 'denovoSSL_20k_mpileup-892158.out': No such file or directory
mv: 'denovoSSL_20k_mpileup-892159.out' and '/home/e1garcia/shotgun_PIRE/REUs/2022_REU/Allison/lethrinus_variegatus_PSMC/data/mkBAM/Lva_denovoSSL_20k_PSMC/denovoSSL_20k_PSMC/joblog/denovoSSL_20k_mpileup-892159.out' are the same file
mv: 'denovoSSL_20k_mpileup-892160.out' and '/home/e1garcia/shotgun_PIRE/REUs/2022_REU/Allison/lethrinus_variegatus_PSMC/data/mkBAM/Lva_denovoSSL_20k_PSMC/denovoSSL_20k_PSMC/joblog/denovoSSL_20k_mpileup-892160.out' are the same file
mv: 'denovoSSL_20k_mpileup-892161.out' and '/home/e1garcia/shotgun_PIRE/REUs/2022_REU/Allison/lethrinus_variegatus_PSMC/data/mkBAM/Lva_denovoSSL_20k_PSMC/denovoSSL_20k_PSMC/joblog/denovoSSL_20k_mpileup-892161.out' are the same file
mv: 'denovoSSL_20k_mpileup-892162.out' and '/home/e1garcia/shotgun_PIRE/REUs/2022_REU/Allison/lethrinus_variegatus_PSMC/data/mkBAM/Lva_denovoSSL_20k_PSMC/denovoSSL_20k_PSMC/joblog/denovoSSL_20k_mpileup-892162.out' are the same file
mv: cannot stat 'denovoSSL_20k_mpileup-892163.out': No such file or directory
mv: cannot stat 'denovoSSL_20k_mpileup-892164.out': No such file or directory
mv: 'denovoSSL_20k_mpileup-892165.out' and '/home/e1garcia/shotgun_PIRE/REUs/2022_REU/Allison/lethrinus_variegatus_PSMC/data/mkBAM/Lva_denovoSSL_20k_PSMC/denovoSSL_20k_PSMC/joblog/denovoSSL_20k_mpileup-892165.out' are the same file
mv: 'denovoSSL_20k_mpileup-892166.out' and '/home/e1garcia/shotgun_PIRE/REUs/2022_REU/Allison/lethrinus_variegatus_PSMC/data/mkBAM/Lva_denovoSSL_20k_PSMC/denovoSSL_20k_PSMC/joblog/denovoSSL_20k_mpileup-892166.out' are the same file
