
[warning] samtools mpileup option `u` is functional, but deprecated. Please switch to using bcftools mpileup in future.
[mpileup] 3 samples in 1 input files
Note: none of --samples-file, --ploidy or --ploidy-file given, assuming all sites are diploid
mv: cannot stat 'denovoSSL_20k_mpileup-900054.out': No such file or directory
mv: cannot stat 'denovoSSL_20k_mpileup-900055.out': No such file or directory
mv: cannot stat 'denovoSSL_20k_mpileup-900056.out': No such file or directory
mv: cannot stat 'denovoSSL_20k_mpileup-900057.out': No such file or directory
mv: cannot stat 'denovoSSL_20k_mpileup-900058.out': No such file or directory
mv: cannot stat 'denovoSSL_20k_mpileup-900059.out': No such file or directory
mv: cannot stat 'denovoSSL_20k_mpileup-900060.out': No such file or directory
mv: cannot stat 'denovoSSL_20k_mpileup-900061.out': No such file or directory
mv: cannot stat 'denovoSSL_20k_mpileup-900062.out': No such file or directory
mv: cannot stat 'denovoSSL_20k_mpileup-900063.out': No such file or directory
mv: cannot stat 'denovoSSL_20k_mpileup-900064.out': No such file or directory
mv: cannot stat 'denovoSSL_20k_mpileup-900065.out': No such file or directory
mv: cannot stat 'denovoSSL_20k_mpileup-900066.out': No such file or directory
mv: cannot stat 'denovoSSL_20k_mpileup-900067.out': No such file or directory
mv: cannot stat 'denovoSSL_20k_mpileup-900068.out': No such file or directory
mv: cannot stat 'denovoSSL_20k_mpileup-900069.out': No such file or directory
mv: 'denovoSSL_20k_mpileup-900070.out' and '/home/e1garcia/shotgun_PIRE/REUs/2022_REU/Allison/lethrinus_variegatus_PSMC/data/mkBAM/Lva_denovoSSL_20k_PSMC/denovoSSL_20k_PSMC/joblog/denovoSSL_20k_mpileup-900070.out' are the same file
mv: cannot stat 'denovoSSL_20k_mpileup-900071.out': No such file or directory
mv: cannot stat 'denovoSSL_20k_mpileup-900072.out': No such file or directory
mv: cannot stat 'denovoSSL_20k_mpileup-900073.out': No such file or directory
mv: 'denovoSSL_20k_mpileup-900074.out' and '/home/e1garcia/shotgun_PIRE/REUs/2022_REU/Allison/lethrinus_variegatus_PSMC/data/mkBAM/Lva_denovoSSL_20k_PSMC/denovoSSL_20k_PSMC/joblog/denovoSSL_20k_mpileup-900074.out' are the same file
mv: cannot stat 'denovoSSL_20k_mpileup-900075.out': No such file or directory
mv: cannot stat 'denovoSSL_20k_mpileup-900076.out': No such file or directory
mv: cannot stat 'denovoSSL_20k_mpileup-900077.out': No such file or directory
mv: 'denovoSSL_20k_mpileup-900078.out' and '/home/e1garcia/shotgun_PIRE/REUs/2022_REU/Allison/lethrinus_variegatus_PSMC/data/mkBAM/Lva_denovoSSL_20k_PSMC/denovoSSL_20k_PSMC/joblog/denovoSSL_20k_mpileup-900078.out' are the same file
mv: cannot stat 'denovoSSL_20k_mpileup-900079.out': No such file or directory
mv: cannot stat 'denovoSSL_20k_mpileup-900080.out': No such file or directory
