
[warning] samtools mpileup option `u` is functional, but deprecated. Please switch to using bcftools mpileup in future.
[mpileup] 3 samples in 1 input files
Note: none of --samples-file, --ploidy or --ploidy-file given, assuming all sites are diploid
mv: cannot stat 'denovoSSL_20k_mpileup-901219.out': No such file or directory
mv: cannot stat 'denovoSSL_20k_mpileup-901220.out': No such file or directory
mv: cannot stat 'denovoSSL_20k_mpileup-901221.out': No such file or directory
mv: cannot stat 'denovoSSL_20k_mpileup-901222.out': No such file or directory
mv: cannot stat 'denovoSSL_20k_mpileup-901223.out': No such file or directory
mv: cannot stat 'denovoSSL_20k_mpileup-901224.out': No such file or directory
mv: cannot stat 'denovoSSL_20k_mpileup-901225.out': No such file or directory
mv: cannot stat 'denovoSSL_20k_mpileup-901226.out': No such file or directory
mv: cannot stat 'denovoSSL_20k_mpileup-901227.out': No such file or directory
mv: 'denovoSSL_20k_mpileup-901228.out' and '/home/e1garcia/shotgun_PIRE/REUs/2022_REU/Allison/lethrinus_variegatus_PSMC/data/mkBAM/Lva_denovoSSL_20k_PSMC/denovoSSL_20k_PSMC/joblog/denovoSSL_20k_mpileup-901228.out' are the same file
mv: 'denovoSSL_20k_mpileup-901229.out' and '/home/e1garcia/shotgun_PIRE/REUs/2022_REU/Allison/lethrinus_variegatus_PSMC/data/mkBAM/Lva_denovoSSL_20k_PSMC/denovoSSL_20k_PSMC/joblog/denovoSSL_20k_mpileup-901229.out' are the same file
mv: 'denovoSSL_20k_mpileup-901230.out' and '/home/e1garcia/shotgun_PIRE/REUs/2022_REU/Allison/lethrinus_variegatus_PSMC/data/mkBAM/Lva_denovoSSL_20k_PSMC/denovoSSL_20k_PSMC/joblog/denovoSSL_20k_mpileup-901230.out' are the same file
mv: 'denovoSSL_20k_mpileup-901231.out' and '/home/e1garcia/shotgun_PIRE/REUs/2022_REU/Allison/lethrinus_variegatus_PSMC/data/mkBAM/Lva_denovoSSL_20k_PSMC/denovoSSL_20k_PSMC/joblog/denovoSSL_20k_mpileup-901231.out' are the same file
mv: 'denovoSSL_20k_mpileup-901232.out' and '/home/e1garcia/shotgun_PIRE/REUs/2022_REU/Allison/lethrinus_variegatus_PSMC/data/mkBAM/Lva_denovoSSL_20k_PSMC/denovoSSL_20k_PSMC/joblog/denovoSSL_20k_mpileup-901232.out' are the same file
mv: 'denovoSSL_20k_mpileup-901233.out' and '/home/e1garcia/shotgun_PIRE/REUs/2022_REU/Allison/lethrinus_variegatus_PSMC/data/mkBAM/Lva_denovoSSL_20k_PSMC/denovoSSL_20k_PSMC/joblog/denovoSSL_20k_mpileup-901233.out' are the same file
mv: 'denovoSSL_20k_mpileup-901234.out' and '/home/e1garcia/shotgun_PIRE/REUs/2022_REU/Allison/lethrinus_variegatus_PSMC/data/mkBAM/Lva_denovoSSL_20k_PSMC/denovoSSL_20k_PSMC/joblog/denovoSSL_20k_mpileup-901234.out' are the same file
mv: 'denovoSSL_20k_mpileup-901235.out' and '/home/e1garcia/shotgun_PIRE/REUs/2022_REU/Allison/lethrinus_variegatus_PSMC/data/mkBAM/Lva_denovoSSL_20k_PSMC/denovoSSL_20k_PSMC/joblog/denovoSSL_20k_mpileup-901235.out' are the same file
mv: cannot stat 'denovoSSL_20k_mpileup-901236.out': No such file or directory
mv: 'denovoSSL_20k_mpileup-901237.out' and '/home/e1garcia/shotgun_PIRE/REUs/2022_REU/Allison/lethrinus_variegatus_PSMC/data/mkBAM/Lva_denovoSSL_20k_PSMC/denovoSSL_20k_PSMC/joblog/denovoSSL_20k_mpileup-901237.out' are the same file
mv: 'denovoSSL_20k_mpileup-901238.out' and '/home/e1garcia/shotgun_PIRE/REUs/2022_REU/Allison/lethrinus_variegatus_PSMC/data/mkBAM/Lva_denovoSSL_20k_PSMC/denovoSSL_20k_PSMC/joblog/denovoSSL_20k_mpileup-901238.out' are the same file
