[M::bwa_idx_load_from_disk] read 0 ALT contigs
[M::process] read 2669746 sequences (400000069 bp)...
[M::mem_pestat] # candidate unique pairs for (FF, FR, RF, RR): (230, 346349, 1573, 230)
[M::mem_pestat] analyzing insert size distribution for orientation FF...
[M::mem_pestat] (25, 50, 75) percentile: (150, 217, 305)
[M::mem_pestat] low and high boundaries for computing mean and std.dev: (1, 615)
[M::mem_pestat] mean and std.dev: (220.02, 111.90)
[M::mem_pestat] low and high boundaries for proper pairs: (1, 770)
[M::mem_pestat] analyzing insert size distribution for orientation FR...
[M::mem_pestat] (25, 50, 75) percentile: (261, 320, 391)
[M::mem_pestat] low and high boundaries for computing mean and std.dev: (1, 651)
[M::mem_pestat] mean and std.dev: (321.73, 95.28)
[M::mem_pestat] low and high boundaries for proper pairs: (1, 781)
[M::mem_pestat] analyzing insert size distribution for orientation RF...
[M::mem_pestat] (25, 50, 75) percentile: (38, 95, 170)
[M::mem_pestat] low and high boundaries for computing mean and std.dev: (1, 434)
[M::mem_pestat] mean and std.dev: (107.44, 97.53)
[M::mem_pestat] low and high boundaries for proper pairs: (1, 566)
[M::mem_pestat] analyzing insert size distribution for orientation RR...
[M::mem_pestat] (25, 50, 75) percentile: (159, 223, 303)
[M::mem_pestat] low and high boundaries for computing mean and std.dev: (1, 591)
[M::mem_pestat] mean and std.dev: (218.84, 103.59)
[M::mem_pestat] low and high boundaries for proper pairs: (1, 735)
[M::mem_pestat] skip orientation FF
[M::mem_pestat] skip orientation RF
[M::mem_pestat] skip orientation RR
[M::mem_process_seqs] Processed 2669746 reads in 1792.537 CPU sec, 494.756 real sec
[M::process] read 2669790 sequences (400000131 bp)...
[M::process] read 2669690 sequences (400000030 bp)...
[M::mem_pestat] # candidate unique pairs for (FF, FR, RF, RR): (254, 334863, 1423, 233)
[M::mem_pestat] analyzing insert size distribution for orientation FF...
[M::mem_pestat] (25, 50, 75) percentile: (154, 214, 295)
[M::mem_pestat] low and high boundaries for computing mean and std.dev: (1, 577)
[M::mem_pestat] mean and std.dev: (209.11, 91.69)
[M::mem_pestat] low and high boundaries for proper pairs: (1, 718)
[M::mem_pestat] analyzing insert size distribution for orientation FR...
[M::mem_pestat] (25, 50, 75) percentile: (261, 319, 391)
[M::mem_pestat] low and high boundaries for computing mean and std.dev: (1, 651)
[M::mem_pestat] mean and std.dev: (321.54, 95.59)
[M::mem_pestat] low and high boundaries for proper pairs: (1, 781)
[M::mem_pestat] analyzing insert size distribution for orientation RF...
[M::mem_pestat] (25, 50, 75) percentile: (46, 103, 193)
[M::mem_pestat] low and high boundaries for computing mean and std.dev: (1, 487)
[M::mem_pestat] mean and std.dev: (136.12, 124.07)
[M::mem_pestat] low and high boundaries for proper pairs: (1, 634)
[M::mem_pestat] analyzing insert size distribution for orientation RR...
[M::mem_pestat] (25, 50, 75) percentile: (167, 230, 322)
[M::mem_pestat] low and high boundaries for computing mean and std.dev: (1, 632)
[M::mem_pestat] mean and std.dev: (236.00, 100.44)
[M::mem_pestat] low and high boundaries for proper pairs: (1, 787)
[M::mem_pestat] skip orientation FF
[M::mem_pestat] skip orientation RF
[M::mem_pestat] skip orientation RR
[M::mem_process_seqs] Processed 2669790 reads in 1140.739 CPU sec, 286.699 real sec
[M::process] read 2669774 sequences (400000038 bp)...
[M::mem_pestat] # candidate unique pairs for (FF, FR, RF, RR): (240, 338046, 1907, 229)
[M::mem_pestat] analyzing insert size distribution for orientation FF...
[M::mem_pestat] (25, 50, 75) percentile: (143, 217, 289)
[M::mem_pestat] low and high boundaries for computing mean and std.dev: (1, 581)
[M::mem_pestat] mean and std.dev: (208.61, 99.62)
[M::mem_pestat] low and high boundaries for proper pairs: (1, 727)
[M::mem_pestat] analyzing insert size distribution for orientation FR...
[M::mem_pestat] (25, 50, 75) percentile: (260, 318, 390)
[M::mem_pestat] low and high boundaries for computing mean and std.dev: (1, 650)
[M::mem_pestat] mean and std.dev: (319.43, 97.73)
[M::mem_pestat] low and high boundaries for proper pairs: (1, 780)
[M::mem_pestat] analyzing insert size distribution for orientation RF...
[M::mem_pestat] (25, 50, 75) percentile: (20, 82, 161)
[M::mem_pestat] low and high boundaries for computing mean and std.dev: (1, 443)
[M::mem_pestat] mean and std.dev: (102.64, 110.88)
[M::mem_pestat] low and high boundaries for proper pairs: (1, 584)
[M::mem_pestat] analyzing insert size distribution for orientation RR...
[M::mem_pestat] (25, 50, 75) percentile: (165, 235, 303)
[M::mem_pestat] low and high boundaries for computing mean and std.dev: (1, 579)
[M::mem_pestat] mean and std.dev: (230.69, 105.81)
[M::mem_pestat] low and high boundaries for proper pairs: (1, 717)
[M::mem_pestat] skip orientation FF
[M::mem_pestat] skip orientation RF
[M::mem_pestat] skip orientation RR
[M::mem_process_seqs] Processed 2669690 reads in 1130.905 CPU sec, 290.698 real sec
[M::process] read 2669732 sequences (400000154 bp)...
[M::mem_pestat] # candidate unique pairs for (FF, FR, RF, RR): (240, 347123, 1821, 253)
[M::mem_pestat] analyzing insert size distribution for orientation FF...
[M::mem_pestat] (25, 50, 75) percentile: (156, 229, 323)
[M::mem_pestat] low and high boundaries for computing mean and std.dev: (1, 657)
[M::mem_pestat] mean and std.dev: (233.23, 107.63)
[M::mem_pestat] low and high boundaries for proper pairs: (1, 824)
[M::mem_pestat] analyzing insert size distribution for orientation FR...
[M::mem_pestat] (25, 50, 75) percentile: (263, 320, 392)
[M::mem_pestat] low and high boundaries for computing mean and std.dev: (5, 650)
[M::mem_pestat] mean and std.dev: (323.62, 92.88)
[M::mem_pestat] low and high boundaries for proper pairs: (1, 779)
[M::mem_pestat] analyzing insert size distribution for orientation RF...
[M::mem_pestat] (25, 50, 75) percentile: (63, 115, 168)
[M::mem_pestat] low and high boundaries for computing mean and std.dev: (1, 378)
[M::mem_pestat] mean and std.dev: (111.53, 77.16)
[M::mem_pestat] low and high boundaries for proper pairs: (1, 483)
[M::mem_pestat] analyzing insert size distribution for orientation RR...
[M::mem_pestat] (25, 50, 75) percentile: (159, 230, 309)
[M::mem_pestat] low and high boundaries for computing mean and std.dev: (1, 609)
[M::mem_pestat] mean and std.dev: (224.90, 89.52)
[M::mem_pestat] low and high boundaries for proper pairs: (1, 759)
[M::mem_pestat] skip orientation FF
[M::mem_pestat] skip orientation RF
[M::mem_pestat] skip orientation RR
[M::mem_process_seqs] Processed 2669774 reads in 1199.992 CPU sec, 307.679 real sec
[M::process] read 2669732 sequences (400000130 bp)...
[M::mem_pestat] # candidate unique pairs for (FF, FR, RF, RR): (236, 352650, 1400, 254)
[M::mem_pestat] analyzing insert size distribution for orientation FF...
[M::mem_pestat] (25, 50, 75) percentile: (152, 233, 316)
[M::mem_pestat] low and high boundaries for computing mean and std.dev: (1, 644)
[M::mem_pestat] mean and std.dev: (223.81, 107.12)
[M::mem_pestat] low and high boundaries for proper pairs: (1, 808)
[M::mem_pestat] analyzing insert size distribution for orientation FR...
[M::mem_pestat] (25, 50, 75) percentile: (263, 320, 392)
[M::mem_pestat] low and high boundaries for computing mean and std.dev: (5, 650)
[M::mem_pestat] mean and std.dev: (324.06, 92.24)
[M::mem_pestat] low and high boundaries for proper pairs: (1, 779)
[M::mem_pestat] analyzing insert size distribution for orientation RF...
[M::mem_pestat] (25, 50, 75) percentile: (53, 96, 186)
[M::mem_pestat] low and high boundaries for computing mean and std.dev: (1, 452)
[M::mem_pestat] mean and std.dev: (124.49, 113.48)
[M::mem_pestat] low and high boundaries for proper pairs: (1, 585)
[M::mem_pestat] analyzing insert size distribution for orientation RR...
[M::mem_pestat] (25, 50, 75) percentile: (160, 238, 323)
[M::mem_pestat] low and high boundaries for computing mean and std.dev: (1, 649)
[M::mem_pestat] mean and std.dev: (232.03, 108.01)
[M::mem_pestat] low and high boundaries for proper pairs: (1, 812)
[M::mem_pestat] skip orientation FF
[M::mem_pestat] skip orientation RF
[M::mem_pestat] skip orientation RR
[M::mem_process_seqs] Processed 2669732 reads in 1219.865 CPU sec, 313.214 real sec
[M::process] read 2669762 sequences (400000063 bp)...
[M::mem_pestat] # candidate unique pairs for (FF, FR, RF, RR): (270, 350327, 3059, 223)
[M::mem_pestat] analyzing insert size distribution for orientation FF...
[M::mem_pestat] (25, 50, 75) percentile: (165, 247, 322)
[M::mem_pestat] low and high boundaries for computing mean and std.dev: (1, 636)
[M::mem_pestat] mean and std.dev: (220.49, 93.63)
[M::mem_pestat] low and high boundaries for proper pairs: (1, 793)
[M::mem_pestat] analyzing insert size distribution for orientation FR...
[M::mem_pestat] (25, 50, 75) percentile: (262, 320, 392)
[M::mem_pestat] low and high boundaries for computing mean and std.dev: (2, 652)
[M::mem_pestat] mean and std.dev: (323.29, 93.31)
[M::mem_pestat] low and high boundaries for proper pairs: (1, 782)
[M::mem_pestat] analyzing insert size distribution for orientation RF...
[M::mem_pestat] (25, 50, 75) percentile: (58, 86, 138)
[M::mem_pestat] low and high boundaries for computing mean and std.dev: (1, 298)
[M::mem_pestat] mean and std.dev: (86.52, 48.46)
[M::mem_pestat] low and high boundaries for proper pairs: (1, 378)
[M::mem_pestat] analyzing insert size distribution for orientation RR...
[M::mem_pestat] (25, 50, 75) percentile: (144, 214, 302)
[M::mem_pestat] low and high boundaries for computing mean and std.dev: (1, 618)
[M::mem_pestat] mean and std.dev: (216.83, 105.73)
[M::mem_pestat] low and high boundaries for proper pairs: (1, 776)
[M::mem_pestat] skip orientation FF
[M::mem_pestat] skip orientation RF
[M::mem_pestat] skip orientation RR
[M::mem_process_seqs] Processed 2669732 reads in 1227.640 CPU sec, 315.197 real sec
[M::process] read 2669740 sequences (400000010 bp)...
[M::mem_pestat] # candidate unique pairs for (FF, FR, RF, RR): (340, 340160, 3996, 294)
[M::mem_pestat] analyzing insert size distribution for orientation FF...
[M::mem_pestat] (25, 50, 75) percentile: (88, 161, 260)
[M::mem_pestat] low and high boundaries for computing mean and std.dev: (1, 604)
[M::mem_pestat] mean and std.dev: (167.07, 112.44)
[M::mem_pestat] low and high boundaries for proper pairs: (1, 776)
[M::mem_pestat] analyzing insert size distribution for orientation FR...
[M::mem_pestat] (25, 50, 75) percentile: (254, 314, 388)
[M::mem_pestat] low and high boundaries for computing mean and std.dev: (1, 656)
[M::mem_pestat] mean and std.dev: (312.71, 103.86)
[M::mem_pestat] low and high boundaries for proper pairs: (1, 790)
[M::mem_pestat] analyzing insert size distribution for orientation RF...
[M::mem_pestat] (25, 50, 75) percentile: (16, 38, 95)
[M::mem_pestat] low and high boundaries for computing mean and std.dev: (1, 253)
[M::mem_pestat] mean and std.dev: (52.67, 48.72)
[M::mem_pestat] low and high boundaries for proper pairs: (1, 332)
[M::mem_pestat] analyzing insert size distribution for orientation RR...
[M::mem_pestat] (25, 50, 75) percentile: (47, 176, 285)
[M::mem_pestat] low and high boundaries for computing mean and std.dev: (1, 761)
[M::mem_pestat] mean and std.dev: (184.84, 136.33)
[M::mem_pestat] low and high boundaries for proper pairs: (1, 999)
[M::mem_pestat] skip orientation FF
[M::mem_pestat] skip orientation RF
[M::mem_pestat] skip orientation RR
[M::mem_process_seqs] Processed 2669762 reads in 1200.408 CPU sec, 308.387 real sec
[M::process] read 2669672 sequences (400000283 bp)...
[M::mem_pestat] # candidate unique pairs for (FF, FR, RF, RR): (253, 349767, 1632, 218)
[M::mem_pestat] analyzing insert size distribution for orientation FF...
[M::mem_pestat] (25, 50, 75) percentile: (152, 222, 320)
[M::mem_pestat] low and high boundaries for computing mean and std.dev: (1, 656)
[M::mem_pestat] mean and std.dev: (234.52, 115.27)
[M::mem_pestat] low and high boundaries for proper pairs: (1, 824)
[M::mem_pestat] analyzing insert size distribution for orientation FR...
[M::mem_pestat] (25, 50, 75) percentile: (263, 320, 392)
[M::mem_pestat] low and high boundaries for computing mean and std.dev: (5, 650)
[M::mem_pestat] mean and std.dev: (323.32, 93.20)
[M::mem_pestat] low and high boundaries for proper pairs: (1, 779)
[M::mem_pestat] analyzing insert size distribution for orientation RF...
[M::mem_pestat] (25, 50, 75) percentile: (60, 104, 188)
[M::mem_pestat] low and high boundaries for computing mean and std.dev: (1, 444)
[M::mem_pestat] mean and std.dev: (124.37, 107.32)
[M::mem_pestat] low and high boundaries for proper pairs: (1, 572)
[M::mem_pestat] analyzing insert size distribution for orientation RR...
[M::mem_pestat] (25, 50, 75) percentile: (162, 237, 311)
[M::mem_pestat] low and high boundaries for computing mean and std.dev: (1, 609)
[M::mem_pestat] mean and std.dev: (224.62, 100.25)
[M::mem_pestat] low and high boundaries for proper pairs: (1, 758)
[M::mem_pestat] skip orientation FF
[M::mem_pestat] skip orientation RF
[M::mem_pestat] skip orientation RR
[M::mem_process_seqs] Processed 2669740 reads in 1177.899 CPU sec, 302.422 real sec
[M::process] read 2669664 sequences (400000092 bp)...
[M::mem_pestat] # candidate unique pairs for (FF, FR, RF, RR): (288, 333074, 2863, 260)
[M::mem_pestat] analyzing insert size distribution for orientation FF...
[M::mem_pestat] (25, 50, 75) percentile: (113, 195, 298)
[M::mem_pestat] low and high boundaries for computing mean and std.dev: (1, 668)
[M::mem_pestat] mean and std.dev: (209.19, 118.54)
[M::mem_pestat] low and high boundaries for proper pairs: (1, 853)
[M::mem_pestat] analyzing insert size distribution for orientation FR...
[M::mem_pestat] (25, 50, 75) percentile: (254, 314, 388)
[M::mem_pestat] low and high boundaries for computing mean and std.dev: (1, 656)
[M::mem_pestat] mean and std.dev: (313.57, 101.78)
[M::mem_pestat] low and high boundaries for proper pairs: (1, 790)
[M::mem_pestat] analyzing insert size distribution for orientation RF...
[M::mem_pestat] (25, 50, 75) percentile: (17, 50, 120)
[M::mem_pestat] low and high boundaries for computing mean and std.dev: (1, 326)
[M::mem_pestat] mean and std.dev: (68.93, 69.35)
[M::mem_pestat] low and high boundaries for proper pairs: (1, 429)
[M::mem_pestat] analyzing insert size distribution for orientation RR...
[M::mem_pestat] (25, 50, 75) percentile: (140, 215, 297)
[M::mem_pestat] low and high boundaries for computing mean and std.dev: (1, 611)
[M::mem_pestat] mean and std.dev: (212.55, 110.20)
[M::mem_pestat] low and high boundaries for proper pairs: (1, 768)
[M::mem_pestat] skip orientation FF
[M::mem_pestat] skip orientation RF
[M::mem_pestat] skip orientation RR
[M::mem_process_seqs] Processed 2669672 reads in 1150.088 CPU sec, 295.657 real sec
[M::process] read 2669726 sequences (400000012 bp)...
[M::mem_pestat] # candidate unique pairs for (FF, FR, RF, RR): (260, 340147, 3106, 227)
[M::mem_pestat] analyzing insert size distribution for orientation FF...
[M::mem_pestat] (25, 50, 75) percentile: (133, 231, 301)
[M::mem_pestat] low and high boundaries for computing mean and std.dev: (1, 637)
[M::mem_pestat] mean and std.dev: (212.05, 111.95)
[M::mem_pestat] low and high boundaries for proper pairs: (1, 805)
[M::mem_pestat] analyzing insert size distribution for orientation FR...
[M::mem_pestat] (25, 50, 75) percentile: (258, 317, 390)
[M::mem_pestat] low and high boundaries for computing mean and std.dev: (1, 654)
[M::mem_pestat] mean and std.dev: (317.06, 99.91)
[M::mem_pestat] low and high boundaries for proper pairs: (1, 786)
[M::mem_pestat] analyzing insert size distribution for orientation RF...
[M::mem_pestat] (25, 50, 75) percentile: (54, 101, 151)
[M::mem_pestat] low and high boundaries for computing mean and std.dev: (1, 345)
[M::mem_pestat] mean and std.dev: (94.06, 57.88)
[M::mem_pestat] low and high boundaries for proper pairs: (1, 442)
[M::mem_pestat] analyzing insert size distribution for orientation RR...
[M::mem_pestat] (25, 50, 75) percentile: (157, 221, 300)
[M::mem_pestat] low and high boundaries for computing mean and std.dev: (1, 586)
[M::mem_pestat] mean and std.dev: (212.64, 105.35)
[M::mem_pestat] low and high boundaries for proper pairs: (1, 729)
[M::mem_pestat] skip orientation FF
[M::mem_pestat] skip orientation RF
[M::mem_pestat] skip orientation RR
[M::mem_process_seqs] Processed 2669664 reads in 1146.869 CPU sec, 294.565 real sec
[M::process] read 2669716 sequences (400000195 bp)...
[M::mem_pestat] # candidate unique pairs for (FF, FR, RF, RR): (253, 349603, 2418, 246)
[M::mem_pestat] analyzing insert size distribution for orientation FF...
[M::mem_pestat] (25, 50, 75) percentile: (163, 235, 329)
[M::mem_pestat] low and high boundaries for computing mean and std.dev: (1, 661)
[M::mem_pestat] mean and std.dev: (239.05, 114.35)
[M::mem_pestat] low and high boundaries for proper pairs: (1, 827)
[M::mem_pestat] analyzing insert size distribution for orientation FR...
[M::mem_pestat] (25, 50, 75) percentile: (263, 321, 392)
[M::mem_pestat] low and high boundaries for computing mean and std.dev: (5, 650)
[M::mem_pestat] mean and std.dev: (324.12, 92.70)
[M::mem_pestat] low and high boundaries for proper pairs: (1, 779)
[M::mem_pestat] analyzing insert size distribution for orientation RF...
[M::mem_pestat] (25, 50, 75) percentile: (64, 131, 210)
[M::mem_pestat] low and high boundaries for computing mean and std.dev: (1, 502)
[M::mem_pestat] mean and std.dev: (142.86, 105.85)
[M::mem_pestat] low and high boundaries for proper pairs: (1, 648)
[M::mem_pestat] analyzing insert size distribution for orientation RR...
[M::mem_pestat] (25, 50, 75) percentile: (166, 214, 318)
[M::mem_pestat] low and high boundaries for computing mean and std.dev: (1, 622)
[M::mem_pestat] mean and std.dev: (225.83, 102.61)
[M::mem_pestat] low and high boundaries for proper pairs: (1, 774)
[M::mem_pestat] skip orientation FF
[M::mem_pestat] skip orientation RF
[M::mem_pestat] skip orientation RR
[M::mem_process_seqs] Processed 2669726 reads in 1225.411 CPU sec, 314.701 real sec
[M::process] read 2669718 sequences (400000094 bp)...
[M::mem_pestat] # candidate unique pairs for (FF, FR, RF, RR): (243, 335521, 2089, 240)
[M::mem_pestat] analyzing insert size distribution for orientation FF...
[M::mem_pestat] (25, 50, 75) percentile: (153, 229, 319)
[M::mem_pestat] low and high boundaries for computing mean and std.dev: (1, 651)
[M::mem_pestat] mean and std.dev: (224.42, 105.70)
[M::mem_pestat] low and high boundaries for proper pairs: (1, 817)
[M::mem_pestat] analyzing insert size distribution for orientation FR...
[M::mem_pestat] (25, 50, 75) percentile: (263, 320, 392)
[M::mem_pestat] low and high boundaries for computing mean and std.dev: (5, 650)
[M::mem_pestat] mean and std.dev: (323.31, 93.50)
[M::mem_pestat] low and high boundaries for proper pairs: (1, 779)
[M::mem_pestat] analyzing insert size distribution for orientation RF...
[M::mem_pestat] (25, 50, 75) percentile: (56, 91, 159)
[M::mem_pestat] low and high boundaries for computing mean and std.dev: (1, 365)
[M::mem_pestat] mean and std.dev: (101.83, 71.70)
[M::mem_pestat] low and high boundaries for proper pairs: (1, 468)
[M::mem_pestat] analyzing insert size distribution for orientation RR...
[M::mem_pestat] (25, 50, 75) percentile: (158, 224, 293)
[M::mem_pestat] low and high boundaries for computing mean and std.dev: (1, 563)
[M::mem_pestat] mean and std.dev: (221.87, 94.39)
[M::mem_pestat] low and high boundaries for proper pairs: (1, 698)
[M::mem_pestat] skip orientation FF
[M::mem_pestat] skip orientation RF
[M::mem_pestat] skip orientation RR
[M::mem_process_seqs] Processed 2669716 reads in 1184.996 CPU sec, 304.463 real sec
[M::process] read 2669614 sequences (400000248 bp)...
[M::mem_pestat] # candidate unique pairs for (FF, FR, RF, RR): (224, 347976, 2365, 260)
[M::mem_pestat] analyzing insert size distribution for orientation FF...
[M::mem_pestat] (25, 50, 75) percentile: (141, 192, 294)
[M::mem_pestat] low and high boundaries for computing mean and std.dev: (1, 600)
[M::mem_pestat] mean and std.dev: (208.19, 101.21)
[M::mem_pestat] low and high boundaries for proper pairs: (1, 753)
[M::mem_pestat] analyzing insert size distribution for orientation FR...
[M::mem_pestat] (25, 50, 75) percentile: (260, 319, 391)
[M::mem_pestat] low and high boundaries for computing mean and std.dev: (1, 653)
[M::mem_pestat] mean and std.dev: (320.81, 96.03)
[M::mem_pestat] low and high boundaries for proper pairs: (1, 784)
[M::mem_pestat] analyzing insert size distribution for orientation RF...
[M::mem_pestat] (25, 50, 75) percentile: (48, 101, 193)
[M::mem_pestat] low and high boundaries for computing mean and std.dev: (1, 483)
[M::mem_pestat] mean and std.dev: (124.09, 110.22)
[M::mem_pestat] low and high boundaries for proper pairs: (1, 628)
[M::mem_pestat] analyzing insert size distribution for orientation RR...
[M::mem_pestat] (25, 50, 75) percentile: (164, 229, 313)
[M::mem_pestat] low and high boundaries for computing mean and std.dev: (1, 611)
[M::mem_pestat] mean and std.dev: (231.74, 102.31)
[M::mem_pestat] low and high boundaries for proper pairs: (1, 760)
[M::mem_pestat] skip orientation FF
[M::mem_pestat] skip orientation RF
[M::mem_pestat] skip orientation RR
[M::mem_process_seqs] Processed 2669718 reads in 1208.505 CPU sec, 310.638 real sec
[M::process] read 2669718 sequences (400000296 bp)...
[M::mem_pestat] # candidate unique pairs for (FF, FR, RF, RR): (299, 330616, 6084, 456)
[M::mem_pestat] analyzing insert size distribution for orientation FF...
[M::mem_pestat] (25, 50, 75) percentile: (115, 183, 285)
[M::mem_pestat] low and high boundaries for computing mean and std.dev: (1, 625)
[M::mem_pestat] mean and std.dev: (186.48, 115.89)
[M::mem_pestat] low and high boundaries for proper pairs: (1, 795)
[M::mem_pestat] analyzing insert size distribution for orientation FR...
[M::mem_pestat] (25, 50, 75) percentile: (247, 308, 384)
[M::mem_pestat] low and high boundaries for computing mean and std.dev: (1, 658)
[M::mem_pestat] mean and std.dev: (305.50, 108.70)
[M::mem_pestat] low and high boundaries for proper pairs: (1, 795)
[M::mem_pestat] analyzing insert size distribution for orientation RF...
[M::mem_pestat] (25, 50, 75) percentile: (15, 33, 65)
[M::mem_pestat] low and high boundaries for computing mean and std.dev: (1, 165)
[M::mem_pestat] mean and std.dev: (40.81, 37.09)
[M::mem_pestat] low and high boundaries for proper pairs: (1, 215)
[M::mem_pestat] analyzing insert size distribution for orientation RR...
[M::mem_pestat] (25, 50, 75) percentile: (37, 111, 218)
[M::mem_pestat] low and high boundaries for computing mean and std.dev: (1, 580)
[M::mem_pestat] mean and std.dev: (135.18, 105.93)
[M::mem_pestat] low and high boundaries for proper pairs: (1, 761)
[M::mem_pestat] skip orientation FF
[M::mem_pestat] skip orientation RF
[M::mem_pestat] skip orientation RR
[M::mem_process_seqs] Processed 2669614 reads in 1109.676 CPU sec, 285.506 real sec
[M::process] read 2669668 sequences (400000257 bp)...
[M::mem_pestat] # candidate unique pairs for (FF, FR, RF, RR): (289, 348057, 1805, 235)
[M::mem_pestat] analyzing insert size distribution for orientation FF...
[M::mem_pestat] (25, 50, 75) percentile: (142, 218, 304)
[M::mem_pestat] low and high boundaries for computing mean and std.dev: (1, 628)
[M::mem_pestat] mean and std.dev: (216.54, 116.30)
[M::mem_pestat] low and high boundaries for proper pairs: (1, 790)
[M::mem_pestat] analyzing insert size distribution for orientation FR...
[M::mem_pestat] (25, 50, 75) percentile: (258, 316, 389)
[M::mem_pestat] low and high boundaries for computing mean and std.dev: (1, 651)
[M::mem_pestat] mean and std.dev: (316.27, 100.35)
[M::mem_pestat] low and high boundaries for proper pairs: (1, 782)
[M::mem_pestat] analyzing insert size distribution for orientation RF...
[M::mem_pestat] (25, 50, 75) percentile: (26, 75, 149)
[M::mem_pestat] low and high boundaries for computing mean and std.dev: (1, 395)
[M::mem_pestat] mean and std.dev: (89.77, 88.23)
[M::mem_pestat] low and high boundaries for proper pairs: (1, 518)
[M::mem_pestat] analyzing insert size distribution for orientation RR...
[M::mem_pestat] (25, 50, 75) percentile: (152, 209, 301)
[M::mem_pestat] low and high boundaries for computing mean and std.dev: (1, 599)
[M::mem_pestat] mean and std.dev: (213.27, 107.58)
[M::mem_pestat] low and high boundaries for proper pairs: (1, 748)
[M::mem_pestat] skip orientation FF
[M::mem_pestat] skip orientation RF
[M::mem_pestat] skip orientation RR
[M::mem_process_seqs] Processed 2669718 reads in 1176.010 CPU sec, 302.380 real sec
[M::process] read 2669766 sequences (400000126 bp)...
[M::mem_pestat] # candidate unique pairs for (FF, FR, RF, RR): (239, 346977, 2519, 201)
[M::mem_pestat] analyzing insert size distribution for orientation FF...
[M::mem_pestat] (25, 50, 75) percentile: (149, 232, 306)
[M::mem_pestat] low and high boundaries for computing mean and std.dev: (1, 620)
[M::mem_pestat] mean and std.dev: (220.62, 109.63)
[M::mem_pestat] low and high boundaries for proper pairs: (1, 777)
[M::mem_pestat] analyzing insert size distribution for orientation FR...
[M::mem_pestat] (25, 50, 75) percentile: (251, 312, 386)
[M::mem_pestat] low and high boundaries for computing mean and std.dev: (1, 656)
[M::mem_pestat] mean and std.dev: (306.98, 109.51)
[M::mem_pestat] low and high boundaries for proper pairs: (1, 791)
[M::mem_pestat] analyzing insert size distribution for orientation RF...
[M::mem_pestat] (25, 50, 75) percentile: (10, 31, 129)
[M::mem_pestat] low and high boundaries for computing mean and std.dev: (1, 367)
[M::mem_pestat] mean and std.dev: (54.49, 68.81)
[M::mem_pestat] low and high boundaries for proper pairs: (1, 486)
[M::mem_pestat] analyzing insert size distribution for orientation RR...
[M::mem_pestat] (25, 50, 75) percentile: (133, 208, 295)
[M::mem_pestat] low and high boundaries for computing mean and std.dev: (1, 619)
[M::mem_pestat] mean and std.dev: (215.25, 125.39)
[M::mem_pestat] low and high boundaries for proper pairs: (1, 781)
[M::mem_pestat] skip orientation FF
[M::mem_pestat] skip orientation RF
[M::mem_pestat] skip orientation RR
[M::mem_process_seqs] Processed 2669668 reads in 1130.690 CPU sec, 290.433 real sec
[M::process] read 2669740 sequences (400000136 bp)...
[M::mem_pestat] # candidate unique pairs for (FF, FR, RF, RR): (278, 344442, 1572, 215)
[M::mem_pestat] analyzing insert size distribution for orientation FF...
[M::mem_pestat] (25, 50, 75) percentile: (164, 234, 308)
[M::mem_pestat] low and high boundaries for computing mean and std.dev: (1, 596)
[M::mem_pestat] mean and std.dev: (232.49, 104.02)
[M::mem_pestat] low and high boundaries for proper pairs: (1, 740)
[M::mem_pestat] analyzing insert size distribution for orientation FR...
[M::mem_pestat] (25, 50, 75) percentile: (263, 321, 392)
[M::mem_pestat] low and high boundaries for computing mean and std.dev: (5, 650)
[M::mem_pestat] mean and std.dev: (324.48, 92.11)
[M::mem_pestat] low and high boundaries for proper pairs: (1, 779)
[M::mem_pestat] analyzing insert size distribution for orientation RF...
[M::mem_pestat] (25, 50, 75) percentile: (58, 108, 178)
[M::mem_pestat] low and high boundaries for computing mean and std.dev: (1, 418)
[M::mem_pestat] mean and std.dev: (113.68, 90.99)
[M::mem_pestat] low and high boundaries for proper pairs: (1, 538)
[M::mem_pestat] analyzing insert size distribution for orientation RR...
[M::mem_pestat] (25, 50, 75) percentile: (159, 220, 296)
[M::mem_pestat] low and high boundaries for computing mean and std.dev: (1, 570)
[M::mem_pestat] mean and std.dev: (219.97, 99.20)
[M::mem_pestat] low and high boundaries for proper pairs: (1, 707)
[M::mem_pestat] skip orientation FF
[M::mem_pestat] skip orientation RF
[M::mem_pestat] skip orientation RR
[M::mem_process_seqs] Processed 2669766 reads in 1224.456 CPU sec, 314.174 real sec
[M::process] read 2669778 sequences (400000109 bp)...
[M::mem_pestat] # candidate unique pairs for (FF, FR, RF, RR): (309, 344313, 3709, 243)
[M::mem_pestat] analyzing insert size distribution for orientation FF...
[M::mem_pestat] (25, 50, 75) percentile: (117, 183, 272)
[M::mem_pestat] low and high boundaries for computing mean and std.dev: (1, 582)
[M::mem_pestat] mean and std.dev: (188.07, 102.87)
[M::mem_pestat] low and high boundaries for proper pairs: (1, 737)
[M::mem_pestat] analyzing insert size distribution for orientation FR...
[M::mem_pestat] (25, 50, 75) percentile: (257, 316, 389)
[M::mem_pestat] low and high boundaries for computing mean and std.dev: (1, 653)
[M::mem_pestat] mean and std.dev: (317.11, 99.08)
[M::mem_pestat] low and high boundaries for proper pairs: (1, 785)
[M::mem_pestat] analyzing insert size distribution for orientation RF...
[M::mem_pestat] (25, 50, 75) percentile: (26, 57, 119)
[M::mem_pestat] low and high boundaries for computing mean and std.dev: (1, 305)
[M::mem_pestat] mean and std.dev: (64.96, 52.01)
[M::mem_pestat] low and high boundaries for proper pairs: (1, 398)
[M::mem_pestat] analyzing insert size distribution for orientation RR...
[M::mem_pestat] (25, 50, 75) percentile: (130, 209, 290)
[M::mem_pestat] low and high boundaries for computing mean and std.dev: (1, 610)
[M::mem_pestat] mean and std.dev: (205.58, 111.52)
[M::mem_pestat] low and high boundaries for proper pairs: (1, 770)
[M::mem_pestat] skip orientation FF
[M::mem_pestat] skip orientation RF
[M::mem_pestat] skip orientation RR
[M::mem_process_seqs] Processed 2669740 reads in 1170.774 CPU sec, 300.751 real sec
[M::process] read 2669746 sequences (400000027 bp)...
[M::mem_pestat] # candidate unique pairs for (FF, FR, RF, RR): (314, 337628, 1368, 306)
[M::mem_pestat] analyzing insert size distribution for orientation FF...
[M::mem_pestat] (25, 50, 75) percentile: (145, 218, 306)
[M::mem_pestat] low and high boundaries for computing mean and std.dev: (1, 628)
[M::mem_pestat] mean and std.dev: (211.46, 111.47)
[M::mem_pestat] low and high boundaries for proper pairs: (1, 789)
[M::mem_pestat] analyzing insert size distribution for orientation FR...
[M::mem_pestat] (25, 50, 75) percentile: (260, 318, 390)
[M::mem_pestat] low and high boundaries for computing mean and std.dev: (1, 650)
[M::mem_pestat] mean and std.dev: (319.16, 97.37)
[M::mem_pestat] low and high boundaries for proper pairs: (1, 780)
[M::mem_pestat] analyzing insert size distribution for orientation RF...
[M::mem_pestat] (25, 50, 75) percentile: (36, 97, 173)
[M::mem_pestat] low and high boundaries for computing mean and std.dev: (1, 447)
[M::mem_pestat] mean and std.dev: (112.65, 104.79)
[M::mem_pestat] low and high boundaries for proper pairs: (1, 584)
[M::mem_pestat] analyzing insert size distribution for orientation RR...
[M::mem_pestat] (25, 50, 75) percentile: (133, 205, 302)
[M::mem_pestat] low and high boundaries for computing mean and std.dev: (1, 640)
[M::mem_pestat] mean and std.dev: (215.79, 117.98)
[M::mem_pestat] low and high boundaries for proper pairs: (1, 809)
[M::mem_pestat] skip orientation FF
[M::mem_pestat] skip orientation RF
[M::mem_pestat] skip orientation RR
[M::mem_process_seqs] Processed 2669778 reads in 1188.166 CPU sec, 305.054 real sec
[M::process] read 2669820 sequences (400000074 bp)...
[M::mem_pestat] # candidate unique pairs for (FF, FR, RF, RR): (622, 340869, 2962, 593)
[M::mem_pestat] analyzing insert size distribution for orientation FF...
[M::mem_pestat] (25, 50, 75) percentile: (148, 225, 338)
[M::mem_pestat] low and high boundaries for computing mean and std.dev: (1, 718)
[M::mem_pestat] mean and std.dev: (238.86, 140.55)
[M::mem_pestat] low and high boundaries for proper pairs: (1, 908)
[M::mem_pestat] analyzing insert size distribution for orientation FR...
[M::mem_pestat] (25, 50, 75) percentile: (255, 314, 388)
[M::mem_pestat] low and high boundaries for computing mean and std.dev: (1, 654)
[M::mem_pestat] mean and std.dev: (314.05, 102.11)
[M::mem_pestat] low and high boundaries for proper pairs: (1, 787)
[M::mem_pestat] analyzing insert size distribution for orientation RF...
[M::mem_pestat] (25, 50, 75) percentile: (19, 54, 122)
[M::mem_pestat] low and high boundaries for computing mean and std.dev: (1, 328)
[M::mem_pestat] mean and std.dev: (63.27, 56.93)
[M::mem_pestat] low and high boundaries for proper pairs: (1, 431)
[M::mem_pestat] analyzing insert size distribution for orientation RR...
[M::mem_pestat] (25, 50, 75) percentile: (137, 230, 334)
[M::mem_pestat] low and high boundaries for computing mean and std.dev: (1, 728)
[M::mem_pestat] mean and std.dev: (230.91, 135.11)
[M::mem_pestat] low and high boundaries for proper pairs: (1, 925)
[M::mem_pestat] skip orientation FF
[M::mem_pestat] skip orientation RF
[M::mem_pestat] skip orientation RR
[M::mem_process_seqs] Processed 2669746 reads in 1161.966 CPU sec, 298.579 real sec
[M::process] read 2669854 sequences (400000149 bp)...
[M::mem_pestat] # candidate unique pairs for (FF, FR, RF, RR): (628, 338425, 1663, 603)
[M::mem_pestat] analyzing insert size distribution for orientation FF...
[M::mem_pestat] (25, 50, 75) percentile: (148, 221, 329)
[M::mem_pestat] low and high boundaries for computing mean and std.dev: (1, 691)
[M::mem_pestat] mean and std.dev: (228.97, 126.03)
[M::mem_pestat] low and high boundaries for proper pairs: (1, 872)
[M::mem_pestat] analyzing insert size distribution for orientation FR...
[M::mem_pestat] (25, 50, 75) percentile: (259, 318, 391)
[M::mem_pestat] low and high boundaries for computing mean and std.dev: (1, 655)
[M::mem_pestat] mean and std.dev: (321.15, 95.10)
[M::mem_pestat] low and high boundaries for proper pairs: (1, 787)
[M::mem_pestat] analyzing insert size distribution for orientation RF...
[M::mem_pestat] (25, 50, 75) percentile: (61, 113, 178)
[M::mem_pestat] low and high boundaries for computing mean and std.dev: (1, 412)
[M::mem_pestat] mean and std.dev: (123.22, 96.98)
[M::mem_pestat] low and high boundaries for proper pairs: (1, 529)
[M::mem_pestat] analyzing insert size distribution for orientation RR...
[M::mem_pestat] (25, 50, 75) percentile: (150, 228, 345)
[M::mem_pestat] low and high boundaries for computing mean and std.dev: (1, 735)
[M::mem_pestat] mean and std.dev: (238.77, 136.71)
[M::mem_pestat] low and high boundaries for proper pairs: (1, 930)
[M::mem_pestat] skip orientation FF
[M::mem_pestat] skip orientation RF
[M::mem_pestat] skip orientation RR
[M::mem_process_seqs] Processed 2669820 reads in 1191.020 CPU sec, 305.426 real sec
[M::process] read 2669804 sequences (400000044 bp)...
[M::mem_pestat] # candidate unique pairs for (FF, FR, RF, RR): (560, 334138, 1522, 572)
[M::mem_pestat] analyzing insert size distribution for orientation FF...
[M::mem_pestat] (25, 50, 75) percentile: (134, 211, 313)
[M::mem_pestat] low and high boundaries for computing mean and std.dev: (1, 671)
[M::mem_pestat] mean and std.dev: (218.81, 121.92)
[M::mem_pestat] low and high boundaries for proper pairs: (1, 850)
[M::mem_pestat] analyzing insert size distribution for orientation FR...
[M::mem_pestat] (25, 50, 75) percentile: (261, 318, 391)
[M::mem_pestat] low and high boundaries for computing mean and std.dev: (1, 651)
[M::mem_pestat] mean and std.dev: (321.85, 94.27)
[M::mem_pestat] low and high boundaries for proper pairs: (1, 781)
[M::mem_pestat] analyzing insert size distribution for orientation RF...
[M::mem_pestat] (25, 50, 75) percentile: (57, 103, 164)
[M::mem_pestat] low and high boundaries for computing mean and std.dev: (1, 378)
[M::mem_pestat] mean and std.dev: (103.38, 75.77)
[M::mem_pestat] low and high boundaries for proper pairs: (1, 485)
[M::mem_pestat] analyzing insert size distribution for orientation RR...
[M::mem_pestat] (25, 50, 75) percentile: (141, 210, 310)
[M::mem_pestat] low and high boundaries for computing mean and std.dev: (1, 648)
[M::mem_pestat] mean and std.dev: (214.47, 115.55)
[M::mem_pestat] low and high boundaries for proper pairs: (1, 817)
[M::mem_pestat] skip orientation FF
[M::mem_pestat] skip orientation RF
[M::mem_pestat] skip orientation RR
[M::mem_process_seqs] Processed 2669854 reads in 1174.971 CPU sec, 301.911 real sec
[M::process] read 2669784 sequences (400000008 bp)...
[M::mem_pestat] # candidate unique pairs for (FF, FR, RF, RR): (573, 340529, 1791, 581)
[M::mem_pestat] analyzing insert size distribution for orientation FF...
[M::mem_pestat] (25, 50, 75) percentile: (135, 208, 309)
[M::mem_pestat] low and high boundaries for computing mean and std.dev: (1, 657)
[M::mem_pestat] mean and std.dev: (217.24, 122.50)
[M::mem_pestat] low and high boundaries for proper pairs: (1, 831)
[M::mem_pestat] analyzing insert size distribution for orientation FR...
[M::mem_pestat] (25, 50, 75) percentile: (260, 319, 391)
[M::mem_pestat] low and high boundaries for computing mean and std.dev: (1, 653)
[M::mem_pestat] mean and std.dev: (321.52, 95.22)
[M::mem_pestat] low and high boundaries for proper pairs: (1, 784)
[M::mem_pestat] analyzing insert size distribution for orientation RF...
[M::mem_pestat] (25, 50, 75) percentile: (65, 112, 168)
[M::mem_pestat] low and high boundaries for computing mean and std.dev: (1, 374)
[M::mem_pestat] mean and std.dev: (113.52, 78.50)
[M::mem_pestat] low and high boundaries for proper pairs: (1, 477)
[M::mem_pestat] analyzing insert size distribution for orientation RR...
[M::mem_pestat] (25, 50, 75) percentile: (152, 222, 330)
[M::mem_pestat] low and high boundaries for computing mean and std.dev: (1, 686)
[M::mem_pestat] mean and std.dev: (228.73, 118.55)
[M::mem_pestat] low and high boundaries for proper pairs: (1, 864)
[M::mem_pestat] skip orientation FF
[M::mem_pestat] skip orientation RF
[M::mem_pestat] skip orientation RR
[M::mem_process_seqs] Processed 2669804 reads in 1216.068 CPU sec, 312.298 real sec
[M::process] read 2669706 sequences (400000137 bp)...
[M::mem_pestat] # candidate unique pairs for (FF, FR, RF, RR): (627, 346372, 1633, 579)
[M::mem_pestat] analyzing insert size distribution for orientation FF...
[M::mem_pestat] (25, 50, 75) percentile: (144, 211, 322)
[M::mem_pestat] low and high boundaries for computing mean and std.dev: (1, 678)
[M::mem_pestat] mean and std.dev: (227.96, 131.53)
[M::mem_pestat] low and high boundaries for proper pairs: (1, 856)
[M::mem_pestat] analyzing insert size distribution for orientation FR...
[M::mem_pestat] (25, 50, 75) percentile: (260, 318, 391)
[M::mem_pestat] low and high boundaries for computing mean and std.dev: (1, 653)
[M::mem_pestat] mean and std.dev: (320.32, 96.07)
[M::mem_pestat] low and high boundaries for proper pairs: (1, 784)
[M::mem_pestat] analyzing insert size distribution for orientation RF...
[M::mem_pestat] (25, 50, 75) percentile: (34, 103, 189)
[M::mem_pestat] low and high boundaries for computing mean and std.dev: (1, 499)
[M::mem_pestat] mean and std.dev: (127.36, 129.10)
[M::mem_pestat] low and high boundaries for proper pairs: (1, 654)
[M::mem_pestat] analyzing insert size distribution for orientation RR...
[M::mem_pestat] (25, 50, 75) percentile: (152, 228, 350)
[M::mem_pestat] low and high boundaries for computing mean and std.dev: (1, 746)
[M::mem_pestat] mean and std.dev: (242.36, 140.30)
[M::mem_pestat] low and high boundaries for proper pairs: (1, 944)
[M::mem_pestat] skip orientation FF
[M::mem_pestat] skip orientation RF
[M::mem_pestat] skip orientation RR
[M::mem_process_seqs] Processed 2669784 reads in 1181.880 CPU sec, 303.625 real sec
[M::process] read 2669782 sequences (400000171 bp)...
[M::mem_pestat] # candidate unique pairs for (FF, FR, RF, RR): (543, 333046, 2308, 645)
[M::mem_pestat] analyzing insert size distribution for orientation FF...
[M::mem_pestat] (25, 50, 75) percentile: (148, 221, 336)
[M::mem_pestat] low and high boundaries for computing mean and std.dev: (1, 712)
[M::mem_pestat] mean and std.dev: (233.66, 124.74)
[M::mem_pestat] low and high boundaries for proper pairs: (1, 900)
[M::mem_pestat] analyzing insert size distribution for orientation FR...
[M::mem_pestat] (25, 50, 75) percentile: (255, 315, 389)
[M::mem_pestat] low and high boundaries for computing mean and std.dev: (1, 657)
[M::mem_pestat] mean and std.dev: (314.66, 101.73)
[M::mem_pestat] low and high boundaries for proper pairs: (1, 791)
[M::mem_pestat] analyzing insert size distribution for orientation RF...
[M::mem_pestat] (25, 50, 75) percentile: (28, 82, 145)
[M::mem_pestat] low and high boundaries for computing mean and std.dev: (1, 379)
[M::mem_pestat] mean and std.dev: (84.72, 75.31)
[M::mem_pestat] low and high boundaries for proper pairs: (1, 496)
[M::mem_pestat] analyzing insert size distribution for orientation RR...
[M::mem_pestat] (25, 50, 75) percentile: (141, 211, 328)
[M::mem_pestat] low and high boundaries for computing mean and std.dev: (1, 702)
[M::mem_pestat] mean and std.dev: (229.39, 132.43)
[M::mem_pestat] low and high boundaries for proper pairs: (1, 889)
[M::mem_pestat] skip orientation FF
[M::mem_pestat] skip orientation RF
[M::mem_pestat] skip orientation RR
[M::mem_process_seqs] Processed 2669706 reads in 1169.497 CPU sec, 300.581 real sec
[M::process] read 2669850 sequences (400000256 bp)...
[M::mem_pestat] # candidate unique pairs for (FF, FR, RF, RR): (604, 348906, 3116, 598)
[M::mem_pestat] analyzing insert size distribution for orientation FF...
[M::mem_pestat] (25, 50, 75) percentile: (140, 209, 301)
[M::mem_pestat] low and high boundaries for computing mean and std.dev: (1, 623)
[M::mem_pestat] mean and std.dev: (212.02, 108.83)
[M::mem_pestat] low and high boundaries for proper pairs: (1, 784)
[M::mem_pestat] analyzing insert size distribution for orientation FR...
[M::mem_pestat] (25, 50, 75) percentile: (260, 318, 391)
[M::mem_pestat] low and high boundaries for computing mean and std.dev: (1, 653)
[M::mem_pestat] mean and std.dev: (320.79, 95.94)
[M::mem_pestat] low and high boundaries for proper pairs: (1, 784)
[M::mem_pestat] analyzing insert size distribution for orientation RF...
[M::mem_pestat] (25, 50, 75) percentile: (61, 94, 156)
[M::mem_pestat] low and high boundaries for computing mean and std.dev: (1, 346)
[M::mem_pestat] mean and std.dev: (98.15, 61.93)
[M::mem_pestat] low and high boundaries for proper pairs: (1, 441)
[M::mem_pestat] analyzing insert size distribution for orientation RR...
[M::mem_pestat] (25, 50, 75) percentile: (135, 207, 336)
[M::mem_pestat] low and high boundaries for computing mean and std.dev: (1, 738)
[M::mem_pestat] mean and std.dev: (225.15, 137.51)
[M::mem_pestat] low and high boundaries for proper pairs: (1, 939)
[M::mem_pestat] skip orientation FF
[M::mem_pestat] skip orientation RF
[M::mem_pestat] skip orientation RR
[M::mem_process_seqs] Processed 2669782 reads in 1167.978 CPU sec, 300.011 real sec
[M::process] read 2669832 sequences (400000128 bp)...
[M::mem_pestat] # candidate unique pairs for (FF, FR, RF, RR): (619, 331704, 4228, 603)
[M::mem_pestat] analyzing insert size distribution for orientation FF...
[M::mem_pestat] (25, 50, 75) percentile: (105, 180, 294)
[M::mem_pestat] low and high boundaries for computing mean and std.dev: (1, 672)
[M::mem_pestat] mean and std.dev: (198.65, 130.70)
[M::mem_pestat] low and high boundaries for proper pairs: (1, 861)
[M::mem_pestat] analyzing insert size distribution for orientation FR...
[M::mem_pestat] (25, 50, 75) percentile: (249, 310, 385)
[M::mem_pestat] low and high boundaries for computing mean and std.dev: (1, 657)
[M::mem_pestat] mean and std.dev: (307.45, 107.28)
[M::mem_pestat] low and high boundaries for proper pairs: (1, 793)
[M::mem_pestat] analyzing insert size distribution for orientation RF...
[M::mem_pestat] (25, 50, 75) percentile: (14, 33, 84)
[M::mem_pestat] low and high boundaries for computing mean and std.dev: (1, 224)
[M::mem_pestat] mean and std.dev: (47.03, 45.15)
[M::mem_pestat] low and high boundaries for proper pairs: (1, 294)
[M::mem_pestat] analyzing insert size distribution for orientation RR...
[M::mem_pestat] (25, 50, 75) percentile: (127, 204, 304)
[M::mem_pestat] low and high boundaries for computing mean and std.dev: (1, 658)
[M::mem_pestat] mean and std.dev: (206.73, 125.96)
[M::mem_pestat] low and high boundaries for proper pairs: (1, 835)
[M::mem_pestat] skip orientation FF
[M::mem_pestat] skip orientation RF
[M::mem_pestat] skip orientation RR
[M::mem_process_seqs] Processed 2669850 reads in 1171.494 CPU sec, 300.869 real sec
[M::process] read 2669758 sequences (400000103 bp)...
[M::mem_pestat] # candidate unique pairs for (FF, FR, RF, RR): (580, 342619, 1730, 624)
[M::mem_pestat] analyzing insert size distribution for orientation FF...
[M::mem_pestat] (25, 50, 75) percentile: (136, 221, 329)
[M::mem_pestat] low and high boundaries for computing mean and std.dev: (1, 715)
[M::mem_pestat] mean and std.dev: (221.19, 124.97)
[M::mem_pestat] low and high boundaries for proper pairs: (1, 908)
[M::mem_pestat] analyzing insert size distribution for orientation FR...
[M::mem_pestat] (25, 50, 75) percentile: (259, 317, 390)
[M::mem_pestat] low and high boundaries for computing mean and std.dev: (1, 652)
[M::mem_pestat] mean and std.dev: (320.09, 95.92)
[M::mem_pestat] low and high boundaries for proper pairs: (1, 783)
[M::mem_pestat] analyzing insert size distribution for orientation RF...
[M::mem_pestat] (25, 50, 75) percentile: (52, 110, 345)
[M::mem_pestat] low and high boundaries for computing mean and std.dev: (1, 931)
[M::mem_pestat] mean and std.dev: (176.86, 174.81)
[M::mem_pestat] low and high boundaries for proper pairs: (1, 1224)
[M::mem_pestat] analyzing insert size distribution for orientation RR...
[M::mem_pestat] (25, 50, 75) percentile: (146, 224, 326)
[M::mem_pestat] low and high boundaries for computing mean and std.dev: (1, 686)
[M::mem_pestat] mean and std.dev: (230.56, 126.69)
[M::mem_pestat] low and high boundaries for proper pairs: (1, 866)
[M::mem_pestat] skip orientation FF
[M::mem_pestat] skip orientation RF
[M::mem_pestat] skip orientation RR
[M::mem_process_seqs] Processed 2669832 reads in 1220.263 CPU sec, 313.036 real sec
[M::process] read 2669738 sequences (400000298 bp)...
[M::mem_pestat] # candidate unique pairs for (FF, FR, RF, RR): (609, 335233, 3797, 575)
[M::mem_pestat] analyzing insert size distribution for orientation FF...
[M::mem_pestat] (25, 50, 75) percentile: (140, 215, 320)
[M::mem_pestat] low and high boundaries for computing mean and std.dev: (1, 680)
[M::mem_pestat] mean and std.dev: (215.98, 118.47)
[M::mem_pestat] low and high boundaries for proper pairs: (1, 860)
[M::mem_pestat] analyzing insert size distribution for orientation FR...
[M::mem_pestat] (25, 50, 75) percentile: (254, 314, 388)
[M::mem_pestat] low and high boundaries for computing mean and std.dev: (1, 656)
[M::mem_pestat] mean and std.dev: (314.90, 100.34)
[M::mem_pestat] low and high boundaries for proper pairs: (1, 790)
[M::mem_pestat] analyzing insert size distribution for orientation RF...
[M::mem_pestat] (25, 50, 75) percentile: (25, 56, 120)
[M::mem_pestat] low and high boundaries for computing mean and std.dev: (1, 310)
[M::mem_pestat] mean and std.dev: (73.65, 64.12)
[M::mem_pestat] low and high boundaries for proper pairs: (1, 405)
[M::mem_pestat] analyzing insert size distribution for orientation RR...
[M::mem_pestat] (25, 50, 75) percentile: (143, 216, 324)
[M::mem_pestat] low and high boundaries for computing mean and std.dev: (1, 686)
[M::mem_pestat] mean and std.dev: (228.83, 129.85)
[M::mem_pestat] low and high boundaries for proper pairs: (1, 867)
[M::mem_pestat] skip orientation FF
[M::mem_pestat] skip orientation RF
[M::mem_pestat] skip orientation RR
[M::mem_process_seqs] Processed 2669758 reads in 1191.607 CPU sec, 306.059 real sec
[M::process] read 2669784 sequences (400000051 bp)...
[M::mem_pestat] # candidate unique pairs for (FF, FR, RF, RR): (607, 340497, 1840, 542)
[M::mem_pestat] analyzing insert size distribution for orientation FF...
[M::mem_pestat] (25, 50, 75) percentile: (135, 220, 338)
[M::mem_pestat] low and high boundaries for computing mean and std.dev: (1, 744)
[M::mem_pestat] mean and std.dev: (231.70, 140.92)
[M::mem_pestat] low and high boundaries for proper pairs: (1, 947)
[M::mem_pestat] analyzing insert size distribution for orientation FR...
[M::mem_pestat] (25, 50, 75) percentile: (252, 312, 387)
[M::mem_pestat] low and high boundaries for computing mean and std.dev: (1, 657)
[M::mem_pestat] mean and std.dev: (309.76, 106.52)
[M::mem_pestat] low and high boundaries for proper pairs: (1, 792)
[M::mem_pestat] analyzing insert size distribution for orientation RF...
[M::mem_pestat] (25, 50, 75) percentile: (16, 79, 155)
[M::mem_pestat] low and high boundaries for computing mean and std.dev: (1, 433)
[M::mem_pestat] mean and std.dev: (95.54, 107.21)
[M::mem_pestat] low and high boundaries for proper pairs: (1, 572)
[M::mem_pestat] analyzing insert size distribution for orientation RR...
[M::mem_pestat] (25, 50, 75) percentile: (142, 212, 312)
[M::mem_pestat] low and high boundaries for computing mean and std.dev: (1, 652)
[M::mem_pestat] mean and std.dev: (218.47, 124.04)
[M::mem_pestat] low and high boundaries for proper pairs: (1, 822)
[M::mem_pestat] skip orientation FF
[M::mem_pestat] skip orientation RF
[M::mem_pestat] skip orientation RR
[M::mem_process_seqs] Processed 2669738 reads in 1171.708 CPU sec, 300.923 real sec
[M::process] read 2669670 sequences (400000082 bp)...
[M::mem_pestat] # candidate unique pairs for (FF, FR, RF, RR): (563, 343106, 1441, 611)
[M::mem_pestat] analyzing insert size distribution for orientation FF...
[M::mem_pestat] (25, 50, 75) percentile: (142, 221, 327)
[M::mem_pestat] low and high boundaries for computing mean and std.dev: (1, 697)
[M::mem_pestat] mean and std.dev: (226.95, 128.95)
[M::mem_pestat] low and high boundaries for proper pairs: (1, 882)
[M::mem_pestat] analyzing insert size distribution for orientation FR...
[M::mem_pestat] (25, 50, 75) percentile: (260, 318, 391)
[M::mem_pestat] low and high boundaries for computing mean and std.dev: (1, 653)
[M::mem_pestat] mean and std.dev: (320.92, 95.36)
[M::mem_pestat] low and high boundaries for proper pairs: (1, 784)
[M::mem_pestat] analyzing insert size distribution for orientation RF...
[M::mem_pestat] (25, 50, 75) percentile: (57, 121, 184)
[M::mem_pestat] low and high boundaries for computing mean and std.dev: (1, 438)
[M::mem_pestat] mean and std.dev: (124.03, 101.46)
[M::mem_pestat] low and high boundaries for proper pairs: (1, 565)
[M::mem_pestat] analyzing insert size distribution for orientation RR...
[M::mem_pestat] (25, 50, 75) percentile: (151, 223, 323)
[M::mem_pestat] low and high boundaries for computing mean and std.dev: (1, 667)
[M::mem_pestat] mean and std.dev: (230.93, 122.32)
[M::mem_pestat] low and high boundaries for proper pairs: (1, 839)
[M::mem_pestat] skip orientation FF
[M::mem_pestat] skip orientation RF
[M::mem_pestat] skip orientation RR
[M::mem_process_seqs] Processed 2669784 reads in 1164.723 CPU sec, 299.102 real sec
[M::process] read 2669690 sequences (400000149 bp)...
[M::mem_pestat] # candidate unique pairs for (FF, FR, RF, RR): (539, 334188, 3297, 566)
[M::mem_pestat] analyzing insert size distribution for orientation FF...
[M::mem_pestat] (25, 50, 75) percentile: (128, 211, 343)
[M::mem_pestat] low and high boundaries for computing mean and std.dev: (1, 773)
[M::mem_pestat] mean and std.dev: (234.68, 151.35)
[M::mem_pestat] low and high boundaries for proper pairs: (1, 988)
[M::mem_pestat] analyzing insert size distribution for orientation FR...
[M::mem_pestat] (25, 50, 75) percentile: (256, 315, 388)
[M::mem_pestat] low and high boundaries for computing mean and std.dev: (1, 652)
[M::mem_pestat] mean and std.dev: (316.72, 97.53)
[M::mem_pestat] low and high boundaries for proper pairs: (1, 784)
[M::mem_pestat] analyzing insert size distribution for orientation RF...
[M::mem_pestat] (25, 50, 75) percentile: (49, 87, 141)
[M::mem_pestat] low and high boundaries for computing mean and std.dev: (1, 325)
[M::mem_pestat] mean and std.dev: (86.95, 55.82)
[M::mem_pestat] low and high boundaries for proper pairs: (1, 417)
[M::mem_pestat] analyzing insert size distribution for orientation RR...
[M::mem_pestat] (25, 50, 75) percentile: (145, 215, 327)
[M::mem_pestat] low and high boundaries for computing mean and std.dev: (1, 691)
[M::mem_pestat] mean and std.dev: (225.81, 124.41)
[M::mem_pestat] low and high boundaries for proper pairs: (1, 873)
[M::mem_pestat] skip orientation FF
[M::mem_pestat] skip orientation RF
[M::mem_pestat] skip orientation RR
[M::mem_process_seqs] Processed 2669670 reads in 1181.621 CPU sec, 303.416 real sec
[M::process] read 2669766 sequences (400000120 bp)...
[M::mem_pestat] # candidate unique pairs for (FF, FR, RF, RR): (621, 339232, 1626, 600)
[M::mem_pestat] analyzing insert size distribution for orientation FF...
[M::mem_pestat] (25, 50, 75) percentile: (137, 216, 327)
[M::mem_pestat] low and high boundaries for computing mean and std.dev: (1, 707)
[M::mem_pestat] mean and std.dev: (229.06, 131.84)
[M::mem_pestat] low and high boundaries for proper pairs: (1, 897)
[M::mem_pestat] analyzing insert size distribution for orientation FR...
[M::mem_pestat] (25, 50, 75) percentile: (258, 317, 390)
[M::mem_pestat] low and high boundaries for computing mean and std.dev: (1, 654)
[M::mem_pestat] mean and std.dev: (317.88, 98.52)
[M::mem_pestat] low and high boundaries for proper pairs: (1, 786)
[M::mem_pestat] analyzing insert size distribution for orientation RF...
[M::mem_pestat] (25, 50, 75) percentile: (60, 106, 182)
[M::mem_pestat] low and high boundaries for computing mean and std.dev: (1, 426)
[M::mem_pestat] mean and std.dev: (116.06, 95.03)
[M::mem_pestat] low and high boundaries for proper pairs: (1, 548)
[M::mem_pestat] analyzing insert size distribution for orientation RR...
[M::mem_pestat] (25, 50, 75) percentile: (149, 224, 335)
[M::mem_pestat] low and high boundaries for computing mean and std.dev: (1, 707)
[M::mem_pestat] mean and std.dev: (226.15, 122.39)
[M::mem_pestat] low and high boundaries for proper pairs: (1, 893)
[M::mem_pestat] skip orientation FF
[M::mem_pestat] skip orientation RF
[M::mem_pestat] skip orientation RR
[M::mem_process_seqs] Processed 2669690 reads in 1182.161 CPU sec, 303.575 real sec
[M::process] read 2669792 sequences (400000007 bp)...
[M::mem_pestat] # candidate unique pairs for (FF, FR, RF, RR): (580, 346058, 1613, 601)
[M::mem_pestat] analyzing insert size distribution for orientation FF...
[M::mem_pestat] (25, 50, 75) percentile: (142, 214, 342)
[M::mem_pestat] low and high boundaries for computing mean and std.dev: (1, 742)
[M::mem_pestat] mean and std.dev: (243.08, 152.12)
[M::mem_pestat] low and high boundaries for proper pairs: (1, 942)
[M::mem_pestat] analyzing insert size distribution for orientation FR...
[M::mem_pestat] (25, 50, 75) percentile: (260, 318, 391)
[M::mem_pestat] low and high boundaries for computing mean and std.dev: (1, 653)
[M::mem_pestat] mean and std.dev: (321.51, 94.57)
[M::mem_pestat] low and high boundaries for proper pairs: (1, 784)
[M::mem_pestat] analyzing insert size distribution for orientation RF...
[M::mem_pestat] (25, 50, 75) percentile: (39, 92, 167)
[M::mem_pestat] low and high boundaries for computing mean and std.dev: (1, 423)
[M::mem_pestat] mean and std.dev: (103.00, 96.61)
[M::mem_pestat] low and high boundaries for proper pairs: (1, 551)
[M::mem_pestat] analyzing insert size distribution for orientation RR...
[M::mem_pestat] (25, 50, 75) percentile: (149, 223, 343)
[M::mem_pestat] low and high boundaries for computing mean and std.dev: (1, 731)
[M::mem_pestat] mean and std.dev: (246.91, 145.54)
[M::mem_pestat] low and high boundaries for proper pairs: (1, 925)
[M::mem_pestat] skip orientation FF
[M::mem_pestat] skip orientation RF
[M::mem_pestat] skip orientation RR
[M::mem_process_seqs] Processed 2669766 reads in 1190.849 CPU sec, 305.748 real sec
[M::process] read 2669750 sequences (400000290 bp)...
[M::mem_pestat] # candidate unique pairs for (FF, FR, RF, RR): (632, 347964, 2104, 635)
[M::mem_pestat] analyzing insert size distribution for orientation FF...
[M::mem_pestat] (25, 50, 75) percentile: (143, 216, 336)
[M::mem_pestat] low and high boundaries for computing mean and std.dev: (1, 722)
[M::mem_pestat] mean and std.dev: (229.65, 133.05)
[M::mem_pestat] low and high boundaries for proper pairs: (1, 915)
[M::mem_pestat] analyzing insert size distribution for orientation FR...
[M::mem_pestat] (25, 50, 75) percentile: (256, 315, 389)
[M::mem_pestat] low and high boundaries for computing mean and std.dev: (1, 655)
[M::mem_pestat] mean and std.dev: (315.02, 101.75)
[M::mem_pestat] low and high boundaries for proper pairs: (1, 788)
[M::mem_pestat] analyzing insert size distribution for orientation RF...
[M::mem_pestat] (25, 50, 75) percentile: (17, 58, 146)
[M::mem_pestat] low and high boundaries for computing mean and std.dev: (1, 404)
[M::mem_pestat] mean and std.dev: (78.27, 90.88)
[M::mem_pestat] low and high boundaries for proper pairs: (1, 533)
[M::mem_pestat] analyzing insert size distribution for orientation RR...
[M::mem_pestat] (25, 50, 75) percentile: (135, 208, 335)
[M::mem_pestat] low and high boundaries for computing mean and std.dev: (1, 735)
[M::mem_pestat] mean and std.dev: (229.07, 140.96)
[M::mem_pestat] low and high boundaries for proper pairs: (1, 935)
[M::mem_pestat] skip orientation FF
[M::mem_pestat] skip orientation RF
[M::mem_pestat] skip orientation RR
[M::mem_process_seqs] Processed 2669792 reads in 1176.735 CPU sec, 302.157 real sec
[M::process] read 2669716 sequences (400000178 bp)...
[M::mem_pestat] # candidate unique pairs for (FF, FR, RF, RR): (602, 339535, 1520, 548)
[M::mem_pestat] analyzing insert size distribution for orientation FF...
[M::mem_pestat] (25, 50, 75) percentile: (138, 218, 334)
[M::mem_pestat] low and high boundaries for computing mean and std.dev: (1, 726)
[M::mem_pestat] mean and std.dev: (228.27, 138.46)
[M::mem_pestat] low and high boundaries for proper pairs: (1, 922)
[M::mem_pestat] analyzing insert size distribution for orientation FR...
[M::mem_pestat] (25, 50, 75) percentile: (257, 316, 390)
[M::mem_pestat] low and high boundaries for computing mean and std.dev: (1, 656)
[M::mem_pestat] mean and std.dev: (316.78, 99.61)
[M::mem_pestat] low and high boundaries for proper pairs: (1, 789)
[M::mem_pestat] analyzing insert size distribution for orientation RF...
[M::mem_pestat] (25, 50, 75) percentile: (55, 104, 169)
[M::mem_pestat] low and high boundaries for computing mean and std.dev: (1, 397)
[M::mem_pestat] mean and std.dev: (104.99, 82.39)
[M::mem_pestat] low and high boundaries for proper pairs: (1, 511)
[M::mem_pestat] analyzing insert size distribution for orientation RR...
[M::mem_pestat] (25, 50, 75) percentile: (150, 240, 353)
[M::mem_pestat] low and high boundaries for computing mean and std.dev: (1, 759)
[M::mem_pestat] mean and std.dev: (249.63, 142.31)
[M::mem_pestat] low and high boundaries for proper pairs: (1, 962)
[M::mem_pestat] skip orientation FF
[M::mem_pestat] skip orientation RF
[M::mem_pestat] skip orientation RR
[M::mem_process_seqs] Processed 2669750 reads in 1173.678 CPU sec, 301.211 real sec
[M::process] read 1551960 sequences (232546708 bp)...
[M::mem_pestat] # candidate unique pairs for (FF, FR, RF, RR): (611, 345229, 3019, 581)
[M::mem_pestat] analyzing insert size distribution for orientation FF...
[M::mem_pestat] (25, 50, 75) percentile: (152, 216, 324)
[M::mem_pestat] low and high boundaries for computing mean and std.dev: (1, 668)
[M::mem_pestat] mean and std.dev: (223.18, 120.19)
[M::mem_pestat] low and high boundaries for proper pairs: (1, 840)
[M::mem_pestat] analyzing insert size distribution for orientation FR...
[M::mem_pestat] (25, 50, 75) percentile: (256, 315, 389)
[M::mem_pestat] low and high boundaries for computing mean and std.dev: (1, 655)
[M::mem_pestat] mean and std.dev: (315.46, 100.86)
[M::mem_pestat] low and high boundaries for proper pairs: (1, 788)
[M::mem_pestat] analyzing insert size distribution for orientation RF...
[M::mem_pestat] (25, 50, 75) percentile: (45, 129, 213)
[M::mem_pestat] low and high boundaries for computing mean and std.dev: (1, 549)
[M::mem_pestat] mean and std.dev: (142.41, 120.21)
[M::mem_pestat] low and high boundaries for proper pairs: (1, 717)
[M::mem_pestat] analyzing insert size distribution for orientation RR...
[M::mem_pestat] (25, 50, 75) percentile: (139, 223, 328)
[M::mem_pestat] low and high boundaries for computing mean and std.dev: (1, 706)
[M::mem_pestat] mean and std.dev: (226.90, 124.22)
[M::mem_pestat] low and high boundaries for proper pairs: (1, 895)
[M::mem_pestat] skip orientation FF
[M::mem_pestat] skip orientation RF
[M::mem_pestat] skip orientation RR
[M::mem_process_seqs] Processed 2669716 reads in 1159.059 CPU sec, 297.686 real sec
[M::mem_pestat] # candidate unique pairs for (FF, FR, RF, RR): (326, 185791, 5083, 485)
[M::mem_pestat] analyzing insert size distribution for orientation FF...
[M::mem_pestat] (25, 50, 75) percentile: (118, 186, 282)
[M::mem_pestat] low and high boundaries for computing mean and std.dev: (1, 610)
[M::mem_pestat] mean and std.dev: (192.51, 118.19)
[M::mem_pestat] low and high boundaries for proper pairs: (1, 774)
[M::mem_pestat] analyzing insert size distribution for orientation FR...
[M::mem_pestat] (25, 50, 75) percentile: (239, 300, 379)
[M::mem_pestat] low and high boundaries for computing mean and std.dev: (1, 659)
[M::mem_pestat] mean and std.dev: (295.52, 114.88)
[M::mem_pestat] low and high boundaries for proper pairs: (1, 799)
[M::mem_pestat] analyzing insert size distribution for orientation RF...
[M::mem_pestat] (25, 50, 75) percentile: (15, 33, 52)
[M::mem_pestat] low and high boundaries for computing mean and std.dev: (1, 126)
[M::mem_pestat] mean and std.dev: (35.25, 28.33)
[M::mem_pestat] low and high boundaries for proper pairs: (1, 163)
[M::mem_pestat] analyzing insert size distribution for orientation RR...
[M::mem_pestat] (25, 50, 75) percentile: (77, 153, 258)
[M::mem_pestat] low and high boundaries for computing mean and std.dev: (1, 620)
[M::mem_pestat] mean and std.dev: (166.38, 122.43)
[M::mem_pestat] low and high boundaries for proper pairs: (1, 801)
[M::mem_pestat] skip orientation FF
[M::mem_pestat] skip orientation RF
[M::mem_pestat] skip orientation RR
[M::mem_process_seqs] Processed 1551960 reads in 634.154 CPU sec, 165.973 real sec
[main] Version: 0.7.17-r1188
[main] CMD: bwa mem -L 5 -t 40 -a -M -T 30 -A 1 -B 4 -O 6 -R @RG\tID:Hte-CTic_NRR_decont_correctedIDs\tSM:Hte-CTic_NRR_decont_correctedIDs\tPL:Illumina reference.denovoSSL.Hte20k.fasta Hte-CTic_NRR_decont_correctedIDs.R1.fq.gz Hte-CTic_NRR_decont_correctedIDs.R2.fq.gz
[main] Real time: 11591.533 sec; CPU: 44910.231 sec
