

== Warning ==  output dir is not empty! Please, clean output directory before run.




== Warning ==  No assembly mode was specified! If you intend to assemble high-coverage multi-cell/isolate data, use '--isolate' option.


Command line: /opt/conda/bin/spades.py	-k	21,33,55,77,99	--pe1-1	/home/e1garcia/shotgun_PIRE/REUs/2022_REU/erykamolino/ostorhinchus_chrysopomus/fq_fp1_clmp_fp2_fqscrn_repaired/Och_CTum_001_Ex1-1D_L4_clmp.fp2_repr.R1.fq.gz	--pe1-2	/home/e1garcia/shotgun_PIRE/REUs/2022_REU/erykamolino/ostorhinchus_chrysopomus/fq_fp1_clmp_fp2_fqscrn_repaired/Och_CTum_001_Ex1-1D_L4_clmp.fp2_repr.R2.fq.gz	--threads	32	--memory	750	--tmp-dir	/scratch-lustre/emoli004	--cov-cutoff	off	-o	/home/e1garcia/shotgun_PIRE/REUs/2022_REU/erykamolino/ostorhinchus_chrysopomus/SPAdes_Och-A_decontam_R1R2_noIsolate	

System information:
  SPAdes version: 3.15.2
  Python version: 3.7.9
  OS: Linux-4.4.302-1.el6_10.x86_64-x86_64-with-fedora-32-Thirty_Two

Output dir: /home/e1garcia/shotgun_PIRE/REUs/2022_REU/erykamolino/ostorhinchus_chrysopomus/SPAdes_Och-A_decontam_R1R2_noIsolate
Mode: read error correction and assembling
Debug mode is turned OFF

Dataset parameters:
  Standard mode
  For multi-cell/isolate data we recommend to use '--isolate' option; for single-cell MDA data use '--sc'; for metagenomic data use '--meta'; for RNA-Seq use '--rna'.
  Reads:
    Library number: 1, library type: paired-end
      orientation: fr
      left reads: ['/home/e1garcia/shotgun_PIRE/REUs/2022_REU/erykamolino/ostorhinchus_chrysopomus/fq_fp1_clmp_fp2_fqscrn_repaired/Och_CTum_001_Ex1-1D_L4_clmp.fp2_repr.R1.fq.gz']
      right reads: ['/home/e1garcia/shotgun_PIRE/REUs/2022_REU/erykamolino/ostorhinchus_chrysopomus/fq_fp1_clmp_fp2_fqscrn_repaired/Och_CTum_001_Ex1-1D_L4_clmp.fp2_repr.R2.fq.gz']
      interlaced reads: not specified
      single reads: not specified
      merged reads: not specified
Read error correction parameters:
  Iterations: 1
  PHRED offset will be auto-detected
  Corrected reads will be compressed
Assembly parameters:
  k: [21, 33, 55, 77, 99]
  Repeat resolution is enabled
  Mismatch careful mode is turned OFF
  MismatchCorrector will be SKIPPED
  Coverage cutoff is turned OFF
Other parameters:
  Dir for temp files: /scratch-lustre/emoli004
  Threads: 32
  Memory limit (in Gb): 750


======= SPAdes pipeline started. Log can be found here: /home/e1garcia/shotgun_PIRE/REUs/2022_REU/erykamolino/ostorhinchus_chrysopomus/SPAdes_Och-A_decontam_R1R2_noIsolate/spades.log

/home/e1garcia/shotgun_PIRE/REUs/2022_REU/erykamolino/ostorhinchus_chrysopomus/fq_fp1_clmp_fp2_fqscrn_repaired/Och_CTum_001_Ex1-1D_L4_clmp.fp2_repr.R1.fq.gz: max reads length: 150
/home/e1garcia/shotgun_PIRE/REUs/2022_REU/erykamolino/ostorhinchus_chrysopomus/fq_fp1_clmp_fp2_fqscrn_repaired/Och_CTum_001_Ex1-1D_L4_clmp.fp2_repr.R2.fq.gz: max reads length: 150

Reads length: 150


===== Before start started. 


===== Read error correction started. 


===== Read error correction started. 


== Running: /opt/conda/bin/spades-hammer /home/e1garcia/shotgun_PIRE/REUs/2022_REU/erykamolino/ostorhinchus_chrysopomus/SPAdes_Och-A_decontam_R1R2_noIsolate/corrected/configs/config.info

  0:00:00.000     1M / 12M   INFO    General                 (main.cpp                  :  75)   Starting BayesHammer, built from N/A, git revision N/A
  0:00:00.040     1M / 12M   INFO    General                 (main.cpp                  :  76)   Loading config from /home/e1garcia/shotgun_PIRE/REUs/2022_REU/erykamolino/ostorhinchus_chrysopomus/SPAdes_Och-A_decontam_R1R2_noIsolate/corrected/configs/config.info
  0:00:00.049     1M / 12M   INFO    General                 (main.cpp                  :  78)   Maximum # of threads to use (adjusted due to OMP capabilities): 32
  0:00:00.052     1M / 12M   INFO    General                 (memory_limit.cpp          :  48)   Memory limit set to 750 Gb
  0:00:00.056     1M / 12M   INFO    General                 (main.cpp                  :  86)   Trying to determine PHRED offset
  0:00:00.060     1M / 12M   INFO    General                 (main.cpp                  :  92)   Determined value is 33
  0:00:00.063     1M / 12M   INFO    General                 (hammer_tools.cpp          :  38)   Hamming graph threshold tau=1, k=21, subkmer positions = [ 0 10 ]
  0:00:00.066     1M / 12M   INFO    General                 (main.cpp                  : 113)   Size of aux. kmer data 24 bytes
     === ITERATION 0 begins ===
  0:00:00.072     1M / 12M   INFO    General                 (kmer_index_builder.hpp    : 243)   Splitting kmer instances into 16 files using 32 threads. This might take a while.
  0:00:00.074     1M / 12M   INFO    General                 (file_limit.hpp            :  32)   Open file limit set to 50000
  0:00:00.081     1M / 12M   INFO    General                 (kmer_splitter.hpp         :  93)   Memory available for splitting buffers: 7.8125 Gb
  0:00:00.084     1M / 12M   INFO    General                 (kmer_splitter.hpp         : 101)   Using cell size of 4194304
  0:00:00.329    19G / 19G   INFO   K-mer Splitting          (kmer_data.cpp             :  97)   Processing /home/e1garcia/shotgun_PIRE/REUs/2022_REU/erykamolino/ostorhinchus_chrysopomus/fq_fp1_clmp_fp2_fqscrn_repaired/Och_CTum_001_Ex1-1D_L4_clmp.fp2_repr.R1.fq.gz
  0:00:59.666    19G / 30G   INFO   K-mer Splitting          (kmer_data.cpp             : 107)   Processed 7559100 reads
  0:01:57.398    19G / 31G   INFO   K-mer Splitting          (kmer_data.cpp             : 107)   Processed 15396242 reads
  0:02:54.015    19G / 31G   INFO   K-mer Splitting          (kmer_data.cpp             : 107)   Processed 23101766 reads
  0:03:50.547    19G / 31G   INFO   K-mer Splitting          (kmer_data.cpp             : 107)   Processed 30755675 reads
  0:04:46.556    19G / 31G   INFO   K-mer Splitting          (kmer_data.cpp             : 107)   Processed 38460472 reads
  0:05:43.493    19G / 31G   INFO   K-mer Splitting          (kmer_data.cpp             : 107)   Processed 46234662 reads
  0:06:41.464    19G / 31G   INFO   K-mer Splitting          (kmer_data.cpp             : 107)   Processed 54036063 reads
  0:07:38.464    19G / 31G   INFO   K-mer Splitting          (kmer_data.cpp             : 107)   Processed 61794795 reads
  0:08:34.821    19G / 31G   INFO   K-mer Splitting          (kmer_data.cpp             : 107)   Processed 69430970 reads
  0:09:30.689    19G / 31G   INFO   K-mer Splitting          (kmer_data.cpp             : 107)   Processed 77003235 reads
  0:10:27.678    19G / 31G   INFO   K-mer Splitting          (kmer_data.cpp             : 107)   Processed 84669112 reads
  0:11:25.116    19G / 31G   INFO   K-mer Splitting          (kmer_data.cpp             : 107)   Processed 92413850 reads
  0:12:04.936    19G / 31G   INFO   K-mer Splitting          (kmer_data.cpp             :  97)   Processing /home/e1garcia/shotgun_PIRE/REUs/2022_REU/erykamolino/ostorhinchus_chrysopomus/fq_fp1_clmp_fp2_fqscrn_repaired/Och_CTum_001_Ex1-1D_L4_clmp.fp2_repr.R2.fq.gz
  0:17:43.831    19G / 31G   INFO   K-mer Splitting          (kmer_data.cpp             : 107)   Processed 136829233 reads
  0:26:11.185    19G / 31G   INFO   K-mer Splitting          (kmer_data.cpp             : 112)   Total 195626230 reads processed
  0:26:11.194     1M / 31G   INFO    General                 (kmer_index_builder.hpp    : 249)   Starting k-mer counting.
  0:28:07.973     1M / 113G  INFO    General                 (kmer_index_builder.hpp    : 260)   K-mer counting done. There are 3626279052 kmers in total.
  0:28:07.978     1M / 113G  INFO   K-mer Index Building     (kmer_index_builder.hpp    : 395)   Building perfect hash indices
  0:30:44.085  2582M / 113G  INFO   K-mer Index Building     (kmer_index_builder.hpp    : 431)   Index built. Total 3626279052 kmers, 2619143272 bytes occupied (5.77814 bits per kmer).
  0:30:44.096  2582M / 113G  INFO   K-mer Counting           (kmer_data.cpp             : 354)   Arranging kmers in hash map order
  0:32:43.371    57G / 113G  INFO    General                 (main.cpp                  : 148)   Clustering Hamming graph.
  0:54:52.540    57G / 113G  INFO    General                 (main.cpp                  : 155)   Extracting clusters:
  0:54:52.540    57G / 113G  INFO    General                 (concurrent_dsu.cpp        :  18)   Connecting to root
  0:54:56.786    57G / 113G  INFO    General                 (concurrent_dsu.cpp        :  34)   Calculating counts
  1:02:29.005    91G / 113G  INFO    General                 (concurrent_dsu.cpp        :  63)   Writing down entries
  1:18:14.294    57G / 132G  INFO    General                 (main.cpp                  : 167)   Clustering done. Total clusters: 1871522783
  1:18:14.387    30G / 132G  INFO   K-mer Counting           (kmer_data.cpp             : 371)   Collecting K-mer information, this takes a while.
  1:18:37.963   111G / 132G  INFO   K-mer Counting           (kmer_data.cpp             : 377)   Processing /home/e1garcia/shotgun_PIRE/REUs/2022_REU/erykamolino/ostorhinchus_chrysopomus/fq_fp1_clmp_fp2_fqscrn_repaired/Och_CTum_001_Ex1-1D_L4_clmp.fp2_repr.R1.fq.gz
