
[warning] samtools mpileup option `u` is functional, but deprecated. Please switch to using bcftools mpileup in future.
[mpileup] 3 samples in 1 input files
Note: none of --samples-file, --ploidy or --ploidy-file given, assuming all sites are diploid
mv: 'denovoSSL_20k_mpileup-824117.out' and '/home/e1garcia/shotgun_PIRE/REUs/2022_REU/Abby_Ethridge/stethojulis_interrupta_PSMC/data/mkBAM/Sin_denovoSSL_20k_PSMC/denovoSSL_20k_PSMC/joblog/denovoSSL_20k_mpileup-824117.out' are the same file
mv: 'denovoSSL_20k_mpileup-824118.out' and '/home/e1garcia/shotgun_PIRE/REUs/2022_REU/Abby_Ethridge/stethojulis_interrupta_PSMC/data/mkBAM/Sin_denovoSSL_20k_PSMC/denovoSSL_20k_PSMC/joblog/denovoSSL_20k_mpileup-824118.out' are the same file
mv: 'denovoSSL_20k_mpileup-824121.out' and '/home/e1garcia/shotgun_PIRE/REUs/2022_REU/Abby_Ethridge/stethojulis_interrupta_PSMC/data/mkBAM/Sin_denovoSSL_20k_PSMC/denovoSSL_20k_PSMC/joblog/denovoSSL_20k_mpileup-824121.out' are the same file
mv: cannot stat 'denovoSSL_20k_mpileup-824122.out': No such file or directory
mv: cannot stat 'denovoSSL_20k_mpileup-824123.out': No such file or directory
mv: 'denovoSSL_20k_mpileup-824124.out' and '/home/e1garcia/shotgun_PIRE/REUs/2022_REU/Abby_Ethridge/stethojulis_interrupta_PSMC/data/mkBAM/Sin_denovoSSL_20k_PSMC/denovoSSL_20k_PSMC/joblog/denovoSSL_20k_mpileup-824124.out' are the same file
mv: cannot stat 'denovoSSL_20k_mpileup-824125.out': No such file or directory
mv: cannot stat 'denovoSSL_20k_mpileup-824126.out': No such file or directory
mv: cannot stat 'denovoSSL_20k_mpileup-824127.out': No such file or directory
mv: cannot stat 'denovoSSL_20k_mpileup-824128.out': No such file or directory
mv: cannot stat 'denovoSSL_20k_mpileup-824129.out': No such file or directory
mv: 'denovoSSL_20k_mpileup-824130.out' and '/home/e1garcia/shotgun_PIRE/REUs/2022_REU/Abby_Ethridge/stethojulis_interrupta_PSMC/data/mkBAM/Sin_denovoSSL_20k_PSMC/denovoSSL_20k_PSMC/joblog/denovoSSL_20k_mpileup-824130.out' are the same file
mv: cannot stat 'denovoSSL_20k_mpileup-824131.out': No such file or directory
mv: 'denovoSSL_20k_mpileup-824132.out' and '/home/e1garcia/shotgun_PIRE/REUs/2022_REU/Abby_Ethridge/stethojulis_interrupta_PSMC/data/mkBAM/Sin_denovoSSL_20k_PSMC/denovoSSL_20k_PSMC/joblog/denovoSSL_20k_mpileup-824132.out' are the same file
mv: cannot stat 'denovoSSL_20k_mpileup-824133.out': No such file or directory
mv: cannot stat 'denovoSSL_20k_mpileup-824134.out': No such file or directory
mv: cannot stat 'denovoSSL_20k_mpileup-824135.out': No such file or directory
mv: cannot stat 'denovoSSL_20k_mpileup-824138.out': No such file or directory
