
[warning] samtools mpileup option `u` is functional, but deprecated. Please switch to using bcftools mpileup in future.
[mpileup] 3 samples in 1 input files
Note: none of --samples-file, --ploidy or --ploidy-file given, assuming all sites are diploid
mv: 'denovoSSL_20k_mpileup-824371.out' and '/home/e1garcia/shotgun_PIRE/REUs/2022_REU/Abby_Ethridge/stethojulis_interrupta_PSMC/data/mkBAM/Sin_denovoSSL_20k_PSMC/denovoSSL_20k_PSMC/joblog/denovoSSL_20k_mpileup-824371.out' are the same file
mv: 'denovoSSL_20k_mpileup-824372.out' and '/home/e1garcia/shotgun_PIRE/REUs/2022_REU/Abby_Ethridge/stethojulis_interrupta_PSMC/data/mkBAM/Sin_denovoSSL_20k_PSMC/denovoSSL_20k_PSMC/joblog/denovoSSL_20k_mpileup-824372.out' are the same file
mv: 'denovoSSL_20k_mpileup-824373.out' and '/home/e1garcia/shotgun_PIRE/REUs/2022_REU/Abby_Ethridge/stethojulis_interrupta_PSMC/data/mkBAM/Sin_denovoSSL_20k_PSMC/denovoSSL_20k_PSMC/joblog/denovoSSL_20k_mpileup-824373.out' are the same file
mv: 'denovoSSL_20k_mpileup-824374.out' and '/home/e1garcia/shotgun_PIRE/REUs/2022_REU/Abby_Ethridge/stethojulis_interrupta_PSMC/data/mkBAM/Sin_denovoSSL_20k_PSMC/denovoSSL_20k_PSMC/joblog/denovoSSL_20k_mpileup-824374.out' are the same file
mv: 'denovoSSL_20k_mpileup-824375.out' and '/home/e1garcia/shotgun_PIRE/REUs/2022_REU/Abby_Ethridge/stethojulis_interrupta_PSMC/data/mkBAM/Sin_denovoSSL_20k_PSMC/denovoSSL_20k_PSMC/joblog/denovoSSL_20k_mpileup-824375.out' are the same file
mv: 'denovoSSL_20k_mpileup-824376.out' and '/home/e1garcia/shotgun_PIRE/REUs/2022_REU/Abby_Ethridge/stethojulis_interrupta_PSMC/data/mkBAM/Sin_denovoSSL_20k_PSMC/denovoSSL_20k_PSMC/joblog/denovoSSL_20k_mpileup-824376.out' are the same file
mv: 'denovoSSL_20k_mpileup-824377.out' and '/home/e1garcia/shotgun_PIRE/REUs/2022_REU/Abby_Ethridge/stethojulis_interrupta_PSMC/data/mkBAM/Sin_denovoSSL_20k_PSMC/denovoSSL_20k_PSMC/joblog/denovoSSL_20k_mpileup-824377.out' are the same file
mv: 'denovoSSL_20k_mpileup-824378.out' and '/home/e1garcia/shotgun_PIRE/REUs/2022_REU/Abby_Ethridge/stethojulis_interrupta_PSMC/data/mkBAM/Sin_denovoSSL_20k_PSMC/denovoSSL_20k_PSMC/joblog/denovoSSL_20k_mpileup-824378.out' are the same file
mv: 'denovoSSL_20k_mpileup-824379.out' and '/home/e1garcia/shotgun_PIRE/REUs/2022_REU/Abby_Ethridge/stethojulis_interrupta_PSMC/data/mkBAM/Sin_denovoSSL_20k_PSMC/denovoSSL_20k_PSMC/joblog/denovoSSL_20k_mpileup-824379.out' are the same file
mv: 'denovoSSL_20k_mpileup-824380.out' and '/home/e1garcia/shotgun_PIRE/REUs/2022_REU/Abby_Ethridge/stethojulis_interrupta_PSMC/data/mkBAM/Sin_denovoSSL_20k_PSMC/denovoSSL_20k_PSMC/joblog/denovoSSL_20k_mpileup-824380.out' are the same file
mv: 'denovoSSL_20k_mpileup-824381.out' and '/home/e1garcia/shotgun_PIRE/REUs/2022_REU/Abby_Ethridge/stethojulis_interrupta_PSMC/data/mkBAM/Sin_denovoSSL_20k_PSMC/denovoSSL_20k_PSMC/joblog/denovoSSL_20k_mpileup-824381.out' are the same file
mv: 'denovoSSL_20k_mpileup-824382.out' and '/home/e1garcia/shotgun_PIRE/REUs/2022_REU/Abby_Ethridge/stethojulis_interrupta_PSMC/data/mkBAM/Sin_denovoSSL_20k_PSMC/denovoSSL_20k_PSMC/joblog/denovoSSL_20k_mpileup-824382.out' are the same file
mv: cannot move 'denovoSSL_20k_mpileup-824384.out' to '/home/e1garcia/shotgun_PIRE/REUs/2022_REU/Abby_Ethridge/stethojulis_interrupta_PSMC/data/mkBAM/Sin_denovoSSL_20k_PSMC/denovoSSL_20k_PSMC/joblog/denovoSSL_20k_mpileup-824384.out': No such file or directory
mv: 'denovoSSL_20k_mpileup-824386.out' and '/home/e1garcia/shotgun_PIRE/REUs/2022_REU/Abby_Ethridge/stethojulis_interrupta_PSMC/data/mkBAM/Sin_denovoSSL_20k_PSMC/denovoSSL_20k_PSMC/joblog/denovoSSL_20k_mpileup-824386.out' are the same file
mv: 'denovoSSL_20k_mpileup-824387.out' and '/home/e1garcia/shotgun_PIRE/REUs/2022_REU/Abby_Ethridge/stethojulis_interrupta_PSMC/data/mkBAM/Sin_denovoSSL_20k_PSMC/denovoSSL_20k_PSMC/joblog/denovoSSL_20k_mpileup-824387.out' are the same file
mv: cannot stat 'denovoSSL_20k_mpileup-824388.out': No such file or directory
mv: cannot stat 'denovoSSL_20k_mpileup-824389.out': No such file or directory
mv: cannot stat 'denovoSSL_20k_mpileup-824390.out': No such file or directory
mv: cannot stat 'denovoSSL_20k_mpileup-824391.out': No such file or directory
mv: cannot stat 'denovoSSL_20k_mpileup-824392.out': No such file or directory
mv: cannot stat 'denovoSSL_20k_mpileup-824393.out': No such file or directory
