
[warning] samtools mpileup option `u` is functional, but deprecated. Please switch to using bcftools mpileup in future.
[mpileup] 3 samples in 1 input files
Note: none of --samples-file, --ploidy or --ploidy-file given, assuming all sites are diploid
mv: cannot move 'denovoSSL_20k_mpileup-824077.out' to '/home/e1garcia/shotgun_PIRE/REUs/2022_REU/Abby_Ethridge/stethojulis_interrupta_PSMC/data/mkBAM/Sin_denovoSSL_20k_PSMC/denovoSSL_20k_PSMC/joblog/denovoSSL_20k_mpileup-824077.out': No such file or directory
mv: cannot move 'denovoSSL_20k_mpileup-824078.out' to '/home/e1garcia/shotgun_PIRE/REUs/2022_REU/Abby_Ethridge/stethojulis_interrupta_PSMC/data/mkBAM/Sin_denovoSSL_20k_PSMC/denovoSSL_20k_PSMC/joblog/denovoSSL_20k_mpileup-824078.out': No such file or directory
mv: cannot move 'denovoSSL_20k_mpileup-824079.out' to '/home/e1garcia/shotgun_PIRE/REUs/2022_REU/Abby_Ethridge/stethojulis_interrupta_PSMC/data/mkBAM/Sin_denovoSSL_20k_PSMC/denovoSSL_20k_PSMC/joblog/denovoSSL_20k_mpileup-824079.out': No such file or directory
mv: 'denovoSSL_20k_mpileup-824080.out' and '/home/e1garcia/shotgun_PIRE/REUs/2022_REU/Abby_Ethridge/stethojulis_interrupta_PSMC/data/mkBAM/Sin_denovoSSL_20k_PSMC/denovoSSL_20k_PSMC/joblog/denovoSSL_20k_mpileup-824080.out' are the same file
mv: 'denovoSSL_20k_mpileup-824081.out' and '/home/e1garcia/shotgun_PIRE/REUs/2022_REU/Abby_Ethridge/stethojulis_interrupta_PSMC/data/mkBAM/Sin_denovoSSL_20k_PSMC/denovoSSL_20k_PSMC/joblog/denovoSSL_20k_mpileup-824081.out' are the same file
mv: 'denovoSSL_20k_mpileup-824082.out' and '/home/e1garcia/shotgun_PIRE/REUs/2022_REU/Abby_Ethridge/stethojulis_interrupta_PSMC/data/mkBAM/Sin_denovoSSL_20k_PSMC/denovoSSL_20k_PSMC/joblog/denovoSSL_20k_mpileup-824082.out' are the same file
mv: 'denovoSSL_20k_mpileup-824083.out' and '/home/e1garcia/shotgun_PIRE/REUs/2022_REU/Abby_Ethridge/stethojulis_interrupta_PSMC/data/mkBAM/Sin_denovoSSL_20k_PSMC/denovoSSL_20k_PSMC/joblog/denovoSSL_20k_mpileup-824083.out' are the same file
mv: 'denovoSSL_20k_mpileup-824084.out' and '/home/e1garcia/shotgun_PIRE/REUs/2022_REU/Abby_Ethridge/stethojulis_interrupta_PSMC/data/mkBAM/Sin_denovoSSL_20k_PSMC/denovoSSL_20k_PSMC/joblog/denovoSSL_20k_mpileup-824084.out' are the same file
mv: 'denovoSSL_20k_mpileup-824085.out' and '/home/e1garcia/shotgun_PIRE/REUs/2022_REU/Abby_Ethridge/stethojulis_interrupta_PSMC/data/mkBAM/Sin_denovoSSL_20k_PSMC/denovoSSL_20k_PSMC/joblog/denovoSSL_20k_mpileup-824085.out' are the same file
mv: 'denovoSSL_20k_mpileup-824086.out' and '/home/e1garcia/shotgun_PIRE/REUs/2022_REU/Abby_Ethridge/stethojulis_interrupta_PSMC/data/mkBAM/Sin_denovoSSL_20k_PSMC/denovoSSL_20k_PSMC/joblog/denovoSSL_20k_mpileup-824086.out' are the same file
mv: 'denovoSSL_20k_mpileup-824087.out' and '/home/e1garcia/shotgun_PIRE/REUs/2022_REU/Abby_Ethridge/stethojulis_interrupta_PSMC/data/mkBAM/Sin_denovoSSL_20k_PSMC/denovoSSL_20k_PSMC/joblog/denovoSSL_20k_mpileup-824087.out' are the same file
mv: 'denovoSSL_20k_mpileup-824088.out' and '/home/e1garcia/shotgun_PIRE/REUs/2022_REU/Abby_Ethridge/stethojulis_interrupta_PSMC/data/mkBAM/Sin_denovoSSL_20k_PSMC/denovoSSL_20k_PSMC/joblog/denovoSSL_20k_mpileup-824088.out' are the same file
mv: 'denovoSSL_20k_mpileup-824089.out' and '/home/e1garcia/shotgun_PIRE/REUs/2022_REU/Abby_Ethridge/stethojulis_interrupta_PSMC/data/mkBAM/Sin_denovoSSL_20k_PSMC/denovoSSL_20k_PSMC/joblog/denovoSSL_20k_mpileup-824089.out' are the same file
mv: 'denovoSSL_20k_mpileup-824090.out' and '/home/e1garcia/shotgun_PIRE/REUs/2022_REU/Abby_Ethridge/stethojulis_interrupta_PSMC/data/mkBAM/Sin_denovoSSL_20k_PSMC/denovoSSL_20k_PSMC/joblog/denovoSSL_20k_mpileup-824090.out' are the same file
mv: 'denovoSSL_20k_mpileup-824091.out' and '/home/e1garcia/shotgun_PIRE/REUs/2022_REU/Abby_Ethridge/stethojulis_interrupta_PSMC/data/mkBAM/Sin_denovoSSL_20k_PSMC/denovoSSL_20k_PSMC/joblog/denovoSSL_20k_mpileup-824091.out' are the same file
mv: 'denovoSSL_20k_mpileup-824092.out' and '/home/e1garcia/shotgun_PIRE/REUs/2022_REU/Abby_Ethridge/stethojulis_interrupta_PSMC/data/mkBAM/Sin_denovoSSL_20k_PSMC/denovoSSL_20k_PSMC/joblog/denovoSSL_20k_mpileup-824092.out' are the same file
mv: 'denovoSSL_20k_mpileup-824093.out' and '/home/e1garcia/shotgun_PIRE/REUs/2022_REU/Abby_Ethridge/stethojulis_interrupta_PSMC/data/mkBAM/Sin_denovoSSL_20k_PSMC/denovoSSL_20k_PSMC/joblog/denovoSSL_20k_mpileup-824093.out' are the same file
mv: 'denovoSSL_20k_mpileup-824094.out' and '/home/e1garcia/shotgun_PIRE/REUs/2022_REU/Abby_Ethridge/stethojulis_interrupta_PSMC/data/mkBAM/Sin_denovoSSL_20k_PSMC/denovoSSL_20k_PSMC/joblog/denovoSSL_20k_mpileup-824094.out' are the same file
mv: 'denovoSSL_20k_mpileup-824095.out' and '/home/e1garcia/shotgun_PIRE/REUs/2022_REU/Abby_Ethridge/stethojulis_interrupta_PSMC/data/mkBAM/Sin_denovoSSL_20k_PSMC/denovoSSL_20k_PSMC/joblog/denovoSSL_20k_mpileup-824095.out' are the same file
mv: 'denovoSSL_20k_mpileup-824096.out' and '/home/e1garcia/shotgun_PIRE/REUs/2022_REU/Abby_Ethridge/stethojulis_interrupta_PSMC/data/mkBAM/Sin_denovoSSL_20k_PSMC/denovoSSL_20k_PSMC/joblog/denovoSSL_20k_mpileup-824096.out' are the same file
mv: 'denovoSSL_20k_mpileup-824097.out' and '/home/e1garcia/shotgun_PIRE/REUs/2022_REU/Abby_Ethridge/stethojulis_interrupta_PSMC/data/mkBAM/Sin_denovoSSL_20k_PSMC/denovoSSL_20k_PSMC/joblog/denovoSSL_20k_mpileup-824097.out' are the same file
mv: 'denovoSSL_20k_mpileup-824098.out' and '/home/e1garcia/shotgun_PIRE/REUs/2022_REU/Abby_Ethridge/stethojulis_interrupta_PSMC/data/mkBAM/Sin_denovoSSL_20k_PSMC/denovoSSL_20k_PSMC/joblog/denovoSSL_20k_mpileup-824098.out' are the same file
mv: 'denovoSSL_20k_mpileup-824099.out' and '/home/e1garcia/shotgun_PIRE/REUs/2022_REU/Abby_Ethridge/stethojulis_interrupta_PSMC/data/mkBAM/Sin_denovoSSL_20k_PSMC/denovoSSL_20k_PSMC/joblog/denovoSSL_20k_mpileup-824099.out' are the same file
mv: 'denovoSSL_20k_mpileup-824100.out' and '/home/e1garcia/shotgun_PIRE/REUs/2022_REU/Abby_Ethridge/stethojulis_interrupta_PSMC/data/mkBAM/Sin_denovoSSL_20k_PSMC/denovoSSL_20k_PSMC/joblog/denovoSSL_20k_mpileup-824100.out' are the same file
mv: 'denovoSSL_20k_mpileup-824101.out' and '/home/e1garcia/shotgun_PIRE/REUs/2022_REU/Abby_Ethridge/stethojulis_interrupta_PSMC/data/mkBAM/Sin_denovoSSL_20k_PSMC/denovoSSL_20k_PSMC/joblog/denovoSSL_20k_mpileup-824101.out' are the same file
